ARM GAS  C:\Users\dtjld\AppData\Local\Temp\ccwfjeQn.s 			page 1


   1              		.cpu cortex-m4
   2              		.eabi_attribute 27, 1
   3              		.eabi_attribute 28, 1
   4              		.eabi_attribute 20, 1
   5              		.eabi_attribute 21, 1
   6              		.eabi_attribute 23, 3
   7              		.eabi_attribute 24, 1
   8              		.eabi_attribute 25, 1
   9              		.eabi_attribute 26, 1
  10              		.eabi_attribute 30, 6
  11              		.eabi_attribute 34, 1
  12              		.eabi_attribute 18, 4
  13              		.file	"arc4.c"
  14              		.text
  15              	.Ltext0:
  16              		.cfi_sections	.debug_frame
  17              		.section	.text.mbedtls_arc4_init,"ax",%progbits
  18              		.align	1
  19              		.global	mbedtls_arc4_init
  20              		.syntax unified
  21              		.thumb
  22              		.thumb_func
  23              		.fpu fpv4-sp-d16
  25              	mbedtls_arc4_init:
  26              	.LFB3:
  27              		.file 1 "C:/Users/dtjld/workspace/AIoT/src/LiteOS_Lab/iot_link/network/dtls/mbedtls/mbedtls-2.16.2
   1:C:/Users/dtjld/workspace/AIoT/src/LiteOS_Lab/iot_link/network/dtls/mbedtls/mbedtls-2.16.2/library\arc4.c **** /*
   2:C:/Users/dtjld/workspace/AIoT/src/LiteOS_Lab/iot_link/network/dtls/mbedtls/mbedtls-2.16.2/library\arc4.c ****  *  An implementation of the ARCFOUR algorithm
   3:C:/Users/dtjld/workspace/AIoT/src/LiteOS_Lab/iot_link/network/dtls/mbedtls/mbedtls-2.16.2/library\arc4.c ****  *
   4:C:/Users/dtjld/workspace/AIoT/src/LiteOS_Lab/iot_link/network/dtls/mbedtls/mbedtls-2.16.2/library\arc4.c ****  *  Copyright (C) 2006-2015, ARM Limited, All Rights Reserved
   5:C:/Users/dtjld/workspace/AIoT/src/LiteOS_Lab/iot_link/network/dtls/mbedtls/mbedtls-2.16.2/library\arc4.c ****  *  SPDX-License-Identifier: Apache-2.0
   6:C:/Users/dtjld/workspace/AIoT/src/LiteOS_Lab/iot_link/network/dtls/mbedtls/mbedtls-2.16.2/library\arc4.c ****  *
   7:C:/Users/dtjld/workspace/AIoT/src/LiteOS_Lab/iot_link/network/dtls/mbedtls/mbedtls-2.16.2/library\arc4.c ****  *  Licensed under the Apache License, Version 2.0 (the "License"); you may
   8:C:/Users/dtjld/workspace/AIoT/src/LiteOS_Lab/iot_link/network/dtls/mbedtls/mbedtls-2.16.2/library\arc4.c ****  *  not use this file except in compliance with the License.
   9:C:/Users/dtjld/workspace/AIoT/src/LiteOS_Lab/iot_link/network/dtls/mbedtls/mbedtls-2.16.2/library\arc4.c ****  *  You may obtain a copy of the License at
  10:C:/Users/dtjld/workspace/AIoT/src/LiteOS_Lab/iot_link/network/dtls/mbedtls/mbedtls-2.16.2/library\arc4.c ****  *
  11:C:/Users/dtjld/workspace/AIoT/src/LiteOS_Lab/iot_link/network/dtls/mbedtls/mbedtls-2.16.2/library\arc4.c ****  *  http://www.apache.org/licenses/LICENSE-2.0
  12:C:/Users/dtjld/workspace/AIoT/src/LiteOS_Lab/iot_link/network/dtls/mbedtls/mbedtls-2.16.2/library\arc4.c ****  *
  13:C:/Users/dtjld/workspace/AIoT/src/LiteOS_Lab/iot_link/network/dtls/mbedtls/mbedtls-2.16.2/library\arc4.c ****  *  Unless required by applicable law or agreed to in writing, software
  14:C:/Users/dtjld/workspace/AIoT/src/LiteOS_Lab/iot_link/network/dtls/mbedtls/mbedtls-2.16.2/library\arc4.c ****  *  distributed under the License is distributed on an "AS IS" BASIS, WITHOUT
  15:C:/Users/dtjld/workspace/AIoT/src/LiteOS_Lab/iot_link/network/dtls/mbedtls/mbedtls-2.16.2/library\arc4.c ****  *  WARRANTIES OR CONDITIONS OF ANY KIND, either express or implied.
  16:C:/Users/dtjld/workspace/AIoT/src/LiteOS_Lab/iot_link/network/dtls/mbedtls/mbedtls-2.16.2/library\arc4.c ****  *  See the License for the specific language governing permissions and
  17:C:/Users/dtjld/workspace/AIoT/src/LiteOS_Lab/iot_link/network/dtls/mbedtls/mbedtls-2.16.2/library\arc4.c ****  *  limitations under the License.
  18:C:/Users/dtjld/workspace/AIoT/src/LiteOS_Lab/iot_link/network/dtls/mbedtls/mbedtls-2.16.2/library\arc4.c ****  *
  19:C:/Users/dtjld/workspace/AIoT/src/LiteOS_Lab/iot_link/network/dtls/mbedtls/mbedtls-2.16.2/library\arc4.c ****  *  This file is part of mbed TLS (https://tls.mbed.org)
  20:C:/Users/dtjld/workspace/AIoT/src/LiteOS_Lab/iot_link/network/dtls/mbedtls/mbedtls-2.16.2/library\arc4.c ****  */
  21:C:/Users/dtjld/workspace/AIoT/src/LiteOS_Lab/iot_link/network/dtls/mbedtls/mbedtls-2.16.2/library\arc4.c **** /*
  22:C:/Users/dtjld/workspace/AIoT/src/LiteOS_Lab/iot_link/network/dtls/mbedtls/mbedtls-2.16.2/library\arc4.c ****  *  The ARCFOUR algorithm was publicly disclosed on 94/09.
  23:C:/Users/dtjld/workspace/AIoT/src/LiteOS_Lab/iot_link/network/dtls/mbedtls/mbedtls-2.16.2/library\arc4.c ****  *
  24:C:/Users/dtjld/workspace/AIoT/src/LiteOS_Lab/iot_link/network/dtls/mbedtls/mbedtls-2.16.2/library\arc4.c ****  *  http://groups.google.com/group/sci.crypt/msg/10a300c9d21afca0
  25:C:/Users/dtjld/workspace/AIoT/src/LiteOS_Lab/iot_link/network/dtls/mbedtls/mbedtls-2.16.2/library\arc4.c ****  */
  26:C:/Users/dtjld/workspace/AIoT/src/LiteOS_Lab/iot_link/network/dtls/mbedtls/mbedtls-2.16.2/library\arc4.c **** 
  27:C:/Users/dtjld/workspace/AIoT/src/LiteOS_Lab/iot_link/network/dtls/mbedtls/mbedtls-2.16.2/library\arc4.c **** #if !defined(MBEDTLS_CONFIG_FILE)
  28:C:/Users/dtjld/workspace/AIoT/src/LiteOS_Lab/iot_link/network/dtls/mbedtls/mbedtls-2.16.2/library\arc4.c **** #include "mbedtls/config.h"
  29:C:/Users/dtjld/workspace/AIoT/src/LiteOS_Lab/iot_link/network/dtls/mbedtls/mbedtls-2.16.2/library\arc4.c **** #else
  30:C:/Users/dtjld/workspace/AIoT/src/LiteOS_Lab/iot_link/network/dtls/mbedtls/mbedtls-2.16.2/library\arc4.c **** #include MBEDTLS_CONFIG_FILE
  31:C:/Users/dtjld/workspace/AIoT/src/LiteOS_Lab/iot_link/network/dtls/mbedtls/mbedtls-2.16.2/library\arc4.c **** #endif
ARM GAS  C:\Users\dtjld\AppData\Local\Temp\ccwfjeQn.s 			page 2


  32:C:/Users/dtjld/workspace/AIoT/src/LiteOS_Lab/iot_link/network/dtls/mbedtls/mbedtls-2.16.2/library\arc4.c **** 
  33:C:/Users/dtjld/workspace/AIoT/src/LiteOS_Lab/iot_link/network/dtls/mbedtls/mbedtls-2.16.2/library\arc4.c **** #if defined(MBEDTLS_ARC4_C)
  34:C:/Users/dtjld/workspace/AIoT/src/LiteOS_Lab/iot_link/network/dtls/mbedtls/mbedtls-2.16.2/library\arc4.c **** 
  35:C:/Users/dtjld/workspace/AIoT/src/LiteOS_Lab/iot_link/network/dtls/mbedtls/mbedtls-2.16.2/library\arc4.c **** #include "mbedtls/arc4.h"
  36:C:/Users/dtjld/workspace/AIoT/src/LiteOS_Lab/iot_link/network/dtls/mbedtls/mbedtls-2.16.2/library\arc4.c **** #include "mbedtls/platform_util.h"
  37:C:/Users/dtjld/workspace/AIoT/src/LiteOS_Lab/iot_link/network/dtls/mbedtls/mbedtls-2.16.2/library\arc4.c **** 
  38:C:/Users/dtjld/workspace/AIoT/src/LiteOS_Lab/iot_link/network/dtls/mbedtls/mbedtls-2.16.2/library\arc4.c **** #include <string.h>
  39:C:/Users/dtjld/workspace/AIoT/src/LiteOS_Lab/iot_link/network/dtls/mbedtls/mbedtls-2.16.2/library\arc4.c **** 
  40:C:/Users/dtjld/workspace/AIoT/src/LiteOS_Lab/iot_link/network/dtls/mbedtls/mbedtls-2.16.2/library\arc4.c **** #if defined(MBEDTLS_SELF_TEST)
  41:C:/Users/dtjld/workspace/AIoT/src/LiteOS_Lab/iot_link/network/dtls/mbedtls/mbedtls-2.16.2/library\arc4.c **** #if defined(MBEDTLS_PLATFORM_C)
  42:C:/Users/dtjld/workspace/AIoT/src/LiteOS_Lab/iot_link/network/dtls/mbedtls/mbedtls-2.16.2/library\arc4.c **** #include "mbedtls/platform.h"
  43:C:/Users/dtjld/workspace/AIoT/src/LiteOS_Lab/iot_link/network/dtls/mbedtls/mbedtls-2.16.2/library\arc4.c **** #else
  44:C:/Users/dtjld/workspace/AIoT/src/LiteOS_Lab/iot_link/network/dtls/mbedtls/mbedtls-2.16.2/library\arc4.c **** #include <stdio.h>
  45:C:/Users/dtjld/workspace/AIoT/src/LiteOS_Lab/iot_link/network/dtls/mbedtls/mbedtls-2.16.2/library\arc4.c **** #define mbedtls_printf printf
  46:C:/Users/dtjld/workspace/AIoT/src/LiteOS_Lab/iot_link/network/dtls/mbedtls/mbedtls-2.16.2/library\arc4.c **** #endif /* MBEDTLS_PLATFORM_C */
  47:C:/Users/dtjld/workspace/AIoT/src/LiteOS_Lab/iot_link/network/dtls/mbedtls/mbedtls-2.16.2/library\arc4.c **** #endif /* MBEDTLS_SELF_TEST */
  48:C:/Users/dtjld/workspace/AIoT/src/LiteOS_Lab/iot_link/network/dtls/mbedtls/mbedtls-2.16.2/library\arc4.c **** 
  49:C:/Users/dtjld/workspace/AIoT/src/LiteOS_Lab/iot_link/network/dtls/mbedtls/mbedtls-2.16.2/library\arc4.c **** #if !defined(MBEDTLS_ARC4_ALT)
  50:C:/Users/dtjld/workspace/AIoT/src/LiteOS_Lab/iot_link/network/dtls/mbedtls/mbedtls-2.16.2/library\arc4.c **** 
  51:C:/Users/dtjld/workspace/AIoT/src/LiteOS_Lab/iot_link/network/dtls/mbedtls/mbedtls-2.16.2/library\arc4.c **** void mbedtls_arc4_init( mbedtls_arc4_context *ctx )
  52:C:/Users/dtjld/workspace/AIoT/src/LiteOS_Lab/iot_link/network/dtls/mbedtls/mbedtls-2.16.2/library\arc4.c **** {
  28              		.loc 1 52 0
  29              		.cfi_startproc
  30              		@ args = 0, pretend = 0, frame = 8
  31              		@ frame_needed = 1, uses_anonymous_args = 0
  32 0000 80B5     		push	{r7, lr}
  33              	.LCFI0:
  34              		.cfi_def_cfa_offset 8
  35              		.cfi_offset 7, -8
  36              		.cfi_offset 14, -4
  37 0002 82B0     		sub	sp, sp, #8
  38              	.LCFI1:
  39              		.cfi_def_cfa_offset 16
  40 0004 00AF     		add	r7, sp, #0
  41              	.LCFI2:
  42              		.cfi_def_cfa_register 7
  43 0006 7860     		str	r0, [r7, #4]
  53:C:/Users/dtjld/workspace/AIoT/src/LiteOS_Lab/iot_link/network/dtls/mbedtls/mbedtls-2.16.2/library\arc4.c ****     memset( ctx, 0, sizeof( mbedtls_arc4_context ) );
  44              		.loc 1 53 0
  45 0008 4FF48472 		mov	r2, #264
  46 000c 0021     		movs	r1, #0
  47 000e 7868     		ldr	r0, [r7, #4]
  48 0010 FFF7FEFF 		bl	memset
  54:C:/Users/dtjld/workspace/AIoT/src/LiteOS_Lab/iot_link/network/dtls/mbedtls/mbedtls-2.16.2/library\arc4.c **** }
  49              		.loc 1 54 0
  50 0014 00BF     		nop
  51 0016 0837     		adds	r7, r7, #8
  52              	.LCFI3:
  53              		.cfi_def_cfa_offset 8
  54 0018 BD46     		mov	sp, r7
  55              	.LCFI4:
  56              		.cfi_def_cfa_register 13
  57              		@ sp needed
  58 001a 80BD     		pop	{r7, pc}
  59              		.cfi_endproc
  60              	.LFE3:
  62              		.section	.text.mbedtls_arc4_free,"ax",%progbits
ARM GAS  C:\Users\dtjld\AppData\Local\Temp\ccwfjeQn.s 			page 3


  63              		.align	1
  64              		.global	mbedtls_arc4_free
  65              		.syntax unified
  66              		.thumb
  67              		.thumb_func
  68              		.fpu fpv4-sp-d16
  70              	mbedtls_arc4_free:
  71              	.LFB4:
  55:C:/Users/dtjld/workspace/AIoT/src/LiteOS_Lab/iot_link/network/dtls/mbedtls/mbedtls-2.16.2/library\arc4.c **** 
  56:C:/Users/dtjld/workspace/AIoT/src/LiteOS_Lab/iot_link/network/dtls/mbedtls/mbedtls-2.16.2/library\arc4.c **** void mbedtls_arc4_free( mbedtls_arc4_context *ctx )
  57:C:/Users/dtjld/workspace/AIoT/src/LiteOS_Lab/iot_link/network/dtls/mbedtls/mbedtls-2.16.2/library\arc4.c **** {
  72              		.loc 1 57 0
  73              		.cfi_startproc
  74              		@ args = 0, pretend = 0, frame = 8
  75              		@ frame_needed = 1, uses_anonymous_args = 0
  76 0000 80B5     		push	{r7, lr}
  77              	.LCFI5:
  78              		.cfi_def_cfa_offset 8
  79              		.cfi_offset 7, -8
  80              		.cfi_offset 14, -4
  81 0002 82B0     		sub	sp, sp, #8
  82              	.LCFI6:
  83              		.cfi_def_cfa_offset 16
  84 0004 00AF     		add	r7, sp, #0
  85              	.LCFI7:
  86              		.cfi_def_cfa_register 7
  87 0006 7860     		str	r0, [r7, #4]
  58:C:/Users/dtjld/workspace/AIoT/src/LiteOS_Lab/iot_link/network/dtls/mbedtls/mbedtls-2.16.2/library\arc4.c ****     if( ctx == NULL )
  88              		.loc 1 58 0
  89 0008 7B68     		ldr	r3, [r7, #4]
  90 000a 002B     		cmp	r3, #0
  91 000c 05D0     		beq	.L5
  59:C:/Users/dtjld/workspace/AIoT/src/LiteOS_Lab/iot_link/network/dtls/mbedtls/mbedtls-2.16.2/library\arc4.c ****         return;
  60:C:/Users/dtjld/workspace/AIoT/src/LiteOS_Lab/iot_link/network/dtls/mbedtls/mbedtls-2.16.2/library\arc4.c **** 
  61:C:/Users/dtjld/workspace/AIoT/src/LiteOS_Lab/iot_link/network/dtls/mbedtls/mbedtls-2.16.2/library\arc4.c ****     mbedtls_platform_zeroize( ctx, sizeof( mbedtls_arc4_context ) );
  92              		.loc 1 61 0
  93 000e 4FF48471 		mov	r1, #264
  94 0012 7868     		ldr	r0, [r7, #4]
  95 0014 FFF7FEFF 		bl	mbedtls_platform_zeroize
  96 0018 00E0     		b	.L2
  97              	.L5:
  59:C:/Users/dtjld/workspace/AIoT/src/LiteOS_Lab/iot_link/network/dtls/mbedtls/mbedtls-2.16.2/library\arc4.c ****         return;
  98              		.loc 1 59 0
  99 001a 00BF     		nop
 100              	.L2:
  62:C:/Users/dtjld/workspace/AIoT/src/LiteOS_Lab/iot_link/network/dtls/mbedtls/mbedtls-2.16.2/library\arc4.c **** }
 101              		.loc 1 62 0
 102 001c 0837     		adds	r7, r7, #8
 103              	.LCFI8:
 104              		.cfi_def_cfa_offset 8
 105 001e BD46     		mov	sp, r7
 106              	.LCFI9:
 107              		.cfi_def_cfa_register 13
 108              		@ sp needed
 109 0020 80BD     		pop	{r7, pc}
 110              		.cfi_endproc
 111              	.LFE4:
ARM GAS  C:\Users\dtjld\AppData\Local\Temp\ccwfjeQn.s 			page 4


 113              		.section	.text.mbedtls_arc4_setup,"ax",%progbits
 114              		.align	1
 115              		.global	mbedtls_arc4_setup
 116              		.syntax unified
 117              		.thumb
 118              		.thumb_func
 119              		.fpu fpv4-sp-d16
 121              	mbedtls_arc4_setup:
 122              	.LFB5:
  63:C:/Users/dtjld/workspace/AIoT/src/LiteOS_Lab/iot_link/network/dtls/mbedtls/mbedtls-2.16.2/library\arc4.c **** 
  64:C:/Users/dtjld/workspace/AIoT/src/LiteOS_Lab/iot_link/network/dtls/mbedtls/mbedtls-2.16.2/library\arc4.c **** /*
  65:C:/Users/dtjld/workspace/AIoT/src/LiteOS_Lab/iot_link/network/dtls/mbedtls/mbedtls-2.16.2/library\arc4.c ****  * ARC4 key schedule
  66:C:/Users/dtjld/workspace/AIoT/src/LiteOS_Lab/iot_link/network/dtls/mbedtls/mbedtls-2.16.2/library\arc4.c ****  */
  67:C:/Users/dtjld/workspace/AIoT/src/LiteOS_Lab/iot_link/network/dtls/mbedtls/mbedtls-2.16.2/library\arc4.c **** void mbedtls_arc4_setup( mbedtls_arc4_context *ctx, const unsigned char *key,
  68:C:/Users/dtjld/workspace/AIoT/src/LiteOS_Lab/iot_link/network/dtls/mbedtls/mbedtls-2.16.2/library\arc4.c ****                  unsigned int keylen )
  69:C:/Users/dtjld/workspace/AIoT/src/LiteOS_Lab/iot_link/network/dtls/mbedtls/mbedtls-2.16.2/library\arc4.c **** {
 123              		.loc 1 69 0
 124              		.cfi_startproc
 125              		@ args = 0, pretend = 0, frame = 40
 126              		@ frame_needed = 1, uses_anonymous_args = 0
 127              		@ link register save eliminated.
 128 0000 80B4     		push	{r7}
 129              	.LCFI10:
 130              		.cfi_def_cfa_offset 4
 131              		.cfi_offset 7, -4
 132 0002 8BB0     		sub	sp, sp, #44
 133              	.LCFI11:
 134              		.cfi_def_cfa_offset 48
 135 0004 00AF     		add	r7, sp, #0
 136              	.LCFI12:
 137              		.cfi_def_cfa_register 7
 138 0006 F860     		str	r0, [r7, #12]
 139 0008 B960     		str	r1, [r7, #8]
 140 000a 7A60     		str	r2, [r7, #4]
  70:C:/Users/dtjld/workspace/AIoT/src/LiteOS_Lab/iot_link/network/dtls/mbedtls/mbedtls-2.16.2/library\arc4.c ****     int i, j, a;
  71:C:/Users/dtjld/workspace/AIoT/src/LiteOS_Lab/iot_link/network/dtls/mbedtls/mbedtls-2.16.2/library\arc4.c ****     unsigned int k;
  72:C:/Users/dtjld/workspace/AIoT/src/LiteOS_Lab/iot_link/network/dtls/mbedtls/mbedtls-2.16.2/library\arc4.c ****     unsigned char *m;
  73:C:/Users/dtjld/workspace/AIoT/src/LiteOS_Lab/iot_link/network/dtls/mbedtls/mbedtls-2.16.2/library\arc4.c **** 
  74:C:/Users/dtjld/workspace/AIoT/src/LiteOS_Lab/iot_link/network/dtls/mbedtls/mbedtls-2.16.2/library\arc4.c ****     ctx->x = 0;
 141              		.loc 1 74 0
 142 000c FB68     		ldr	r3, [r7, #12]
 143 000e 0022     		movs	r2, #0
 144 0010 1A60     		str	r2, [r3]
  75:C:/Users/dtjld/workspace/AIoT/src/LiteOS_Lab/iot_link/network/dtls/mbedtls/mbedtls-2.16.2/library\arc4.c ****     ctx->y = 0;
 145              		.loc 1 75 0
 146 0012 FB68     		ldr	r3, [r7, #12]
 147 0014 0022     		movs	r2, #0
 148 0016 5A60     		str	r2, [r3, #4]
  76:C:/Users/dtjld/workspace/AIoT/src/LiteOS_Lab/iot_link/network/dtls/mbedtls/mbedtls-2.16.2/library\arc4.c ****     m = ctx->m;
 149              		.loc 1 76 0
 150 0018 FB68     		ldr	r3, [r7, #12]
 151 001a 0833     		adds	r3, r3, #8
 152 001c BB61     		str	r3, [r7, #24]
  77:C:/Users/dtjld/workspace/AIoT/src/LiteOS_Lab/iot_link/network/dtls/mbedtls/mbedtls-2.16.2/library\arc4.c **** 
  78:C:/Users/dtjld/workspace/AIoT/src/LiteOS_Lab/iot_link/network/dtls/mbedtls/mbedtls-2.16.2/library\arc4.c ****     for( i = 0; i < 256; i++ )
 153              		.loc 1 78 0
 154 001e 0023     		movs	r3, #0
ARM GAS  C:\Users\dtjld\AppData\Local\Temp\ccwfjeQn.s 			page 5


 155 0020 7B62     		str	r3, [r7, #36]
 156 0022 08E0     		b	.L7
 157              	.L8:
  79:C:/Users/dtjld/workspace/AIoT/src/LiteOS_Lab/iot_link/network/dtls/mbedtls/mbedtls-2.16.2/library\arc4.c ****         m[i] = (unsigned char) i;
 158              		.loc 1 79 0 discriminator 3
 159 0024 7B6A     		ldr	r3, [r7, #36]
 160 0026 BA69     		ldr	r2, [r7, #24]
 161 0028 1344     		add	r3, r3, r2
 162 002a 7A6A     		ldr	r2, [r7, #36]
 163 002c D2B2     		uxtb	r2, r2
 164 002e 1A70     		strb	r2, [r3]
  78:C:/Users/dtjld/workspace/AIoT/src/LiteOS_Lab/iot_link/network/dtls/mbedtls/mbedtls-2.16.2/library\arc4.c ****         m[i] = (unsigned char) i;
 165              		.loc 1 78 0 discriminator 3
 166 0030 7B6A     		ldr	r3, [r7, #36]
 167 0032 0133     		adds	r3, r3, #1
 168 0034 7B62     		str	r3, [r7, #36]
 169              	.L7:
  78:C:/Users/dtjld/workspace/AIoT/src/LiteOS_Lab/iot_link/network/dtls/mbedtls/mbedtls-2.16.2/library\arc4.c ****         m[i] = (unsigned char) i;
 170              		.loc 1 78 0 is_stmt 0 discriminator 1
 171 0036 7B6A     		ldr	r3, [r7, #36]
 172 0038 FF2B     		cmp	r3, #255
 173 003a F3DD     		ble	.L8
  80:C:/Users/dtjld/workspace/AIoT/src/LiteOS_Lab/iot_link/network/dtls/mbedtls/mbedtls-2.16.2/library\arc4.c **** 
  81:C:/Users/dtjld/workspace/AIoT/src/LiteOS_Lab/iot_link/network/dtls/mbedtls/mbedtls-2.16.2/library\arc4.c ****     j = k = 0;
 174              		.loc 1 81 0 is_stmt 1
 175 003c 0023     		movs	r3, #0
 176 003e FB61     		str	r3, [r7, #28]
 177 0040 0023     		movs	r3, #0
 178 0042 3B62     		str	r3, [r7, #32]
  82:C:/Users/dtjld/workspace/AIoT/src/LiteOS_Lab/iot_link/network/dtls/mbedtls/mbedtls-2.16.2/library\arc4.c **** 
  83:C:/Users/dtjld/workspace/AIoT/src/LiteOS_Lab/iot_link/network/dtls/mbedtls/mbedtls-2.16.2/library\arc4.c ****     for( i = 0; i < 256; i++, k++ )
 179              		.loc 1 83 0
 180 0044 0023     		movs	r3, #0
 181 0046 7B62     		str	r3, [r7, #36]
 182 0048 28E0     		b	.L9
 183              	.L11:
  84:C:/Users/dtjld/workspace/AIoT/src/LiteOS_Lab/iot_link/network/dtls/mbedtls/mbedtls-2.16.2/library\arc4.c ****     {
  85:C:/Users/dtjld/workspace/AIoT/src/LiteOS_Lab/iot_link/network/dtls/mbedtls/mbedtls-2.16.2/library\arc4.c ****         if( k >= keylen ) k = 0;
 184              		.loc 1 85 0
 185 004a FA69     		ldr	r2, [r7, #28]
 186 004c 7B68     		ldr	r3, [r7, #4]
 187 004e 9A42     		cmp	r2, r3
 188 0050 01D3     		bcc	.L10
 189              		.loc 1 85 0 is_stmt 0 discriminator 1
 190 0052 0023     		movs	r3, #0
 191 0054 FB61     		str	r3, [r7, #28]
 192              	.L10:
  86:C:/Users/dtjld/workspace/AIoT/src/LiteOS_Lab/iot_link/network/dtls/mbedtls/mbedtls-2.16.2/library\arc4.c **** 
  87:C:/Users/dtjld/workspace/AIoT/src/LiteOS_Lab/iot_link/network/dtls/mbedtls/mbedtls-2.16.2/library\arc4.c ****         a = m[i];
 193              		.loc 1 87 0 is_stmt 1 discriminator 2
 194 0056 7B6A     		ldr	r3, [r7, #36]
 195 0058 BA69     		ldr	r2, [r7, #24]
 196 005a 1344     		add	r3, r3, r2
 197 005c 1B78     		ldrb	r3, [r3]	@ zero_extendqisi2
 198 005e 7B61     		str	r3, [r7, #20]
  88:C:/Users/dtjld/workspace/AIoT/src/LiteOS_Lab/iot_link/network/dtls/mbedtls/mbedtls-2.16.2/library\arc4.c ****         j = ( j + a + key[k] ) & 0xFF;
 199              		.loc 1 88 0 discriminator 2
ARM GAS  C:\Users\dtjld\AppData\Local\Temp\ccwfjeQn.s 			page 6


 200 0060 3A6A     		ldr	r2, [r7, #32]
 201 0062 7B69     		ldr	r3, [r7, #20]
 202 0064 1344     		add	r3, r3, r2
 203 0066 B968     		ldr	r1, [r7, #8]
 204 0068 FA69     		ldr	r2, [r7, #28]
 205 006a 0A44     		add	r2, r2, r1
 206 006c 1278     		ldrb	r2, [r2]	@ zero_extendqisi2
 207 006e 1344     		add	r3, r3, r2
 208 0070 DBB2     		uxtb	r3, r3
 209 0072 3B62     		str	r3, [r7, #32]
  89:C:/Users/dtjld/workspace/AIoT/src/LiteOS_Lab/iot_link/network/dtls/mbedtls/mbedtls-2.16.2/library\arc4.c ****         m[i] = m[j];
 210              		.loc 1 89 0 discriminator 2
 211 0074 3B6A     		ldr	r3, [r7, #32]
 212 0076 BA69     		ldr	r2, [r7, #24]
 213 0078 1A44     		add	r2, r2, r3
 214 007a 7B6A     		ldr	r3, [r7, #36]
 215 007c B969     		ldr	r1, [r7, #24]
 216 007e 0B44     		add	r3, r3, r1
 217 0080 1278     		ldrb	r2, [r2]	@ zero_extendqisi2
 218 0082 1A70     		strb	r2, [r3]
  90:C:/Users/dtjld/workspace/AIoT/src/LiteOS_Lab/iot_link/network/dtls/mbedtls/mbedtls-2.16.2/library\arc4.c ****         m[j] = (unsigned char) a;
 219              		.loc 1 90 0 discriminator 2
 220 0084 3B6A     		ldr	r3, [r7, #32]
 221 0086 BA69     		ldr	r2, [r7, #24]
 222 0088 1344     		add	r3, r3, r2
 223 008a 7A69     		ldr	r2, [r7, #20]
 224 008c D2B2     		uxtb	r2, r2
 225 008e 1A70     		strb	r2, [r3]
  83:C:/Users/dtjld/workspace/AIoT/src/LiteOS_Lab/iot_link/network/dtls/mbedtls/mbedtls-2.16.2/library\arc4.c ****     {
 226              		.loc 1 83 0 discriminator 2
 227 0090 7B6A     		ldr	r3, [r7, #36]
 228 0092 0133     		adds	r3, r3, #1
 229 0094 7B62     		str	r3, [r7, #36]
 230 0096 FB69     		ldr	r3, [r7, #28]
 231 0098 0133     		adds	r3, r3, #1
 232 009a FB61     		str	r3, [r7, #28]
 233              	.L9:
  83:C:/Users/dtjld/workspace/AIoT/src/LiteOS_Lab/iot_link/network/dtls/mbedtls/mbedtls-2.16.2/library\arc4.c ****     {
 234              		.loc 1 83 0 is_stmt 0 discriminator 1
 235 009c 7B6A     		ldr	r3, [r7, #36]
 236 009e FF2B     		cmp	r3, #255
 237 00a0 D3DD     		ble	.L11
  91:C:/Users/dtjld/workspace/AIoT/src/LiteOS_Lab/iot_link/network/dtls/mbedtls/mbedtls-2.16.2/library\arc4.c ****     }
  92:C:/Users/dtjld/workspace/AIoT/src/LiteOS_Lab/iot_link/network/dtls/mbedtls/mbedtls-2.16.2/library\arc4.c **** }
 238              		.loc 1 92 0 is_stmt 1
 239 00a2 00BF     		nop
 240 00a4 2C37     		adds	r7, r7, #44
 241              	.LCFI13:
 242              		.cfi_def_cfa_offset 4
 243 00a6 BD46     		mov	sp, r7
 244              	.LCFI14:
 245              		.cfi_def_cfa_register 13
 246              		@ sp needed
 247 00a8 5DF8047B 		ldr	r7, [sp], #4
 248              	.LCFI15:
 249              		.cfi_restore 7
 250              		.cfi_def_cfa_offset 0
ARM GAS  C:\Users\dtjld\AppData\Local\Temp\ccwfjeQn.s 			page 7


 251 00ac 7047     		bx	lr
 252              		.cfi_endproc
 253              	.LFE5:
 255              		.section	.text.mbedtls_arc4_crypt,"ax",%progbits
 256              		.align	1
 257              		.global	mbedtls_arc4_crypt
 258              		.syntax unified
 259              		.thumb
 260              		.thumb_func
 261              		.fpu fpv4-sp-d16
 263              	mbedtls_arc4_crypt:
 264              	.LFB6:
  93:C:/Users/dtjld/workspace/AIoT/src/LiteOS_Lab/iot_link/network/dtls/mbedtls/mbedtls-2.16.2/library\arc4.c **** 
  94:C:/Users/dtjld/workspace/AIoT/src/LiteOS_Lab/iot_link/network/dtls/mbedtls/mbedtls-2.16.2/library\arc4.c **** /*
  95:C:/Users/dtjld/workspace/AIoT/src/LiteOS_Lab/iot_link/network/dtls/mbedtls/mbedtls-2.16.2/library\arc4.c ****  * ARC4 cipher function
  96:C:/Users/dtjld/workspace/AIoT/src/LiteOS_Lab/iot_link/network/dtls/mbedtls/mbedtls-2.16.2/library\arc4.c ****  */
  97:C:/Users/dtjld/workspace/AIoT/src/LiteOS_Lab/iot_link/network/dtls/mbedtls/mbedtls-2.16.2/library\arc4.c **** int mbedtls_arc4_crypt( mbedtls_arc4_context *ctx, size_t length, const unsigned char *input,
  98:C:/Users/dtjld/workspace/AIoT/src/LiteOS_Lab/iot_link/network/dtls/mbedtls/mbedtls-2.16.2/library\arc4.c ****                 unsigned char *output )
  99:C:/Users/dtjld/workspace/AIoT/src/LiteOS_Lab/iot_link/network/dtls/mbedtls/mbedtls-2.16.2/library\arc4.c **** {
 265              		.loc 1 99 0
 266              		.cfi_startproc
 267              		@ args = 0, pretend = 0, frame = 40
 268              		@ frame_needed = 1, uses_anonymous_args = 0
 269              		@ link register save eliminated.
 270 0000 80B4     		push	{r7}
 271              	.LCFI16:
 272              		.cfi_def_cfa_offset 4
 273              		.cfi_offset 7, -4
 274 0002 8BB0     		sub	sp, sp, #44
 275              	.LCFI17:
 276              		.cfi_def_cfa_offset 48
 277 0004 00AF     		add	r7, sp, #0
 278              	.LCFI18:
 279              		.cfi_def_cfa_register 7
 280 0006 F860     		str	r0, [r7, #12]
 281 0008 B960     		str	r1, [r7, #8]
 282 000a 7A60     		str	r2, [r7, #4]
 283 000c 3B60     		str	r3, [r7]
 100:C:/Users/dtjld/workspace/AIoT/src/LiteOS_Lab/iot_link/network/dtls/mbedtls/mbedtls-2.16.2/library\arc4.c ****     int x, y, a, b;
 101:C:/Users/dtjld/workspace/AIoT/src/LiteOS_Lab/iot_link/network/dtls/mbedtls/mbedtls-2.16.2/library\arc4.c ****     size_t i;
 102:C:/Users/dtjld/workspace/AIoT/src/LiteOS_Lab/iot_link/network/dtls/mbedtls/mbedtls-2.16.2/library\arc4.c ****     unsigned char *m;
 103:C:/Users/dtjld/workspace/AIoT/src/LiteOS_Lab/iot_link/network/dtls/mbedtls/mbedtls-2.16.2/library\arc4.c **** 
 104:C:/Users/dtjld/workspace/AIoT/src/LiteOS_Lab/iot_link/network/dtls/mbedtls/mbedtls-2.16.2/library\arc4.c ****     x = ctx->x;
 284              		.loc 1 104 0
 285 000e FB68     		ldr	r3, [r7, #12]
 286 0010 1B68     		ldr	r3, [r3]
 287 0012 7B62     		str	r3, [r7, #36]
 105:C:/Users/dtjld/workspace/AIoT/src/LiteOS_Lab/iot_link/network/dtls/mbedtls/mbedtls-2.16.2/library\arc4.c ****     y = ctx->y;
 288              		.loc 1 105 0
 289 0014 FB68     		ldr	r3, [r7, #12]
 290 0016 5B68     		ldr	r3, [r3, #4]
 291 0018 3B62     		str	r3, [r7, #32]
 106:C:/Users/dtjld/workspace/AIoT/src/LiteOS_Lab/iot_link/network/dtls/mbedtls/mbedtls-2.16.2/library\arc4.c ****     m = ctx->m;
 292              		.loc 1 106 0
 293 001a FB68     		ldr	r3, [r7, #12]
 294 001c 0833     		adds	r3, r3, #8
 295 001e BB61     		str	r3, [r7, #24]
ARM GAS  C:\Users\dtjld\AppData\Local\Temp\ccwfjeQn.s 			page 8


 107:C:/Users/dtjld/workspace/AIoT/src/LiteOS_Lab/iot_link/network/dtls/mbedtls/mbedtls-2.16.2/library\arc4.c **** 
 108:C:/Users/dtjld/workspace/AIoT/src/LiteOS_Lab/iot_link/network/dtls/mbedtls/mbedtls-2.16.2/library\arc4.c ****     for( i = 0; i < length; i++ )
 296              		.loc 1 108 0
 297 0020 0023     		movs	r3, #0
 298 0022 FB61     		str	r3, [r7, #28]
 299 0024 35E0     		b	.L13
 300              	.L14:
 109:C:/Users/dtjld/workspace/AIoT/src/LiteOS_Lab/iot_link/network/dtls/mbedtls/mbedtls-2.16.2/library\arc4.c ****     {
 110:C:/Users/dtjld/workspace/AIoT/src/LiteOS_Lab/iot_link/network/dtls/mbedtls/mbedtls-2.16.2/library\arc4.c ****         x = ( x + 1 ) & 0xFF; a = m[x];
 301              		.loc 1 110 0 discriminator 3
 302 0026 7B6A     		ldr	r3, [r7, #36]
 303 0028 0133     		adds	r3, r3, #1
 304 002a DBB2     		uxtb	r3, r3
 305 002c 7B62     		str	r3, [r7, #36]
 306 002e 7B6A     		ldr	r3, [r7, #36]
 307 0030 BA69     		ldr	r2, [r7, #24]
 308 0032 1344     		add	r3, r3, r2
 309 0034 1B78     		ldrb	r3, [r3]	@ zero_extendqisi2
 310 0036 7B61     		str	r3, [r7, #20]
 111:C:/Users/dtjld/workspace/AIoT/src/LiteOS_Lab/iot_link/network/dtls/mbedtls/mbedtls-2.16.2/library\arc4.c ****         y = ( y + a ) & 0xFF; b = m[y];
 311              		.loc 1 111 0 discriminator 3
 312 0038 3A6A     		ldr	r2, [r7, #32]
 313 003a 7B69     		ldr	r3, [r7, #20]
 314 003c 1344     		add	r3, r3, r2
 315 003e DBB2     		uxtb	r3, r3
 316 0040 3B62     		str	r3, [r7, #32]
 317 0042 3B6A     		ldr	r3, [r7, #32]
 318 0044 BA69     		ldr	r2, [r7, #24]
 319 0046 1344     		add	r3, r3, r2
 320 0048 1B78     		ldrb	r3, [r3]	@ zero_extendqisi2
 321 004a 3B61     		str	r3, [r7, #16]
 112:C:/Users/dtjld/workspace/AIoT/src/LiteOS_Lab/iot_link/network/dtls/mbedtls/mbedtls-2.16.2/library\arc4.c **** 
 113:C:/Users/dtjld/workspace/AIoT/src/LiteOS_Lab/iot_link/network/dtls/mbedtls/mbedtls-2.16.2/library\arc4.c ****         m[x] = (unsigned char) b;
 322              		.loc 1 113 0 discriminator 3
 323 004c 7B6A     		ldr	r3, [r7, #36]
 324 004e BA69     		ldr	r2, [r7, #24]
 325 0050 1344     		add	r3, r3, r2
 326 0052 3A69     		ldr	r2, [r7, #16]
 327 0054 D2B2     		uxtb	r2, r2
 328 0056 1A70     		strb	r2, [r3]
 114:C:/Users/dtjld/workspace/AIoT/src/LiteOS_Lab/iot_link/network/dtls/mbedtls/mbedtls-2.16.2/library\arc4.c ****         m[y] = (unsigned char) a;
 329              		.loc 1 114 0 discriminator 3
 330 0058 3B6A     		ldr	r3, [r7, #32]
 331 005a BA69     		ldr	r2, [r7, #24]
 332 005c 1344     		add	r3, r3, r2
 333 005e 7A69     		ldr	r2, [r7, #20]
 334 0060 D2B2     		uxtb	r2, r2
 335 0062 1A70     		strb	r2, [r3]
 115:C:/Users/dtjld/workspace/AIoT/src/LiteOS_Lab/iot_link/network/dtls/mbedtls/mbedtls-2.16.2/library\arc4.c **** 
 116:C:/Users/dtjld/workspace/AIoT/src/LiteOS_Lab/iot_link/network/dtls/mbedtls/mbedtls-2.16.2/library\arc4.c ****         output[i] = (unsigned char)
 117:C:/Users/dtjld/workspace/AIoT/src/LiteOS_Lab/iot_link/network/dtls/mbedtls/mbedtls-2.16.2/library\arc4.c ****             ( input[i] ^ m[(unsigned char)( a + b )] );
 336              		.loc 1 117 0 discriminator 3
 337 0064 7A68     		ldr	r2, [r7, #4]
 338 0066 FB69     		ldr	r3, [r7, #28]
 339 0068 1344     		add	r3, r3, r2
 340 006a 1978     		ldrb	r1, [r3]	@ zero_extendqisi2
 341 006c 7B69     		ldr	r3, [r7, #20]
ARM GAS  C:\Users\dtjld\AppData\Local\Temp\ccwfjeQn.s 			page 9


 342 006e DAB2     		uxtb	r2, r3
 343 0070 3B69     		ldr	r3, [r7, #16]
 344 0072 DBB2     		uxtb	r3, r3
 345 0074 1344     		add	r3, r3, r2
 346 0076 DBB2     		uxtb	r3, r3
 347 0078 1A46     		mov	r2, r3
 348 007a BB69     		ldr	r3, [r7, #24]
 349 007c 1344     		add	r3, r3, r2
 350 007e 1A78     		ldrb	r2, [r3]	@ zero_extendqisi2
 116:C:/Users/dtjld/workspace/AIoT/src/LiteOS_Lab/iot_link/network/dtls/mbedtls/mbedtls-2.16.2/library\arc4.c ****             ( input[i] ^ m[(unsigned char)( a + b )] );
 351              		.loc 1 116 0 discriminator 3
 352 0080 3868     		ldr	r0, [r7]
 353 0082 FB69     		ldr	r3, [r7, #28]
 354 0084 0344     		add	r3, r3, r0
 355 0086 4A40     		eors	r2, r2, r1
 356 0088 D2B2     		uxtb	r2, r2
 357 008a 1A70     		strb	r2, [r3]
 108:C:/Users/dtjld/workspace/AIoT/src/LiteOS_Lab/iot_link/network/dtls/mbedtls/mbedtls-2.16.2/library\arc4.c ****     {
 358              		.loc 1 108 0 discriminator 3
 359 008c FB69     		ldr	r3, [r7, #28]
 360 008e 0133     		adds	r3, r3, #1
 361 0090 FB61     		str	r3, [r7, #28]
 362              	.L13:
 108:C:/Users/dtjld/workspace/AIoT/src/LiteOS_Lab/iot_link/network/dtls/mbedtls/mbedtls-2.16.2/library\arc4.c ****     {
 363              		.loc 1 108 0 is_stmt 0 discriminator 1
 364 0092 FA69     		ldr	r2, [r7, #28]
 365 0094 BB68     		ldr	r3, [r7, #8]
 366 0096 9A42     		cmp	r2, r3
 367 0098 C5D3     		bcc	.L14
 118:C:/Users/dtjld/workspace/AIoT/src/LiteOS_Lab/iot_link/network/dtls/mbedtls/mbedtls-2.16.2/library\arc4.c ****     }
 119:C:/Users/dtjld/workspace/AIoT/src/LiteOS_Lab/iot_link/network/dtls/mbedtls/mbedtls-2.16.2/library\arc4.c **** 
 120:C:/Users/dtjld/workspace/AIoT/src/LiteOS_Lab/iot_link/network/dtls/mbedtls/mbedtls-2.16.2/library\arc4.c ****     ctx->x = x;
 368              		.loc 1 120 0 is_stmt 1
 369 009a FB68     		ldr	r3, [r7, #12]
 370 009c 7A6A     		ldr	r2, [r7, #36]
 371 009e 1A60     		str	r2, [r3]
 121:C:/Users/dtjld/workspace/AIoT/src/LiteOS_Lab/iot_link/network/dtls/mbedtls/mbedtls-2.16.2/library\arc4.c ****     ctx->y = y;
 372              		.loc 1 121 0
 373 00a0 FB68     		ldr	r3, [r7, #12]
 374 00a2 3A6A     		ldr	r2, [r7, #32]
 375 00a4 5A60     		str	r2, [r3, #4]
 122:C:/Users/dtjld/workspace/AIoT/src/LiteOS_Lab/iot_link/network/dtls/mbedtls/mbedtls-2.16.2/library\arc4.c **** 
 123:C:/Users/dtjld/workspace/AIoT/src/LiteOS_Lab/iot_link/network/dtls/mbedtls/mbedtls-2.16.2/library\arc4.c ****     return( 0 );
 376              		.loc 1 123 0
 377 00a6 0023     		movs	r3, #0
 124:C:/Users/dtjld/workspace/AIoT/src/LiteOS_Lab/iot_link/network/dtls/mbedtls/mbedtls-2.16.2/library\arc4.c **** }
 378              		.loc 1 124 0
 379 00a8 1846     		mov	r0, r3
 380 00aa 2C37     		adds	r7, r7, #44
 381              	.LCFI19:
 382              		.cfi_def_cfa_offset 4
 383 00ac BD46     		mov	sp, r7
 384              	.LCFI20:
 385              		.cfi_def_cfa_register 13
 386              		@ sp needed
 387 00ae 5DF8047B 		ldr	r7, [sp], #4
 388              	.LCFI21:
ARM GAS  C:\Users\dtjld\AppData\Local\Temp\ccwfjeQn.s 			page 10


 389              		.cfi_restore 7
 390              		.cfi_def_cfa_offset 0
 391 00b2 7047     		bx	lr
 392              		.cfi_endproc
 393              	.LFE6:
 395              		.section	.rodata.arc4_test_key,"a",%progbits
 396              		.align	2
 399              	arc4_test_key:
 400 0000 01       		.byte	1
 401 0001 23       		.byte	35
 402 0002 45       		.byte	69
 403 0003 67       		.byte	103
 404 0004 89       		.byte	-119
 405 0005 AB       		.byte	-85
 406 0006 CD       		.byte	-51
 407 0007 EF       		.byte	-17
 408 0008 01       		.byte	1
 409 0009 23       		.byte	35
 410 000a 45       		.byte	69
 411 000b 67       		.byte	103
 412 000c 89       		.byte	-119
 413 000d AB       		.byte	-85
 414 000e CD       		.byte	-51
 415 000f EF       		.byte	-17
 416 0010 00       		.byte	0
 417 0011 00       		.byte	0
 418 0012 00       		.byte	0
 419 0013 00       		.byte	0
 420 0014 00       		.byte	0
 421 0015 00       		.byte	0
 422 0016 00       		.byte	0
 423 0017 00       		.byte	0
 424              		.section	.rodata.arc4_test_pt,"a",%progbits
 425              		.align	2
 428              	arc4_test_pt:
 429 0000 01       		.byte	1
 430 0001 23       		.byte	35
 431 0002 45       		.byte	69
 432 0003 67       		.byte	103
 433 0004 89       		.byte	-119
 434 0005 AB       		.byte	-85
 435 0006 CD       		.byte	-51
 436 0007 EF       		.byte	-17
 437 0008 00       		.byte	0
 438 0009 00       		.byte	0
 439 000a 00       		.byte	0
 440 000b 00       		.byte	0
 441 000c 00       		.byte	0
 442 000d 00       		.byte	0
 443 000e 00       		.byte	0
 444 000f 00       		.byte	0
 445 0010 00       		.byte	0
 446 0011 00       		.byte	0
 447 0012 00       		.byte	0
 448 0013 00       		.byte	0
 449 0014 00       		.byte	0
 450 0015 00       		.byte	0
ARM GAS  C:\Users\dtjld\AppData\Local\Temp\ccwfjeQn.s 			page 11


 451 0016 00       		.byte	0
 452 0017 00       		.byte	0
 453              		.section	.rodata.arc4_test_ct,"a",%progbits
 454              		.align	2
 457              	arc4_test_ct:
 458 0000 75       		.byte	117
 459 0001 B7       		.byte	-73
 460 0002 87       		.byte	-121
 461 0003 80       		.byte	-128
 462 0004 99       		.byte	-103
 463 0005 E0       		.byte	-32
 464 0006 C5       		.byte	-59
 465 0007 96       		.byte	-106
 466 0008 74       		.byte	116
 467 0009 94       		.byte	-108
 468 000a C2       		.byte	-62
 469 000b E7       		.byte	-25
 470 000c 10       		.byte	16
 471 000d 4B       		.byte	75
 472 000e 08       		.byte	8
 473 000f 79       		.byte	121
 474 0010 DE       		.byte	-34
 475 0011 18       		.byte	24
 476 0012 89       		.byte	-119
 477 0013 41       		.byte	65
 478 0014 A3       		.byte	-93
 479 0015 37       		.byte	55
 480 0016 5D       		.byte	93
 481 0017 3A       		.byte	58
 482              		.section	.rodata
 483              		.align	2
 484              	.LC0:
 485 0000 20204152 		.ascii	"  ARC4 test #%d: \000"
 485      43342074 
 485      65737420 
 485      2325643A 
 485      2000
 486 0012 0000     		.align	2
 487              	.LC1:
 488 0014 6661696C 		.ascii	"failed\012\000"
 488      65640A00 
 489              		.align	2
 490              	.LC2:
 491 001c 70617373 		.ascii	"passed\012\000"
 491      65640A00 
 492              		.align	2
 493              	.LC3:
 494 0024 0A00     		.ascii	"\012\000"
 495              		.section	.text.mbedtls_arc4_self_test,"ax",%progbits
 496              		.align	1
 497              		.global	mbedtls_arc4_self_test
 498              		.syntax unified
 499              		.thumb
 500              		.thumb_func
 501              		.fpu fpv4-sp-d16
 503              	mbedtls_arc4_self_test:
 504              	.LFB7:
ARM GAS  C:\Users\dtjld\AppData\Local\Temp\ccwfjeQn.s 			page 12


 125:C:/Users/dtjld/workspace/AIoT/src/LiteOS_Lab/iot_link/network/dtls/mbedtls/mbedtls-2.16.2/library\arc4.c **** 
 126:C:/Users/dtjld/workspace/AIoT/src/LiteOS_Lab/iot_link/network/dtls/mbedtls/mbedtls-2.16.2/library\arc4.c **** #endif /* !MBEDTLS_ARC4_ALT */
 127:C:/Users/dtjld/workspace/AIoT/src/LiteOS_Lab/iot_link/network/dtls/mbedtls/mbedtls-2.16.2/library\arc4.c **** 
 128:C:/Users/dtjld/workspace/AIoT/src/LiteOS_Lab/iot_link/network/dtls/mbedtls/mbedtls-2.16.2/library\arc4.c **** #if defined(MBEDTLS_SELF_TEST)
 129:C:/Users/dtjld/workspace/AIoT/src/LiteOS_Lab/iot_link/network/dtls/mbedtls/mbedtls-2.16.2/library\arc4.c **** /*
 130:C:/Users/dtjld/workspace/AIoT/src/LiteOS_Lab/iot_link/network/dtls/mbedtls/mbedtls-2.16.2/library\arc4.c ****  * ARC4 tests vectors as posted by Eric Rescorla in sep. 1994:
 131:C:/Users/dtjld/workspace/AIoT/src/LiteOS_Lab/iot_link/network/dtls/mbedtls/mbedtls-2.16.2/library\arc4.c ****  *
 132:C:/Users/dtjld/workspace/AIoT/src/LiteOS_Lab/iot_link/network/dtls/mbedtls/mbedtls-2.16.2/library\arc4.c ****  * http://groups.google.com/group/comp.security.misc/msg/10a300c9d21afca0
 133:C:/Users/dtjld/workspace/AIoT/src/LiteOS_Lab/iot_link/network/dtls/mbedtls/mbedtls-2.16.2/library\arc4.c ****  */
 134:C:/Users/dtjld/workspace/AIoT/src/LiteOS_Lab/iot_link/network/dtls/mbedtls/mbedtls-2.16.2/library\arc4.c **** static const unsigned char arc4_test_key[3][8] =
 135:C:/Users/dtjld/workspace/AIoT/src/LiteOS_Lab/iot_link/network/dtls/mbedtls/mbedtls-2.16.2/library\arc4.c **** {
 136:C:/Users/dtjld/workspace/AIoT/src/LiteOS_Lab/iot_link/network/dtls/mbedtls/mbedtls-2.16.2/library\arc4.c ****     { 0x01, 0x23, 0x45, 0x67, 0x89, 0xAB, 0xCD, 0xEF },
 137:C:/Users/dtjld/workspace/AIoT/src/LiteOS_Lab/iot_link/network/dtls/mbedtls/mbedtls-2.16.2/library\arc4.c ****     { 0x01, 0x23, 0x45, 0x67, 0x89, 0xAB, 0xCD, 0xEF },
 138:C:/Users/dtjld/workspace/AIoT/src/LiteOS_Lab/iot_link/network/dtls/mbedtls/mbedtls-2.16.2/library\arc4.c ****     { 0x00, 0x00, 0x00, 0x00, 0x00, 0x00, 0x00, 0x00 }
 139:C:/Users/dtjld/workspace/AIoT/src/LiteOS_Lab/iot_link/network/dtls/mbedtls/mbedtls-2.16.2/library\arc4.c **** };
 140:C:/Users/dtjld/workspace/AIoT/src/LiteOS_Lab/iot_link/network/dtls/mbedtls/mbedtls-2.16.2/library\arc4.c **** 
 141:C:/Users/dtjld/workspace/AIoT/src/LiteOS_Lab/iot_link/network/dtls/mbedtls/mbedtls-2.16.2/library\arc4.c **** static const unsigned char arc4_test_pt[3][8] =
 142:C:/Users/dtjld/workspace/AIoT/src/LiteOS_Lab/iot_link/network/dtls/mbedtls/mbedtls-2.16.2/library\arc4.c **** {
 143:C:/Users/dtjld/workspace/AIoT/src/LiteOS_Lab/iot_link/network/dtls/mbedtls/mbedtls-2.16.2/library\arc4.c ****     { 0x01, 0x23, 0x45, 0x67, 0x89, 0xAB, 0xCD, 0xEF },
 144:C:/Users/dtjld/workspace/AIoT/src/LiteOS_Lab/iot_link/network/dtls/mbedtls/mbedtls-2.16.2/library\arc4.c ****     { 0x00, 0x00, 0x00, 0x00, 0x00, 0x00, 0x00, 0x00 },
 145:C:/Users/dtjld/workspace/AIoT/src/LiteOS_Lab/iot_link/network/dtls/mbedtls/mbedtls-2.16.2/library\arc4.c ****     { 0x00, 0x00, 0x00, 0x00, 0x00, 0x00, 0x00, 0x00 }
 146:C:/Users/dtjld/workspace/AIoT/src/LiteOS_Lab/iot_link/network/dtls/mbedtls/mbedtls-2.16.2/library\arc4.c **** };
 147:C:/Users/dtjld/workspace/AIoT/src/LiteOS_Lab/iot_link/network/dtls/mbedtls/mbedtls-2.16.2/library\arc4.c **** 
 148:C:/Users/dtjld/workspace/AIoT/src/LiteOS_Lab/iot_link/network/dtls/mbedtls/mbedtls-2.16.2/library\arc4.c **** static const unsigned char arc4_test_ct[3][8] =
 149:C:/Users/dtjld/workspace/AIoT/src/LiteOS_Lab/iot_link/network/dtls/mbedtls/mbedtls-2.16.2/library\arc4.c **** {
 150:C:/Users/dtjld/workspace/AIoT/src/LiteOS_Lab/iot_link/network/dtls/mbedtls/mbedtls-2.16.2/library\arc4.c ****     { 0x75, 0xB7, 0x87, 0x80, 0x99, 0xE0, 0xC5, 0x96 },
 151:C:/Users/dtjld/workspace/AIoT/src/LiteOS_Lab/iot_link/network/dtls/mbedtls/mbedtls-2.16.2/library\arc4.c ****     { 0x74, 0x94, 0xC2, 0xE7, 0x10, 0x4B, 0x08, 0x79 },
 152:C:/Users/dtjld/workspace/AIoT/src/LiteOS_Lab/iot_link/network/dtls/mbedtls/mbedtls-2.16.2/library\arc4.c ****     { 0xDE, 0x18, 0x89, 0x41, 0xA3, 0x37, 0x5D, 0x3A }
 153:C:/Users/dtjld/workspace/AIoT/src/LiteOS_Lab/iot_link/network/dtls/mbedtls/mbedtls-2.16.2/library\arc4.c **** };
 154:C:/Users/dtjld/workspace/AIoT/src/LiteOS_Lab/iot_link/network/dtls/mbedtls/mbedtls-2.16.2/library\arc4.c **** 
 155:C:/Users/dtjld/workspace/AIoT/src/LiteOS_Lab/iot_link/network/dtls/mbedtls/mbedtls-2.16.2/library\arc4.c **** /*
 156:C:/Users/dtjld/workspace/AIoT/src/LiteOS_Lab/iot_link/network/dtls/mbedtls/mbedtls-2.16.2/library\arc4.c ****  * Checkup routine
 157:C:/Users/dtjld/workspace/AIoT/src/LiteOS_Lab/iot_link/network/dtls/mbedtls/mbedtls-2.16.2/library\arc4.c ****  */
 158:C:/Users/dtjld/workspace/AIoT/src/LiteOS_Lab/iot_link/network/dtls/mbedtls/mbedtls-2.16.2/library\arc4.c **** int mbedtls_arc4_self_test( int verbose )
 159:C:/Users/dtjld/workspace/AIoT/src/LiteOS_Lab/iot_link/network/dtls/mbedtls/mbedtls-2.16.2/library\arc4.c **** {
 505              		.loc 1 159 0
 506              		.cfi_startproc
 507              		@ args = 0, pretend = 0, frame = 296
 508              		@ frame_needed = 1, uses_anonymous_args = 0
 509 0000 80B5     		push	{r7, lr}
 510              	.LCFI22:
 511              		.cfi_def_cfa_offset 8
 512              		.cfi_offset 7, -8
 513              		.cfi_offset 14, -4
 514 0002 CAB0     		sub	sp, sp, #296
 515              	.LCFI23:
 516              		.cfi_def_cfa_offset 304
 517 0004 00AF     		add	r7, sp, #0
 518              	.LCFI24:
 519              		.cfi_def_cfa_register 7
 520 0006 3B1D     		adds	r3, r7, #4
 521 0008 1860     		str	r0, [r3]
 160:C:/Users/dtjld/workspace/AIoT/src/LiteOS_Lab/iot_link/network/dtls/mbedtls/mbedtls-2.16.2/library\arc4.c ****     int i, ret = 0;
 522              		.loc 1 160 0
 523 000a 0023     		movs	r3, #0
 524 000c C7F82031 		str	r3, [r7, #288]
 161:C:/Users/dtjld/workspace/AIoT/src/LiteOS_Lab/iot_link/network/dtls/mbedtls/mbedtls-2.16.2/library\arc4.c ****     unsigned char ibuf[8];
ARM GAS  C:\Users\dtjld\AppData\Local\Temp\ccwfjeQn.s 			page 13


 162:C:/Users/dtjld/workspace/AIoT/src/LiteOS_Lab/iot_link/network/dtls/mbedtls/mbedtls-2.16.2/library\arc4.c ****     unsigned char obuf[8];
 163:C:/Users/dtjld/workspace/AIoT/src/LiteOS_Lab/iot_link/network/dtls/mbedtls/mbedtls-2.16.2/library\arc4.c ****     mbedtls_arc4_context ctx;
 164:C:/Users/dtjld/workspace/AIoT/src/LiteOS_Lab/iot_link/network/dtls/mbedtls/mbedtls-2.16.2/library\arc4.c **** 
 165:C:/Users/dtjld/workspace/AIoT/src/LiteOS_Lab/iot_link/network/dtls/mbedtls/mbedtls-2.16.2/library\arc4.c ****     mbedtls_arc4_init( &ctx );
 525              		.loc 1 165 0
 526 0010 07F10803 		add	r3, r7, #8
 527 0014 1846     		mov	r0, r3
 528 0016 FFF7FEFF 		bl	mbedtls_arc4_init
 166:C:/Users/dtjld/workspace/AIoT/src/LiteOS_Lab/iot_link/network/dtls/mbedtls/mbedtls-2.16.2/library\arc4.c **** 
 167:C:/Users/dtjld/workspace/AIoT/src/LiteOS_Lab/iot_link/network/dtls/mbedtls/mbedtls-2.16.2/library\arc4.c ****     for( i = 0; i < 3; i++ )
 529              		.loc 1 167 0
 530 001a 0023     		movs	r3, #0
 531 001c C7F82431 		str	r3, [r7, #292]
 532 0020 50E0     		b	.L17
 533              	.L23:
 168:C:/Users/dtjld/workspace/AIoT/src/LiteOS_Lab/iot_link/network/dtls/mbedtls/mbedtls-2.16.2/library\arc4.c ****     {
 169:C:/Users/dtjld/workspace/AIoT/src/LiteOS_Lab/iot_link/network/dtls/mbedtls/mbedtls-2.16.2/library\arc4.c ****         if( verbose != 0 )
 534              		.loc 1 169 0
 535 0022 3B1D     		adds	r3, r7, #4
 536 0024 1B68     		ldr	r3, [r3]
 537 0026 002B     		cmp	r3, #0
 538 0028 07D0     		beq	.L18
 170:C:/Users/dtjld/workspace/AIoT/src/LiteOS_Lab/iot_link/network/dtls/mbedtls/mbedtls-2.16.2/library\arc4.c ****             mbedtls_printf( "  ARC4 test #%d: ", i + 1 );
 539              		.loc 1 170 0
 540 002a 334B     		ldr	r3, .L26
 541 002c 1B68     		ldr	r3, [r3]
 542 002e D7F82421 		ldr	r2, [r7, #292]
 543 0032 0132     		adds	r2, r2, #1
 544 0034 1146     		mov	r1, r2
 545 0036 3148     		ldr	r0, .L26+4
 546 0038 9847     		blx	r3
 547              	.LVL0:
 548              	.L18:
 171:C:/Users/dtjld/workspace/AIoT/src/LiteOS_Lab/iot_link/network/dtls/mbedtls/mbedtls-2.16.2/library\arc4.c **** 
 172:C:/Users/dtjld/workspace/AIoT/src/LiteOS_Lab/iot_link/network/dtls/mbedtls/mbedtls-2.16.2/library\arc4.c ****         memcpy( ibuf, arc4_test_pt[i], 8 );
 549              		.loc 1 172 0
 550 003a D7F82431 		ldr	r3, [r7, #292]
 551 003e DB00     		lsls	r3, r3, #3
 552 0040 2F4A     		ldr	r2, .L26+8
 553 0042 1A44     		add	r2, r2, r3
 554 0044 07F58C73 		add	r3, r7, #280
 555 0048 1068     		ldr	r0, [r2]	@ unaligned
 556 004a 5168     		ldr	r1, [r2, #4]	@ unaligned
 557 004c 03C3     		stmia	r3!, {r0, r1}
 173:C:/Users/dtjld/workspace/AIoT/src/LiteOS_Lab/iot_link/network/dtls/mbedtls/mbedtls-2.16.2/library\arc4.c **** 
 174:C:/Users/dtjld/workspace/AIoT/src/LiteOS_Lab/iot_link/network/dtls/mbedtls/mbedtls-2.16.2/library\arc4.c ****         mbedtls_arc4_setup( &ctx, arc4_test_key[i], 8 );
 558              		.loc 1 174 0
 559 004e D7F82431 		ldr	r3, [r7, #292]
 560 0052 DB00     		lsls	r3, r3, #3
 561 0054 2B4A     		ldr	r2, .L26+12
 562 0056 9918     		adds	r1, r3, r2
 563 0058 07F10803 		add	r3, r7, #8
 564 005c 0822     		movs	r2, #8
 565 005e 1846     		mov	r0, r3
 566 0060 FFF7FEFF 		bl	mbedtls_arc4_setup
 175:C:/Users/dtjld/workspace/AIoT/src/LiteOS_Lab/iot_link/network/dtls/mbedtls/mbedtls-2.16.2/library\arc4.c ****         mbedtls_arc4_crypt( &ctx, 8, ibuf, obuf );
 567              		.loc 1 175 0
ARM GAS  C:\Users\dtjld\AppData\Local\Temp\ccwfjeQn.s 			page 14


 568 0064 07F58873 		add	r3, r7, #272
 569 0068 07F58C72 		add	r2, r7, #280
 570 006c 07F10800 		add	r0, r7, #8
 571 0070 0821     		movs	r1, #8
 572 0072 FFF7FEFF 		bl	mbedtls_arc4_crypt
 176:C:/Users/dtjld/workspace/AIoT/src/LiteOS_Lab/iot_link/network/dtls/mbedtls/mbedtls-2.16.2/library\arc4.c **** 
 177:C:/Users/dtjld/workspace/AIoT/src/LiteOS_Lab/iot_link/network/dtls/mbedtls/mbedtls-2.16.2/library\arc4.c ****         if( memcmp( obuf, arc4_test_ct[i], 8 ) != 0 )
 573              		.loc 1 177 0
 574 0076 D7F82431 		ldr	r3, [r7, #292]
 575 007a DB00     		lsls	r3, r3, #3
 576 007c 224A     		ldr	r2, .L26+16
 577 007e 9918     		adds	r1, r3, r2
 578 0080 07F58873 		add	r3, r7, #272
 579 0084 0822     		movs	r2, #8
 580 0086 1846     		mov	r0, r3
 581 0088 FFF7FEFF 		bl	memcmp
 582 008c 0346     		mov	r3, r0
 583 008e 002B     		cmp	r3, #0
 584 0090 0BD0     		beq	.L19
 178:C:/Users/dtjld/workspace/AIoT/src/LiteOS_Lab/iot_link/network/dtls/mbedtls/mbedtls-2.16.2/library\arc4.c ****         {
 179:C:/Users/dtjld/workspace/AIoT/src/LiteOS_Lab/iot_link/network/dtls/mbedtls/mbedtls-2.16.2/library\arc4.c ****             if( verbose != 0 )
 585              		.loc 1 179 0
 586 0092 3B1D     		adds	r3, r7, #4
 587 0094 1B68     		ldr	r3, [r3]
 588 0096 002B     		cmp	r3, #0
 589 0098 03D0     		beq	.L20
 180:C:/Users/dtjld/workspace/AIoT/src/LiteOS_Lab/iot_link/network/dtls/mbedtls/mbedtls-2.16.2/library\arc4.c ****                 mbedtls_printf( "failed\n" );
 590              		.loc 1 180 0
 591 009a 174B     		ldr	r3, .L26
 592 009c 1B68     		ldr	r3, [r3]
 593 009e 1B48     		ldr	r0, .L26+20
 594 00a0 9847     		blx	r3
 595              	.LVL1:
 596              	.L20:
 181:C:/Users/dtjld/workspace/AIoT/src/LiteOS_Lab/iot_link/network/dtls/mbedtls/mbedtls-2.16.2/library\arc4.c **** 
 182:C:/Users/dtjld/workspace/AIoT/src/LiteOS_Lab/iot_link/network/dtls/mbedtls/mbedtls-2.16.2/library\arc4.c ****             ret = 1;
 597              		.loc 1 182 0
 598 00a2 0123     		movs	r3, #1
 599 00a4 C7F82031 		str	r3, [r7, #288]
 183:C:/Users/dtjld/workspace/AIoT/src/LiteOS_Lab/iot_link/network/dtls/mbedtls/mbedtls-2.16.2/library\arc4.c ****             goto exit;
 600              		.loc 1 183 0
 601 00a8 1AE0     		b	.L21
 602              	.L19:
 184:C:/Users/dtjld/workspace/AIoT/src/LiteOS_Lab/iot_link/network/dtls/mbedtls/mbedtls-2.16.2/library\arc4.c ****         }
 185:C:/Users/dtjld/workspace/AIoT/src/LiteOS_Lab/iot_link/network/dtls/mbedtls/mbedtls-2.16.2/library\arc4.c **** 
 186:C:/Users/dtjld/workspace/AIoT/src/LiteOS_Lab/iot_link/network/dtls/mbedtls/mbedtls-2.16.2/library\arc4.c ****         if( verbose != 0 )
 603              		.loc 1 186 0
 604 00aa 3B1D     		adds	r3, r7, #4
 605 00ac 1B68     		ldr	r3, [r3]
 606 00ae 002B     		cmp	r3, #0
 607 00b0 03D0     		beq	.L22
 187:C:/Users/dtjld/workspace/AIoT/src/LiteOS_Lab/iot_link/network/dtls/mbedtls/mbedtls-2.16.2/library\arc4.c ****             mbedtls_printf( "passed\n" );
 608              		.loc 1 187 0
 609 00b2 114B     		ldr	r3, .L26
 610 00b4 1B68     		ldr	r3, [r3]
 611 00b6 1648     		ldr	r0, .L26+24
 612 00b8 9847     		blx	r3
ARM GAS  C:\Users\dtjld\AppData\Local\Temp\ccwfjeQn.s 			page 15


 613              	.LVL2:
 614              	.L22:
 167:C:/Users/dtjld/workspace/AIoT/src/LiteOS_Lab/iot_link/network/dtls/mbedtls/mbedtls-2.16.2/library\arc4.c ****     {
 615              		.loc 1 167 0 discriminator 2
 616 00ba D7F82431 		ldr	r3, [r7, #292]
 617 00be 0133     		adds	r3, r3, #1
 618 00c0 C7F82431 		str	r3, [r7, #292]
 619              	.L17:
 167:C:/Users/dtjld/workspace/AIoT/src/LiteOS_Lab/iot_link/network/dtls/mbedtls/mbedtls-2.16.2/library\arc4.c ****     {
 620              		.loc 1 167 0 is_stmt 0 discriminator 1
 621 00c4 D7F82431 		ldr	r3, [r7, #292]
 622 00c8 022B     		cmp	r3, #2
 623 00ca AADD     		ble	.L23
 188:C:/Users/dtjld/workspace/AIoT/src/LiteOS_Lab/iot_link/network/dtls/mbedtls/mbedtls-2.16.2/library\arc4.c ****     }
 189:C:/Users/dtjld/workspace/AIoT/src/LiteOS_Lab/iot_link/network/dtls/mbedtls/mbedtls-2.16.2/library\arc4.c **** 
 190:C:/Users/dtjld/workspace/AIoT/src/LiteOS_Lab/iot_link/network/dtls/mbedtls/mbedtls-2.16.2/library\arc4.c ****     if( verbose != 0 )
 624              		.loc 1 190 0 is_stmt 1
 625 00cc 3B1D     		adds	r3, r7, #4
 626 00ce 1B68     		ldr	r3, [r3]
 627 00d0 002B     		cmp	r3, #0
 628 00d2 04D0     		beq	.L25
 191:C:/Users/dtjld/workspace/AIoT/src/LiteOS_Lab/iot_link/network/dtls/mbedtls/mbedtls-2.16.2/library\arc4.c ****         mbedtls_printf( "\n" );
 629              		.loc 1 191 0
 630 00d4 084B     		ldr	r3, .L26
 631 00d6 1B68     		ldr	r3, [r3]
 632 00d8 0E48     		ldr	r0, .L26+28
 633 00da 9847     		blx	r3
 634              	.LVL3:
 635 00dc 00E0     		b	.L21
 636              	.L25:
 192:C:/Users/dtjld/workspace/AIoT/src/LiteOS_Lab/iot_link/network/dtls/mbedtls/mbedtls-2.16.2/library\arc4.c **** 
 193:C:/Users/dtjld/workspace/AIoT/src/LiteOS_Lab/iot_link/network/dtls/mbedtls/mbedtls-2.16.2/library\arc4.c **** exit:
 637              		.loc 1 193 0
 638 00de 00BF     		nop
 639              	.L21:
 194:C:/Users/dtjld/workspace/AIoT/src/LiteOS_Lab/iot_link/network/dtls/mbedtls/mbedtls-2.16.2/library\arc4.c ****     mbedtls_arc4_free( &ctx );
 640              		.loc 1 194 0
 641 00e0 07F10803 		add	r3, r7, #8
 642 00e4 1846     		mov	r0, r3
 643 00e6 FFF7FEFF 		bl	mbedtls_arc4_free
 195:C:/Users/dtjld/workspace/AIoT/src/LiteOS_Lab/iot_link/network/dtls/mbedtls/mbedtls-2.16.2/library\arc4.c **** 
 196:C:/Users/dtjld/workspace/AIoT/src/LiteOS_Lab/iot_link/network/dtls/mbedtls/mbedtls-2.16.2/library\arc4.c ****     return( ret );
 644              		.loc 1 196 0
 645 00ea D7F82031 		ldr	r3, [r7, #288]
 197:C:/Users/dtjld/workspace/AIoT/src/LiteOS_Lab/iot_link/network/dtls/mbedtls/mbedtls-2.16.2/library\arc4.c **** }
 646              		.loc 1 197 0
 647 00ee 1846     		mov	r0, r3
 648 00f0 07F59477 		add	r7, r7, #296
 649              	.LCFI25:
 650              		.cfi_def_cfa_offset 8
 651 00f4 BD46     		mov	sp, r7
 652              	.LCFI26:
 653              		.cfi_def_cfa_register 13
 654              		@ sp needed
 655 00f6 80BD     		pop	{r7, pc}
 656              	.L27:
 657              		.align	2
ARM GAS  C:\Users\dtjld\AppData\Local\Temp\ccwfjeQn.s 			page 16


 658              	.L26:
 659 00f8 00000000 		.word	mbedtls_printf
 660 00fc 00000000 		.word	.LC0
 661 0100 00000000 		.word	arc4_test_pt
 662 0104 00000000 		.word	arc4_test_key
 663 0108 00000000 		.word	arc4_test_ct
 664 010c 14000000 		.word	.LC1
 665 0110 1C000000 		.word	.LC2
 666 0114 24000000 		.word	.LC3
 667              		.cfi_endproc
 668              	.LFE7:
 670              		.text
 671              	.Letext0:
 672              		.file 2 "C:/Users/dtjld/workspace/AIoT/src/LiteOS_Lab/iot_link/network/dtls/mbedtls/mbedtls-2.16.2
 673              		.file 3 "c:\\ac6\\systemworkbench\\plugins\\fr.ac6.mcu.externaltools.arm-none.win32_1.16.0.2018071
 674              		.file 4 "c:\\ac6\\systemworkbench\\plugins\\fr.ac6.mcu.externaltools.arm-none.win32_1.16.0.2018071
 675              		.file 5 "c:\\ac6\\systemworkbench\\plugins\\fr.ac6.mcu.externaltools.arm-none.win32_1.16.0.2018071
 676              		.file 6 "c:\\ac6\\systemworkbench\\plugins\\fr.ac6.mcu.externaltools.arm-none.win32_1.16.0.2018071
 677              		.file 7 "c:\\ac6\\systemworkbench\\plugins\\fr.ac6.mcu.externaltools.arm-none.win32_1.16.0.2018071
 678              		.file 8 "c:\\ac6\\systemworkbench\\plugins\\fr.ac6.mcu.externaltools.arm-none.win32_1.16.0.2018071
 679              		.file 9 "C:/Users/dtjld/workspace/AIoT/src/LiteOS_Lab/iot_link/network/dtls/mbedtls/mbedtls-2.16.2
ARM GAS  C:\Users\dtjld\AppData\Local\Temp\ccwfjeQn.s 			page 17


DEFINED SYMBOLS
                            *ABS*:00000000 arc4.c
C:\Users\dtjld\AppData\Local\Temp\ccwfjeQn.s:18     .text.mbedtls_arc4_init:00000000 $t
C:\Users\dtjld\AppData\Local\Temp\ccwfjeQn.s:25     .text.mbedtls_arc4_init:00000000 mbedtls_arc4_init
C:\Users\dtjld\AppData\Local\Temp\ccwfjeQn.s:63     .text.mbedtls_arc4_free:00000000 $t
C:\Users\dtjld\AppData\Local\Temp\ccwfjeQn.s:70     .text.mbedtls_arc4_free:00000000 mbedtls_arc4_free
C:\Users\dtjld\AppData\Local\Temp\ccwfjeQn.s:114    .text.mbedtls_arc4_setup:00000000 $t
C:\Users\dtjld\AppData\Local\Temp\ccwfjeQn.s:121    .text.mbedtls_arc4_setup:00000000 mbedtls_arc4_setup
C:\Users\dtjld\AppData\Local\Temp\ccwfjeQn.s:256    .text.mbedtls_arc4_crypt:00000000 $t
C:\Users\dtjld\AppData\Local\Temp\ccwfjeQn.s:263    .text.mbedtls_arc4_crypt:00000000 mbedtls_arc4_crypt
C:\Users\dtjld\AppData\Local\Temp\ccwfjeQn.s:396    .rodata.arc4_test_key:00000000 $d
C:\Users\dtjld\AppData\Local\Temp\ccwfjeQn.s:399    .rodata.arc4_test_key:00000000 arc4_test_key
C:\Users\dtjld\AppData\Local\Temp\ccwfjeQn.s:425    .rodata.arc4_test_pt:00000000 $d
C:\Users\dtjld\AppData\Local\Temp\ccwfjeQn.s:428    .rodata.arc4_test_pt:00000000 arc4_test_pt
C:\Users\dtjld\AppData\Local\Temp\ccwfjeQn.s:454    .rodata.arc4_test_ct:00000000 $d
C:\Users\dtjld\AppData\Local\Temp\ccwfjeQn.s:457    .rodata.arc4_test_ct:00000000 arc4_test_ct
C:\Users\dtjld\AppData\Local\Temp\ccwfjeQn.s:483    .rodata:00000000 $d
C:\Users\dtjld\AppData\Local\Temp\ccwfjeQn.s:496    .text.mbedtls_arc4_self_test:00000000 $t
C:\Users\dtjld\AppData\Local\Temp\ccwfjeQn.s:503    .text.mbedtls_arc4_self_test:00000000 mbedtls_arc4_self_test
C:\Users\dtjld\AppData\Local\Temp\ccwfjeQn.s:659    .text.mbedtls_arc4_self_test:000000f8 $d

UNDEFINED SYMBOLS
memset
mbedtls_platform_zeroize
memcmp
mbedtls_printf
