ARM GAS  C:\Users\dtjld\AppData\Local\Temp\cch9pEUR.s 			page 1


   1              		.cpu cortex-m4
   2              		.eabi_attribute 27, 1
   3              		.eabi_attribute 28, 1
   4              		.eabi_attribute 20, 1
   5              		.eabi_attribute 21, 1
   6              		.eabi_attribute 23, 3
   7              		.eabi_attribute 24, 1
   8              		.eabi_attribute 25, 1
   9              		.eabi_attribute 26, 1
  10              		.eabi_attribute 30, 6
  11              		.eabi_attribute 34, 1
  12              		.eabi_attribute 18, 4
  13              		.file	"base64.c"
  14              		.text
  15              	.Ltext0:
  16              		.cfi_sections	.debug_frame
  17              		.section	.rodata.base64_enc_map,"a",%progbits
  18              		.align	2
  21              	base64_enc_map:
  22 0000 41       		.byte	65
  23 0001 42       		.byte	66
  24 0002 43       		.byte	67
  25 0003 44       		.byte	68
  26 0004 45       		.byte	69
  27 0005 46       		.byte	70
  28 0006 47       		.byte	71
  29 0007 48       		.byte	72
  30 0008 49       		.byte	73
  31 0009 4A       		.byte	74
  32 000a 4B       		.byte	75
  33 000b 4C       		.byte	76
  34 000c 4D       		.byte	77
  35 000d 4E       		.byte	78
  36 000e 4F       		.byte	79
  37 000f 50       		.byte	80
  38 0010 51       		.byte	81
  39 0011 52       		.byte	82
  40 0012 53       		.byte	83
  41 0013 54       		.byte	84
  42 0014 55       		.byte	85
  43 0015 56       		.byte	86
  44 0016 57       		.byte	87
  45 0017 58       		.byte	88
  46 0018 59       		.byte	89
  47 0019 5A       		.byte	90
  48 001a 61       		.byte	97
  49 001b 62       		.byte	98
  50 001c 63       		.byte	99
  51 001d 64       		.byte	100
  52 001e 65       		.byte	101
  53 001f 66       		.byte	102
  54 0020 67       		.byte	103
  55 0021 68       		.byte	104
  56 0022 69       		.byte	105
  57 0023 6A       		.byte	106
  58 0024 6B       		.byte	107
  59 0025 6C       		.byte	108
ARM GAS  C:\Users\dtjld\AppData\Local\Temp\cch9pEUR.s 			page 2


  60 0026 6D       		.byte	109
  61 0027 6E       		.byte	110
  62 0028 6F       		.byte	111
  63 0029 70       		.byte	112
  64 002a 71       		.byte	113
  65 002b 72       		.byte	114
  66 002c 73       		.byte	115
  67 002d 74       		.byte	116
  68 002e 75       		.byte	117
  69 002f 76       		.byte	118
  70 0030 77       		.byte	119
  71 0031 78       		.byte	120
  72 0032 79       		.byte	121
  73 0033 7A       		.byte	122
  74 0034 30       		.byte	48
  75 0035 31       		.byte	49
  76 0036 32       		.byte	50
  77 0037 33       		.byte	51
  78 0038 34       		.byte	52
  79 0039 35       		.byte	53
  80 003a 36       		.byte	54
  81 003b 37       		.byte	55
  82 003c 38       		.byte	56
  83 003d 39       		.byte	57
  84 003e 2B       		.byte	43
  85 003f 2F       		.byte	47
  86              		.section	.rodata.base64_dec_map,"a",%progbits
  87              		.align	2
  90              	base64_dec_map:
  91 0000 7F       		.byte	127
  92 0001 7F       		.byte	127
  93 0002 7F       		.byte	127
  94 0003 7F       		.byte	127
  95 0004 7F       		.byte	127
  96 0005 7F       		.byte	127
  97 0006 7F       		.byte	127
  98 0007 7F       		.byte	127
  99 0008 7F       		.byte	127
 100 0009 7F       		.byte	127
 101 000a 7F       		.byte	127
 102 000b 7F       		.byte	127
 103 000c 7F       		.byte	127
 104 000d 7F       		.byte	127
 105 000e 7F       		.byte	127
 106 000f 7F       		.byte	127
 107 0010 7F       		.byte	127
 108 0011 7F       		.byte	127
 109 0012 7F       		.byte	127
 110 0013 7F       		.byte	127
 111 0014 7F       		.byte	127
 112 0015 7F       		.byte	127
 113 0016 7F       		.byte	127
 114 0017 7F       		.byte	127
 115 0018 7F       		.byte	127
 116 0019 7F       		.byte	127
 117 001a 7F       		.byte	127
 118 001b 7F       		.byte	127
ARM GAS  C:\Users\dtjld\AppData\Local\Temp\cch9pEUR.s 			page 3


 119 001c 7F       		.byte	127
 120 001d 7F       		.byte	127
 121 001e 7F       		.byte	127
 122 001f 7F       		.byte	127
 123 0020 7F       		.byte	127
 124 0021 7F       		.byte	127
 125 0022 7F       		.byte	127
 126 0023 7F       		.byte	127
 127 0024 7F       		.byte	127
 128 0025 7F       		.byte	127
 129 0026 7F       		.byte	127
 130 0027 7F       		.byte	127
 131 0028 7F       		.byte	127
 132 0029 7F       		.byte	127
 133 002a 7F       		.byte	127
 134 002b 3E       		.byte	62
 135 002c 7F       		.byte	127
 136 002d 7F       		.byte	127
 137 002e 7F       		.byte	127
 138 002f 3F       		.byte	63
 139 0030 34       		.byte	52
 140 0031 35       		.byte	53
 141 0032 36       		.byte	54
 142 0033 37       		.byte	55
 143 0034 38       		.byte	56
 144 0035 39       		.byte	57
 145 0036 3A       		.byte	58
 146 0037 3B       		.byte	59
 147 0038 3C       		.byte	60
 148 0039 3D       		.byte	61
 149 003a 7F       		.byte	127
 150 003b 7F       		.byte	127
 151 003c 7F       		.byte	127
 152 003d 40       		.byte	64
 153 003e 7F       		.byte	127
 154 003f 7F       		.byte	127
 155 0040 7F       		.byte	127
 156 0041 00       		.byte	0
 157 0042 01       		.byte	1
 158 0043 02       		.byte	2
 159 0044 03       		.byte	3
 160 0045 04       		.byte	4
 161 0046 05       		.byte	5
 162 0047 06       		.byte	6
 163 0048 07       		.byte	7
 164 0049 08       		.byte	8
 165 004a 09       		.byte	9
 166 004b 0A       		.byte	10
 167 004c 0B       		.byte	11
 168 004d 0C       		.byte	12
 169 004e 0D       		.byte	13
 170 004f 0E       		.byte	14
 171 0050 0F       		.byte	15
 172 0051 10       		.byte	16
 173 0052 11       		.byte	17
 174 0053 12       		.byte	18
 175 0054 13       		.byte	19
ARM GAS  C:\Users\dtjld\AppData\Local\Temp\cch9pEUR.s 			page 4


 176 0055 14       		.byte	20
 177 0056 15       		.byte	21
 178 0057 16       		.byte	22
 179 0058 17       		.byte	23
 180 0059 18       		.byte	24
 181 005a 19       		.byte	25
 182 005b 7F       		.byte	127
 183 005c 7F       		.byte	127
 184 005d 7F       		.byte	127
 185 005e 7F       		.byte	127
 186 005f 7F       		.byte	127
 187 0060 7F       		.byte	127
 188 0061 1A       		.byte	26
 189 0062 1B       		.byte	27
 190 0063 1C       		.byte	28
 191 0064 1D       		.byte	29
 192 0065 1E       		.byte	30
 193 0066 1F       		.byte	31
 194 0067 20       		.byte	32
 195 0068 21       		.byte	33
 196 0069 22       		.byte	34
 197 006a 23       		.byte	35
 198 006b 24       		.byte	36
 199 006c 25       		.byte	37
 200 006d 26       		.byte	38
 201 006e 27       		.byte	39
 202 006f 28       		.byte	40
 203 0070 29       		.byte	41
 204 0071 2A       		.byte	42
 205 0072 2B       		.byte	43
 206 0073 2C       		.byte	44
 207 0074 2D       		.byte	45
 208 0075 2E       		.byte	46
 209 0076 2F       		.byte	47
 210 0077 30       		.byte	48
 211 0078 31       		.byte	49
 212 0079 32       		.byte	50
 213 007a 33       		.byte	51
 214 007b 7F       		.byte	127
 215 007c 7F       		.byte	127
 216 007d 7F       		.byte	127
 217 007e 7F       		.byte	127
 218 007f 7F       		.byte	127
 219              		.section	.text.mbedtls_base64_encode,"ax",%progbits
 220              		.align	1
 221              		.global	mbedtls_base64_encode
 222              		.syntax unified
 223              		.thumb
 224              		.thumb_func
 225              		.fpu fpv4-sp-d16
 227              	mbedtls_base64_encode:
 228              	.LFB3:
 229              		.file 1 "C:/Users/dtjld/workspace/AIoT/src/LiteOS_Lab/iot_link/network/dtls/mbedtls/mbedtls-2.16.2
   1:C:/Users/dtjld/workspace/AIoT/src/LiteOS_Lab/iot_link/network/dtls/mbedtls/mbedtls-2.16.2/library\base64.c **** /*
   2:C:/Users/dtjld/workspace/AIoT/src/LiteOS_Lab/iot_link/network/dtls/mbedtls/mbedtls-2.16.2/library\base64.c ****  *  RFC 1521 base64 encoding/decoding
   3:C:/Users/dtjld/workspace/AIoT/src/LiteOS_Lab/iot_link/network/dtls/mbedtls/mbedtls-2.16.2/library\base64.c ****  *
   4:C:/Users/dtjld/workspace/AIoT/src/LiteOS_Lab/iot_link/network/dtls/mbedtls/mbedtls-2.16.2/library\base64.c ****  *  Copyright (C) 2006-2015, ARM Limited, All Rights Reserved
ARM GAS  C:\Users\dtjld\AppData\Local\Temp\cch9pEUR.s 			page 5


   5:C:/Users/dtjld/workspace/AIoT/src/LiteOS_Lab/iot_link/network/dtls/mbedtls/mbedtls-2.16.2/library\base64.c ****  *  SPDX-License-Identifier: Apache-2.0
   6:C:/Users/dtjld/workspace/AIoT/src/LiteOS_Lab/iot_link/network/dtls/mbedtls/mbedtls-2.16.2/library\base64.c ****  *
   7:C:/Users/dtjld/workspace/AIoT/src/LiteOS_Lab/iot_link/network/dtls/mbedtls/mbedtls-2.16.2/library\base64.c ****  *  Licensed under the Apache License, Version 2.0 (the "License"); you may
   8:C:/Users/dtjld/workspace/AIoT/src/LiteOS_Lab/iot_link/network/dtls/mbedtls/mbedtls-2.16.2/library\base64.c ****  *  not use this file except in compliance with the License.
   9:C:/Users/dtjld/workspace/AIoT/src/LiteOS_Lab/iot_link/network/dtls/mbedtls/mbedtls-2.16.2/library\base64.c ****  *  You may obtain a copy of the License at
  10:C:/Users/dtjld/workspace/AIoT/src/LiteOS_Lab/iot_link/network/dtls/mbedtls/mbedtls-2.16.2/library\base64.c ****  *
  11:C:/Users/dtjld/workspace/AIoT/src/LiteOS_Lab/iot_link/network/dtls/mbedtls/mbedtls-2.16.2/library\base64.c ****  *  http://www.apache.org/licenses/LICENSE-2.0
  12:C:/Users/dtjld/workspace/AIoT/src/LiteOS_Lab/iot_link/network/dtls/mbedtls/mbedtls-2.16.2/library\base64.c ****  *
  13:C:/Users/dtjld/workspace/AIoT/src/LiteOS_Lab/iot_link/network/dtls/mbedtls/mbedtls-2.16.2/library\base64.c ****  *  Unless required by applicable law or agreed to in writing, software
  14:C:/Users/dtjld/workspace/AIoT/src/LiteOS_Lab/iot_link/network/dtls/mbedtls/mbedtls-2.16.2/library\base64.c ****  *  distributed under the License is distributed on an "AS IS" BASIS, WITHOUT
  15:C:/Users/dtjld/workspace/AIoT/src/LiteOS_Lab/iot_link/network/dtls/mbedtls/mbedtls-2.16.2/library\base64.c ****  *  WARRANTIES OR CONDITIONS OF ANY KIND, either express or implied.
  16:C:/Users/dtjld/workspace/AIoT/src/LiteOS_Lab/iot_link/network/dtls/mbedtls/mbedtls-2.16.2/library\base64.c ****  *  See the License for the specific language governing permissions and
  17:C:/Users/dtjld/workspace/AIoT/src/LiteOS_Lab/iot_link/network/dtls/mbedtls/mbedtls-2.16.2/library\base64.c ****  *  limitations under the License.
  18:C:/Users/dtjld/workspace/AIoT/src/LiteOS_Lab/iot_link/network/dtls/mbedtls/mbedtls-2.16.2/library\base64.c ****  *
  19:C:/Users/dtjld/workspace/AIoT/src/LiteOS_Lab/iot_link/network/dtls/mbedtls/mbedtls-2.16.2/library\base64.c ****  *  This file is part of mbed TLS (https://tls.mbed.org)
  20:C:/Users/dtjld/workspace/AIoT/src/LiteOS_Lab/iot_link/network/dtls/mbedtls/mbedtls-2.16.2/library\base64.c ****  */
  21:C:/Users/dtjld/workspace/AIoT/src/LiteOS_Lab/iot_link/network/dtls/mbedtls/mbedtls-2.16.2/library\base64.c **** 
  22:C:/Users/dtjld/workspace/AIoT/src/LiteOS_Lab/iot_link/network/dtls/mbedtls/mbedtls-2.16.2/library\base64.c **** #if !defined(MBEDTLS_CONFIG_FILE)
  23:C:/Users/dtjld/workspace/AIoT/src/LiteOS_Lab/iot_link/network/dtls/mbedtls/mbedtls-2.16.2/library\base64.c **** #include "mbedtls/config.h"
  24:C:/Users/dtjld/workspace/AIoT/src/LiteOS_Lab/iot_link/network/dtls/mbedtls/mbedtls-2.16.2/library\base64.c **** #else
  25:C:/Users/dtjld/workspace/AIoT/src/LiteOS_Lab/iot_link/network/dtls/mbedtls/mbedtls-2.16.2/library\base64.c **** #include MBEDTLS_CONFIG_FILE
  26:C:/Users/dtjld/workspace/AIoT/src/LiteOS_Lab/iot_link/network/dtls/mbedtls/mbedtls-2.16.2/library\base64.c **** #endif
  27:C:/Users/dtjld/workspace/AIoT/src/LiteOS_Lab/iot_link/network/dtls/mbedtls/mbedtls-2.16.2/library\base64.c **** 
  28:C:/Users/dtjld/workspace/AIoT/src/LiteOS_Lab/iot_link/network/dtls/mbedtls/mbedtls-2.16.2/library\base64.c **** #if defined(MBEDTLS_BASE64_C)
  29:C:/Users/dtjld/workspace/AIoT/src/LiteOS_Lab/iot_link/network/dtls/mbedtls/mbedtls-2.16.2/library\base64.c **** 
  30:C:/Users/dtjld/workspace/AIoT/src/LiteOS_Lab/iot_link/network/dtls/mbedtls/mbedtls-2.16.2/library\base64.c **** #include "mbedtls/base64.h"
  31:C:/Users/dtjld/workspace/AIoT/src/LiteOS_Lab/iot_link/network/dtls/mbedtls/mbedtls-2.16.2/library\base64.c **** 
  32:C:/Users/dtjld/workspace/AIoT/src/LiteOS_Lab/iot_link/network/dtls/mbedtls/mbedtls-2.16.2/library\base64.c **** #include <stdint.h>
  33:C:/Users/dtjld/workspace/AIoT/src/LiteOS_Lab/iot_link/network/dtls/mbedtls/mbedtls-2.16.2/library\base64.c **** 
  34:C:/Users/dtjld/workspace/AIoT/src/LiteOS_Lab/iot_link/network/dtls/mbedtls/mbedtls-2.16.2/library\base64.c **** #if defined(MBEDTLS_SELF_TEST)
  35:C:/Users/dtjld/workspace/AIoT/src/LiteOS_Lab/iot_link/network/dtls/mbedtls/mbedtls-2.16.2/library\base64.c **** #include <string.h>
  36:C:/Users/dtjld/workspace/AIoT/src/LiteOS_Lab/iot_link/network/dtls/mbedtls/mbedtls-2.16.2/library\base64.c **** #if defined(MBEDTLS_PLATFORM_C)
  37:C:/Users/dtjld/workspace/AIoT/src/LiteOS_Lab/iot_link/network/dtls/mbedtls/mbedtls-2.16.2/library\base64.c **** #include "mbedtls/platform.h"
  38:C:/Users/dtjld/workspace/AIoT/src/LiteOS_Lab/iot_link/network/dtls/mbedtls/mbedtls-2.16.2/library\base64.c **** #else
  39:C:/Users/dtjld/workspace/AIoT/src/LiteOS_Lab/iot_link/network/dtls/mbedtls/mbedtls-2.16.2/library\base64.c **** #include <stdio.h>
  40:C:/Users/dtjld/workspace/AIoT/src/LiteOS_Lab/iot_link/network/dtls/mbedtls/mbedtls-2.16.2/library\base64.c **** #define mbedtls_printf printf
  41:C:/Users/dtjld/workspace/AIoT/src/LiteOS_Lab/iot_link/network/dtls/mbedtls/mbedtls-2.16.2/library\base64.c **** #endif /* MBEDTLS_PLATFORM_C */
  42:C:/Users/dtjld/workspace/AIoT/src/LiteOS_Lab/iot_link/network/dtls/mbedtls/mbedtls-2.16.2/library\base64.c **** #endif /* MBEDTLS_SELF_TEST */
  43:C:/Users/dtjld/workspace/AIoT/src/LiteOS_Lab/iot_link/network/dtls/mbedtls/mbedtls-2.16.2/library\base64.c **** 
  44:C:/Users/dtjld/workspace/AIoT/src/LiteOS_Lab/iot_link/network/dtls/mbedtls/mbedtls-2.16.2/library\base64.c **** static const unsigned char base64_enc_map[64] =
  45:C:/Users/dtjld/workspace/AIoT/src/LiteOS_Lab/iot_link/network/dtls/mbedtls/mbedtls-2.16.2/library\base64.c **** {
  46:C:/Users/dtjld/workspace/AIoT/src/LiteOS_Lab/iot_link/network/dtls/mbedtls/mbedtls-2.16.2/library\base64.c ****     'A', 'B', 'C', 'D', 'E', 'F', 'G', 'H', 'I', 'J',
  47:C:/Users/dtjld/workspace/AIoT/src/LiteOS_Lab/iot_link/network/dtls/mbedtls/mbedtls-2.16.2/library\base64.c ****     'K', 'L', 'M', 'N', 'O', 'P', 'Q', 'R', 'S', 'T',
  48:C:/Users/dtjld/workspace/AIoT/src/LiteOS_Lab/iot_link/network/dtls/mbedtls/mbedtls-2.16.2/library\base64.c ****     'U', 'V', 'W', 'X', 'Y', 'Z', 'a', 'b', 'c', 'd',
  49:C:/Users/dtjld/workspace/AIoT/src/LiteOS_Lab/iot_link/network/dtls/mbedtls/mbedtls-2.16.2/library\base64.c ****     'e', 'f', 'g', 'h', 'i', 'j', 'k', 'l', 'm', 'n',
  50:C:/Users/dtjld/workspace/AIoT/src/LiteOS_Lab/iot_link/network/dtls/mbedtls/mbedtls-2.16.2/library\base64.c ****     'o', 'p', 'q', 'r', 's', 't', 'u', 'v', 'w', 'x',
  51:C:/Users/dtjld/workspace/AIoT/src/LiteOS_Lab/iot_link/network/dtls/mbedtls/mbedtls-2.16.2/library\base64.c ****     'y', 'z', '0', '1', '2', '3', '4', '5', '6', '7',
  52:C:/Users/dtjld/workspace/AIoT/src/LiteOS_Lab/iot_link/network/dtls/mbedtls/mbedtls-2.16.2/library\base64.c ****     '8', '9', '+', '/'
  53:C:/Users/dtjld/workspace/AIoT/src/LiteOS_Lab/iot_link/network/dtls/mbedtls/mbedtls-2.16.2/library\base64.c **** };
  54:C:/Users/dtjld/workspace/AIoT/src/LiteOS_Lab/iot_link/network/dtls/mbedtls/mbedtls-2.16.2/library\base64.c **** 
  55:C:/Users/dtjld/workspace/AIoT/src/LiteOS_Lab/iot_link/network/dtls/mbedtls/mbedtls-2.16.2/library\base64.c **** static const unsigned char base64_dec_map[128] =
  56:C:/Users/dtjld/workspace/AIoT/src/LiteOS_Lab/iot_link/network/dtls/mbedtls/mbedtls-2.16.2/library\base64.c **** {
  57:C:/Users/dtjld/workspace/AIoT/src/LiteOS_Lab/iot_link/network/dtls/mbedtls/mbedtls-2.16.2/library\base64.c ****     127, 127, 127, 127, 127, 127, 127, 127, 127, 127,
  58:C:/Users/dtjld/workspace/AIoT/src/LiteOS_Lab/iot_link/network/dtls/mbedtls/mbedtls-2.16.2/library\base64.c ****     127, 127, 127, 127, 127, 127, 127, 127, 127, 127,
  59:C:/Users/dtjld/workspace/AIoT/src/LiteOS_Lab/iot_link/network/dtls/mbedtls/mbedtls-2.16.2/library\base64.c ****     127, 127, 127, 127, 127, 127, 127, 127, 127, 127,
  60:C:/Users/dtjld/workspace/AIoT/src/LiteOS_Lab/iot_link/network/dtls/mbedtls/mbedtls-2.16.2/library\base64.c ****     127, 127, 127, 127, 127, 127, 127, 127, 127, 127,
  61:C:/Users/dtjld/workspace/AIoT/src/LiteOS_Lab/iot_link/network/dtls/mbedtls/mbedtls-2.16.2/library\base64.c ****     127, 127, 127,  62, 127, 127, 127,  63,  52,  53,
ARM GAS  C:\Users\dtjld\AppData\Local\Temp\cch9pEUR.s 			page 6


  62:C:/Users/dtjld/workspace/AIoT/src/LiteOS_Lab/iot_link/network/dtls/mbedtls/mbedtls-2.16.2/library\base64.c ****      54,  55,  56,  57,  58,  59,  60,  61, 127, 127,
  63:C:/Users/dtjld/workspace/AIoT/src/LiteOS_Lab/iot_link/network/dtls/mbedtls/mbedtls-2.16.2/library\base64.c ****     127,  64, 127, 127, 127,   0,   1,   2,   3,   4,
  64:C:/Users/dtjld/workspace/AIoT/src/LiteOS_Lab/iot_link/network/dtls/mbedtls/mbedtls-2.16.2/library\base64.c ****       5,   6,   7,   8,   9,  10,  11,  12,  13,  14,
  65:C:/Users/dtjld/workspace/AIoT/src/LiteOS_Lab/iot_link/network/dtls/mbedtls/mbedtls-2.16.2/library\base64.c ****      15,  16,  17,  18,  19,  20,  21,  22,  23,  24,
  66:C:/Users/dtjld/workspace/AIoT/src/LiteOS_Lab/iot_link/network/dtls/mbedtls/mbedtls-2.16.2/library\base64.c ****      25, 127, 127, 127, 127, 127, 127,  26,  27,  28,
  67:C:/Users/dtjld/workspace/AIoT/src/LiteOS_Lab/iot_link/network/dtls/mbedtls/mbedtls-2.16.2/library\base64.c ****      29,  30,  31,  32,  33,  34,  35,  36,  37,  38,
  68:C:/Users/dtjld/workspace/AIoT/src/LiteOS_Lab/iot_link/network/dtls/mbedtls/mbedtls-2.16.2/library\base64.c ****      39,  40,  41,  42,  43,  44,  45,  46,  47,  48,
  69:C:/Users/dtjld/workspace/AIoT/src/LiteOS_Lab/iot_link/network/dtls/mbedtls/mbedtls-2.16.2/library\base64.c ****      49,  50,  51, 127, 127, 127, 127, 127
  70:C:/Users/dtjld/workspace/AIoT/src/LiteOS_Lab/iot_link/network/dtls/mbedtls/mbedtls-2.16.2/library\base64.c **** };
  71:C:/Users/dtjld/workspace/AIoT/src/LiteOS_Lab/iot_link/network/dtls/mbedtls/mbedtls-2.16.2/library\base64.c **** 
  72:C:/Users/dtjld/workspace/AIoT/src/LiteOS_Lab/iot_link/network/dtls/mbedtls/mbedtls-2.16.2/library\base64.c **** #define BASE64_SIZE_T_MAX   ( (size_t) -1 ) /* SIZE_T_MAX is not standard */
  73:C:/Users/dtjld/workspace/AIoT/src/LiteOS_Lab/iot_link/network/dtls/mbedtls/mbedtls-2.16.2/library\base64.c **** 
  74:C:/Users/dtjld/workspace/AIoT/src/LiteOS_Lab/iot_link/network/dtls/mbedtls/mbedtls-2.16.2/library\base64.c **** /*
  75:C:/Users/dtjld/workspace/AIoT/src/LiteOS_Lab/iot_link/network/dtls/mbedtls/mbedtls-2.16.2/library\base64.c ****  * Encode a buffer into base64 format
  76:C:/Users/dtjld/workspace/AIoT/src/LiteOS_Lab/iot_link/network/dtls/mbedtls/mbedtls-2.16.2/library\base64.c ****  */
  77:C:/Users/dtjld/workspace/AIoT/src/LiteOS_Lab/iot_link/network/dtls/mbedtls/mbedtls-2.16.2/library\base64.c **** int mbedtls_base64_encode( unsigned char *dst, size_t dlen, size_t *olen,
  78:C:/Users/dtjld/workspace/AIoT/src/LiteOS_Lab/iot_link/network/dtls/mbedtls/mbedtls-2.16.2/library\base64.c ****                    const unsigned char *src, size_t slen )
  79:C:/Users/dtjld/workspace/AIoT/src/LiteOS_Lab/iot_link/network/dtls/mbedtls/mbedtls-2.16.2/library\base64.c **** {
 230              		.loc 1 79 0
 231              		.cfi_startproc
 232              		@ args = 4, pretend = 0, frame = 40
 233              		@ frame_needed = 1, uses_anonymous_args = 0
 234              		@ link register save eliminated.
 235 0000 80B4     		push	{r7}
 236              	.LCFI0:
 237              		.cfi_def_cfa_offset 4
 238              		.cfi_offset 7, -4
 239 0002 8BB0     		sub	sp, sp, #44
 240              	.LCFI1:
 241              		.cfi_def_cfa_offset 48
 242 0004 00AF     		add	r7, sp, #0
 243              	.LCFI2:
 244              		.cfi_def_cfa_register 7
 245 0006 F860     		str	r0, [r7, #12]
 246 0008 B960     		str	r1, [r7, #8]
 247 000a 7A60     		str	r2, [r7, #4]
 248 000c 3B60     		str	r3, [r7]
  80:C:/Users/dtjld/workspace/AIoT/src/LiteOS_Lab/iot_link/network/dtls/mbedtls/mbedtls-2.16.2/library\base64.c ****     size_t i, n;
  81:C:/Users/dtjld/workspace/AIoT/src/LiteOS_Lab/iot_link/network/dtls/mbedtls/mbedtls-2.16.2/library\base64.c ****     int C1, C2, C3;
  82:C:/Users/dtjld/workspace/AIoT/src/LiteOS_Lab/iot_link/network/dtls/mbedtls/mbedtls-2.16.2/library\base64.c ****     unsigned char *p;
  83:C:/Users/dtjld/workspace/AIoT/src/LiteOS_Lab/iot_link/network/dtls/mbedtls/mbedtls-2.16.2/library\base64.c **** 
  84:C:/Users/dtjld/workspace/AIoT/src/LiteOS_Lab/iot_link/network/dtls/mbedtls/mbedtls-2.16.2/library\base64.c ****     if( slen == 0 )
 249              		.loc 1 84 0
 250 000e 3B6B     		ldr	r3, [r7, #48]
 251 0010 002B     		cmp	r3, #0
 252 0012 04D1     		bne	.L2
  85:C:/Users/dtjld/workspace/AIoT/src/LiteOS_Lab/iot_link/network/dtls/mbedtls/mbedtls-2.16.2/library\base64.c ****     {
  86:C:/Users/dtjld/workspace/AIoT/src/LiteOS_Lab/iot_link/network/dtls/mbedtls/mbedtls-2.16.2/library\base64.c ****         *olen = 0;
 253              		.loc 1 86 0
 254 0014 7B68     		ldr	r3, [r7, #4]
 255 0016 0022     		movs	r2, #0
 256 0018 1A60     		str	r2, [r3]
  87:C:/Users/dtjld/workspace/AIoT/src/LiteOS_Lab/iot_link/network/dtls/mbedtls/mbedtls-2.16.2/library\base64.c ****         return( 0 );
 257              		.loc 1 87 0
 258 001a 0023     		movs	r3, #0
 259 001c D8E0     		b	.L3
 260              	.L2:
ARM GAS  C:\Users\dtjld\AppData\Local\Temp\cch9pEUR.s 			page 7


  88:C:/Users/dtjld/workspace/AIoT/src/LiteOS_Lab/iot_link/network/dtls/mbedtls/mbedtls-2.16.2/library\base64.c ****     }
  89:C:/Users/dtjld/workspace/AIoT/src/LiteOS_Lab/iot_link/network/dtls/mbedtls/mbedtls-2.16.2/library\base64.c **** 
  90:C:/Users/dtjld/workspace/AIoT/src/LiteOS_Lab/iot_link/network/dtls/mbedtls/mbedtls-2.16.2/library\base64.c ****     n = slen / 3 + ( slen % 3 != 0 );
 261              		.loc 1 90 0
 262 001e 3B6B     		ldr	r3, [r7, #48]
 263 0020 6E4A     		ldr	r2, .L14
 264 0022 A2FB0323 		umull	r2, r3, r2, r3
 265 0026 5808     		lsrs	r0, r3, #1
 266 0028 396B     		ldr	r1, [r7, #48]
 267 002a 6C4B     		ldr	r3, .L14
 268 002c A3FB0123 		umull	r2, r3, r3, r1
 269 0030 5A08     		lsrs	r2, r3, #1
 270 0032 1346     		mov	r3, r2
 271 0034 5B00     		lsls	r3, r3, #1
 272 0036 1344     		add	r3, r3, r2
 273 0038 CA1A     		subs	r2, r1, r3
 274 003a 002A     		cmp	r2, #0
 275 003c 14BF     		ite	ne
 276 003e 0123     		movne	r3, #1
 277 0040 0023     		moveq	r3, #0
 278 0042 DBB2     		uxtb	r3, r3
 279 0044 0344     		add	r3, r3, r0
 280 0046 FB61     		str	r3, [r7, #28]
  91:C:/Users/dtjld/workspace/AIoT/src/LiteOS_Lab/iot_link/network/dtls/mbedtls/mbedtls-2.16.2/library\base64.c **** 
  92:C:/Users/dtjld/workspace/AIoT/src/LiteOS_Lab/iot_link/network/dtls/mbedtls/mbedtls-2.16.2/library\base64.c ****     if( n > ( BASE64_SIZE_T_MAX - 1 ) / 4 )
 281              		.loc 1 92 0
 282 0048 FB69     		ldr	r3, [r7, #28]
 283 004a B3F1804F 		cmp	r3, #1073741824
 284 004e 06D3     		bcc	.L4
  93:C:/Users/dtjld/workspace/AIoT/src/LiteOS_Lab/iot_link/network/dtls/mbedtls/mbedtls-2.16.2/library\base64.c ****     {
  94:C:/Users/dtjld/workspace/AIoT/src/LiteOS_Lab/iot_link/network/dtls/mbedtls/mbedtls-2.16.2/library\base64.c ****         *olen = BASE64_SIZE_T_MAX;
 285              		.loc 1 94 0
 286 0050 7B68     		ldr	r3, [r7, #4]
 287 0052 4FF0FF32 		mov	r2, #-1
 288 0056 1A60     		str	r2, [r3]
  95:C:/Users/dtjld/workspace/AIoT/src/LiteOS_Lab/iot_link/network/dtls/mbedtls/mbedtls-2.16.2/library\base64.c ****         return( MBEDTLS_ERR_BASE64_BUFFER_TOO_SMALL );
 289              		.loc 1 95 0
 290 0058 6FF02903 		mvn	r3, #41
 291 005c B8E0     		b	.L3
 292              	.L4:
  96:C:/Users/dtjld/workspace/AIoT/src/LiteOS_Lab/iot_link/network/dtls/mbedtls/mbedtls-2.16.2/library\base64.c ****     }
  97:C:/Users/dtjld/workspace/AIoT/src/LiteOS_Lab/iot_link/network/dtls/mbedtls/mbedtls-2.16.2/library\base64.c **** 
  98:C:/Users/dtjld/workspace/AIoT/src/LiteOS_Lab/iot_link/network/dtls/mbedtls/mbedtls-2.16.2/library\base64.c ****     n *= 4;
 293              		.loc 1 98 0
 294 005e FB69     		ldr	r3, [r7, #28]
 295 0060 9B00     		lsls	r3, r3, #2
 296 0062 FB61     		str	r3, [r7, #28]
  99:C:/Users/dtjld/workspace/AIoT/src/LiteOS_Lab/iot_link/network/dtls/mbedtls/mbedtls-2.16.2/library\base64.c **** 
 100:C:/Users/dtjld/workspace/AIoT/src/LiteOS_Lab/iot_link/network/dtls/mbedtls/mbedtls-2.16.2/library\base64.c ****     if( ( dlen < n + 1 ) || ( NULL == dst ) )
 297              		.loc 1 100 0
 298 0064 FB69     		ldr	r3, [r7, #28]
 299 0066 0133     		adds	r3, r3, #1
 300 0068 BA68     		ldr	r2, [r7, #8]
 301 006a 9A42     		cmp	r2, r3
 302 006c 02D3     		bcc	.L5
 303              		.loc 1 100 0 is_stmt 0 discriminator 1
 304 006e FB68     		ldr	r3, [r7, #12]
ARM GAS  C:\Users\dtjld\AppData\Local\Temp\cch9pEUR.s 			page 8


 305 0070 002B     		cmp	r3, #0
 306 0072 06D1     		bne	.L6
 307              	.L5:
 101:C:/Users/dtjld/workspace/AIoT/src/LiteOS_Lab/iot_link/network/dtls/mbedtls/mbedtls-2.16.2/library\base64.c ****     {
 102:C:/Users/dtjld/workspace/AIoT/src/LiteOS_Lab/iot_link/network/dtls/mbedtls/mbedtls-2.16.2/library\base64.c ****         *olen = n + 1;
 308              		.loc 1 102 0 is_stmt 1
 309 0074 FB69     		ldr	r3, [r7, #28]
 310 0076 5A1C     		adds	r2, r3, #1
 311 0078 7B68     		ldr	r3, [r7, #4]
 312 007a 1A60     		str	r2, [r3]
 103:C:/Users/dtjld/workspace/AIoT/src/LiteOS_Lab/iot_link/network/dtls/mbedtls/mbedtls-2.16.2/library\base64.c ****         return( MBEDTLS_ERR_BASE64_BUFFER_TOO_SMALL );
 313              		.loc 1 103 0
 314 007c 6FF02903 		mvn	r3, #41
 315 0080 A6E0     		b	.L3
 316              	.L6:
 104:C:/Users/dtjld/workspace/AIoT/src/LiteOS_Lab/iot_link/network/dtls/mbedtls/mbedtls-2.16.2/library\base64.c ****     }
 105:C:/Users/dtjld/workspace/AIoT/src/LiteOS_Lab/iot_link/network/dtls/mbedtls/mbedtls-2.16.2/library\base64.c **** 
 106:C:/Users/dtjld/workspace/AIoT/src/LiteOS_Lab/iot_link/network/dtls/mbedtls/mbedtls-2.16.2/library\base64.c ****     n = ( slen / 3 ) * 3;
 317              		.loc 1 106 0
 318 0082 3B6B     		ldr	r3, [r7, #48]
 319 0084 554A     		ldr	r2, .L14
 320 0086 A2FB0323 		umull	r2, r3, r2, r3
 321 008a 5A08     		lsrs	r2, r3, #1
 322 008c 1346     		mov	r3, r2
 323 008e 5B00     		lsls	r3, r3, #1
 324 0090 1344     		add	r3, r3, r2
 325 0092 FB61     		str	r3, [r7, #28]
 107:C:/Users/dtjld/workspace/AIoT/src/LiteOS_Lab/iot_link/network/dtls/mbedtls/mbedtls-2.16.2/library\base64.c **** 
 108:C:/Users/dtjld/workspace/AIoT/src/LiteOS_Lab/iot_link/network/dtls/mbedtls/mbedtls-2.16.2/library\base64.c ****     for( i = 0, p = dst; i < n; i += 3 )
 326              		.loc 1 108 0
 327 0094 0023     		movs	r3, #0
 328 0096 7B62     		str	r3, [r7, #36]
 329 0098 FB68     		ldr	r3, [r7, #12]
 330 009a 3B62     		str	r3, [r7, #32]
 331 009c 42E0     		b	.L7
 332              	.L8:
 109:C:/Users/dtjld/workspace/AIoT/src/LiteOS_Lab/iot_link/network/dtls/mbedtls/mbedtls-2.16.2/library\base64.c ****     {
 110:C:/Users/dtjld/workspace/AIoT/src/LiteOS_Lab/iot_link/network/dtls/mbedtls/mbedtls-2.16.2/library\base64.c ****         C1 = *src++;
 333              		.loc 1 110 0 discriminator 3
 334 009e 3B68     		ldr	r3, [r7]
 335 00a0 5A1C     		adds	r2, r3, #1
 336 00a2 3A60     		str	r2, [r7]
 337 00a4 1B78     		ldrb	r3, [r3]	@ zero_extendqisi2
 338 00a6 BB61     		str	r3, [r7, #24]
 111:C:/Users/dtjld/workspace/AIoT/src/LiteOS_Lab/iot_link/network/dtls/mbedtls/mbedtls-2.16.2/library\base64.c ****         C2 = *src++;
 339              		.loc 1 111 0 discriminator 3
 340 00a8 3B68     		ldr	r3, [r7]
 341 00aa 5A1C     		adds	r2, r3, #1
 342 00ac 3A60     		str	r2, [r7]
 343 00ae 1B78     		ldrb	r3, [r3]	@ zero_extendqisi2
 344 00b0 7B61     		str	r3, [r7, #20]
 112:C:/Users/dtjld/workspace/AIoT/src/LiteOS_Lab/iot_link/network/dtls/mbedtls/mbedtls-2.16.2/library\base64.c ****         C3 = *src++;
 345              		.loc 1 112 0 discriminator 3
 346 00b2 3B68     		ldr	r3, [r7]
 347 00b4 5A1C     		adds	r2, r3, #1
 348 00b6 3A60     		str	r2, [r7]
 349 00b8 1B78     		ldrb	r3, [r3]	@ zero_extendqisi2
ARM GAS  C:\Users\dtjld\AppData\Local\Temp\cch9pEUR.s 			page 9


 350 00ba 3B61     		str	r3, [r7, #16]
 113:C:/Users/dtjld/workspace/AIoT/src/LiteOS_Lab/iot_link/network/dtls/mbedtls/mbedtls-2.16.2/library\base64.c **** 
 114:C:/Users/dtjld/workspace/AIoT/src/LiteOS_Lab/iot_link/network/dtls/mbedtls/mbedtls-2.16.2/library\base64.c ****         *p++ = base64_enc_map[(C1 >> 2) & 0x3F];
 351              		.loc 1 114 0 discriminator 3
 352 00bc BB69     		ldr	r3, [r7, #24]
 353 00be 9B10     		asrs	r3, r3, #2
 354 00c0 03F03F02 		and	r2, r3, #63
 355 00c4 3B6A     		ldr	r3, [r7, #32]
 356 00c6 591C     		adds	r1, r3, #1
 357 00c8 3962     		str	r1, [r7, #32]
 358 00ca 4549     		ldr	r1, .L14+4
 359 00cc 8A5C     		ldrb	r2, [r1, r2]	@ zero_extendqisi2
 360 00ce 1A70     		strb	r2, [r3]
 115:C:/Users/dtjld/workspace/AIoT/src/LiteOS_Lab/iot_link/network/dtls/mbedtls/mbedtls-2.16.2/library\base64.c ****         *p++ = base64_enc_map[(((C1 &  3) << 4) + (C2 >> 4)) & 0x3F];
 361              		.loc 1 115 0 discriminator 3
 362 00d0 BB69     		ldr	r3, [r7, #24]
 363 00d2 1B01     		lsls	r3, r3, #4
 364 00d4 03F03002 		and	r2, r3, #48
 365 00d8 7B69     		ldr	r3, [r7, #20]
 366 00da 1B11     		asrs	r3, r3, #4
 367 00dc 1344     		add	r3, r3, r2
 368 00de 03F03F02 		and	r2, r3, #63
 369 00e2 3B6A     		ldr	r3, [r7, #32]
 370 00e4 591C     		adds	r1, r3, #1
 371 00e6 3962     		str	r1, [r7, #32]
 372 00e8 3D49     		ldr	r1, .L14+4
 373 00ea 8A5C     		ldrb	r2, [r1, r2]	@ zero_extendqisi2
 374 00ec 1A70     		strb	r2, [r3]
 116:C:/Users/dtjld/workspace/AIoT/src/LiteOS_Lab/iot_link/network/dtls/mbedtls/mbedtls-2.16.2/library\base64.c ****         *p++ = base64_enc_map[(((C2 & 15) << 2) + (C3 >> 6)) & 0x3F];
 375              		.loc 1 116 0 discriminator 3
 376 00ee 7B69     		ldr	r3, [r7, #20]
 377 00f0 9B00     		lsls	r3, r3, #2
 378 00f2 03F03C02 		and	r2, r3, #60
 379 00f6 3B69     		ldr	r3, [r7, #16]
 380 00f8 9B11     		asrs	r3, r3, #6
 381 00fa 1344     		add	r3, r3, r2
 382 00fc 03F03F02 		and	r2, r3, #63
 383 0100 3B6A     		ldr	r3, [r7, #32]
 384 0102 591C     		adds	r1, r3, #1
 385 0104 3962     		str	r1, [r7, #32]
 386 0106 3649     		ldr	r1, .L14+4
 387 0108 8A5C     		ldrb	r2, [r1, r2]	@ zero_extendqisi2
 388 010a 1A70     		strb	r2, [r3]
 117:C:/Users/dtjld/workspace/AIoT/src/LiteOS_Lab/iot_link/network/dtls/mbedtls/mbedtls-2.16.2/library\base64.c ****         *p++ = base64_enc_map[C3 & 0x3F];
 389              		.loc 1 117 0 discriminator 3
 390 010c 3B69     		ldr	r3, [r7, #16]
 391 010e 03F03F02 		and	r2, r3, #63
 392 0112 3B6A     		ldr	r3, [r7, #32]
 393 0114 591C     		adds	r1, r3, #1
 394 0116 3962     		str	r1, [r7, #32]
 395 0118 3149     		ldr	r1, .L14+4
 396 011a 8A5C     		ldrb	r2, [r1, r2]	@ zero_extendqisi2
 397 011c 1A70     		strb	r2, [r3]
 108:C:/Users/dtjld/workspace/AIoT/src/LiteOS_Lab/iot_link/network/dtls/mbedtls/mbedtls-2.16.2/library\base64.c ****     {
 398              		.loc 1 108 0 discriminator 3
 399 011e 7B6A     		ldr	r3, [r7, #36]
 400 0120 0333     		adds	r3, r3, #3
ARM GAS  C:\Users\dtjld\AppData\Local\Temp\cch9pEUR.s 			page 10


 401 0122 7B62     		str	r3, [r7, #36]
 402              	.L7:
 108:C:/Users/dtjld/workspace/AIoT/src/LiteOS_Lab/iot_link/network/dtls/mbedtls/mbedtls-2.16.2/library\base64.c ****     {
 403              		.loc 1 108 0 is_stmt 0 discriminator 1
 404 0124 7A6A     		ldr	r2, [r7, #36]
 405 0126 FB69     		ldr	r3, [r7, #28]
 406 0128 9A42     		cmp	r2, r3
 407 012a B8D3     		bcc	.L8
 118:C:/Users/dtjld/workspace/AIoT/src/LiteOS_Lab/iot_link/network/dtls/mbedtls/mbedtls-2.16.2/library\base64.c ****     }
 119:C:/Users/dtjld/workspace/AIoT/src/LiteOS_Lab/iot_link/network/dtls/mbedtls/mbedtls-2.16.2/library\base64.c **** 
 120:C:/Users/dtjld/workspace/AIoT/src/LiteOS_Lab/iot_link/network/dtls/mbedtls/mbedtls-2.16.2/library\base64.c ****     if( i < slen )
 408              		.loc 1 120 0 is_stmt 1
 409 012c 7A6A     		ldr	r2, [r7, #36]
 410 012e 3B6B     		ldr	r3, [r7, #48]
 411 0130 9A42     		cmp	r2, r3
 412 0132 43D2     		bcs	.L9
 121:C:/Users/dtjld/workspace/AIoT/src/LiteOS_Lab/iot_link/network/dtls/mbedtls/mbedtls-2.16.2/library\base64.c ****     {
 122:C:/Users/dtjld/workspace/AIoT/src/LiteOS_Lab/iot_link/network/dtls/mbedtls/mbedtls-2.16.2/library\base64.c ****         C1 = *src++;
 413              		.loc 1 122 0
 414 0134 3B68     		ldr	r3, [r7]
 415 0136 5A1C     		adds	r2, r3, #1
 416 0138 3A60     		str	r2, [r7]
 417 013a 1B78     		ldrb	r3, [r3]	@ zero_extendqisi2
 418 013c BB61     		str	r3, [r7, #24]
 123:C:/Users/dtjld/workspace/AIoT/src/LiteOS_Lab/iot_link/network/dtls/mbedtls/mbedtls-2.16.2/library\base64.c ****         C2 = ( ( i + 1 ) < slen ) ? *src++ : 0;
 419              		.loc 1 123 0
 420 013e 7B6A     		ldr	r3, [r7, #36]
 421 0140 0133     		adds	r3, r3, #1
 422 0142 3A6B     		ldr	r2, [r7, #48]
 423 0144 9A42     		cmp	r2, r3
 424 0146 04D9     		bls	.L10
 425              		.loc 1 123 0 is_stmt 0 discriminator 1
 426 0148 3B68     		ldr	r3, [r7]
 427 014a 5A1C     		adds	r2, r3, #1
 428 014c 3A60     		str	r2, [r7]
 429 014e 1B78     		ldrb	r3, [r3]	@ zero_extendqisi2
 430 0150 00E0     		b	.L11
 431              	.L10:
 432              		.loc 1 123 0 discriminator 2
 433 0152 0023     		movs	r3, #0
 434              	.L11:
 435              		.loc 1 123 0 discriminator 4
 436 0154 7B61     		str	r3, [r7, #20]
 124:C:/Users/dtjld/workspace/AIoT/src/LiteOS_Lab/iot_link/network/dtls/mbedtls/mbedtls-2.16.2/library\base64.c **** 
 125:C:/Users/dtjld/workspace/AIoT/src/LiteOS_Lab/iot_link/network/dtls/mbedtls/mbedtls-2.16.2/library\base64.c ****         *p++ = base64_enc_map[(C1 >> 2) & 0x3F];
 437              		.loc 1 125 0 is_stmt 1 discriminator 4
 438 0156 BB69     		ldr	r3, [r7, #24]
 439 0158 9B10     		asrs	r3, r3, #2
 440 015a 03F03F02 		and	r2, r3, #63
 441 015e 3B6A     		ldr	r3, [r7, #32]
 442 0160 591C     		adds	r1, r3, #1
 443 0162 3962     		str	r1, [r7, #32]
 444 0164 1E49     		ldr	r1, .L14+4
 445 0166 8A5C     		ldrb	r2, [r1, r2]	@ zero_extendqisi2
 446 0168 1A70     		strb	r2, [r3]
 126:C:/Users/dtjld/workspace/AIoT/src/LiteOS_Lab/iot_link/network/dtls/mbedtls/mbedtls-2.16.2/library\base64.c ****         *p++ = base64_enc_map[(((C1 & 3) << 4) + (C2 >> 4)) & 0x3F];
 447              		.loc 1 126 0 discriminator 4
ARM GAS  C:\Users\dtjld\AppData\Local\Temp\cch9pEUR.s 			page 11


 448 016a BB69     		ldr	r3, [r7, #24]
 449 016c 1B01     		lsls	r3, r3, #4
 450 016e 03F03002 		and	r2, r3, #48
 451 0172 7B69     		ldr	r3, [r7, #20]
 452 0174 1B11     		asrs	r3, r3, #4
 453 0176 1344     		add	r3, r3, r2
 454 0178 03F03F02 		and	r2, r3, #63
 455 017c 3B6A     		ldr	r3, [r7, #32]
 456 017e 591C     		adds	r1, r3, #1
 457 0180 3962     		str	r1, [r7, #32]
 458 0182 1749     		ldr	r1, .L14+4
 459 0184 8A5C     		ldrb	r2, [r1, r2]	@ zero_extendqisi2
 460 0186 1A70     		strb	r2, [r3]
 127:C:/Users/dtjld/workspace/AIoT/src/LiteOS_Lab/iot_link/network/dtls/mbedtls/mbedtls-2.16.2/library\base64.c **** 
 128:C:/Users/dtjld/workspace/AIoT/src/LiteOS_Lab/iot_link/network/dtls/mbedtls/mbedtls-2.16.2/library\base64.c ****         if( ( i + 1 ) < slen )
 461              		.loc 1 128 0 discriminator 4
 462 0188 7B6A     		ldr	r3, [r7, #36]
 463 018a 0133     		adds	r3, r3, #1
 464 018c 3A6B     		ldr	r2, [r7, #48]
 465 018e 9A42     		cmp	r2, r3
 466 0190 0AD9     		bls	.L12
 129:C:/Users/dtjld/workspace/AIoT/src/LiteOS_Lab/iot_link/network/dtls/mbedtls/mbedtls-2.16.2/library\base64.c ****              *p++ = base64_enc_map[((C2 & 15) << 2) & 0x3F];
 467              		.loc 1 129 0
 468 0192 7B69     		ldr	r3, [r7, #20]
 469 0194 9B00     		lsls	r3, r3, #2
 470 0196 03F03C02 		and	r2, r3, #60
 471 019a 3B6A     		ldr	r3, [r7, #32]
 472 019c 591C     		adds	r1, r3, #1
 473 019e 3962     		str	r1, [r7, #32]
 474 01a0 0F49     		ldr	r1, .L14+4
 475 01a2 8A5C     		ldrb	r2, [r1, r2]	@ zero_extendqisi2
 476 01a4 1A70     		strb	r2, [r3]
 477 01a6 04E0     		b	.L13
 478              	.L12:
 130:C:/Users/dtjld/workspace/AIoT/src/LiteOS_Lab/iot_link/network/dtls/mbedtls/mbedtls-2.16.2/library\base64.c ****         else *p++ = '=';
 479              		.loc 1 130 0
 480 01a8 3B6A     		ldr	r3, [r7, #32]
 481 01aa 5A1C     		adds	r2, r3, #1
 482 01ac 3A62     		str	r2, [r7, #32]
 483 01ae 3D22     		movs	r2, #61
 484 01b0 1A70     		strb	r2, [r3]
 485              	.L13:
 131:C:/Users/dtjld/workspace/AIoT/src/LiteOS_Lab/iot_link/network/dtls/mbedtls/mbedtls-2.16.2/library\base64.c **** 
 132:C:/Users/dtjld/workspace/AIoT/src/LiteOS_Lab/iot_link/network/dtls/mbedtls/mbedtls-2.16.2/library\base64.c ****         *p++ = '=';
 486              		.loc 1 132 0
 487 01b2 3B6A     		ldr	r3, [r7, #32]
 488 01b4 5A1C     		adds	r2, r3, #1
 489 01b6 3A62     		str	r2, [r7, #32]
 490 01b8 3D22     		movs	r2, #61
 491 01ba 1A70     		strb	r2, [r3]
 492              	.L9:
 133:C:/Users/dtjld/workspace/AIoT/src/LiteOS_Lab/iot_link/network/dtls/mbedtls/mbedtls-2.16.2/library\base64.c ****     }
 134:C:/Users/dtjld/workspace/AIoT/src/LiteOS_Lab/iot_link/network/dtls/mbedtls/mbedtls-2.16.2/library\base64.c **** 
 135:C:/Users/dtjld/workspace/AIoT/src/LiteOS_Lab/iot_link/network/dtls/mbedtls/mbedtls-2.16.2/library\base64.c ****     *olen = p - dst;
 493              		.loc 1 135 0
 494 01bc 3A6A     		ldr	r2, [r7, #32]
 495 01be FB68     		ldr	r3, [r7, #12]
ARM GAS  C:\Users\dtjld\AppData\Local\Temp\cch9pEUR.s 			page 12


 496 01c0 D31A     		subs	r3, r2, r3
 497 01c2 1A46     		mov	r2, r3
 498 01c4 7B68     		ldr	r3, [r7, #4]
 499 01c6 1A60     		str	r2, [r3]
 136:C:/Users/dtjld/workspace/AIoT/src/LiteOS_Lab/iot_link/network/dtls/mbedtls/mbedtls-2.16.2/library\base64.c ****     *p = 0;
 500              		.loc 1 136 0
 501 01c8 3B6A     		ldr	r3, [r7, #32]
 502 01ca 0022     		movs	r2, #0
 503 01cc 1A70     		strb	r2, [r3]
 137:C:/Users/dtjld/workspace/AIoT/src/LiteOS_Lab/iot_link/network/dtls/mbedtls/mbedtls-2.16.2/library\base64.c **** 
 138:C:/Users/dtjld/workspace/AIoT/src/LiteOS_Lab/iot_link/network/dtls/mbedtls/mbedtls-2.16.2/library\base64.c ****     return( 0 );
 504              		.loc 1 138 0
 505 01ce 0023     		movs	r3, #0
 506              	.L3:
 139:C:/Users/dtjld/workspace/AIoT/src/LiteOS_Lab/iot_link/network/dtls/mbedtls/mbedtls-2.16.2/library\base64.c **** }
 507              		.loc 1 139 0
 508 01d0 1846     		mov	r0, r3
 509 01d2 2C37     		adds	r7, r7, #44
 510              	.LCFI3:
 511              		.cfi_def_cfa_offset 4
 512 01d4 BD46     		mov	sp, r7
 513              	.LCFI4:
 514              		.cfi_def_cfa_register 13
 515              		@ sp needed
 516 01d6 5DF8047B 		ldr	r7, [sp], #4
 517              	.LCFI5:
 518              		.cfi_restore 7
 519              		.cfi_def_cfa_offset 0
 520 01da 7047     		bx	lr
 521              	.L15:
 522              		.align	2
 523              	.L14:
 524 01dc ABAAAAAA 		.word	-1431655765
 525 01e0 00000000 		.word	base64_enc_map
 526              		.cfi_endproc
 527              	.LFE3:
 529              		.section	.text.mbedtls_base64_decode,"ax",%progbits
 530              		.align	1
 531              		.global	mbedtls_base64_decode
 532              		.syntax unified
 533              		.thumb
 534              		.thumb_func
 535              		.fpu fpv4-sp-d16
 537              	mbedtls_base64_decode:
 538              	.LFB4:
 140:C:/Users/dtjld/workspace/AIoT/src/LiteOS_Lab/iot_link/network/dtls/mbedtls/mbedtls-2.16.2/library\base64.c **** 
 141:C:/Users/dtjld/workspace/AIoT/src/LiteOS_Lab/iot_link/network/dtls/mbedtls/mbedtls-2.16.2/library\base64.c **** /*
 142:C:/Users/dtjld/workspace/AIoT/src/LiteOS_Lab/iot_link/network/dtls/mbedtls/mbedtls-2.16.2/library\base64.c ****  * Decode a base64-formatted buffer
 143:C:/Users/dtjld/workspace/AIoT/src/LiteOS_Lab/iot_link/network/dtls/mbedtls/mbedtls-2.16.2/library\base64.c ****  */
 144:C:/Users/dtjld/workspace/AIoT/src/LiteOS_Lab/iot_link/network/dtls/mbedtls/mbedtls-2.16.2/library\base64.c **** int mbedtls_base64_decode( unsigned char *dst, size_t dlen, size_t *olen,
 145:C:/Users/dtjld/workspace/AIoT/src/LiteOS_Lab/iot_link/network/dtls/mbedtls/mbedtls-2.16.2/library\base64.c ****                    const unsigned char *src, size_t slen )
 146:C:/Users/dtjld/workspace/AIoT/src/LiteOS_Lab/iot_link/network/dtls/mbedtls/mbedtls-2.16.2/library\base64.c **** {
 539              		.loc 1 146 0
 540              		.cfi_startproc
 541              		@ args = 4, pretend = 0, frame = 40
 542              		@ frame_needed = 1, uses_anonymous_args = 0
 543              		@ link register save eliminated.
ARM GAS  C:\Users\dtjld\AppData\Local\Temp\cch9pEUR.s 			page 13


 544 0000 80B4     		push	{r7}
 545              	.LCFI6:
 546              		.cfi_def_cfa_offset 4
 547              		.cfi_offset 7, -4
 548 0002 8BB0     		sub	sp, sp, #44
 549              	.LCFI7:
 550              		.cfi_def_cfa_offset 48
 551 0004 00AF     		add	r7, sp, #0
 552              	.LCFI8:
 553              		.cfi_def_cfa_register 7
 554 0006 F860     		str	r0, [r7, #12]
 555 0008 B960     		str	r1, [r7, #8]
 556 000a 7A60     		str	r2, [r7, #4]
 557 000c 3B60     		str	r3, [r7]
 147:C:/Users/dtjld/workspace/AIoT/src/LiteOS_Lab/iot_link/network/dtls/mbedtls/mbedtls-2.16.2/library\base64.c ****     size_t i, n;
 148:C:/Users/dtjld/workspace/AIoT/src/LiteOS_Lab/iot_link/network/dtls/mbedtls/mbedtls-2.16.2/library\base64.c ****     uint32_t j, x;
 149:C:/Users/dtjld/workspace/AIoT/src/LiteOS_Lab/iot_link/network/dtls/mbedtls/mbedtls-2.16.2/library\base64.c ****     unsigned char *p;
 150:C:/Users/dtjld/workspace/AIoT/src/LiteOS_Lab/iot_link/network/dtls/mbedtls/mbedtls-2.16.2/library\base64.c **** 
 151:C:/Users/dtjld/workspace/AIoT/src/LiteOS_Lab/iot_link/network/dtls/mbedtls/mbedtls-2.16.2/library\base64.c ****     /* First pass: check for validity and get output length */
 152:C:/Users/dtjld/workspace/AIoT/src/LiteOS_Lab/iot_link/network/dtls/mbedtls/mbedtls-2.16.2/library\base64.c ****     for( i = n = j = 0; i < slen; i++ )
 558              		.loc 1 152 0
 559 000e 0023     		movs	r3, #0
 560 0010 FB61     		str	r3, [r7, #28]
 561 0012 0023     		movs	r3, #0
 562 0014 3B62     		str	r3, [r7, #32]
 563 0016 3B6A     		ldr	r3, [r7, #32]
 564 0018 7B62     		str	r3, [r7, #36]
 565 001a 6FE0     		b	.L17
 566              	.L32:
 153:C:/Users/dtjld/workspace/AIoT/src/LiteOS_Lab/iot_link/network/dtls/mbedtls/mbedtls-2.16.2/library\base64.c ****     {
 154:C:/Users/dtjld/workspace/AIoT/src/LiteOS_Lab/iot_link/network/dtls/mbedtls/mbedtls-2.16.2/library\base64.c ****         /* Skip spaces before checking for EOL */
 155:C:/Users/dtjld/workspace/AIoT/src/LiteOS_Lab/iot_link/network/dtls/mbedtls/mbedtls-2.16.2/library\base64.c ****         x = 0;
 567              		.loc 1 155 0
 568 001c 0023     		movs	r3, #0
 569 001e BB61     		str	r3, [r7, #24]
 156:C:/Users/dtjld/workspace/AIoT/src/LiteOS_Lab/iot_link/network/dtls/mbedtls/mbedtls-2.16.2/library\base64.c ****         while( i < slen && src[i] == ' ' )
 570              		.loc 1 156 0
 571 0020 05E0     		b	.L18
 572              	.L20:
 157:C:/Users/dtjld/workspace/AIoT/src/LiteOS_Lab/iot_link/network/dtls/mbedtls/mbedtls-2.16.2/library\base64.c ****         {
 158:C:/Users/dtjld/workspace/AIoT/src/LiteOS_Lab/iot_link/network/dtls/mbedtls/mbedtls-2.16.2/library\base64.c ****             ++i;
 573              		.loc 1 158 0
 574 0022 7B6A     		ldr	r3, [r7, #36]
 575 0024 0133     		adds	r3, r3, #1
 576 0026 7B62     		str	r3, [r7, #36]
 159:C:/Users/dtjld/workspace/AIoT/src/LiteOS_Lab/iot_link/network/dtls/mbedtls/mbedtls-2.16.2/library\base64.c ****             ++x;
 577              		.loc 1 159 0
 578 0028 BB69     		ldr	r3, [r7, #24]
 579 002a 0133     		adds	r3, r3, #1
 580 002c BB61     		str	r3, [r7, #24]
 581              	.L18:
 156:C:/Users/dtjld/workspace/AIoT/src/LiteOS_Lab/iot_link/network/dtls/mbedtls/mbedtls-2.16.2/library\base64.c ****         while( i < slen && src[i] == ' ' )
 582              		.loc 1 156 0
 583 002e 7A6A     		ldr	r2, [r7, #36]
 584 0030 3B6B     		ldr	r3, [r7, #48]
 585 0032 9A42     		cmp	r2, r3
 586 0034 05D2     		bcs	.L19
ARM GAS  C:\Users\dtjld\AppData\Local\Temp\cch9pEUR.s 			page 14


 156:C:/Users/dtjld/workspace/AIoT/src/LiteOS_Lab/iot_link/network/dtls/mbedtls/mbedtls-2.16.2/library\base64.c ****         while( i < slen && src[i] == ' ' )
 587              		.loc 1 156 0 is_stmt 0 discriminator 1
 588 0036 3A68     		ldr	r2, [r7]
 589 0038 7B6A     		ldr	r3, [r7, #36]
 590 003a 1344     		add	r3, r3, r2
 591 003c 1B78     		ldrb	r3, [r3]	@ zero_extendqisi2
 592 003e 202B     		cmp	r3, #32
 593 0040 EFD0     		beq	.L20
 594              	.L19:
 160:C:/Users/dtjld/workspace/AIoT/src/LiteOS_Lab/iot_link/network/dtls/mbedtls/mbedtls-2.16.2/library\base64.c ****         }
 161:C:/Users/dtjld/workspace/AIoT/src/LiteOS_Lab/iot_link/network/dtls/mbedtls/mbedtls-2.16.2/library\base64.c **** 
 162:C:/Users/dtjld/workspace/AIoT/src/LiteOS_Lab/iot_link/network/dtls/mbedtls/mbedtls-2.16.2/library\base64.c ****         /* Spaces at end of buffer are OK */
 163:C:/Users/dtjld/workspace/AIoT/src/LiteOS_Lab/iot_link/network/dtls/mbedtls/mbedtls-2.16.2/library\base64.c ****         if( i == slen )
 595              		.loc 1 163 0 is_stmt 1
 596 0042 7A6A     		ldr	r2, [r7, #36]
 597 0044 3B6B     		ldr	r3, [r7, #48]
 598 0046 9A42     		cmp	r2, r3
 599 0048 5DD0     		beq	.L43
 164:C:/Users/dtjld/workspace/AIoT/src/LiteOS_Lab/iot_link/network/dtls/mbedtls/mbedtls-2.16.2/library\base64.c ****             break;
 165:C:/Users/dtjld/workspace/AIoT/src/LiteOS_Lab/iot_link/network/dtls/mbedtls/mbedtls-2.16.2/library\base64.c **** 
 166:C:/Users/dtjld/workspace/AIoT/src/LiteOS_Lab/iot_link/network/dtls/mbedtls/mbedtls-2.16.2/library\base64.c ****         if( ( slen - i ) >= 2 &&
 600              		.loc 1 166 0
 601 004a 3A6B     		ldr	r2, [r7, #48]
 602 004c 7B6A     		ldr	r3, [r7, #36]
 603 004e D31A     		subs	r3, r2, r3
 604 0050 012B     		cmp	r3, #1
 605 0052 0CD9     		bls	.L23
 167:C:/Users/dtjld/workspace/AIoT/src/LiteOS_Lab/iot_link/network/dtls/mbedtls/mbedtls-2.16.2/library\base64.c ****             src[i] == '\r' && src[i + 1] == '\n' )
 606              		.loc 1 167 0 discriminator 1
 607 0054 3A68     		ldr	r2, [r7]
 608 0056 7B6A     		ldr	r3, [r7, #36]
 609 0058 1344     		add	r3, r3, r2
 610 005a 1B78     		ldrb	r3, [r3]	@ zero_extendqisi2
 166:C:/Users/dtjld/workspace/AIoT/src/LiteOS_Lab/iot_link/network/dtls/mbedtls/mbedtls-2.16.2/library\base64.c ****             src[i] == '\r' && src[i + 1] == '\n' )
 611              		.loc 1 166 0 discriminator 1
 612 005c 0D2B     		cmp	r3, #13
 613 005e 06D1     		bne	.L23
 614              		.loc 1 167 0
 615 0060 7B6A     		ldr	r3, [r7, #36]
 616 0062 0133     		adds	r3, r3, #1
 617 0064 3A68     		ldr	r2, [r7]
 618 0066 1344     		add	r3, r3, r2
 619 0068 1B78     		ldrb	r3, [r3]	@ zero_extendqisi2
 620 006a 0A2B     		cmp	r3, #10
 621 006c 40D0     		beq	.L44
 622              	.L23:
 168:C:/Users/dtjld/workspace/AIoT/src/LiteOS_Lab/iot_link/network/dtls/mbedtls/mbedtls-2.16.2/library\base64.c ****             continue;
 169:C:/Users/dtjld/workspace/AIoT/src/LiteOS_Lab/iot_link/network/dtls/mbedtls/mbedtls-2.16.2/library\base64.c **** 
 170:C:/Users/dtjld/workspace/AIoT/src/LiteOS_Lab/iot_link/network/dtls/mbedtls/mbedtls-2.16.2/library\base64.c ****         if( src[i] == '\n' )
 623              		.loc 1 170 0
 624 006e 3A68     		ldr	r2, [r7]
 625 0070 7B6A     		ldr	r3, [r7, #36]
 626 0072 1344     		add	r3, r3, r2
 627 0074 1B78     		ldrb	r3, [r3]	@ zero_extendqisi2
 628 0076 0A2B     		cmp	r3, #10
 629 0078 3CD0     		beq	.L45
 171:C:/Users/dtjld/workspace/AIoT/src/LiteOS_Lab/iot_link/network/dtls/mbedtls/mbedtls-2.16.2/library\base64.c ****             continue;
ARM GAS  C:\Users\dtjld\AppData\Local\Temp\cch9pEUR.s 			page 15


 172:C:/Users/dtjld/workspace/AIoT/src/LiteOS_Lab/iot_link/network/dtls/mbedtls/mbedtls-2.16.2/library\base64.c **** 
 173:C:/Users/dtjld/workspace/AIoT/src/LiteOS_Lab/iot_link/network/dtls/mbedtls/mbedtls-2.16.2/library\base64.c ****         /* Space inside a line is an error */
 174:C:/Users/dtjld/workspace/AIoT/src/LiteOS_Lab/iot_link/network/dtls/mbedtls/mbedtls-2.16.2/library\base64.c ****         if( x != 0 )
 630              		.loc 1 174 0
 631 007a BB69     		ldr	r3, [r7, #24]
 632 007c 002B     		cmp	r3, #0
 633 007e 02D0     		beq	.L26
 175:C:/Users/dtjld/workspace/AIoT/src/LiteOS_Lab/iot_link/network/dtls/mbedtls/mbedtls-2.16.2/library\base64.c ****             return( MBEDTLS_ERR_BASE64_INVALID_CHARACTER );
 634              		.loc 1 175 0
 635 0080 6FF02B03 		mvn	r3, #43
 636 0084 D0E0     		b	.L27
 637              	.L26:
 176:C:/Users/dtjld/workspace/AIoT/src/LiteOS_Lab/iot_link/network/dtls/mbedtls/mbedtls-2.16.2/library\base64.c **** 
 177:C:/Users/dtjld/workspace/AIoT/src/LiteOS_Lab/iot_link/network/dtls/mbedtls/mbedtls-2.16.2/library\base64.c ****         if( src[i] == '=' && ++j > 2 )
 638              		.loc 1 177 0
 639 0086 3A68     		ldr	r2, [r7]
 640 0088 7B6A     		ldr	r3, [r7, #36]
 641 008a 1344     		add	r3, r3, r2
 642 008c 1B78     		ldrb	r3, [r3]	@ zero_extendqisi2
 643 008e 3D2B     		cmp	r3, #61
 644 0090 08D1     		bne	.L28
 645              		.loc 1 177 0 is_stmt 0 discriminator 1
 646 0092 FB69     		ldr	r3, [r7, #28]
 647 0094 0133     		adds	r3, r3, #1
 648 0096 FB61     		str	r3, [r7, #28]
 649 0098 FB69     		ldr	r3, [r7, #28]
 650 009a 022B     		cmp	r3, #2
 651 009c 02D9     		bls	.L28
 178:C:/Users/dtjld/workspace/AIoT/src/LiteOS_Lab/iot_link/network/dtls/mbedtls/mbedtls-2.16.2/library\base64.c ****             return( MBEDTLS_ERR_BASE64_INVALID_CHARACTER );
 652              		.loc 1 178 0 is_stmt 1
 653 009e 6FF02B03 		mvn	r3, #43
 654 00a2 C1E0     		b	.L27
 655              	.L28:
 179:C:/Users/dtjld/workspace/AIoT/src/LiteOS_Lab/iot_link/network/dtls/mbedtls/mbedtls-2.16.2/library\base64.c **** 
 180:C:/Users/dtjld/workspace/AIoT/src/LiteOS_Lab/iot_link/network/dtls/mbedtls/mbedtls-2.16.2/library\base64.c ****         if( src[i] > 127 || base64_dec_map[src[i]] == 127 )
 656              		.loc 1 180 0
 657 00a4 3A68     		ldr	r2, [r7]
 658 00a6 7B6A     		ldr	r3, [r7, #36]
 659 00a8 1344     		add	r3, r3, r2
 660 00aa 1B78     		ldrb	r3, [r3]	@ zero_extendqisi2
 661 00ac 5BB2     		sxtb	r3, r3
 662 00ae 002B     		cmp	r3, #0
 663 00b0 08DB     		blt	.L29
 664              		.loc 1 180 0 is_stmt 0 discriminator 1
 665 00b2 3A68     		ldr	r2, [r7]
 666 00b4 7B6A     		ldr	r3, [r7, #36]
 667 00b6 1344     		add	r3, r3, r2
 668 00b8 1B78     		ldrb	r3, [r3]	@ zero_extendqisi2
 669 00ba 1A46     		mov	r2, r3
 670 00bc 5D4B     		ldr	r3, .L47
 671 00be 9B5C     		ldrb	r3, [r3, r2]	@ zero_extendqisi2
 672 00c0 7F2B     		cmp	r3, #127
 673 00c2 02D1     		bne	.L30
 674              	.L29:
 181:C:/Users/dtjld/workspace/AIoT/src/LiteOS_Lab/iot_link/network/dtls/mbedtls/mbedtls-2.16.2/library\base64.c ****             return( MBEDTLS_ERR_BASE64_INVALID_CHARACTER );
 675              		.loc 1 181 0 is_stmt 1
 676 00c4 6FF02B03 		mvn	r3, #43
ARM GAS  C:\Users\dtjld\AppData\Local\Temp\cch9pEUR.s 			page 16


 677 00c8 AEE0     		b	.L27
 678              	.L30:
 182:C:/Users/dtjld/workspace/AIoT/src/LiteOS_Lab/iot_link/network/dtls/mbedtls/mbedtls-2.16.2/library\base64.c **** 
 183:C:/Users/dtjld/workspace/AIoT/src/LiteOS_Lab/iot_link/network/dtls/mbedtls/mbedtls-2.16.2/library\base64.c ****         if( base64_dec_map[src[i]] < 64 && j != 0 )
 679              		.loc 1 183 0
 680 00ca 3A68     		ldr	r2, [r7]
 681 00cc 7B6A     		ldr	r3, [r7, #36]
 682 00ce 1344     		add	r3, r3, r2
 683 00d0 1B78     		ldrb	r3, [r3]	@ zero_extendqisi2
 684 00d2 1A46     		mov	r2, r3
 685 00d4 574B     		ldr	r3, .L47
 686 00d6 9B5C     		ldrb	r3, [r3, r2]	@ zero_extendqisi2
 687 00d8 3F2B     		cmp	r3, #63
 688 00da 05D8     		bhi	.L31
 689              		.loc 1 183 0 is_stmt 0 discriminator 1
 690 00dc FB69     		ldr	r3, [r7, #28]
 691 00de 002B     		cmp	r3, #0
 692 00e0 02D0     		beq	.L31
 184:C:/Users/dtjld/workspace/AIoT/src/LiteOS_Lab/iot_link/network/dtls/mbedtls/mbedtls-2.16.2/library\base64.c ****             return( MBEDTLS_ERR_BASE64_INVALID_CHARACTER );
 693              		.loc 1 184 0 is_stmt 1
 694 00e2 6FF02B03 		mvn	r3, #43
 695 00e6 9FE0     		b	.L27
 696              	.L31:
 185:C:/Users/dtjld/workspace/AIoT/src/LiteOS_Lab/iot_link/network/dtls/mbedtls/mbedtls-2.16.2/library\base64.c **** 
 186:C:/Users/dtjld/workspace/AIoT/src/LiteOS_Lab/iot_link/network/dtls/mbedtls/mbedtls-2.16.2/library\base64.c ****         n++;
 697              		.loc 1 186 0
 698 00e8 3B6A     		ldr	r3, [r7, #32]
 699 00ea 0133     		adds	r3, r3, #1
 700 00ec 3B62     		str	r3, [r7, #32]
 701 00ee 02E0     		b	.L24
 702              	.L44:
 168:C:/Users/dtjld/workspace/AIoT/src/LiteOS_Lab/iot_link/network/dtls/mbedtls/mbedtls-2.16.2/library\base64.c **** 
 703              		.loc 1 168 0
 704 00f0 00BF     		nop
 705 00f2 00E0     		b	.L24
 706              	.L45:
 171:C:/Users/dtjld/workspace/AIoT/src/LiteOS_Lab/iot_link/network/dtls/mbedtls/mbedtls-2.16.2/library\base64.c **** 
 707              		.loc 1 171 0
 708 00f4 00BF     		nop
 709              	.L24:
 152:C:/Users/dtjld/workspace/AIoT/src/LiteOS_Lab/iot_link/network/dtls/mbedtls/mbedtls-2.16.2/library\base64.c ****     {
 710              		.loc 1 152 0 discriminator 2
 711 00f6 7B6A     		ldr	r3, [r7, #36]
 712 00f8 0133     		adds	r3, r3, #1
 713 00fa 7B62     		str	r3, [r7, #36]
 714              	.L17:
 152:C:/Users/dtjld/workspace/AIoT/src/LiteOS_Lab/iot_link/network/dtls/mbedtls/mbedtls-2.16.2/library\base64.c ****     {
 715              		.loc 1 152 0 is_stmt 0 discriminator 1
 716 00fc 7A6A     		ldr	r2, [r7, #36]
 717 00fe 3B6B     		ldr	r3, [r7, #48]
 718 0100 9A42     		cmp	r2, r3
 719 0102 8BD3     		bcc	.L32
 720 0104 00E0     		b	.L22
 721              	.L43:
 164:C:/Users/dtjld/workspace/AIoT/src/LiteOS_Lab/iot_link/network/dtls/mbedtls/mbedtls-2.16.2/library\base64.c **** 
 722              		.loc 1 164 0 is_stmt 1
 723 0106 00BF     		nop
ARM GAS  C:\Users\dtjld\AppData\Local\Temp\cch9pEUR.s 			page 17


 724              	.L22:
 187:C:/Users/dtjld/workspace/AIoT/src/LiteOS_Lab/iot_link/network/dtls/mbedtls/mbedtls-2.16.2/library\base64.c ****     }
 188:C:/Users/dtjld/workspace/AIoT/src/LiteOS_Lab/iot_link/network/dtls/mbedtls/mbedtls-2.16.2/library\base64.c **** 
 189:C:/Users/dtjld/workspace/AIoT/src/LiteOS_Lab/iot_link/network/dtls/mbedtls/mbedtls-2.16.2/library\base64.c ****     if( n == 0 )
 725              		.loc 1 189 0
 726 0108 3B6A     		ldr	r3, [r7, #32]
 727 010a 002B     		cmp	r3, #0
 728 010c 04D1     		bne	.L33
 190:C:/Users/dtjld/workspace/AIoT/src/LiteOS_Lab/iot_link/network/dtls/mbedtls/mbedtls-2.16.2/library\base64.c ****     {
 191:C:/Users/dtjld/workspace/AIoT/src/LiteOS_Lab/iot_link/network/dtls/mbedtls/mbedtls-2.16.2/library\base64.c ****         *olen = 0;
 729              		.loc 1 191 0
 730 010e 7B68     		ldr	r3, [r7, #4]
 731 0110 0022     		movs	r2, #0
 732 0112 1A60     		str	r2, [r3]
 192:C:/Users/dtjld/workspace/AIoT/src/LiteOS_Lab/iot_link/network/dtls/mbedtls/mbedtls-2.16.2/library\base64.c ****         return( 0 );
 733              		.loc 1 192 0
 734 0114 0023     		movs	r3, #0
 735 0116 87E0     		b	.L27
 736              	.L33:
 193:C:/Users/dtjld/workspace/AIoT/src/LiteOS_Lab/iot_link/network/dtls/mbedtls/mbedtls-2.16.2/library\base64.c ****     }
 194:C:/Users/dtjld/workspace/AIoT/src/LiteOS_Lab/iot_link/network/dtls/mbedtls/mbedtls-2.16.2/library\base64.c **** 
 195:C:/Users/dtjld/workspace/AIoT/src/LiteOS_Lab/iot_link/network/dtls/mbedtls/mbedtls-2.16.2/library\base64.c ****     /* The following expression is to calculate the following formula without
 196:C:/Users/dtjld/workspace/AIoT/src/LiteOS_Lab/iot_link/network/dtls/mbedtls/mbedtls-2.16.2/library\base64.c ****      * risk of integer overflow in n:
 197:C:/Users/dtjld/workspace/AIoT/src/LiteOS_Lab/iot_link/network/dtls/mbedtls/mbedtls-2.16.2/library\base64.c ****      *     n = ( ( n * 6 ) + 7 ) >> 3;
 198:C:/Users/dtjld/workspace/AIoT/src/LiteOS_Lab/iot_link/network/dtls/mbedtls/mbedtls-2.16.2/library\base64.c ****      */
 199:C:/Users/dtjld/workspace/AIoT/src/LiteOS_Lab/iot_link/network/dtls/mbedtls/mbedtls-2.16.2/library\base64.c ****     n = ( 6 * ( n >> 3 ) ) + ( ( 6 * ( n & 0x7 ) + 7 ) >> 3 );
 737              		.loc 1 199 0
 738 0118 3B6A     		ldr	r3, [r7, #32]
 739 011a DA08     		lsrs	r2, r3, #3
 740 011c 1346     		mov	r3, r2
 741 011e 5B00     		lsls	r3, r3, #1
 742 0120 1344     		add	r3, r3, r2
 743 0122 5B00     		lsls	r3, r3, #1
 744 0124 1946     		mov	r1, r3
 745 0126 3B6A     		ldr	r3, [r7, #32]
 746 0128 03F00702 		and	r2, r3, #7
 747 012c 1346     		mov	r3, r2
 748 012e 5B00     		lsls	r3, r3, #1
 749 0130 1344     		add	r3, r3, r2
 750 0132 5B00     		lsls	r3, r3, #1
 751 0134 0733     		adds	r3, r3, #7
 752 0136 DB08     		lsrs	r3, r3, #3
 753 0138 0B44     		add	r3, r3, r1
 754 013a 3B62     		str	r3, [r7, #32]
 200:C:/Users/dtjld/workspace/AIoT/src/LiteOS_Lab/iot_link/network/dtls/mbedtls/mbedtls-2.16.2/library\base64.c ****     n -= j;
 755              		.loc 1 200 0
 756 013c 3A6A     		ldr	r2, [r7, #32]
 757 013e FB69     		ldr	r3, [r7, #28]
 758 0140 D31A     		subs	r3, r2, r3
 759 0142 3B62     		str	r3, [r7, #32]
 201:C:/Users/dtjld/workspace/AIoT/src/LiteOS_Lab/iot_link/network/dtls/mbedtls/mbedtls-2.16.2/library\base64.c **** 
 202:C:/Users/dtjld/workspace/AIoT/src/LiteOS_Lab/iot_link/network/dtls/mbedtls/mbedtls-2.16.2/library\base64.c ****     if( dst == NULL || dlen < n )
 760              		.loc 1 202 0
 761 0144 FB68     		ldr	r3, [r7, #12]
 762 0146 002B     		cmp	r3, #0
 763 0148 03D0     		beq	.L34
 764              		.loc 1 202 0 is_stmt 0 discriminator 1
ARM GAS  C:\Users\dtjld\AppData\Local\Temp\cch9pEUR.s 			page 18


 765 014a BA68     		ldr	r2, [r7, #8]
 766 014c 3B6A     		ldr	r3, [r7, #32]
 767 014e 9A42     		cmp	r2, r3
 768 0150 05D2     		bcs	.L35
 769              	.L34:
 203:C:/Users/dtjld/workspace/AIoT/src/LiteOS_Lab/iot_link/network/dtls/mbedtls/mbedtls-2.16.2/library\base64.c ****     {
 204:C:/Users/dtjld/workspace/AIoT/src/LiteOS_Lab/iot_link/network/dtls/mbedtls/mbedtls-2.16.2/library\base64.c ****         *olen = n;
 770              		.loc 1 204 0 is_stmt 1
 771 0152 7B68     		ldr	r3, [r7, #4]
 772 0154 3A6A     		ldr	r2, [r7, #32]
 773 0156 1A60     		str	r2, [r3]
 205:C:/Users/dtjld/workspace/AIoT/src/LiteOS_Lab/iot_link/network/dtls/mbedtls/mbedtls-2.16.2/library\base64.c ****         return( MBEDTLS_ERR_BASE64_BUFFER_TOO_SMALL );
 774              		.loc 1 205 0
 775 0158 6FF02903 		mvn	r3, #41
 776 015c 64E0     		b	.L27
 777              	.L35:
 206:C:/Users/dtjld/workspace/AIoT/src/LiteOS_Lab/iot_link/network/dtls/mbedtls/mbedtls-2.16.2/library\base64.c ****     }
 207:C:/Users/dtjld/workspace/AIoT/src/LiteOS_Lab/iot_link/network/dtls/mbedtls/mbedtls-2.16.2/library\base64.c **** 
 208:C:/Users/dtjld/workspace/AIoT/src/LiteOS_Lab/iot_link/network/dtls/mbedtls/mbedtls-2.16.2/library\base64.c ****    for( j = 3, n = x = 0, p = dst; i > 0; i--, src++ )
 778              		.loc 1 208 0
 779 015e 0323     		movs	r3, #3
 780 0160 FB61     		str	r3, [r7, #28]
 781 0162 0023     		movs	r3, #0
 782 0164 BB61     		str	r3, [r7, #24]
 783 0166 0023     		movs	r3, #0
 784 0168 3B62     		str	r3, [r7, #32]
 785 016a FB68     		ldr	r3, [r7, #12]
 786 016c 7B61     		str	r3, [r7, #20]
 787 016e 51E0     		b	.L36
 788              	.L42:
 209:C:/Users/dtjld/workspace/AIoT/src/LiteOS_Lab/iot_link/network/dtls/mbedtls/mbedtls-2.16.2/library\base64.c ****    {
 210:C:/Users/dtjld/workspace/AIoT/src/LiteOS_Lab/iot_link/network/dtls/mbedtls/mbedtls-2.16.2/library\base64.c ****         if( *src == '\r' || *src == '\n' || *src == ' ' )
 789              		.loc 1 210 0
 790 0170 3B68     		ldr	r3, [r7]
 791 0172 1B78     		ldrb	r3, [r3]	@ zero_extendqisi2
 792 0174 0D2B     		cmp	r3, #13
 793 0176 46D0     		beq	.L46
 794              		.loc 1 210 0 is_stmt 0 discriminator 1
 795 0178 3B68     		ldr	r3, [r7]
 796 017a 1B78     		ldrb	r3, [r3]	@ zero_extendqisi2
 797 017c 0A2B     		cmp	r3, #10
 798 017e 42D0     		beq	.L46
 799              		.loc 1 210 0 discriminator 2
 800 0180 3B68     		ldr	r3, [r7]
 801 0182 1B78     		ldrb	r3, [r3]	@ zero_extendqisi2
 802 0184 202B     		cmp	r3, #32
 803 0186 3ED0     		beq	.L46
 211:C:/Users/dtjld/workspace/AIoT/src/LiteOS_Lab/iot_link/network/dtls/mbedtls/mbedtls-2.16.2/library\base64.c ****             continue;
 212:C:/Users/dtjld/workspace/AIoT/src/LiteOS_Lab/iot_link/network/dtls/mbedtls/mbedtls-2.16.2/library\base64.c **** 
 213:C:/Users/dtjld/workspace/AIoT/src/LiteOS_Lab/iot_link/network/dtls/mbedtls/mbedtls-2.16.2/library\base64.c ****         j -= ( base64_dec_map[*src] == 64 );
 804              		.loc 1 213 0 is_stmt 1
 805 0188 3B68     		ldr	r3, [r7]
 806 018a 1B78     		ldrb	r3, [r3]	@ zero_extendqisi2
 807 018c 1A46     		mov	r2, r3
 808 018e 294B     		ldr	r3, .L47
 809 0190 9B5C     		ldrb	r3, [r3, r2]	@ zero_extendqisi2
 810 0192 402B     		cmp	r3, #64
ARM GAS  C:\Users\dtjld\AppData\Local\Temp\cch9pEUR.s 			page 19


 811 0194 0CBF     		ite	eq
 812 0196 0123     		moveq	r3, #1
 813 0198 0023     		movne	r3, #0
 814 019a DBB2     		uxtb	r3, r3
 815 019c 1A46     		mov	r2, r3
 816 019e FB69     		ldr	r3, [r7, #28]
 817 01a0 9B1A     		subs	r3, r3, r2
 818 01a2 FB61     		str	r3, [r7, #28]
 214:C:/Users/dtjld/workspace/AIoT/src/LiteOS_Lab/iot_link/network/dtls/mbedtls/mbedtls-2.16.2/library\base64.c ****         x  = ( x << 6 ) | ( base64_dec_map[*src] & 0x3F );
 819              		.loc 1 214 0
 820 01a4 BB69     		ldr	r3, [r7, #24]
 821 01a6 9A01     		lsls	r2, r3, #6
 822 01a8 3B68     		ldr	r3, [r7]
 823 01aa 1B78     		ldrb	r3, [r3]	@ zero_extendqisi2
 824 01ac 1946     		mov	r1, r3
 825 01ae 214B     		ldr	r3, .L47
 826 01b0 5B5C     		ldrb	r3, [r3, r1]	@ zero_extendqisi2
 827 01b2 03F03F03 		and	r3, r3, #63
 828 01b6 1343     		orrs	r3, r3, r2
 829 01b8 BB61     		str	r3, [r7, #24]
 215:C:/Users/dtjld/workspace/AIoT/src/LiteOS_Lab/iot_link/network/dtls/mbedtls/mbedtls-2.16.2/library\base64.c **** 
 216:C:/Users/dtjld/workspace/AIoT/src/LiteOS_Lab/iot_link/network/dtls/mbedtls/mbedtls-2.16.2/library\base64.c ****         if( ++n == 4 )
 830              		.loc 1 216 0
 831 01ba 3B6A     		ldr	r3, [r7, #32]
 832 01bc 0133     		adds	r3, r3, #1
 833 01be 3B62     		str	r3, [r7, #32]
 834 01c0 3B6A     		ldr	r3, [r7, #32]
 835 01c2 042B     		cmp	r3, #4
 836 01c4 20D1     		bne	.L39
 217:C:/Users/dtjld/workspace/AIoT/src/LiteOS_Lab/iot_link/network/dtls/mbedtls/mbedtls-2.16.2/library\base64.c ****         {
 218:C:/Users/dtjld/workspace/AIoT/src/LiteOS_Lab/iot_link/network/dtls/mbedtls/mbedtls-2.16.2/library\base64.c ****             n = 0;
 837              		.loc 1 218 0
 838 01c6 0023     		movs	r3, #0
 839 01c8 3B62     		str	r3, [r7, #32]
 219:C:/Users/dtjld/workspace/AIoT/src/LiteOS_Lab/iot_link/network/dtls/mbedtls/mbedtls-2.16.2/library\base64.c ****             if( j > 0 ) *p++ = (unsigned char)( x >> 16 );
 840              		.loc 1 219 0
 841 01ca FB69     		ldr	r3, [r7, #28]
 842 01cc 002B     		cmp	r3, #0
 843 01ce 06D0     		beq	.L40
 844              		.loc 1 219 0 is_stmt 0 discriminator 1
 845 01d0 BB69     		ldr	r3, [r7, #24]
 846 01d2 190C     		lsrs	r1, r3, #16
 847 01d4 7B69     		ldr	r3, [r7, #20]
 848 01d6 5A1C     		adds	r2, r3, #1
 849 01d8 7A61     		str	r2, [r7, #20]
 850 01da CAB2     		uxtb	r2, r1
 851 01dc 1A70     		strb	r2, [r3]
 852              	.L40:
 220:C:/Users/dtjld/workspace/AIoT/src/LiteOS_Lab/iot_link/network/dtls/mbedtls/mbedtls-2.16.2/library\base64.c ****             if( j > 1 ) *p++ = (unsigned char)( x >>  8 );
 853              		.loc 1 220 0 is_stmt 1
 854 01de FB69     		ldr	r3, [r7, #28]
 855 01e0 012B     		cmp	r3, #1
 856 01e2 06D9     		bls	.L41
 857              		.loc 1 220 0 is_stmt 0 discriminator 1
 858 01e4 BB69     		ldr	r3, [r7, #24]
 859 01e6 190A     		lsrs	r1, r3, #8
 860 01e8 7B69     		ldr	r3, [r7, #20]
ARM GAS  C:\Users\dtjld\AppData\Local\Temp\cch9pEUR.s 			page 20


 861 01ea 5A1C     		adds	r2, r3, #1
 862 01ec 7A61     		str	r2, [r7, #20]
 863 01ee CAB2     		uxtb	r2, r1
 864 01f0 1A70     		strb	r2, [r3]
 865              	.L41:
 221:C:/Users/dtjld/workspace/AIoT/src/LiteOS_Lab/iot_link/network/dtls/mbedtls/mbedtls-2.16.2/library\base64.c ****             if( j > 2 ) *p++ = (unsigned char)( x       );
 866              		.loc 1 221 0 is_stmt 1
 867 01f2 FB69     		ldr	r3, [r7, #28]
 868 01f4 022B     		cmp	r3, #2
 869 01f6 07D9     		bls	.L39
 870              		.loc 1 221 0 is_stmt 0 discriminator 1
 871 01f8 7B69     		ldr	r3, [r7, #20]
 872 01fa 5A1C     		adds	r2, r3, #1
 873 01fc 7A61     		str	r2, [r7, #20]
 874 01fe BA69     		ldr	r2, [r7, #24]
 875 0200 D2B2     		uxtb	r2, r2
 876 0202 1A70     		strb	r2, [r3]
 877 0204 00E0     		b	.L39
 878              	.L46:
 211:C:/Users/dtjld/workspace/AIoT/src/LiteOS_Lab/iot_link/network/dtls/mbedtls/mbedtls-2.16.2/library\base64.c **** 
 879              		.loc 1 211 0 is_stmt 1
 880 0206 00BF     		nop
 881              	.L39:
 208:C:/Users/dtjld/workspace/AIoT/src/LiteOS_Lab/iot_link/network/dtls/mbedtls/mbedtls-2.16.2/library\base64.c ****    {
 882              		.loc 1 208 0 discriminator 2
 883 0208 7B6A     		ldr	r3, [r7, #36]
 884 020a 013B     		subs	r3, r3, #1
 885 020c 7B62     		str	r3, [r7, #36]
 886 020e 3B68     		ldr	r3, [r7]
 887 0210 0133     		adds	r3, r3, #1
 888 0212 3B60     		str	r3, [r7]
 889              	.L36:
 208:C:/Users/dtjld/workspace/AIoT/src/LiteOS_Lab/iot_link/network/dtls/mbedtls/mbedtls-2.16.2/library\base64.c ****    {
 890              		.loc 1 208 0 is_stmt 0 discriminator 1
 891 0214 7B6A     		ldr	r3, [r7, #36]
 892 0216 002B     		cmp	r3, #0
 893 0218 AAD1     		bne	.L42
 222:C:/Users/dtjld/workspace/AIoT/src/LiteOS_Lab/iot_link/network/dtls/mbedtls/mbedtls-2.16.2/library\base64.c ****         }
 223:C:/Users/dtjld/workspace/AIoT/src/LiteOS_Lab/iot_link/network/dtls/mbedtls/mbedtls-2.16.2/library\base64.c ****     }
 224:C:/Users/dtjld/workspace/AIoT/src/LiteOS_Lab/iot_link/network/dtls/mbedtls/mbedtls-2.16.2/library\base64.c **** 
 225:C:/Users/dtjld/workspace/AIoT/src/LiteOS_Lab/iot_link/network/dtls/mbedtls/mbedtls-2.16.2/library\base64.c ****     *olen = p - dst;
 894              		.loc 1 225 0 is_stmt 1
 895 021a 7A69     		ldr	r2, [r7, #20]
 896 021c FB68     		ldr	r3, [r7, #12]
 897 021e D31A     		subs	r3, r2, r3
 898 0220 1A46     		mov	r2, r3
 899 0222 7B68     		ldr	r3, [r7, #4]
 900 0224 1A60     		str	r2, [r3]
 226:C:/Users/dtjld/workspace/AIoT/src/LiteOS_Lab/iot_link/network/dtls/mbedtls/mbedtls-2.16.2/library\base64.c **** 
 227:C:/Users/dtjld/workspace/AIoT/src/LiteOS_Lab/iot_link/network/dtls/mbedtls/mbedtls-2.16.2/library\base64.c ****     return( 0 );
 901              		.loc 1 227 0
 902 0226 0023     		movs	r3, #0
 903              	.L27:
 228:C:/Users/dtjld/workspace/AIoT/src/LiteOS_Lab/iot_link/network/dtls/mbedtls/mbedtls-2.16.2/library\base64.c **** }
 904              		.loc 1 228 0
 905 0228 1846     		mov	r0, r3
 906 022a 2C37     		adds	r7, r7, #44
ARM GAS  C:\Users\dtjld\AppData\Local\Temp\cch9pEUR.s 			page 21


 907              	.LCFI9:
 908              		.cfi_def_cfa_offset 4
 909 022c BD46     		mov	sp, r7
 910              	.LCFI10:
 911              		.cfi_def_cfa_register 13
 912              		@ sp needed
 913 022e 5DF8047B 		ldr	r7, [sp], #4
 914              	.LCFI11:
 915              		.cfi_restore 7
 916              		.cfi_def_cfa_offset 0
 917 0232 7047     		bx	lr
 918              	.L48:
 919              		.align	2
 920              	.L47:
 921 0234 00000000 		.word	base64_dec_map
 922              		.cfi_endproc
 923              	.LFE4:
 925              		.section	.rodata.base64_test_dec,"a",%progbits
 926              		.align	2
 929              	base64_test_dec:
 930 0000 24       		.byte	36
 931 0001 48       		.byte	72
 932 0002 6E       		.byte	110
 933 0003 56       		.byte	86
 934 0004 87       		.byte	-121
 935 0005 62       		.byte	98
 936 0006 5A       		.byte	90
 937 0007 BD       		.byte	-67
 938 0008 BF       		.byte	-65
 939 0009 17       		.byte	23
 940 000a D9       		.byte	-39
 941 000b A2       		.byte	-94
 942 000c C4       		.byte	-60
 943 000d 17       		.byte	23
 944 000e 1A       		.byte	26
 945 000f 01       		.byte	1
 946 0010 94       		.byte	-108
 947 0011 ED       		.byte	-19
 948 0012 8F       		.byte	-113
 949 0013 1E       		.byte	30
 950 0014 11       		.byte	17
 951 0015 B3       		.byte	-77
 952 0016 D7       		.byte	-41
 953 0017 09       		.byte	9
 954 0018 0C       		.byte	12
 955 0019 B6       		.byte	-74
 956 001a E9       		.byte	-23
 957 001b 10       		.byte	16
 958 001c 6F       		.byte	111
 959 001d 22       		.byte	34
 960 001e EE       		.byte	-18
 961 001f 13       		.byte	19
 962 0020 CA       		.byte	-54
 963 0021 B3       		.byte	-77
 964 0022 07       		.byte	7
 965 0023 05       		.byte	5
 966 0024 76       		.byte	118
ARM GAS  C:\Users\dtjld\AppData\Local\Temp\cch9pEUR.s 			page 22


 967 0025 C9       		.byte	-55
 968 0026 FA       		.byte	-6
 969 0027 31       		.byte	49
 970 0028 6C       		.byte	108
 971 0029 08       		.byte	8
 972 002a 34       		.byte	52
 973 002b FF       		.byte	-1
 974 002c 8D       		.byte	-115
 975 002d C2       		.byte	-62
 976 002e 6C       		.byte	108
 977 002f 38       		.byte	56
 978 0030 00       		.byte	0
 979 0031 43       		.byte	67
 980 0032 E9       		.byte	-23
 981 0033 54       		.byte	84
 982 0034 97       		.byte	-105
 983 0035 AF       		.byte	-81
 984 0036 50       		.byte	80
 985 0037 4B       		.byte	75
 986 0038 D1       		.byte	-47
 987 0039 41       		.byte	65
 988 003a BA       		.byte	-70
 989 003b 95       		.byte	-107
 990 003c 31       		.byte	49
 991 003d 5A       		.byte	90
 992 003e 0B       		.byte	11
 993 003f 97       		.byte	-105
 994              		.section	.rodata.base64_test_enc,"a",%progbits
 995              		.align	2
 998              	base64_test_enc:
 999 0000 4A456875 		.ascii	"JEhuVodiWr2/F9mixBcaAZTtjx4Rs9cJDLbpEG8i7hPKswcFdsn"
 999      566F6469 
 999      5772322F 
 999      46396D69 
 999      78426361 
 1000 0033 364D5777 		.ascii	"6MWwINP+Nwmw4AEPpVJevUEvRQbqVMVoLlw==\000"
 1000      494E502B 
 1000      4E776D77 
 1000      34414550 
 1000      70564A65 
 1001              		.section	.rodata
 1002              		.align	2
 1003              	.LC0:
 1004 0000 20204261 		.ascii	"  Base64 encoding test: \000"
 1004      73653634 
 1004      20656E63 
 1004      6F64696E 
 1004      67207465 
 1005 0019 000000   		.align	2
 1006              	.LC1:
 1007 001c 6661696C 		.ascii	"failed\012\000"
 1007      65640A00 
 1008              		.align	2
 1009              	.LC2:
 1010 0024 70617373 		.ascii	"passed\012  Base64 decoding test: \000"
 1010      65640A20 
 1010      20426173 
ARM GAS  C:\Users\dtjld\AppData\Local\Temp\cch9pEUR.s 			page 23


 1010      65363420 
 1010      6465636F 
 1011              		.align	2
 1012              	.LC3:
 1013 0044 70617373 		.ascii	"passed\012\012\000"
 1013      65640A0A 
 1013      00
 1014              		.section	.text.mbedtls_base64_self_test,"ax",%progbits
 1015              		.align	1
 1016              		.global	mbedtls_base64_self_test
 1017              		.syntax unified
 1018              		.thumb
 1019              		.thumb_func
 1020              		.fpu fpv4-sp-d16
 1022              	mbedtls_base64_self_test:
 1023              	.LFB5:
 229:C:/Users/dtjld/workspace/AIoT/src/LiteOS_Lab/iot_link/network/dtls/mbedtls/mbedtls-2.16.2/library\base64.c **** 
 230:C:/Users/dtjld/workspace/AIoT/src/LiteOS_Lab/iot_link/network/dtls/mbedtls/mbedtls-2.16.2/library\base64.c **** #if defined(MBEDTLS_SELF_TEST)
 231:C:/Users/dtjld/workspace/AIoT/src/LiteOS_Lab/iot_link/network/dtls/mbedtls/mbedtls-2.16.2/library\base64.c **** 
 232:C:/Users/dtjld/workspace/AIoT/src/LiteOS_Lab/iot_link/network/dtls/mbedtls/mbedtls-2.16.2/library\base64.c **** static const unsigned char base64_test_dec[64] =
 233:C:/Users/dtjld/workspace/AIoT/src/LiteOS_Lab/iot_link/network/dtls/mbedtls/mbedtls-2.16.2/library\base64.c **** {
 234:C:/Users/dtjld/workspace/AIoT/src/LiteOS_Lab/iot_link/network/dtls/mbedtls/mbedtls-2.16.2/library\base64.c ****     0x24, 0x48, 0x6E, 0x56, 0x87, 0x62, 0x5A, 0xBD,
 235:C:/Users/dtjld/workspace/AIoT/src/LiteOS_Lab/iot_link/network/dtls/mbedtls/mbedtls-2.16.2/library\base64.c ****     0xBF, 0x17, 0xD9, 0xA2, 0xC4, 0x17, 0x1A, 0x01,
 236:C:/Users/dtjld/workspace/AIoT/src/LiteOS_Lab/iot_link/network/dtls/mbedtls/mbedtls-2.16.2/library\base64.c ****     0x94, 0xED, 0x8F, 0x1E, 0x11, 0xB3, 0xD7, 0x09,
 237:C:/Users/dtjld/workspace/AIoT/src/LiteOS_Lab/iot_link/network/dtls/mbedtls/mbedtls-2.16.2/library\base64.c ****     0x0C, 0xB6, 0xE9, 0x10, 0x6F, 0x22, 0xEE, 0x13,
 238:C:/Users/dtjld/workspace/AIoT/src/LiteOS_Lab/iot_link/network/dtls/mbedtls/mbedtls-2.16.2/library\base64.c ****     0xCA, 0xB3, 0x07, 0x05, 0x76, 0xC9, 0xFA, 0x31,
 239:C:/Users/dtjld/workspace/AIoT/src/LiteOS_Lab/iot_link/network/dtls/mbedtls/mbedtls-2.16.2/library\base64.c ****     0x6C, 0x08, 0x34, 0xFF, 0x8D, 0xC2, 0x6C, 0x38,
 240:C:/Users/dtjld/workspace/AIoT/src/LiteOS_Lab/iot_link/network/dtls/mbedtls/mbedtls-2.16.2/library\base64.c ****     0x00, 0x43, 0xE9, 0x54, 0x97, 0xAF, 0x50, 0x4B,
 241:C:/Users/dtjld/workspace/AIoT/src/LiteOS_Lab/iot_link/network/dtls/mbedtls/mbedtls-2.16.2/library\base64.c ****     0xD1, 0x41, 0xBA, 0x95, 0x31, 0x5A, 0x0B, 0x97
 242:C:/Users/dtjld/workspace/AIoT/src/LiteOS_Lab/iot_link/network/dtls/mbedtls/mbedtls-2.16.2/library\base64.c **** };
 243:C:/Users/dtjld/workspace/AIoT/src/LiteOS_Lab/iot_link/network/dtls/mbedtls/mbedtls-2.16.2/library\base64.c **** 
 244:C:/Users/dtjld/workspace/AIoT/src/LiteOS_Lab/iot_link/network/dtls/mbedtls/mbedtls-2.16.2/library\base64.c **** static const unsigned char base64_test_enc[] =
 245:C:/Users/dtjld/workspace/AIoT/src/LiteOS_Lab/iot_link/network/dtls/mbedtls/mbedtls-2.16.2/library\base64.c ****     "JEhuVodiWr2/F9mixBcaAZTtjx4Rs9cJDLbpEG8i7hPK"
 246:C:/Users/dtjld/workspace/AIoT/src/LiteOS_Lab/iot_link/network/dtls/mbedtls/mbedtls-2.16.2/library\base64.c ****     "swcFdsn6MWwINP+Nwmw4AEPpVJevUEvRQbqVMVoLlw==";
 247:C:/Users/dtjld/workspace/AIoT/src/LiteOS_Lab/iot_link/network/dtls/mbedtls/mbedtls-2.16.2/library\base64.c **** 
 248:C:/Users/dtjld/workspace/AIoT/src/LiteOS_Lab/iot_link/network/dtls/mbedtls/mbedtls-2.16.2/library\base64.c **** /*
 249:C:/Users/dtjld/workspace/AIoT/src/LiteOS_Lab/iot_link/network/dtls/mbedtls/mbedtls-2.16.2/library\base64.c ****  * Checkup routine
 250:C:/Users/dtjld/workspace/AIoT/src/LiteOS_Lab/iot_link/network/dtls/mbedtls/mbedtls-2.16.2/library\base64.c ****  */
 251:C:/Users/dtjld/workspace/AIoT/src/LiteOS_Lab/iot_link/network/dtls/mbedtls/mbedtls-2.16.2/library\base64.c **** int mbedtls_base64_self_test( int verbose )
 252:C:/Users/dtjld/workspace/AIoT/src/LiteOS_Lab/iot_link/network/dtls/mbedtls/mbedtls-2.16.2/library\base64.c **** {
 1024              		.loc 1 252 0
 1025              		.cfi_startproc
 1026              		@ args = 0, pretend = 0, frame = 144
 1027              		@ frame_needed = 1, uses_anonymous_args = 0
 1028 0000 80B5     		push	{r7, lr}
 1029              	.LCFI12:
 1030              		.cfi_def_cfa_offset 8
 1031              		.cfi_offset 7, -8
 1032              		.cfi_offset 14, -4
 1033 0002 A6B0     		sub	sp, sp, #152
 1034              	.LCFI13:
 1035              		.cfi_def_cfa_offset 160
 1036 0004 02AF     		add	r7, sp, #8
 1037              	.LCFI14:
 1038              		.cfi_def_cfa 7, 152
 1039 0006 7860     		str	r0, [r7, #4]
 253:C:/Users/dtjld/workspace/AIoT/src/LiteOS_Lab/iot_link/network/dtls/mbedtls/mbedtls-2.16.2/library\base64.c ****     size_t len;
ARM GAS  C:\Users\dtjld\AppData\Local\Temp\cch9pEUR.s 			page 24


 254:C:/Users/dtjld/workspace/AIoT/src/LiteOS_Lab/iot_link/network/dtls/mbedtls/mbedtls-2.16.2/library\base64.c ****     const unsigned char *src;
 255:C:/Users/dtjld/workspace/AIoT/src/LiteOS_Lab/iot_link/network/dtls/mbedtls/mbedtls-2.16.2/library\base64.c ****     unsigned char buffer[128];
 256:C:/Users/dtjld/workspace/AIoT/src/LiteOS_Lab/iot_link/network/dtls/mbedtls/mbedtls-2.16.2/library\base64.c **** 
 257:C:/Users/dtjld/workspace/AIoT/src/LiteOS_Lab/iot_link/network/dtls/mbedtls/mbedtls-2.16.2/library\base64.c ****     if( verbose != 0 )
 1040              		.loc 1 257 0
 1041 0008 7B68     		ldr	r3, [r7, #4]
 1042 000a 002B     		cmp	r3, #0
 1043 000c 03D0     		beq	.L50
 258:C:/Users/dtjld/workspace/AIoT/src/LiteOS_Lab/iot_link/network/dtls/mbedtls/mbedtls-2.16.2/library\base64.c ****         mbedtls_printf( "  Base64 encoding test: " );
 1044              		.loc 1 258 0
 1045 000e 2F4B     		ldr	r3, .L61
 1046 0010 1B68     		ldr	r3, [r3]
 1047 0012 2F48     		ldr	r0, .L61+4
 1048 0014 9847     		blx	r3
 1049              	.LVL0:
 1050              	.L50:
 259:C:/Users/dtjld/workspace/AIoT/src/LiteOS_Lab/iot_link/network/dtls/mbedtls/mbedtls-2.16.2/library\base64.c **** 
 260:C:/Users/dtjld/workspace/AIoT/src/LiteOS_Lab/iot_link/network/dtls/mbedtls/mbedtls-2.16.2/library\base64.c ****     src = base64_test_dec;
 1051              		.loc 1 260 0
 1052 0016 2F4B     		ldr	r3, .L61+8
 1053 0018 C7F88C30 		str	r3, [r7, #140]
 261:C:/Users/dtjld/workspace/AIoT/src/LiteOS_Lab/iot_link/network/dtls/mbedtls/mbedtls-2.16.2/library\base64.c **** 
 262:C:/Users/dtjld/workspace/AIoT/src/LiteOS_Lab/iot_link/network/dtls/mbedtls/mbedtls-2.16.2/library\base64.c ****     if( mbedtls_base64_encode( buffer, sizeof( buffer ), &len, src, 64 ) != 0 ||
 1054              		.loc 1 262 0
 1055 001c 07F18802 		add	r2, r7, #136
 1056 0020 07F10800 		add	r0, r7, #8
 1057 0024 4023     		movs	r3, #64
 1058 0026 0093     		str	r3, [sp]
 1059 0028 D7F88C30 		ldr	r3, [r7, #140]
 1060 002c 8021     		movs	r1, #128
 1061 002e FFF7FEFF 		bl	mbedtls_base64_encode
 1062 0032 0346     		mov	r3, r0
 1063 0034 002B     		cmp	r3, #0
 1064 0036 09D1     		bne	.L51
 263:C:/Users/dtjld/workspace/AIoT/src/LiteOS_Lab/iot_link/network/dtls/mbedtls/mbedtls-2.16.2/library\base64.c ****          memcmp( base64_test_enc, buffer, 88 ) != 0 )
 1065              		.loc 1 263 0 discriminator 1
 1066 0038 07F10803 		add	r3, r7, #8
 1067 003c 5822     		movs	r2, #88
 1068 003e 1946     		mov	r1, r3
 1069 0040 2548     		ldr	r0, .L61+12
 1070 0042 FFF7FEFF 		bl	memcmp
 1071 0046 0346     		mov	r3, r0
 262:C:/Users/dtjld/workspace/AIoT/src/LiteOS_Lab/iot_link/network/dtls/mbedtls/mbedtls-2.16.2/library\base64.c ****          memcmp( base64_test_enc, buffer, 88 ) != 0 )
 1072              		.loc 1 262 0 discriminator 1
 1073 0048 002B     		cmp	r3, #0
 1074 004a 08D0     		beq	.L52
 1075              	.L51:
 264:C:/Users/dtjld/workspace/AIoT/src/LiteOS_Lab/iot_link/network/dtls/mbedtls/mbedtls-2.16.2/library\base64.c ****     {
 265:C:/Users/dtjld/workspace/AIoT/src/LiteOS_Lab/iot_link/network/dtls/mbedtls/mbedtls-2.16.2/library\base64.c ****         if( verbose != 0 )
 1076              		.loc 1 265 0
 1077 004c 7B68     		ldr	r3, [r7, #4]
 1078 004e 002B     		cmp	r3, #0
 1079 0050 03D0     		beq	.L53
 266:C:/Users/dtjld/workspace/AIoT/src/LiteOS_Lab/iot_link/network/dtls/mbedtls/mbedtls-2.16.2/library\base64.c ****             mbedtls_printf( "failed\n" );
 1080              		.loc 1 266 0
 1081 0052 1E4B     		ldr	r3, .L61
 1082 0054 1B68     		ldr	r3, [r3]
ARM GAS  C:\Users\dtjld\AppData\Local\Temp\cch9pEUR.s 			page 25


 1083 0056 2148     		ldr	r0, .L61+16
 1084 0058 9847     		blx	r3
 1085              	.LVL1:
 1086              	.L53:
 267:C:/Users/dtjld/workspace/AIoT/src/LiteOS_Lab/iot_link/network/dtls/mbedtls/mbedtls-2.16.2/library\base64.c **** 
 268:C:/Users/dtjld/workspace/AIoT/src/LiteOS_Lab/iot_link/network/dtls/mbedtls/mbedtls-2.16.2/library\base64.c ****         return( 1 );
 1087              		.loc 1 268 0
 1088 005a 0123     		movs	r3, #1
 1089 005c 32E0     		b	.L60
 1090              	.L52:
 269:C:/Users/dtjld/workspace/AIoT/src/LiteOS_Lab/iot_link/network/dtls/mbedtls/mbedtls-2.16.2/library\base64.c ****     }
 270:C:/Users/dtjld/workspace/AIoT/src/LiteOS_Lab/iot_link/network/dtls/mbedtls/mbedtls-2.16.2/library\base64.c **** 
 271:C:/Users/dtjld/workspace/AIoT/src/LiteOS_Lab/iot_link/network/dtls/mbedtls/mbedtls-2.16.2/library\base64.c ****     if( verbose != 0 )
 1091              		.loc 1 271 0
 1092 005e 7B68     		ldr	r3, [r7, #4]
 1093 0060 002B     		cmp	r3, #0
 1094 0062 03D0     		beq	.L55
 272:C:/Users/dtjld/workspace/AIoT/src/LiteOS_Lab/iot_link/network/dtls/mbedtls/mbedtls-2.16.2/library\base64.c ****         mbedtls_printf( "passed\n  Base64 decoding test: " );
 1095              		.loc 1 272 0
 1096 0064 194B     		ldr	r3, .L61
 1097 0066 1B68     		ldr	r3, [r3]
 1098 0068 1D48     		ldr	r0, .L61+20
 1099 006a 9847     		blx	r3
 1100              	.LVL2:
 1101              	.L55:
 273:C:/Users/dtjld/workspace/AIoT/src/LiteOS_Lab/iot_link/network/dtls/mbedtls/mbedtls-2.16.2/library\base64.c **** 
 274:C:/Users/dtjld/workspace/AIoT/src/LiteOS_Lab/iot_link/network/dtls/mbedtls/mbedtls-2.16.2/library\base64.c ****     src = base64_test_enc;
 1102              		.loc 1 274 0
 1103 006c 1A4B     		ldr	r3, .L61+12
 1104 006e C7F88C30 		str	r3, [r7, #140]
 275:C:/Users/dtjld/workspace/AIoT/src/LiteOS_Lab/iot_link/network/dtls/mbedtls/mbedtls-2.16.2/library\base64.c **** 
 276:C:/Users/dtjld/workspace/AIoT/src/LiteOS_Lab/iot_link/network/dtls/mbedtls/mbedtls-2.16.2/library\base64.c ****     if( mbedtls_base64_decode( buffer, sizeof( buffer ), &len, src, 88 ) != 0 ||
 1105              		.loc 1 276 0
 1106 0072 07F18802 		add	r2, r7, #136
 1107 0076 07F10800 		add	r0, r7, #8
 1108 007a 5823     		movs	r3, #88
 1109 007c 0093     		str	r3, [sp]
 1110 007e D7F88C30 		ldr	r3, [r7, #140]
 1111 0082 8021     		movs	r1, #128
 1112 0084 FFF7FEFF 		bl	mbedtls_base64_decode
 1113 0088 0346     		mov	r3, r0
 1114 008a 002B     		cmp	r3, #0
 1115 008c 09D1     		bne	.L56
 277:C:/Users/dtjld/workspace/AIoT/src/LiteOS_Lab/iot_link/network/dtls/mbedtls/mbedtls-2.16.2/library\base64.c ****          memcmp( base64_test_dec, buffer, 64 ) != 0 )
 1116              		.loc 1 277 0 discriminator 1
 1117 008e 07F10803 		add	r3, r7, #8
 1118 0092 4022     		movs	r2, #64
 1119 0094 1946     		mov	r1, r3
 1120 0096 0F48     		ldr	r0, .L61+8
 1121 0098 FFF7FEFF 		bl	memcmp
 1122 009c 0346     		mov	r3, r0
 276:C:/Users/dtjld/workspace/AIoT/src/LiteOS_Lab/iot_link/network/dtls/mbedtls/mbedtls-2.16.2/library\base64.c ****          memcmp( base64_test_dec, buffer, 64 ) != 0 )
 1123              		.loc 1 276 0 discriminator 1
 1124 009e 002B     		cmp	r3, #0
 1125 00a0 08D0     		beq	.L57
 1126              	.L56:
 278:C:/Users/dtjld/workspace/AIoT/src/LiteOS_Lab/iot_link/network/dtls/mbedtls/mbedtls-2.16.2/library\base64.c ****     {
ARM GAS  C:\Users\dtjld\AppData\Local\Temp\cch9pEUR.s 			page 26


 279:C:/Users/dtjld/workspace/AIoT/src/LiteOS_Lab/iot_link/network/dtls/mbedtls/mbedtls-2.16.2/library\base64.c ****         if( verbose != 0 )
 1127              		.loc 1 279 0
 1128 00a2 7B68     		ldr	r3, [r7, #4]
 1129 00a4 002B     		cmp	r3, #0
 1130 00a6 03D0     		beq	.L58
 280:C:/Users/dtjld/workspace/AIoT/src/LiteOS_Lab/iot_link/network/dtls/mbedtls/mbedtls-2.16.2/library\base64.c ****             mbedtls_printf( "failed\n" );
 1131              		.loc 1 280 0
 1132 00a8 084B     		ldr	r3, .L61
 1133 00aa 1B68     		ldr	r3, [r3]
 1134 00ac 0B48     		ldr	r0, .L61+16
 1135 00ae 9847     		blx	r3
 1136              	.LVL3:
 1137              	.L58:
 281:C:/Users/dtjld/workspace/AIoT/src/LiteOS_Lab/iot_link/network/dtls/mbedtls/mbedtls-2.16.2/library\base64.c **** 
 282:C:/Users/dtjld/workspace/AIoT/src/LiteOS_Lab/iot_link/network/dtls/mbedtls/mbedtls-2.16.2/library\base64.c ****         return( 1 );
 1138              		.loc 1 282 0
 1139 00b0 0123     		movs	r3, #1
 1140 00b2 07E0     		b	.L60
 1141              	.L57:
 283:C:/Users/dtjld/workspace/AIoT/src/LiteOS_Lab/iot_link/network/dtls/mbedtls/mbedtls-2.16.2/library\base64.c ****     }
 284:C:/Users/dtjld/workspace/AIoT/src/LiteOS_Lab/iot_link/network/dtls/mbedtls/mbedtls-2.16.2/library\base64.c **** 
 285:C:/Users/dtjld/workspace/AIoT/src/LiteOS_Lab/iot_link/network/dtls/mbedtls/mbedtls-2.16.2/library\base64.c ****     if( verbose != 0 )
 1142              		.loc 1 285 0
 1143 00b4 7B68     		ldr	r3, [r7, #4]
 1144 00b6 002B     		cmp	r3, #0
 1145 00b8 03D0     		beq	.L59
 286:C:/Users/dtjld/workspace/AIoT/src/LiteOS_Lab/iot_link/network/dtls/mbedtls/mbedtls-2.16.2/library\base64.c ****         mbedtls_printf( "passed\n\n" );
 1146              		.loc 1 286 0
 1147 00ba 044B     		ldr	r3, .L61
 1148 00bc 1B68     		ldr	r3, [r3]
 1149 00be 0948     		ldr	r0, .L61+24
 1150 00c0 9847     		blx	r3
 1151              	.LVL4:
 1152              	.L59:
 287:C:/Users/dtjld/workspace/AIoT/src/LiteOS_Lab/iot_link/network/dtls/mbedtls/mbedtls-2.16.2/library\base64.c **** 
 288:C:/Users/dtjld/workspace/AIoT/src/LiteOS_Lab/iot_link/network/dtls/mbedtls/mbedtls-2.16.2/library\base64.c ****     return( 0 );
 1153              		.loc 1 288 0
 1154 00c2 0023     		movs	r3, #0
 1155              	.L60:
 289:C:/Users/dtjld/workspace/AIoT/src/LiteOS_Lab/iot_link/network/dtls/mbedtls/mbedtls-2.16.2/library\base64.c **** }
 1156              		.loc 1 289 0 discriminator 1
 1157 00c4 1846     		mov	r0, r3
 1158 00c6 9037     		adds	r7, r7, #144
 1159              	.LCFI15:
 1160              		.cfi_def_cfa_offset 8
 1161 00c8 BD46     		mov	sp, r7
 1162              	.LCFI16:
 1163              		.cfi_def_cfa_register 13
 1164              		@ sp needed
 1165 00ca 80BD     		pop	{r7, pc}
 1166              	.L62:
 1167              		.align	2
 1168              	.L61:
 1169 00cc 00000000 		.word	mbedtls_printf
 1170 00d0 00000000 		.word	.LC0
 1171 00d4 00000000 		.word	base64_test_dec
 1172 00d8 00000000 		.word	base64_test_enc
ARM GAS  C:\Users\dtjld\AppData\Local\Temp\cch9pEUR.s 			page 27


 1173 00dc 1C000000 		.word	.LC1
 1174 00e0 24000000 		.word	.LC2
 1175 00e4 44000000 		.word	.LC3
 1176              		.cfi_endproc
 1177              	.LFE5:
 1179              		.text
 1180              	.Letext0:
 1181              		.file 2 "c:\\ac6\\systemworkbench\\plugins\\fr.ac6.mcu.externaltools.arm-none.win32_1.16.0.2018071
 1182              		.file 3 "c:\\ac6\\systemworkbench\\plugins\\fr.ac6.mcu.externaltools.arm-none.win32_1.16.0.2018071
 1183              		.file 4 "c:\\ac6\\systemworkbench\\plugins\\fr.ac6.mcu.externaltools.arm-none.win32_1.16.0.2018071
 1184              		.file 5 "c:\\ac6\\systemworkbench\\plugins\\fr.ac6.mcu.externaltools.arm-none.win32_1.16.0.2018071
 1185              		.file 6 "c:\\ac6\\systemworkbench\\plugins\\fr.ac6.mcu.externaltools.arm-none.win32_1.16.0.2018071
 1186              		.file 7 "c:\\ac6\\systemworkbench\\plugins\\fr.ac6.mcu.externaltools.arm-none.win32_1.16.0.2018071
 1187              		.file 8 "c:\\ac6\\systemworkbench\\plugins\\fr.ac6.mcu.externaltools.arm-none.win32_1.16.0.2018071
 1188              		.file 9 "c:\\ac6\\systemworkbench\\plugins\\fr.ac6.mcu.externaltools.arm-none.win32_1.16.0.2018071
 1189              		.file 10 "C:/Users/dtjld/workspace/AIoT/src/LiteOS_Lab/iot_link/network/dtls/mbedtls/mbedtls-2.16.
ARM GAS  C:\Users\dtjld\AppData\Local\Temp\cch9pEUR.s 			page 28


DEFINED SYMBOLS
                            *ABS*:00000000 base64.c
C:\Users\dtjld\AppData\Local\Temp\cch9pEUR.s:18     .rodata.base64_enc_map:00000000 $d
C:\Users\dtjld\AppData\Local\Temp\cch9pEUR.s:21     .rodata.base64_enc_map:00000000 base64_enc_map
C:\Users\dtjld\AppData\Local\Temp\cch9pEUR.s:87     .rodata.base64_dec_map:00000000 $d
C:\Users\dtjld\AppData\Local\Temp\cch9pEUR.s:90     .rodata.base64_dec_map:00000000 base64_dec_map
C:\Users\dtjld\AppData\Local\Temp\cch9pEUR.s:220    .text.mbedtls_base64_encode:00000000 $t
C:\Users\dtjld\AppData\Local\Temp\cch9pEUR.s:227    .text.mbedtls_base64_encode:00000000 mbedtls_base64_encode
C:\Users\dtjld\AppData\Local\Temp\cch9pEUR.s:524    .text.mbedtls_base64_encode:000001dc $d
C:\Users\dtjld\AppData\Local\Temp\cch9pEUR.s:530    .text.mbedtls_base64_decode:00000000 $t
C:\Users\dtjld\AppData\Local\Temp\cch9pEUR.s:537    .text.mbedtls_base64_decode:00000000 mbedtls_base64_decode
C:\Users\dtjld\AppData\Local\Temp\cch9pEUR.s:921    .text.mbedtls_base64_decode:00000234 $d
C:\Users\dtjld\AppData\Local\Temp\cch9pEUR.s:926    .rodata.base64_test_dec:00000000 $d
C:\Users\dtjld\AppData\Local\Temp\cch9pEUR.s:929    .rodata.base64_test_dec:00000000 base64_test_dec
C:\Users\dtjld\AppData\Local\Temp\cch9pEUR.s:995    .rodata.base64_test_enc:00000000 $d
C:\Users\dtjld\AppData\Local\Temp\cch9pEUR.s:998    .rodata.base64_test_enc:00000000 base64_test_enc
C:\Users\dtjld\AppData\Local\Temp\cch9pEUR.s:1002   .rodata:00000000 $d
C:\Users\dtjld\AppData\Local\Temp\cch9pEUR.s:1015   .text.mbedtls_base64_self_test:00000000 $t
C:\Users\dtjld\AppData\Local\Temp\cch9pEUR.s:1022   .text.mbedtls_base64_self_test:00000000 mbedtls_base64_self_test
C:\Users\dtjld\AppData\Local\Temp\cch9pEUR.s:1169   .text.mbedtls_base64_self_test:000000cc $d

UNDEFINED SYMBOLS
memcmp
mbedtls_printf
