ARM GAS  C:\Users\dtjld\AppData\Local\Temp\ccqKzNVT.s 			page 1


   1              		.cpu cortex-m4
   2              		.eabi_attribute 27, 1
   3              		.eabi_attribute 28, 1
   4              		.eabi_attribute 20, 1
   5              		.eabi_attribute 21, 1
   6              		.eabi_attribute 23, 3
   7              		.eabi_attribute 24, 1
   8              		.eabi_attribute 25, 1
   9              		.eabi_attribute 26, 1
  10              		.eabi_attribute 30, 6
  11              		.eabi_attribute 34, 1
  12              		.eabi_attribute 18, 4
  13              		.file	"entropy_hardware_poll.c"
  14              		.text
  15              	.Ltext0:
  16              		.cfi_sections	.debug_frame
  17              		.section	.text.mbedtls_hardware_poll,"ax",%progbits
  18              		.align	1
  19              		.global	mbedtls_hardware_poll
  20              		.syntax unified
  21              		.thumb
  22              		.thumb_func
  23              		.fpu fpv4-sp-d16
  25              	mbedtls_hardware_poll:
  26              	.LFB0:
  27              		.file 1 "C:/Users/dtjld/workspace/AIoT/src/LiteOS_Lab/iot_link/network/dtls/mbedtls/mbedtls_port/e
   1:C:/Users/dtjld/workspace/AIoT/src/LiteOS_Lab/iot_link/network/dtls/mbedtls/mbedtls_port\entropy_hardware_poll.c **** /*----------------------------------------------------------------------------
   2:C:/Users/dtjld/workspace/AIoT/src/LiteOS_Lab/iot_link/network/dtls/mbedtls/mbedtls_port\entropy_hardware_poll.c ****  * Copyright (c) <2016-2018>, <Huawei Technologies Co., Ltd>
   3:C:/Users/dtjld/workspace/AIoT/src/LiteOS_Lab/iot_link/network/dtls/mbedtls/mbedtls_port\entropy_hardware_poll.c ****  * All rights reserved.
   4:C:/Users/dtjld/workspace/AIoT/src/LiteOS_Lab/iot_link/network/dtls/mbedtls/mbedtls_port\entropy_hardware_poll.c ****  * Redistribution and use in source and binary forms, with or without modification,
   5:C:/Users/dtjld/workspace/AIoT/src/LiteOS_Lab/iot_link/network/dtls/mbedtls/mbedtls_port\entropy_hardware_poll.c ****  * are permitted provided that the following conditions are met:
   6:C:/Users/dtjld/workspace/AIoT/src/LiteOS_Lab/iot_link/network/dtls/mbedtls/mbedtls_port\entropy_hardware_poll.c ****  * 1. Redistributions of source code must retain the above copyright notice, this list of
   7:C:/Users/dtjld/workspace/AIoT/src/LiteOS_Lab/iot_link/network/dtls/mbedtls/mbedtls_port\entropy_hardware_poll.c ****  * conditions and the following disclaimer.
   8:C:/Users/dtjld/workspace/AIoT/src/LiteOS_Lab/iot_link/network/dtls/mbedtls/mbedtls_port\entropy_hardware_poll.c ****  * 2. Redistributions in binary form must reproduce the above copyright notice, this list
   9:C:/Users/dtjld/workspace/AIoT/src/LiteOS_Lab/iot_link/network/dtls/mbedtls/mbedtls_port\entropy_hardware_poll.c ****  * of conditions and the following disclaimer in the documentation and/or other materials
  10:C:/Users/dtjld/workspace/AIoT/src/LiteOS_Lab/iot_link/network/dtls/mbedtls/mbedtls_port\entropy_hardware_poll.c ****  * provided with the distribution.
  11:C:/Users/dtjld/workspace/AIoT/src/LiteOS_Lab/iot_link/network/dtls/mbedtls/mbedtls_port\entropy_hardware_poll.c ****  * 3. Neither the name of the copyright holder nor the names of its contributors may be used
  12:C:/Users/dtjld/workspace/AIoT/src/LiteOS_Lab/iot_link/network/dtls/mbedtls/mbedtls_port\entropy_hardware_poll.c ****  * to endorse or promote products derived from this software without specific prior written
  13:C:/Users/dtjld/workspace/AIoT/src/LiteOS_Lab/iot_link/network/dtls/mbedtls/mbedtls_port\entropy_hardware_poll.c ****  * permission.
  14:C:/Users/dtjld/workspace/AIoT/src/LiteOS_Lab/iot_link/network/dtls/mbedtls/mbedtls_port\entropy_hardware_poll.c ****  * THIS SOFTWARE IS PROVIDED BY THE COPYRIGHT HOLDERS AND CONTRIBUTORS
  15:C:/Users/dtjld/workspace/AIoT/src/LiteOS_Lab/iot_link/network/dtls/mbedtls/mbedtls_port\entropy_hardware_poll.c ****  * "AS IS" AND ANY EXPRESS OR IMPLIED WARRANTIES, INCLUDING, BUT NOT LIMITED TO,
  16:C:/Users/dtjld/workspace/AIoT/src/LiteOS_Lab/iot_link/network/dtls/mbedtls/mbedtls_port\entropy_hardware_poll.c ****  * THE IMPLIED WARRANTIES OF MERCHANTABILITY AND FITNESS FOR A PARTICULAR
  17:C:/Users/dtjld/workspace/AIoT/src/LiteOS_Lab/iot_link/network/dtls/mbedtls/mbedtls_port\entropy_hardware_poll.c ****  * PURPOSE ARE DISCLAIMED. IN NO EVENT SHALL THE COPYRIGHT HOLDER OR
  18:C:/Users/dtjld/workspace/AIoT/src/LiteOS_Lab/iot_link/network/dtls/mbedtls/mbedtls_port\entropy_hardware_poll.c ****  * CONTRIBUTORS BE LIABLE FOR ANY DIRECT, INDIRECT, INCIDENTAL, SPECIAL,
  19:C:/Users/dtjld/workspace/AIoT/src/LiteOS_Lab/iot_link/network/dtls/mbedtls/mbedtls_port\entropy_hardware_poll.c ****  * EXEMPLARY, OR CONSEQUENTIAL DAMAGES (INCLUDING, BUT NOT LIMITED TO,
  20:C:/Users/dtjld/workspace/AIoT/src/LiteOS_Lab/iot_link/network/dtls/mbedtls/mbedtls_port\entropy_hardware_poll.c ****  * PROCUREMENT OF SUBSTITUTE GOODS OR SERVICES; LOSS OF USE, DATA, OR PROFITS;
  21:C:/Users/dtjld/workspace/AIoT/src/LiteOS_Lab/iot_link/network/dtls/mbedtls/mbedtls_port\entropy_hardware_poll.c ****  * OR BUSINESS INTERRUPTION) HOWEVER CAUSED AND ON ANY THEORY OF LIABILITY,
  22:C:/Users/dtjld/workspace/AIoT/src/LiteOS_Lab/iot_link/network/dtls/mbedtls/mbedtls_port\entropy_hardware_poll.c ****  * WHETHER IN CONTRACT, STRICT LIABILITY, OR TORT (INCLUDING NEGLIGENCE OR
  23:C:/Users/dtjld/workspace/AIoT/src/LiteOS_Lab/iot_link/network/dtls/mbedtls/mbedtls_port\entropy_hardware_poll.c ****  * OTHERWISE) ARISING IN ANY WAY OUT OF THE USE OF THIS SOFTWARE, EVEN IF
  24:C:/Users/dtjld/workspace/AIoT/src/LiteOS_Lab/iot_link/network/dtls/mbedtls/mbedtls_port\entropy_hardware_poll.c ****  * ADVISED OF THE POSSIBILITY OF SUCH DAMAGE.
  25:C:/Users/dtjld/workspace/AIoT/src/LiteOS_Lab/iot_link/network/dtls/mbedtls/mbedtls_port\entropy_hardware_poll.c ****  *---------------------------------------------------------------------------*/
  26:C:/Users/dtjld/workspace/AIoT/src/LiteOS_Lab/iot_link/network/dtls/mbedtls/mbedtls_port\entropy_hardware_poll.c **** /*----------------------------------------------------------------------------
  27:C:/Users/dtjld/workspace/AIoT/src/LiteOS_Lab/iot_link/network/dtls/mbedtls/mbedtls_port\entropy_hardware_poll.c ****  * Notice of Export Control Law
  28:C:/Users/dtjld/workspace/AIoT/src/LiteOS_Lab/iot_link/network/dtls/mbedtls/mbedtls_port\entropy_hardware_poll.c ****  * ===============================================
  29:C:/Users/dtjld/workspace/AIoT/src/LiteOS_Lab/iot_link/network/dtls/mbedtls/mbedtls_port\entropy_hardware_poll.c ****  * Huawei LiteOS may be subject to applicable export control laws and regulations, which might
  30:C:/Users/dtjld/workspace/AIoT/src/LiteOS_Lab/iot_link/network/dtls/mbedtls/mbedtls_port\entropy_hardware_poll.c ****  * include those applicable to Huawei LiteOS of U.S. and the country in which you are located.
  31:C:/Users/dtjld/workspace/AIoT/src/LiteOS_Lab/iot_link/network/dtls/mbedtls/mbedtls_port\entropy_hardware_poll.c ****  * Import, export and usage of Huawei LiteOS in any manner by you shall be in compliance with such
ARM GAS  C:\Users\dtjld\AppData\Local\Temp\ccqKzNVT.s 			page 2


  32:C:/Users/dtjld/workspace/AIoT/src/LiteOS_Lab/iot_link/network/dtls/mbedtls/mbedtls_port\entropy_hardware_poll.c ****  * applicable export control laws and regulations.
  33:C:/Users/dtjld/workspace/AIoT/src/LiteOS_Lab/iot_link/network/dtls/mbedtls/mbedtls_port\entropy_hardware_poll.c ****  *---------------------------------------------------------------------------*/
  34:C:/Users/dtjld/workspace/AIoT/src/LiteOS_Lab/iot_link/network/dtls/mbedtls/mbedtls_port\entropy_hardware_poll.c **** 
  35:C:/Users/dtjld/workspace/AIoT/src/LiteOS_Lab/iot_link/network/dtls/mbedtls/mbedtls_port\entropy_hardware_poll.c **** 
  36:C:/Users/dtjld/workspace/AIoT/src/LiteOS_Lab/iot_link/network/dtls/mbedtls/mbedtls_port\entropy_hardware_poll.c **** #include "mbedtls/entropy.h"
  37:C:/Users/dtjld/workspace/AIoT/src/LiteOS_Lab/iot_link/network/dtls/mbedtls/mbedtls_port\entropy_hardware_poll.c **** 
  38:C:/Users/dtjld/workspace/AIoT/src/LiteOS_Lab/iot_link/network/dtls/mbedtls/mbedtls_port\entropy_hardware_poll.c **** #include <link_misc.h>
  39:C:/Users/dtjld/workspace/AIoT/src/LiteOS_Lab/iot_link/network/dtls/mbedtls/mbedtls_port\entropy_hardware_poll.c **** 
  40:C:/Users/dtjld/workspace/AIoT/src/LiteOS_Lab/iot_link/network/dtls/mbedtls/mbedtls_port\entropy_hardware_poll.c **** int mbedtls_hardware_poll(void *data,
  41:C:/Users/dtjld/workspace/AIoT/src/LiteOS_Lab/iot_link/network/dtls/mbedtls/mbedtls_port\entropy_hardware_poll.c ****                           unsigned char *output, size_t len, size_t *olen);
  42:C:/Users/dtjld/workspace/AIoT/src/LiteOS_Lab/iot_link/network/dtls/mbedtls/mbedtls_port\entropy_hardware_poll.c **** int mbedtls_hardware_poll(void *data,
  43:C:/Users/dtjld/workspace/AIoT/src/LiteOS_Lab/iot_link/network/dtls/mbedtls/mbedtls_port\entropy_hardware_poll.c ****                           unsigned char *output, size_t len, size_t *olen)
  44:C:/Users/dtjld/workspace/AIoT/src/LiteOS_Lab/iot_link/network/dtls/mbedtls/mbedtls_port\entropy_hardware_poll.c **** {
  28              		.loc 1 44 0
  29              		.cfi_startproc
  30              		@ args = 0, pretend = 0, frame = 16
  31              		@ frame_needed = 1, uses_anonymous_args = 0
  32 0000 80B5     		push	{r7, lr}
  33              	.LCFI0:
  34              		.cfi_def_cfa_offset 8
  35              		.cfi_offset 7, -8
  36              		.cfi_offset 14, -4
  37 0002 84B0     		sub	sp, sp, #16
  38              	.LCFI1:
  39              		.cfi_def_cfa_offset 24
  40 0004 00AF     		add	r7, sp, #0
  41              	.LCFI2:
  42              		.cfi_def_cfa_register 7
  43 0006 F860     		str	r0, [r7, #12]
  44 0008 B960     		str	r1, [r7, #8]
  45 000a 7A60     		str	r2, [r7, #4]
  46 000c 3B60     		str	r3, [r7]
  45:C:/Users/dtjld/workspace/AIoT/src/LiteOS_Lab/iot_link/network/dtls/mbedtls/mbedtls_port\entropy_hardware_poll.c ****     ((void)data);
  46:C:/Users/dtjld/workspace/AIoT/src/LiteOS_Lab/iot_link/network/dtls/mbedtls/mbedtls_port\entropy_hardware_poll.c ****     *olen = 0;
  47              		.loc 1 46 0
  48 000e 3B68     		ldr	r3, [r7]
  49 0010 0022     		movs	r2, #0
  50 0012 1A60     		str	r2, [r3]
  47:C:/Users/dtjld/workspace/AIoT/src/LiteOS_Lab/iot_link/network/dtls/mbedtls/mbedtls_port\entropy_hardware_poll.c ****     if (0 != link_random(output, len))
  51              		.loc 1 47 0
  52 0014 7B68     		ldr	r3, [r7, #4]
  53 0016 1946     		mov	r1, r3
  54 0018 B868     		ldr	r0, [r7, #8]
  55 001a FFF7FEFF 		bl	link_random
  56 001e 0346     		mov	r3, r0
  57 0020 002B     		cmp	r3, #0
  58 0022 02D0     		beq	.L2
  48:C:/Users/dtjld/workspace/AIoT/src/LiteOS_Lab/iot_link/network/dtls/mbedtls/mbedtls_port\entropy_hardware_poll.c ****         return MBEDTLS_ERR_ENTROPY_SOURCE_FAILED;
  59              		.loc 1 48 0
  60 0024 6FF03B03 		mvn	r3, #59
  61 0028 03E0     		b	.L3
  62              	.L2:
  49:C:/Users/dtjld/workspace/AIoT/src/LiteOS_Lab/iot_link/network/dtls/mbedtls/mbedtls_port\entropy_hardware_poll.c ****     *olen = len;
  63              		.loc 1 49 0
  64 002a 3B68     		ldr	r3, [r7]
  65 002c 7A68     		ldr	r2, [r7, #4]
  66 002e 1A60     		str	r2, [r3]
ARM GAS  C:\Users\dtjld\AppData\Local\Temp\ccqKzNVT.s 			page 3


  50:C:/Users/dtjld/workspace/AIoT/src/LiteOS_Lab/iot_link/network/dtls/mbedtls/mbedtls_port\entropy_hardware_poll.c ****     return 0;
  67              		.loc 1 50 0
  68 0030 0023     		movs	r3, #0
  69              	.L3:
  51:C:/Users/dtjld/workspace/AIoT/src/LiteOS_Lab/iot_link/network/dtls/mbedtls/mbedtls_port\entropy_hardware_poll.c **** }
  70              		.loc 1 51 0
  71 0032 1846     		mov	r0, r3
  72 0034 1037     		adds	r7, r7, #16
  73              	.LCFI3:
  74              		.cfi_def_cfa_offset 8
  75 0036 BD46     		mov	sp, r7
  76              	.LCFI4:
  77              		.cfi_def_cfa_register 13
  78              		@ sp needed
  79 0038 80BD     		pop	{r7, pc}
  80              		.cfi_endproc
  81              	.LFE0:
  83              		.text
  84              	.Letext0:
  85              		.file 2 "c:\\ac6\\systemworkbench\\plugins\\fr.ac6.mcu.externaltools.arm-none.win32_1.16.0.2018071
ARM GAS  C:\Users\dtjld\AppData\Local\Temp\ccqKzNVT.s 			page 4


DEFINED SYMBOLS
                            *ABS*:00000000 entropy_hardware_poll.c
C:\Users\dtjld\AppData\Local\Temp\ccqKzNVT.s:18     .text.mbedtls_hardware_poll:00000000 $t
C:\Users\dtjld\AppData\Local\Temp\ccqKzNVT.s:25     .text.mbedtls_hardware_poll:00000000 mbedtls_hardware_poll

UNDEFINED SYMBOLS
link_random
