ARM GAS  C:\Users\dtjld\AppData\Local\Temp\ccok5qOG.s 			page 1


   1              		.cpu cortex-m4
   2              		.eabi_attribute 27, 1
   3              		.eabi_attribute 28, 1
   4              		.eabi_attribute 20, 1
   5              		.eabi_attribute 21, 1
   6              		.eabi_attribute 23, 3
   7              		.eabi_attribute 24, 1
   8              		.eabi_attribute 25, 1
   9              		.eabi_attribute 26, 1
  10              		.eabi_attribute 30, 6
  11              		.eabi_attribute 34, 1
  12              		.eabi_attribute 18, 4
  13              		.file	"gd32f30x_it.c"
  14              		.text
  15              	.Ltext0:
  16              		.cfi_sections	.debug_frame
  17              		.section	.text.NMI_Handler,"ax",%progbits
  18              		.align	1
  19              		.global	NMI_Handler
  20              		.syntax unified
  21              		.thumb
  22              		.thumb_func
  23              		.fpu fpv4-sp-d16
  25              	NMI_Handler:
  26              	.LFB123:
  27              		.file 1 "C:/Users/dtjld/Desktop/AIoT_software/LiteOS_Lab_overseas/LiteOS_Lab/targets/GD32F303_Bear
   1:C:/Users/dtjld/Desktop/AIoT_software/LiteOS_Lab_overseas/LiteOS_Lab/targets/GD32F303_BearPi/Src\gd32f30x_it.c **** /*!
   2:C:/Users/dtjld/Desktop/AIoT_software/LiteOS_Lab_overseas/LiteOS_Lab/targets/GD32F303_BearPi/Src\gd32f30x_it.c ****     \file  gd32f30x_it.c
   3:C:/Users/dtjld/Desktop/AIoT_software/LiteOS_Lab_overseas/LiteOS_Lab/targets/GD32F303_BearPi/Src\gd32f30x_it.c ****     \brief interrupt service routines
   4:C:/Users/dtjld/Desktop/AIoT_software/LiteOS_Lab_overseas/LiteOS_Lab/targets/GD32F303_BearPi/Src\gd32f30x_it.c **** 
   5:C:/Users/dtjld/Desktop/AIoT_software/LiteOS_Lab_overseas/LiteOS_Lab/targets/GD32F303_BearPi/Src\gd32f30x_it.c ****     \version 2019-10-30, V1.0.0, demo for BearPi-IoT_GD32F30x
   6:C:/Users/dtjld/Desktop/AIoT_software/LiteOS_Lab_overseas/LiteOS_Lab/targets/GD32F303_BearPi/Src\gd32f30x_it.c **** */
   7:C:/Users/dtjld/Desktop/AIoT_software/LiteOS_Lab_overseas/LiteOS_Lab/targets/GD32F303_BearPi/Src\gd32f30x_it.c **** 
   8:C:/Users/dtjld/Desktop/AIoT_software/LiteOS_Lab_overseas/LiteOS_Lab/targets/GD32F303_BearPi/Src\gd32f30x_it.c **** /*
   9:C:/Users/dtjld/Desktop/AIoT_software/LiteOS_Lab_overseas/LiteOS_Lab/targets/GD32F303_BearPi/Src\gd32f30x_it.c ****     Copyright (c) 2019, BearPi LIMITED.
  10:C:/Users/dtjld/Desktop/AIoT_software/LiteOS_Lab_overseas/LiteOS_Lab/targets/GD32F303_BearPi/Src\gd32f30x_it.c **** 
  11:C:/Users/dtjld/Desktop/AIoT_software/LiteOS_Lab_overseas/LiteOS_Lab/targets/GD32F303_BearPi/Src\gd32f30x_it.c ****     All rights reserved.
  12:C:/Users/dtjld/Desktop/AIoT_software/LiteOS_Lab_overseas/LiteOS_Lab/targets/GD32F303_BearPi/Src\gd32f30x_it.c **** 
  13:C:/Users/dtjld/Desktop/AIoT_software/LiteOS_Lab_overseas/LiteOS_Lab/targets/GD32F303_BearPi/Src\gd32f30x_it.c ****     Redistribution and use in source and binary forms, with or without modification, 
  14:C:/Users/dtjld/Desktop/AIoT_software/LiteOS_Lab_overseas/LiteOS_Lab/targets/GD32F303_BearPi/Src\gd32f30x_it.c **** are permitted provided that the following conditions are met:
  15:C:/Users/dtjld/Desktop/AIoT_software/LiteOS_Lab_overseas/LiteOS_Lab/targets/GD32F303_BearPi/Src\gd32f30x_it.c **** 
  16:C:/Users/dtjld/Desktop/AIoT_software/LiteOS_Lab_overseas/LiteOS_Lab/targets/GD32F303_BearPi/Src\gd32f30x_it.c ****     1. Redistributions of source code must retain the above copyright notice, this 
  17:C:/Users/dtjld/Desktop/AIoT_software/LiteOS_Lab_overseas/LiteOS_Lab/targets/GD32F303_BearPi/Src\gd32f30x_it.c ****        list of conditions and the following disclaimer.
  18:C:/Users/dtjld/Desktop/AIoT_software/LiteOS_Lab_overseas/LiteOS_Lab/targets/GD32F303_BearPi/Src\gd32f30x_it.c ****     2. Redistributions in binary form must reproduce the above copyright notice, 
  19:C:/Users/dtjld/Desktop/AIoT_software/LiteOS_Lab_overseas/LiteOS_Lab/targets/GD32F303_BearPi/Src\gd32f30x_it.c ****        this list of conditions and the following disclaimer in the documentation 
  20:C:/Users/dtjld/Desktop/AIoT_software/LiteOS_Lab_overseas/LiteOS_Lab/targets/GD32F303_BearPi/Src\gd32f30x_it.c ****        and/or other materials provided with the distribution.
  21:C:/Users/dtjld/Desktop/AIoT_software/LiteOS_Lab_overseas/LiteOS_Lab/targets/GD32F303_BearPi/Src\gd32f30x_it.c ****     3. Neither the name of the copyright holder nor the names of its contributors 
  22:C:/Users/dtjld/Desktop/AIoT_software/LiteOS_Lab_overseas/LiteOS_Lab/targets/GD32F303_BearPi/Src\gd32f30x_it.c ****        may be used to endorse or promote products derived from this software without 
  23:C:/Users/dtjld/Desktop/AIoT_software/LiteOS_Lab_overseas/LiteOS_Lab/targets/GD32F303_BearPi/Src\gd32f30x_it.c ****        specific prior written permission.
  24:C:/Users/dtjld/Desktop/AIoT_software/LiteOS_Lab_overseas/LiteOS_Lab/targets/GD32F303_BearPi/Src\gd32f30x_it.c **** 
  25:C:/Users/dtjld/Desktop/AIoT_software/LiteOS_Lab_overseas/LiteOS_Lab/targets/GD32F303_BearPi/Src\gd32f30x_it.c ****     THIS SOFTWARE IS PROVIDED BY THE COPYRIGHT HOLDERS AND CONTRIBUTORS "AS IS" 
  26:C:/Users/dtjld/Desktop/AIoT_software/LiteOS_Lab_overseas/LiteOS_Lab/targets/GD32F303_BearPi/Src\gd32f30x_it.c **** AND ANY EXPRESS OR IMPLIED WARRANTIES, INCLUDING, BUT NOT LIMITED TO, THE IMPLIED 
  27:C:/Users/dtjld/Desktop/AIoT_software/LiteOS_Lab_overseas/LiteOS_Lab/targets/GD32F303_BearPi/Src\gd32f30x_it.c **** WARRANTIES OF MERCHANTABILITY AND FITNESS FOR A PARTICULAR PURPOSE ARE DISCLAIMED. 
  28:C:/Users/dtjld/Desktop/AIoT_software/LiteOS_Lab_overseas/LiteOS_Lab/targets/GD32F303_BearPi/Src\gd32f30x_it.c **** IN NO EVENT SHALL THE COPYRIGHT HOLDER OR CONTRIBUTORS BE LIABLE FOR ANY DIRECT, 
  29:C:/Users/dtjld/Desktop/AIoT_software/LiteOS_Lab_overseas/LiteOS_Lab/targets/GD32F303_BearPi/Src\gd32f30x_it.c **** INDIRECT, INCIDENTAL, SPECIAL, EXEMPLARY, OR CONSEQUENTIAL DAMAGES (INCLUDING, BUT 
  30:C:/Users/dtjld/Desktop/AIoT_software/LiteOS_Lab_overseas/LiteOS_Lab/targets/GD32F303_BearPi/Src\gd32f30x_it.c **** NOT LIMITED TO, PROCUREMENT OF SUBSTITUTE GOODS OR SERVICES; LOSS OF USE, DATA, OR 
  31:C:/Users/dtjld/Desktop/AIoT_software/LiteOS_Lab_overseas/LiteOS_Lab/targets/GD32F303_BearPi/Src\gd32f30x_it.c **** PROFITS; OR BUSINESS INTERRUPTION) HOWEVER CAUSED AND ON ANY THEORY OF LIABILITY, 
ARM GAS  C:\Users\dtjld\AppData\Local\Temp\ccok5qOG.s 			page 2


  32:C:/Users/dtjld/Desktop/AIoT_software/LiteOS_Lab_overseas/LiteOS_Lab/targets/GD32F303_BearPi/Src\gd32f30x_it.c **** WHETHER IN CONTRACT, STRICT LIABILITY, OR TORT (INCLUDING NEGLIGENCE OR OTHERWISE) 
  33:C:/Users/dtjld/Desktop/AIoT_software/LiteOS_Lab_overseas/LiteOS_Lab/targets/GD32F303_BearPi/Src\gd32f30x_it.c **** ARISING IN ANY WAY OUT OF THE USE OF THIS SOFTWARE, EVEN IF ADVISED OF THE POSSIBILITY 
  34:C:/Users/dtjld/Desktop/AIoT_software/LiteOS_Lab_overseas/LiteOS_Lab/targets/GD32F303_BearPi/Src\gd32f30x_it.c **** OF SUCH DAMAGE.
  35:C:/Users/dtjld/Desktop/AIoT_software/LiteOS_Lab_overseas/LiteOS_Lab/targets/GD32F303_BearPi/Src\gd32f30x_it.c **** */
  36:C:/Users/dtjld/Desktop/AIoT_software/LiteOS_Lab_overseas/LiteOS_Lab/targets/GD32F303_BearPi/Src\gd32f30x_it.c **** 
  37:C:/Users/dtjld/Desktop/AIoT_software/LiteOS_Lab_overseas/LiteOS_Lab/targets/GD32F303_BearPi/Src\gd32f30x_it.c **** #include "gd32f30x_it.h"
  38:C:/Users/dtjld/Desktop/AIoT_software/LiteOS_Lab_overseas/LiteOS_Lab/targets/GD32F303_BearPi/Src\gd32f30x_it.c **** #include "systick.h"
  39:C:/Users/dtjld/Desktop/AIoT_software/LiteOS_Lab_overseas/LiteOS_Lab/targets/GD32F303_BearPi/Src\gd32f30x_it.c **** 
  40:C:/Users/dtjld/Desktop/AIoT_software/LiteOS_Lab_overseas/LiteOS_Lab/targets/GD32F303_BearPi/Src\gd32f30x_it.c **** 
  41:C:/Users/dtjld/Desktop/AIoT_software/LiteOS_Lab_overseas/LiteOS_Lab/targets/GD32F303_BearPi/Src\gd32f30x_it.c **** /*!
  42:C:/Users/dtjld/Desktop/AIoT_software/LiteOS_Lab_overseas/LiteOS_Lab/targets/GD32F303_BearPi/Src\gd32f30x_it.c ****     \brief      this function handles NMI exception
  43:C:/Users/dtjld/Desktop/AIoT_software/LiteOS_Lab_overseas/LiteOS_Lab/targets/GD32F303_BearPi/Src\gd32f30x_it.c ****     \param[in]  none
  44:C:/Users/dtjld/Desktop/AIoT_software/LiteOS_Lab_overseas/LiteOS_Lab/targets/GD32F303_BearPi/Src\gd32f30x_it.c ****     \param[out] none
  45:C:/Users/dtjld/Desktop/AIoT_software/LiteOS_Lab_overseas/LiteOS_Lab/targets/GD32F303_BearPi/Src\gd32f30x_it.c ****     \retval     none
  46:C:/Users/dtjld/Desktop/AIoT_software/LiteOS_Lab_overseas/LiteOS_Lab/targets/GD32F303_BearPi/Src\gd32f30x_it.c **** */
  47:C:/Users/dtjld/Desktop/AIoT_software/LiteOS_Lab_overseas/LiteOS_Lab/targets/GD32F303_BearPi/Src\gd32f30x_it.c **** void NMI_Handler(void)
  48:C:/Users/dtjld/Desktop/AIoT_software/LiteOS_Lab_overseas/LiteOS_Lab/targets/GD32F303_BearPi/Src\gd32f30x_it.c **** {
  28              		.loc 1 48 0
  29              		.cfi_startproc
  30              		@ args = 0, pretend = 0, frame = 0
  31              		@ frame_needed = 1, uses_anonymous_args = 0
  32              		@ link register save eliminated.
  33 0000 80B4     		push	{r7}
  34              	.LCFI0:
  35              		.cfi_def_cfa_offset 4
  36              		.cfi_offset 7, -4
  37 0002 00AF     		add	r7, sp, #0
  38              	.LCFI1:
  39              		.cfi_def_cfa_register 7
  49:C:/Users/dtjld/Desktop/AIoT_software/LiteOS_Lab_overseas/LiteOS_Lab/targets/GD32F303_BearPi/Src\gd32f30x_it.c **** }
  40              		.loc 1 49 0
  41 0004 00BF     		nop
  42 0006 BD46     		mov	sp, r7
  43              	.LCFI2:
  44              		.cfi_def_cfa_register 13
  45              		@ sp needed
  46 0008 5DF8047B 		ldr	r7, [sp], #4
  47              	.LCFI3:
  48              		.cfi_restore 7
  49              		.cfi_def_cfa_offset 0
  50 000c 7047     		bx	lr
  51              		.cfi_endproc
  52              	.LFE123:
  54              		.section	.text.HardFault_Handler,"ax",%progbits
  55              		.align	1
  56              		.global	HardFault_Handler
  57              		.syntax unified
  58              		.thumb
  59              		.thumb_func
  60              		.fpu fpv4-sp-d16
  62              	HardFault_Handler:
  63              	.LFB124:
  50:C:/Users/dtjld/Desktop/AIoT_software/LiteOS_Lab_overseas/LiteOS_Lab/targets/GD32F303_BearPi/Src\gd32f30x_it.c **** 
  51:C:/Users/dtjld/Desktop/AIoT_software/LiteOS_Lab_overseas/LiteOS_Lab/targets/GD32F303_BearPi/Src\gd32f30x_it.c **** /*!
  52:C:/Users/dtjld/Desktop/AIoT_software/LiteOS_Lab_overseas/LiteOS_Lab/targets/GD32F303_BearPi/Src\gd32f30x_it.c ****     \brief      this function handles HardFault exception
  53:C:/Users/dtjld/Desktop/AIoT_software/LiteOS_Lab_overseas/LiteOS_Lab/targets/GD32F303_BearPi/Src\gd32f30x_it.c ****     \param[in]  none
  54:C:/Users/dtjld/Desktop/AIoT_software/LiteOS_Lab_overseas/LiteOS_Lab/targets/GD32F303_BearPi/Src\gd32f30x_it.c ****     \param[out] none
ARM GAS  C:\Users\dtjld\AppData\Local\Temp\ccok5qOG.s 			page 3


  55:C:/Users/dtjld/Desktop/AIoT_software/LiteOS_Lab_overseas/LiteOS_Lab/targets/GD32F303_BearPi/Src\gd32f30x_it.c ****     \retval     none
  56:C:/Users/dtjld/Desktop/AIoT_software/LiteOS_Lab_overseas/LiteOS_Lab/targets/GD32F303_BearPi/Src\gd32f30x_it.c **** */
  57:C:/Users/dtjld/Desktop/AIoT_software/LiteOS_Lab_overseas/LiteOS_Lab/targets/GD32F303_BearPi/Src\gd32f30x_it.c **** void HardFault_Handler(void)
  58:C:/Users/dtjld/Desktop/AIoT_software/LiteOS_Lab_overseas/LiteOS_Lab/targets/GD32F303_BearPi/Src\gd32f30x_it.c **** {
  64              		.loc 1 58 0
  65              		.cfi_startproc
  66              		@ args = 0, pretend = 0, frame = 0
  67              		@ frame_needed = 1, uses_anonymous_args = 0
  68              		@ link register save eliminated.
  69 0000 80B4     		push	{r7}
  70              	.LCFI4:
  71              		.cfi_def_cfa_offset 4
  72              		.cfi_offset 7, -4
  73 0002 00AF     		add	r7, sp, #0
  74              	.LCFI5:
  75              		.cfi_def_cfa_register 7
  76              	.L3:
  59:C:/Users/dtjld/Desktop/AIoT_software/LiteOS_Lab_overseas/LiteOS_Lab/targets/GD32F303_BearPi/Src\gd32f30x_it.c ****     /* if Hard Fault exception occurs, go to infinite loop */
  60:C:/Users/dtjld/Desktop/AIoT_software/LiteOS_Lab_overseas/LiteOS_Lab/targets/GD32F303_BearPi/Src\gd32f30x_it.c ****     while (1){
  77              		.loc 1 60 0 discriminator 1
  78 0004 FEE7     		b	.L3
  79              		.cfi_endproc
  80              	.LFE124:
  82              		.section	.text.MemManage_Handler,"ax",%progbits
  83              		.align	1
  84              		.global	MemManage_Handler
  85              		.syntax unified
  86              		.thumb
  87              		.thumb_func
  88              		.fpu fpv4-sp-d16
  90              	MemManage_Handler:
  91              	.LFB125:
  61:C:/Users/dtjld/Desktop/AIoT_software/LiteOS_Lab_overseas/LiteOS_Lab/targets/GD32F303_BearPi/Src\gd32f30x_it.c ****     }
  62:C:/Users/dtjld/Desktop/AIoT_software/LiteOS_Lab_overseas/LiteOS_Lab/targets/GD32F303_BearPi/Src\gd32f30x_it.c **** }
  63:C:/Users/dtjld/Desktop/AIoT_software/LiteOS_Lab_overseas/LiteOS_Lab/targets/GD32F303_BearPi/Src\gd32f30x_it.c **** 
  64:C:/Users/dtjld/Desktop/AIoT_software/LiteOS_Lab_overseas/LiteOS_Lab/targets/GD32F303_BearPi/Src\gd32f30x_it.c **** /*!
  65:C:/Users/dtjld/Desktop/AIoT_software/LiteOS_Lab_overseas/LiteOS_Lab/targets/GD32F303_BearPi/Src\gd32f30x_it.c ****     \brief      this function handles MemManage exception
  66:C:/Users/dtjld/Desktop/AIoT_software/LiteOS_Lab_overseas/LiteOS_Lab/targets/GD32F303_BearPi/Src\gd32f30x_it.c ****     \param[in]  none
  67:C:/Users/dtjld/Desktop/AIoT_software/LiteOS_Lab_overseas/LiteOS_Lab/targets/GD32F303_BearPi/Src\gd32f30x_it.c ****     \param[out] none
  68:C:/Users/dtjld/Desktop/AIoT_software/LiteOS_Lab_overseas/LiteOS_Lab/targets/GD32F303_BearPi/Src\gd32f30x_it.c ****     \retval     none
  69:C:/Users/dtjld/Desktop/AIoT_software/LiteOS_Lab_overseas/LiteOS_Lab/targets/GD32F303_BearPi/Src\gd32f30x_it.c **** */
  70:C:/Users/dtjld/Desktop/AIoT_software/LiteOS_Lab_overseas/LiteOS_Lab/targets/GD32F303_BearPi/Src\gd32f30x_it.c **** void MemManage_Handler(void)
  71:C:/Users/dtjld/Desktop/AIoT_software/LiteOS_Lab_overseas/LiteOS_Lab/targets/GD32F303_BearPi/Src\gd32f30x_it.c **** {
  92              		.loc 1 71 0
  93              		.cfi_startproc
  94              		@ args = 0, pretend = 0, frame = 0
  95              		@ frame_needed = 1, uses_anonymous_args = 0
  96              		@ link register save eliminated.
  97 0000 80B4     		push	{r7}
  98              	.LCFI6:
  99              		.cfi_def_cfa_offset 4
 100              		.cfi_offset 7, -4
 101 0002 00AF     		add	r7, sp, #0
 102              	.LCFI7:
 103              		.cfi_def_cfa_register 7
 104              	.L5:
  72:C:/Users/dtjld/Desktop/AIoT_software/LiteOS_Lab_overseas/LiteOS_Lab/targets/GD32F303_BearPi/Src\gd32f30x_it.c ****     /* if Memory Manage exception occurs, go to infinite loop */
ARM GAS  C:\Users\dtjld\AppData\Local\Temp\ccok5qOG.s 			page 4


  73:C:/Users/dtjld/Desktop/AIoT_software/LiteOS_Lab_overseas/LiteOS_Lab/targets/GD32F303_BearPi/Src\gd32f30x_it.c ****     while (1){
 105              		.loc 1 73 0 discriminator 1
 106 0004 FEE7     		b	.L5
 107              		.cfi_endproc
 108              	.LFE125:
 110              		.section	.text.BusFault_Handler,"ax",%progbits
 111              		.align	1
 112              		.global	BusFault_Handler
 113              		.syntax unified
 114              		.thumb
 115              		.thumb_func
 116              		.fpu fpv4-sp-d16
 118              	BusFault_Handler:
 119              	.LFB126:
  74:C:/Users/dtjld/Desktop/AIoT_software/LiteOS_Lab_overseas/LiteOS_Lab/targets/GD32F303_BearPi/Src\gd32f30x_it.c ****     }
  75:C:/Users/dtjld/Desktop/AIoT_software/LiteOS_Lab_overseas/LiteOS_Lab/targets/GD32F303_BearPi/Src\gd32f30x_it.c **** }
  76:C:/Users/dtjld/Desktop/AIoT_software/LiteOS_Lab_overseas/LiteOS_Lab/targets/GD32F303_BearPi/Src\gd32f30x_it.c **** 
  77:C:/Users/dtjld/Desktop/AIoT_software/LiteOS_Lab_overseas/LiteOS_Lab/targets/GD32F303_BearPi/Src\gd32f30x_it.c **** /*!
  78:C:/Users/dtjld/Desktop/AIoT_software/LiteOS_Lab_overseas/LiteOS_Lab/targets/GD32F303_BearPi/Src\gd32f30x_it.c ****     \brief      this function handles BusFault exception
  79:C:/Users/dtjld/Desktop/AIoT_software/LiteOS_Lab_overseas/LiteOS_Lab/targets/GD32F303_BearPi/Src\gd32f30x_it.c ****     \param[in]  none
  80:C:/Users/dtjld/Desktop/AIoT_software/LiteOS_Lab_overseas/LiteOS_Lab/targets/GD32F303_BearPi/Src\gd32f30x_it.c ****     \param[out] none
  81:C:/Users/dtjld/Desktop/AIoT_software/LiteOS_Lab_overseas/LiteOS_Lab/targets/GD32F303_BearPi/Src\gd32f30x_it.c ****     \retval     none
  82:C:/Users/dtjld/Desktop/AIoT_software/LiteOS_Lab_overseas/LiteOS_Lab/targets/GD32F303_BearPi/Src\gd32f30x_it.c **** */
  83:C:/Users/dtjld/Desktop/AIoT_software/LiteOS_Lab_overseas/LiteOS_Lab/targets/GD32F303_BearPi/Src\gd32f30x_it.c **** void BusFault_Handler(void)
  84:C:/Users/dtjld/Desktop/AIoT_software/LiteOS_Lab_overseas/LiteOS_Lab/targets/GD32F303_BearPi/Src\gd32f30x_it.c **** {
 120              		.loc 1 84 0
 121              		.cfi_startproc
 122              		@ args = 0, pretend = 0, frame = 0
 123              		@ frame_needed = 1, uses_anonymous_args = 0
 124              		@ link register save eliminated.
 125 0000 80B4     		push	{r7}
 126              	.LCFI8:
 127              		.cfi_def_cfa_offset 4
 128              		.cfi_offset 7, -4
 129 0002 00AF     		add	r7, sp, #0
 130              	.LCFI9:
 131              		.cfi_def_cfa_register 7
 132              	.L7:
  85:C:/Users/dtjld/Desktop/AIoT_software/LiteOS_Lab_overseas/LiteOS_Lab/targets/GD32F303_BearPi/Src\gd32f30x_it.c ****     /* if Bus Fault exception occurs, go to infinite loop */
  86:C:/Users/dtjld/Desktop/AIoT_software/LiteOS_Lab_overseas/LiteOS_Lab/targets/GD32F303_BearPi/Src\gd32f30x_it.c ****     while (1){
 133              		.loc 1 86 0 discriminator 1
 134 0004 FEE7     		b	.L7
 135              		.cfi_endproc
 136              	.LFE126:
 138              		.section	.text.UsageFault_Handler,"ax",%progbits
 139              		.align	1
 140              		.global	UsageFault_Handler
 141              		.syntax unified
 142              		.thumb
 143              		.thumb_func
 144              		.fpu fpv4-sp-d16
 146              	UsageFault_Handler:
 147              	.LFB127:
  87:C:/Users/dtjld/Desktop/AIoT_software/LiteOS_Lab_overseas/LiteOS_Lab/targets/GD32F303_BearPi/Src\gd32f30x_it.c ****     }
  88:C:/Users/dtjld/Desktop/AIoT_software/LiteOS_Lab_overseas/LiteOS_Lab/targets/GD32F303_BearPi/Src\gd32f30x_it.c **** }
  89:C:/Users/dtjld/Desktop/AIoT_software/LiteOS_Lab_overseas/LiteOS_Lab/targets/GD32F303_BearPi/Src\gd32f30x_it.c **** 
  90:C:/Users/dtjld/Desktop/AIoT_software/LiteOS_Lab_overseas/LiteOS_Lab/targets/GD32F303_BearPi/Src\gd32f30x_it.c **** /*!
ARM GAS  C:\Users\dtjld\AppData\Local\Temp\ccok5qOG.s 			page 5


  91:C:/Users/dtjld/Desktop/AIoT_software/LiteOS_Lab_overseas/LiteOS_Lab/targets/GD32F303_BearPi/Src\gd32f30x_it.c ****     \brief      this function handles UsageFault exception
  92:C:/Users/dtjld/Desktop/AIoT_software/LiteOS_Lab_overseas/LiteOS_Lab/targets/GD32F303_BearPi/Src\gd32f30x_it.c ****     \param[in]  none
  93:C:/Users/dtjld/Desktop/AIoT_software/LiteOS_Lab_overseas/LiteOS_Lab/targets/GD32F303_BearPi/Src\gd32f30x_it.c ****     \param[out] none
  94:C:/Users/dtjld/Desktop/AIoT_software/LiteOS_Lab_overseas/LiteOS_Lab/targets/GD32F303_BearPi/Src\gd32f30x_it.c ****     \retval     none
  95:C:/Users/dtjld/Desktop/AIoT_software/LiteOS_Lab_overseas/LiteOS_Lab/targets/GD32F303_BearPi/Src\gd32f30x_it.c **** */
  96:C:/Users/dtjld/Desktop/AIoT_software/LiteOS_Lab_overseas/LiteOS_Lab/targets/GD32F303_BearPi/Src\gd32f30x_it.c **** void UsageFault_Handler(void)
  97:C:/Users/dtjld/Desktop/AIoT_software/LiteOS_Lab_overseas/LiteOS_Lab/targets/GD32F303_BearPi/Src\gd32f30x_it.c **** {
 148              		.loc 1 97 0
 149              		.cfi_startproc
 150              		@ args = 0, pretend = 0, frame = 0
 151              		@ frame_needed = 1, uses_anonymous_args = 0
 152              		@ link register save eliminated.
 153 0000 80B4     		push	{r7}
 154              	.LCFI10:
 155              		.cfi_def_cfa_offset 4
 156              		.cfi_offset 7, -4
 157 0002 00AF     		add	r7, sp, #0
 158              	.LCFI11:
 159              		.cfi_def_cfa_register 7
 160              	.L9:
  98:C:/Users/dtjld/Desktop/AIoT_software/LiteOS_Lab_overseas/LiteOS_Lab/targets/GD32F303_BearPi/Src\gd32f30x_it.c ****     /* if Usage Fault exception occurs, go to infinite loop */
  99:C:/Users/dtjld/Desktop/AIoT_software/LiteOS_Lab_overseas/LiteOS_Lab/targets/GD32F303_BearPi/Src\gd32f30x_it.c ****     while (1){
 161              		.loc 1 99 0 discriminator 1
 162 0004 FEE7     		b	.L9
 163              		.cfi_endproc
 164              	.LFE127:
 166              		.section	.text.SVC_Handler,"ax",%progbits
 167              		.align	1
 168              		.global	SVC_Handler
 169              		.syntax unified
 170              		.thumb
 171              		.thumb_func
 172              		.fpu fpv4-sp-d16
 174              	SVC_Handler:
 175              	.LFB128:
 100:C:/Users/dtjld/Desktop/AIoT_software/LiteOS_Lab_overseas/LiteOS_Lab/targets/GD32F303_BearPi/Src\gd32f30x_it.c ****     }
 101:C:/Users/dtjld/Desktop/AIoT_software/LiteOS_Lab_overseas/LiteOS_Lab/targets/GD32F303_BearPi/Src\gd32f30x_it.c **** }
 102:C:/Users/dtjld/Desktop/AIoT_software/LiteOS_Lab_overseas/LiteOS_Lab/targets/GD32F303_BearPi/Src\gd32f30x_it.c **** 
 103:C:/Users/dtjld/Desktop/AIoT_software/LiteOS_Lab_overseas/LiteOS_Lab/targets/GD32F303_BearPi/Src\gd32f30x_it.c **** /*!
 104:C:/Users/dtjld/Desktop/AIoT_software/LiteOS_Lab_overseas/LiteOS_Lab/targets/GD32F303_BearPi/Src\gd32f30x_it.c ****     \brief      this function handles SVC exception
 105:C:/Users/dtjld/Desktop/AIoT_software/LiteOS_Lab_overseas/LiteOS_Lab/targets/GD32F303_BearPi/Src\gd32f30x_it.c ****     \param[in]  none
 106:C:/Users/dtjld/Desktop/AIoT_software/LiteOS_Lab_overseas/LiteOS_Lab/targets/GD32F303_BearPi/Src\gd32f30x_it.c ****     \param[out] none
 107:C:/Users/dtjld/Desktop/AIoT_software/LiteOS_Lab_overseas/LiteOS_Lab/targets/GD32F303_BearPi/Src\gd32f30x_it.c ****     \retval     none
 108:C:/Users/dtjld/Desktop/AIoT_software/LiteOS_Lab_overseas/LiteOS_Lab/targets/GD32F303_BearPi/Src\gd32f30x_it.c **** */
 109:C:/Users/dtjld/Desktop/AIoT_software/LiteOS_Lab_overseas/LiteOS_Lab/targets/GD32F303_BearPi/Src\gd32f30x_it.c **** void SVC_Handler(void)
 110:C:/Users/dtjld/Desktop/AIoT_software/LiteOS_Lab_overseas/LiteOS_Lab/targets/GD32F303_BearPi/Src\gd32f30x_it.c **** {
 176              		.loc 1 110 0
 177              		.cfi_startproc
 178              		@ args = 0, pretend = 0, frame = 0
 179              		@ frame_needed = 1, uses_anonymous_args = 0
 180              		@ link register save eliminated.
 181 0000 80B4     		push	{r7}
 182              	.LCFI12:
 183              		.cfi_def_cfa_offset 4
 184              		.cfi_offset 7, -4
 185 0002 00AF     		add	r7, sp, #0
 186              	.LCFI13:
ARM GAS  C:\Users\dtjld\AppData\Local\Temp\ccok5qOG.s 			page 6


 187              		.cfi_def_cfa_register 7
 111:C:/Users/dtjld/Desktop/AIoT_software/LiteOS_Lab_overseas/LiteOS_Lab/targets/GD32F303_BearPi/Src\gd32f30x_it.c **** }
 188              		.loc 1 111 0
 189 0004 00BF     		nop
 190 0006 BD46     		mov	sp, r7
 191              	.LCFI14:
 192              		.cfi_def_cfa_register 13
 193              		@ sp needed
 194 0008 5DF8047B 		ldr	r7, [sp], #4
 195              	.LCFI15:
 196              		.cfi_restore 7
 197              		.cfi_def_cfa_offset 0
 198 000c 7047     		bx	lr
 199              		.cfi_endproc
 200              	.LFE128:
 202              		.section	.text.DebugMon_Handler,"ax",%progbits
 203              		.align	1
 204              		.global	DebugMon_Handler
 205              		.syntax unified
 206              		.thumb
 207              		.thumb_func
 208              		.fpu fpv4-sp-d16
 210              	DebugMon_Handler:
 211              	.LFB129:
 112:C:/Users/dtjld/Desktop/AIoT_software/LiteOS_Lab_overseas/LiteOS_Lab/targets/GD32F303_BearPi/Src\gd32f30x_it.c **** 
 113:C:/Users/dtjld/Desktop/AIoT_software/LiteOS_Lab_overseas/LiteOS_Lab/targets/GD32F303_BearPi/Src\gd32f30x_it.c **** /*!
 114:C:/Users/dtjld/Desktop/AIoT_software/LiteOS_Lab_overseas/LiteOS_Lab/targets/GD32F303_BearPi/Src\gd32f30x_it.c ****     \brief      this function handles DebugMon exception
 115:C:/Users/dtjld/Desktop/AIoT_software/LiteOS_Lab_overseas/LiteOS_Lab/targets/GD32F303_BearPi/Src\gd32f30x_it.c ****     \param[in]  none
 116:C:/Users/dtjld/Desktop/AIoT_software/LiteOS_Lab_overseas/LiteOS_Lab/targets/GD32F303_BearPi/Src\gd32f30x_it.c ****     \param[out] none
 117:C:/Users/dtjld/Desktop/AIoT_software/LiteOS_Lab_overseas/LiteOS_Lab/targets/GD32F303_BearPi/Src\gd32f30x_it.c ****     \retval     none
 118:C:/Users/dtjld/Desktop/AIoT_software/LiteOS_Lab_overseas/LiteOS_Lab/targets/GD32F303_BearPi/Src\gd32f30x_it.c **** */
 119:C:/Users/dtjld/Desktop/AIoT_software/LiteOS_Lab_overseas/LiteOS_Lab/targets/GD32F303_BearPi/Src\gd32f30x_it.c **** void DebugMon_Handler(void)
 120:C:/Users/dtjld/Desktop/AIoT_software/LiteOS_Lab_overseas/LiteOS_Lab/targets/GD32F303_BearPi/Src\gd32f30x_it.c **** {
 212              		.loc 1 120 0
 213              		.cfi_startproc
 214              		@ args = 0, pretend = 0, frame = 0
 215              		@ frame_needed = 1, uses_anonymous_args = 0
 216              		@ link register save eliminated.
 217 0000 80B4     		push	{r7}
 218              	.LCFI16:
 219              		.cfi_def_cfa_offset 4
 220              		.cfi_offset 7, -4
 221 0002 00AF     		add	r7, sp, #0
 222              	.LCFI17:
 223              		.cfi_def_cfa_register 7
 121:C:/Users/dtjld/Desktop/AIoT_software/LiteOS_Lab_overseas/LiteOS_Lab/targets/GD32F303_BearPi/Src\gd32f30x_it.c **** }
 224              		.loc 1 121 0
 225 0004 00BF     		nop
 226 0006 BD46     		mov	sp, r7
 227              	.LCFI18:
 228              		.cfi_def_cfa_register 13
 229              		@ sp needed
 230 0008 5DF8047B 		ldr	r7, [sp], #4
 231              	.LCFI19:
 232              		.cfi_restore 7
 233              		.cfi_def_cfa_offset 0
 234 000c 7047     		bx	lr
ARM GAS  C:\Users\dtjld\AppData\Local\Temp\ccok5qOG.s 			page 7


 235              		.cfi_endproc
 236              	.LFE129:
 238              		.section	.text.PendSV_Handler,"ax",%progbits
 239              		.align	1
 240              		.weak	PendSV_Handler
 241              		.syntax unified
 242              		.thumb
 243              		.thumb_func
 244              		.fpu fpv4-sp-d16
 246              	PendSV_Handler:
 247              	.LFB130:
 122:C:/Users/dtjld/Desktop/AIoT_software/LiteOS_Lab_overseas/LiteOS_Lab/targets/GD32F303_BearPi/Src\gd32f30x_it.c **** 
 123:C:/Users/dtjld/Desktop/AIoT_software/LiteOS_Lab_overseas/LiteOS_Lab/targets/GD32F303_BearPi/Src\gd32f30x_it.c **** /*!
 124:C:/Users/dtjld/Desktop/AIoT_software/LiteOS_Lab_overseas/LiteOS_Lab/targets/GD32F303_BearPi/Src\gd32f30x_it.c ****     \brief      this function handles PendSV exception
 125:C:/Users/dtjld/Desktop/AIoT_software/LiteOS_Lab_overseas/LiteOS_Lab/targets/GD32F303_BearPi/Src\gd32f30x_it.c ****     \param[in]  none
 126:C:/Users/dtjld/Desktop/AIoT_software/LiteOS_Lab_overseas/LiteOS_Lab/targets/GD32F303_BearPi/Src\gd32f30x_it.c ****     \param[out] none
 127:C:/Users/dtjld/Desktop/AIoT_software/LiteOS_Lab_overseas/LiteOS_Lab/targets/GD32F303_BearPi/Src\gd32f30x_it.c ****     \retval     none
 128:C:/Users/dtjld/Desktop/AIoT_software/LiteOS_Lab_overseas/LiteOS_Lab/targets/GD32F303_BearPi/Src\gd32f30x_it.c **** */
 129:C:/Users/dtjld/Desktop/AIoT_software/LiteOS_Lab_overseas/LiteOS_Lab/targets/GD32F303_BearPi/Src\gd32f30x_it.c **** __attribute__((weak)) void PendSV_Handler(void)
 130:C:/Users/dtjld/Desktop/AIoT_software/LiteOS_Lab_overseas/LiteOS_Lab/targets/GD32F303_BearPi/Src\gd32f30x_it.c **** {
 248              		.loc 1 130 0
 249              		.cfi_startproc
 250              		@ args = 0, pretend = 0, frame = 0
 251              		@ frame_needed = 1, uses_anonymous_args = 0
 252              		@ link register save eliminated.
 253 0000 80B4     		push	{r7}
 254              	.LCFI20:
 255              		.cfi_def_cfa_offset 4
 256              		.cfi_offset 7, -4
 257 0002 00AF     		add	r7, sp, #0
 258              	.LCFI21:
 259              		.cfi_def_cfa_register 7
 131:C:/Users/dtjld/Desktop/AIoT_software/LiteOS_Lab_overseas/LiteOS_Lab/targets/GD32F303_BearPi/Src\gd32f30x_it.c **** }
 260              		.loc 1 131 0
 261 0004 00BF     		nop
 262 0006 BD46     		mov	sp, r7
 263              	.LCFI22:
 264              		.cfi_def_cfa_register 13
 265              		@ sp needed
 266 0008 5DF8047B 		ldr	r7, [sp], #4
 267              	.LCFI23:
 268              		.cfi_restore 7
 269              		.cfi_def_cfa_offset 0
 270 000c 7047     		bx	lr
 271              		.cfi_endproc
 272              	.LFE130:
 274              		.section	.text.SysTick_Handler,"ax",%progbits
 275              		.align	1
 276              		.weak	SysTick_Handler
 277              		.syntax unified
 278              		.thumb
 279              		.thumb_func
 280              		.fpu fpv4-sp-d16
 282              	SysTick_Handler:
 283              	.LFB131:
 132:C:/Users/dtjld/Desktop/AIoT_software/LiteOS_Lab_overseas/LiteOS_Lab/targets/GD32F303_BearPi/Src\gd32f30x_it.c **** 
 133:C:/Users/dtjld/Desktop/AIoT_software/LiteOS_Lab_overseas/LiteOS_Lab/targets/GD32F303_BearPi/Src\gd32f30x_it.c **** /*!
ARM GAS  C:\Users\dtjld\AppData\Local\Temp\ccok5qOG.s 			page 8


 134:C:/Users/dtjld/Desktop/AIoT_software/LiteOS_Lab_overseas/LiteOS_Lab/targets/GD32F303_BearPi/Src\gd32f30x_it.c ****     \brief      this function handles SysTick exception
 135:C:/Users/dtjld/Desktop/AIoT_software/LiteOS_Lab_overseas/LiteOS_Lab/targets/GD32F303_BearPi/Src\gd32f30x_it.c ****     \param[in]  none
 136:C:/Users/dtjld/Desktop/AIoT_software/LiteOS_Lab_overseas/LiteOS_Lab/targets/GD32F303_BearPi/Src\gd32f30x_it.c ****     \param[out] none
 137:C:/Users/dtjld/Desktop/AIoT_software/LiteOS_Lab_overseas/LiteOS_Lab/targets/GD32F303_BearPi/Src\gd32f30x_it.c ****     \retval     none
 138:C:/Users/dtjld/Desktop/AIoT_software/LiteOS_Lab_overseas/LiteOS_Lab/targets/GD32F303_BearPi/Src\gd32f30x_it.c **** */
 139:C:/Users/dtjld/Desktop/AIoT_software/LiteOS_Lab_overseas/LiteOS_Lab/targets/GD32F303_BearPi/Src\gd32f30x_it.c **** __attribute__((weak)) void SysTick_Handler(void)
 140:C:/Users/dtjld/Desktop/AIoT_software/LiteOS_Lab_overseas/LiteOS_Lab/targets/GD32F303_BearPi/Src\gd32f30x_it.c **** {
 284              		.loc 1 140 0
 285              		.cfi_startproc
 286              		@ args = 0, pretend = 0, frame = 0
 287              		@ frame_needed = 1, uses_anonymous_args = 0
 288 0000 80B5     		push	{r7, lr}
 289              	.LCFI24:
 290              		.cfi_def_cfa_offset 8
 291              		.cfi_offset 7, -8
 292              		.cfi_offset 14, -4
 293 0002 00AF     		add	r7, sp, #0
 294              	.LCFI25:
 295              		.cfi_def_cfa_register 7
 141:C:/Users/dtjld/Desktop/AIoT_software/LiteOS_Lab_overseas/LiteOS_Lab/targets/GD32F303_BearPi/Src\gd32f30x_it.c ****     delay_decrement();
 296              		.loc 1 141 0
 297 0004 FFF7FEFF 		bl	delay_decrement
 142:C:/Users/dtjld/Desktop/AIoT_software/LiteOS_Lab_overseas/LiteOS_Lab/targets/GD32F303_BearPi/Src\gd32f30x_it.c **** }
 298              		.loc 1 142 0
 299 0008 00BF     		nop
 300 000a 80BD     		pop	{r7, pc}
 301              		.cfi_endproc
 302              	.LFE131:
 304              		.text
 305              	.Letext0:
 306              		.file 2 "c:\\ac6\\systemworkbench\\plugins\\fr.ac6.mcu.externaltools.arm-none.win32_1.16.0.2018071
 307              		.file 3 "c:\\ac6\\systemworkbench\\plugins\\fr.ac6.mcu.externaltools.arm-none.win32_1.16.0.2018071
 308              		.file 4 "C:/Users/dtjld/Desktop/AIoT_software/LiteOS_Lab_overseas/LiteOS_Lab/iot_link/os/liteos/ar
 309              		.file 5 "C:/Users/dtjld/Desktop/AIoT_software/LiteOS_Lab_overseas/LiteOS_Lab/targets/GD32F303_Bear
 310              		.file 6 "c:\\ac6\\systemworkbench\\plugins\\fr.ac6.mcu.externaltools.arm-none.win32_1.16.0.2018071
 311              		.file 7 "c:\\ac6\\systemworkbench\\plugins\\fr.ac6.mcu.externaltools.arm-none.win32_1.16.0.2018071
 312              		.file 8 "c:\\ac6\\systemworkbench\\plugins\\fr.ac6.mcu.externaltools.arm-none.win32_1.16.0.2018071
 313              		.file 9 "c:\\ac6\\systemworkbench\\plugins\\fr.ac6.mcu.externaltools.arm-none.win32_1.16.0.2018071
 314              		.file 10 "c:\\ac6\\systemworkbench\\plugins\\fr.ac6.mcu.externaltools.arm-none.win32_1.16.0.201807
ARM GAS  C:\Users\dtjld\AppData\Local\Temp\ccok5qOG.s 			page 9


DEFINED SYMBOLS
                            *ABS*:00000000 gd32f30x_it.c
C:\Users\dtjld\AppData\Local\Temp\ccok5qOG.s:18     .text.NMI_Handler:00000000 $t
C:\Users\dtjld\AppData\Local\Temp\ccok5qOG.s:25     .text.NMI_Handler:00000000 NMI_Handler
C:\Users\dtjld\AppData\Local\Temp\ccok5qOG.s:55     .text.HardFault_Handler:00000000 $t
C:\Users\dtjld\AppData\Local\Temp\ccok5qOG.s:62     .text.HardFault_Handler:00000000 HardFault_Handler
C:\Users\dtjld\AppData\Local\Temp\ccok5qOG.s:83     .text.MemManage_Handler:00000000 $t
C:\Users\dtjld\AppData\Local\Temp\ccok5qOG.s:90     .text.MemManage_Handler:00000000 MemManage_Handler
C:\Users\dtjld\AppData\Local\Temp\ccok5qOG.s:111    .text.BusFault_Handler:00000000 $t
C:\Users\dtjld\AppData\Local\Temp\ccok5qOG.s:118    .text.BusFault_Handler:00000000 BusFault_Handler
C:\Users\dtjld\AppData\Local\Temp\ccok5qOG.s:139    .text.UsageFault_Handler:00000000 $t
C:\Users\dtjld\AppData\Local\Temp\ccok5qOG.s:146    .text.UsageFault_Handler:00000000 UsageFault_Handler
C:\Users\dtjld\AppData\Local\Temp\ccok5qOG.s:167    .text.SVC_Handler:00000000 $t
C:\Users\dtjld\AppData\Local\Temp\ccok5qOG.s:174    .text.SVC_Handler:00000000 SVC_Handler
C:\Users\dtjld\AppData\Local\Temp\ccok5qOG.s:203    .text.DebugMon_Handler:00000000 $t
C:\Users\dtjld\AppData\Local\Temp\ccok5qOG.s:210    .text.DebugMon_Handler:00000000 DebugMon_Handler
C:\Users\dtjld\AppData\Local\Temp\ccok5qOG.s:239    .text.PendSV_Handler:00000000 $t
C:\Users\dtjld\AppData\Local\Temp\ccok5qOG.s:246    .text.PendSV_Handler:00000000 PendSV_Handler
C:\Users\dtjld\AppData\Local\Temp\ccok5qOG.s:275    .text.SysTick_Handler:00000000 $t
C:\Users\dtjld\AppData\Local\Temp\ccok5qOG.s:282    .text.SysTick_Handler:00000000 SysTick_Handler

UNDEFINED SYMBOLS
delay_decrement
