ARM GAS  C:\Users\dtjld\AppData\Local\Temp\ccMuKJlr.s 			page 1


   1              		.cpu cortex-m4
   2              		.eabi_attribute 27, 1
   3              		.eabi_attribute 28, 1
   4              		.eabi_attribute 20, 1
   5              		.eabi_attribute 21, 1
   6              		.eabi_attribute 23, 3
   7              		.eabi_attribute 24, 1
   8              		.eabi_attribute 25, 1
   9              		.eabi_attribute 26, 1
  10              		.eabi_attribute 30, 6
  11              		.eabi_attribute 34, 1
  12              		.eabi_attribute 18, 4
  13              		.file	"link_main.c"
  14              		.text
  15              	.Ltext0:
  16              		.cfi_sections	.debug_frame
  17              		.section	.rodata
  18              		.align	2
  19              	.LC0:
  20 0000 706C6561 		.ascii	"please remember to supply a netdriver---- please\012"
  20      73652072 
  20      656D656D 
  20      62657220 
  20      746F2073 
  21 0031 0D00     		.ascii	"\015\000"
  22              		.section	.text.netdriver_install,"ax",%progbits
  23              		.align	1
  24              		.weak	netdriver_install
  25              		.syntax unified
  26              		.thumb
  27              		.thumb_func
  28              		.fpu fpv4-sp-d16
  30              	netdriver_install:
  31              	.LFB3:
  32              		.file 1 "C:/Users/dtjld/Desktop/AIoT_software/LiteOS_Lab_overseas/LiteOS_Lab/iot_link/link_main.c"
   1:C:/Users/dtjld/Desktop/AIoT_software/LiteOS_Lab_overseas/LiteOS_Lab/iot_link\link_main.c **** /*----------------------------------------------------------------------------
   2:C:/Users/dtjld/Desktop/AIoT_software/LiteOS_Lab_overseas/LiteOS_Lab/iot_link\link_main.c ****  * Copyright (c) <2018>, <Huawei Technologies Co., Ltd>
   3:C:/Users/dtjld/Desktop/AIoT_software/LiteOS_Lab_overseas/LiteOS_Lab/iot_link\link_main.c ****  * All rights reserved.
   4:C:/Users/dtjld/Desktop/AIoT_software/LiteOS_Lab_overseas/LiteOS_Lab/iot_link\link_main.c ****  * Redistribution and use in source and binary forms, with or without modification,
   5:C:/Users/dtjld/Desktop/AIoT_software/LiteOS_Lab_overseas/LiteOS_Lab/iot_link\link_main.c ****  * are permitted provided that the following conditions are met:
   6:C:/Users/dtjld/Desktop/AIoT_software/LiteOS_Lab_overseas/LiteOS_Lab/iot_link\link_main.c ****  * 1. Redistributions of source code must retain the above copyright notice, this list of
   7:C:/Users/dtjld/Desktop/AIoT_software/LiteOS_Lab_overseas/LiteOS_Lab/iot_link\link_main.c ****  * conditions and the following disclaimer.
   8:C:/Users/dtjld/Desktop/AIoT_software/LiteOS_Lab_overseas/LiteOS_Lab/iot_link\link_main.c ****  * 2. Redistributions in binary form must reproduce the above copyright notice, this list
   9:C:/Users/dtjld/Desktop/AIoT_software/LiteOS_Lab_overseas/LiteOS_Lab/iot_link\link_main.c ****  * of conditions and the following disclaimer in the documentation and/or other materials
  10:C:/Users/dtjld/Desktop/AIoT_software/LiteOS_Lab_overseas/LiteOS_Lab/iot_link\link_main.c ****  * provided with the distribution.
  11:C:/Users/dtjld/Desktop/AIoT_software/LiteOS_Lab_overseas/LiteOS_Lab/iot_link\link_main.c ****  * 3. Neither the name of the copyright holder nor the names of its contributors may be used
  12:C:/Users/dtjld/Desktop/AIoT_software/LiteOS_Lab_overseas/LiteOS_Lab/iot_link\link_main.c ****  * to endorse or promote products derived from this software without specific prior written
  13:C:/Users/dtjld/Desktop/AIoT_software/LiteOS_Lab_overseas/LiteOS_Lab/iot_link\link_main.c ****  * permission.
  14:C:/Users/dtjld/Desktop/AIoT_software/LiteOS_Lab_overseas/LiteOS_Lab/iot_link\link_main.c ****  * THIS SOFTWARE IS PROVIDED BY THE COPYRIGHT HOLDERS AND CONTRIBUTORS
  15:C:/Users/dtjld/Desktop/AIoT_software/LiteOS_Lab_overseas/LiteOS_Lab/iot_link\link_main.c ****  * "AS IS" AND ANY EXPRESS OR IMPLIED WARRANTIES, INCLUDING, BUT NOT LIMITED TO,
  16:C:/Users/dtjld/Desktop/AIoT_software/LiteOS_Lab_overseas/LiteOS_Lab/iot_link\link_main.c ****  * THE IMPLIED WARRANTIES OF MERCHANTABILITY AND FITNESS FOR A PARTICULAR
  17:C:/Users/dtjld/Desktop/AIoT_software/LiteOS_Lab_overseas/LiteOS_Lab/iot_link\link_main.c ****  * PURPOSE ARE DISCLAIMED. IN NO EVENT SHALL THE COPYRIGHT HOLDER OR
  18:C:/Users/dtjld/Desktop/AIoT_software/LiteOS_Lab_overseas/LiteOS_Lab/iot_link\link_main.c ****  * CONTRIBUTORS BE LIABLE FOR ANY DIRECT, INDIRECT, INCIDENTAL, SPECIAL,
  19:C:/Users/dtjld/Desktop/AIoT_software/LiteOS_Lab_overseas/LiteOS_Lab/iot_link\link_main.c ****  * EXEMPLARY, OR CONSEQUENTIAL DAMAGES (INCLUDING, BUT NOT LIMITED TO,
  20:C:/Users/dtjld/Desktop/AIoT_software/LiteOS_Lab_overseas/LiteOS_Lab/iot_link\link_main.c ****  * PROCUREMENT OF SUBSTITUTE GOODS OR SERVICES; LOSS OF USE, DATA, OR PROFITS;
  21:C:/Users/dtjld/Desktop/AIoT_software/LiteOS_Lab_overseas/LiteOS_Lab/iot_link\link_main.c ****  * OR BUSINESS INTERRUPTION) HOWEVER CAUSED AND ON ANY THEORY OF LIABILITY,
  22:C:/Users/dtjld/Desktop/AIoT_software/LiteOS_Lab_overseas/LiteOS_Lab/iot_link\link_main.c ****  * WHETHER IN CONTRACT, STRICT LIABILITY, OR TORT (INCLUDING NEGLIGENCE OR
ARM GAS  C:\Users\dtjld\AppData\Local\Temp\ccMuKJlr.s 			page 2


  23:C:/Users/dtjld/Desktop/AIoT_software/LiteOS_Lab_overseas/LiteOS_Lab/iot_link\link_main.c ****  * OTHERWISE) ARISING IN ANY WAY OUT OF THE USE OF THIS SOFTWARE, EVEN IF
  24:C:/Users/dtjld/Desktop/AIoT_software/LiteOS_Lab_overseas/LiteOS_Lab/iot_link\link_main.c ****  * ADVISED OF THE POSSIBILITY OF SUCH DAMAGE.
  25:C:/Users/dtjld/Desktop/AIoT_software/LiteOS_Lab_overseas/LiteOS_Lab/iot_link\link_main.c ****  *---------------------------------------------------------------------------*/
  26:C:/Users/dtjld/Desktop/AIoT_software/LiteOS_Lab_overseas/LiteOS_Lab/iot_link\link_main.c **** /*----------------------------------------------------------------------------
  27:C:/Users/dtjld/Desktop/AIoT_software/LiteOS_Lab_overseas/LiteOS_Lab/iot_link\link_main.c ****  * Notice of Export Control Law
  28:C:/Users/dtjld/Desktop/AIoT_software/LiteOS_Lab_overseas/LiteOS_Lab/iot_link\link_main.c ****  * ===============================================
  29:C:/Users/dtjld/Desktop/AIoT_software/LiteOS_Lab_overseas/LiteOS_Lab/iot_link\link_main.c ****  * Huawei LiteOS may be subject to applicable export control laws and regulations, which might
  30:C:/Users/dtjld/Desktop/AIoT_software/LiteOS_Lab_overseas/LiteOS_Lab/iot_link\link_main.c ****  * include those applicable to Huawei LiteOS of U.S. and the country in which you are located.
  31:C:/Users/dtjld/Desktop/AIoT_software/LiteOS_Lab_overseas/LiteOS_Lab/iot_link\link_main.c ****  * Import, export and usage of Huawei LiteOS in any manner by you shall be in compliance with such
  32:C:/Users/dtjld/Desktop/AIoT_software/LiteOS_Lab_overseas/LiteOS_Lab/iot_link\link_main.c ****  * applicable export control laws and regulations.
  33:C:/Users/dtjld/Desktop/AIoT_software/LiteOS_Lab_overseas/LiteOS_Lab/iot_link\link_main.c ****  *---------------------------------------------------------------------------*/
  34:C:/Users/dtjld/Desktop/AIoT_software/LiteOS_Lab_overseas/LiteOS_Lab/iot_link\link_main.c **** /**
  35:C:/Users/dtjld/Desktop/AIoT_software/LiteOS_Lab_overseas/LiteOS_Lab/iot_link\link_main.c ****  *  DATE                AUTHOR      INSTRUCTION
  36:C:/Users/dtjld/Desktop/AIoT_software/LiteOS_Lab_overseas/LiteOS_Lab/iot_link\link_main.c ****  *  2019-04-28 15:00  zhangqianfu  The first version  
  37:C:/Users/dtjld/Desktop/AIoT_software/LiteOS_Lab_overseas/LiteOS_Lab/iot_link\link_main.c ****  *
  38:C:/Users/dtjld/Desktop/AIoT_software/LiteOS_Lab_overseas/LiteOS_Lab/iot_link\link_main.c ****  */
  39:C:/Users/dtjld/Desktop/AIoT_software/LiteOS_Lab_overseas/LiteOS_Lab/iot_link\link_main.c **** //RTOS KERNEL
  40:C:/Users/dtjld/Desktop/AIoT_software/LiteOS_Lab_overseas/LiteOS_Lab/iot_link\link_main.c **** #include <osal.h>
  41:C:/Users/dtjld/Desktop/AIoT_software/LiteOS_Lab_overseas/LiteOS_Lab/iot_link\link_main.c **** 
  42:C:/Users/dtjld/Desktop/AIoT_software/LiteOS_Lab_overseas/LiteOS_Lab/iot_link\link_main.c **** #if CONFIG_MACOS_ENABLE
  43:C:/Users/dtjld/Desktop/AIoT_software/LiteOS_Lab_overseas/LiteOS_Lab/iot_link\link_main.c ****     #include <sys/select.h>
  44:C:/Users/dtjld/Desktop/AIoT_software/LiteOS_Lab_overseas/LiteOS_Lab/iot_link\link_main.c **** #endif
  45:C:/Users/dtjld/Desktop/AIoT_software/LiteOS_Lab_overseas/LiteOS_Lab/iot_link\link_main.c **** 
  46:C:/Users/dtjld/Desktop/AIoT_software/LiteOS_Lab_overseas/LiteOS_Lab/iot_link\link_main.c **** 
  47:C:/Users/dtjld/Desktop/AIoT_software/LiteOS_Lab_overseas/LiteOS_Lab/iot_link\link_main.c **** #ifdef WITH_DTLS
  48:C:/Users/dtjld/Desktop/AIoT_software/LiteOS_Lab_overseas/LiteOS_Lab/iot_link\link_main.c **** #include <dtls_interface.h>
  49:C:/Users/dtjld/Desktop/AIoT_software/LiteOS_Lab_overseas/LiteOS_Lab/iot_link\link_main.c **** 
  50:C:/Users/dtjld/Desktop/AIoT_software/LiteOS_Lab_overseas/LiteOS_Lab/iot_link\link_main.c **** #endif
  51:C:/Users/dtjld/Desktop/AIoT_software/LiteOS_Lab_overseas/LiteOS_Lab/iot_link\link_main.c **** 
  52:C:/Users/dtjld/Desktop/AIoT_software/LiteOS_Lab_overseas/LiteOS_Lab/iot_link\link_main.c **** 
  53:C:/Users/dtjld/Desktop/AIoT_software/LiteOS_Lab_overseas/LiteOS_Lab/iot_link\link_main.c **** extern int netdriver_install();
  54:C:/Users/dtjld/Desktop/AIoT_software/LiteOS_Lab_overseas/LiteOS_Lab/iot_link\link_main.c **** __attribute__((weak)) int netdriver_install()
  55:C:/Users/dtjld/Desktop/AIoT_software/LiteOS_Lab_overseas/LiteOS_Lab/iot_link\link_main.c **** {
  33              		.loc 1 55 0
  34              		.cfi_startproc
  35              		@ args = 0, pretend = 0, frame = 0
  36              		@ frame_needed = 1, uses_anonymous_args = 0
  37 0000 80B5     		push	{r7, lr}
  38              	.LCFI0:
  39              		.cfi_def_cfa_offset 8
  40              		.cfi_offset 7, -8
  41              		.cfi_offset 14, -4
  42 0002 00AF     		add	r7, sp, #0
  43              	.LCFI1:
  44              		.cfi_def_cfa_register 7
  56:C:/Users/dtjld/Desktop/AIoT_software/LiteOS_Lab_overseas/LiteOS_Lab/iot_link\link_main.c ****     printf("please remember to supply a netdriver---- please\n\r");
  45              		.loc 1 56 0
  46 0004 0348     		ldr	r0, .L3
  47 0006 FFF7FEFF 		bl	printf
  57:C:/Users/dtjld/Desktop/AIoT_software/LiteOS_Lab_overseas/LiteOS_Lab/iot_link\link_main.c **** 
  58:C:/Users/dtjld/Desktop/AIoT_software/LiteOS_Lab_overseas/LiteOS_Lab/iot_link\link_main.c ****     return -1;
  48              		.loc 1 58 0
  49 000a 4FF0FF33 		mov	r3, #-1
  59:C:/Users/dtjld/Desktop/AIoT_software/LiteOS_Lab_overseas/LiteOS_Lab/iot_link\link_main.c **** }
  50              		.loc 1 59 0
  51 000e 1846     		mov	r0, r3
  52 0010 80BD     		pop	{r7, pc}
ARM GAS  C:\Users\dtjld\AppData\Local\Temp\ccMuKJlr.s 			page 3


  53              	.L4:
  54 0012 00BF     		.align	2
  55              	.L3:
  56 0014 00000000 		.word	.LC0
  57              		.cfi_endproc
  58              	.LFE3:
  60              		.section	.rodata
  61 0033 00       		.align	2
  62              	.LC1:
  63 0034 61746465 		.ascii	"atdev_ESP8266\000"
  63      765F4553 
  63      50383236 
  63      3600
  64              		.section	.text.link_main,"ax",%progbits
  65              		.align	1
  66              		.global	link_main
  67              		.syntax unified
  68              		.thumb
  69              		.thumb_func
  70              		.fpu fpv4-sp-d16
  72              	link_main:
  73              	.LFB4:
  60:C:/Users/dtjld/Desktop/AIoT_software/LiteOS_Lab_overseas/LiteOS_Lab/iot_link\link_main.c **** 
  61:C:/Users/dtjld/Desktop/AIoT_software/LiteOS_Lab_overseas/LiteOS_Lab/iot_link\link_main.c **** int link_main(void *args)
  62:C:/Users/dtjld/Desktop/AIoT_software/LiteOS_Lab_overseas/LiteOS_Lab/iot_link\link_main.c **** {
  74              		.loc 1 62 0
  75              		.cfi_startproc
  76              		@ args = 0, pretend = 0, frame = 16
  77              		@ frame_needed = 1, uses_anonymous_args = 0
  78 0000 80B5     		push	{r7, lr}
  79              	.LCFI2:
  80              		.cfi_def_cfa_offset 8
  81              		.cfi_offset 7, -8
  82              		.cfi_offset 14, -4
  83 0002 84B0     		sub	sp, sp, #16
  84              	.LCFI3:
  85              		.cfi_def_cfa_offset 24
  86 0004 00AF     		add	r7, sp, #0
  87              	.LCFI4:
  88              		.cfi_def_cfa_register 7
  89 0006 7860     		str	r0, [r7, #4]
  63:C:/Users/dtjld/Desktop/AIoT_software/LiteOS_Lab_overseas/LiteOS_Lab/iot_link\link_main.c ****     ///< install the RTOS kernel for the link
  64:C:/Users/dtjld/Desktop/AIoT_software/LiteOS_Lab_overseas/LiteOS_Lab/iot_link\link_main.c ****     osal_init();
  90              		.loc 1 64 0
  91 0008 FFF7FEFF 		bl	osal_init
  65:C:/Users/dtjld/Desktop/AIoT_software/LiteOS_Lab_overseas/LiteOS_Lab/iot_link\link_main.c **** 
  66:C:/Users/dtjld/Desktop/AIoT_software/LiteOS_Lab_overseas/LiteOS_Lab/iot_link\link_main.c **** #if CONFIG_LITEOS_ENABLE
  67:C:/Users/dtjld/Desktop/AIoT_software/LiteOS_Lab_overseas/LiteOS_Lab/iot_link\link_main.c ****     #include <liteos_imp.h>
  68:C:/Users/dtjld/Desktop/AIoT_software/LiteOS_Lab_overseas/LiteOS_Lab/iot_link\link_main.c ****     osal_install_liteos();
  92              		.loc 1 68 0
  93 000c FFF7FEFF 		bl	osal_install_liteos
  69:C:/Users/dtjld/Desktop/AIoT_software/LiteOS_Lab_overseas/LiteOS_Lab/iot_link\link_main.c **** #elif CONFIG_LINUX_ENABLE
  70:C:/Users/dtjld/Desktop/AIoT_software/LiteOS_Lab_overseas/LiteOS_Lab/iot_link\link_main.c ****     #include <linux_imp.h>
  71:C:/Users/dtjld/Desktop/AIoT_software/LiteOS_Lab_overseas/LiteOS_Lab/iot_link\link_main.c ****     #include <signal.h>
  72:C:/Users/dtjld/Desktop/AIoT_software/LiteOS_Lab_overseas/LiteOS_Lab/iot_link\link_main.c ****     sigaction(SIGPIPE, &(struct sigaction){SIG_IGN}, NULL);
  73:C:/Users/dtjld/Desktop/AIoT_software/LiteOS_Lab_overseas/LiteOS_Lab/iot_link\link_main.c ****     osal_install_linux();
  74:C:/Users/dtjld/Desktop/AIoT_software/LiteOS_Lab_overseas/LiteOS_Lab/iot_link\link_main.c **** #elif CONFIG_MACOS_ENABLE
ARM GAS  C:\Users\dtjld\AppData\Local\Temp\ccMuKJlr.s 			page 4


  75:C:/Users/dtjld/Desktop/AIoT_software/LiteOS_Lab_overseas/LiteOS_Lab/iot_link\link_main.c ****     #include <macos_imp.h>
  76:C:/Users/dtjld/Desktop/AIoT_software/LiteOS_Lab_overseas/LiteOS_Lab/iot_link\link_main.c ****     osal_install_macos();
  77:C:/Users/dtjld/Desktop/AIoT_software/LiteOS_Lab_overseas/LiteOS_Lab/iot_link\link_main.c **** #elif CONFIG_NOVAOS_ENABLE
  78:C:/Users/dtjld/Desktop/AIoT_software/LiteOS_Lab_overseas/LiteOS_Lab/iot_link\link_main.c ****     #include <novaos_imp.h>
  79:C:/Users/dtjld/Desktop/AIoT_software/LiteOS_Lab_overseas/LiteOS_Lab/iot_link\link_main.c ****     osal_install_novaos();
  80:C:/Users/dtjld/Desktop/AIoT_software/LiteOS_Lab_overseas/LiteOS_Lab/iot_link\link_main.c **** #else
  81:C:/Users/dtjld/Desktop/AIoT_software/LiteOS_Lab_overseas/LiteOS_Lab/iot_link\link_main.c ****     #error("you should add your own os here");
  82:C:/Users/dtjld/Desktop/AIoT_software/LiteOS_Lab_overseas/LiteOS_Lab/iot_link\link_main.c **** #endif
  83:C:/Users/dtjld/Desktop/AIoT_software/LiteOS_Lab_overseas/LiteOS_Lab/iot_link\link_main.c **** 
  84:C:/Users/dtjld/Desktop/AIoT_software/LiteOS_Lab_overseas/LiteOS_Lab/iot_link\link_main.c **** #if CONFIG_STIMER_ENABLE
  85:C:/Users/dtjld/Desktop/AIoT_software/LiteOS_Lab_overseas/LiteOS_Lab/iot_link\link_main.c ****     #include <stimer.h>
  86:C:/Users/dtjld/Desktop/AIoT_software/LiteOS_Lab_overseas/LiteOS_Lab/iot_link\link_main.c ****     stimer_init();
  87:C:/Users/dtjld/Desktop/AIoT_software/LiteOS_Lab_overseas/LiteOS_Lab/iot_link\link_main.c **** #endif
  88:C:/Users/dtjld/Desktop/AIoT_software/LiteOS_Lab_overseas/LiteOS_Lab/iot_link\link_main.c **** 
  89:C:/Users/dtjld/Desktop/AIoT_software/LiteOS_Lab_overseas/LiteOS_Lab/iot_link\link_main.c **** #if CONFIG_SHELL_ENABLE
  90:C:/Users/dtjld/Desktop/AIoT_software/LiteOS_Lab_overseas/LiteOS_Lab/iot_link\link_main.c ****     #include <shell.h>
  91:C:/Users/dtjld/Desktop/AIoT_software/LiteOS_Lab_overseas/LiteOS_Lab/iot_link\link_main.c ****     shell_init();
  92:C:/Users/dtjld/Desktop/AIoT_software/LiteOS_Lab_overseas/LiteOS_Lab/iot_link\link_main.c **** #endif
  93:C:/Users/dtjld/Desktop/AIoT_software/LiteOS_Lab_overseas/LiteOS_Lab/iot_link\link_main.c **** 
  94:C:/Users/dtjld/Desktop/AIoT_software/LiteOS_Lab_overseas/LiteOS_Lab/iot_link\link_main.c ****     /* add loader code here */
  95:C:/Users/dtjld/Desktop/AIoT_software/LiteOS_Lab_overseas/LiteOS_Lab/iot_link\link_main.c **** #if CONFIG_OTA_ENABLE
  96:C:/Users/dtjld/Desktop/AIoT_software/LiteOS_Lab_overseas/LiteOS_Lab/iot_link\link_main.c ****     extern void hal_init_ota(void);
  97:C:/Users/dtjld/Desktop/AIoT_software/LiteOS_Lab_overseas/LiteOS_Lab/iot_link\link_main.c ****     hal_init_ota();
  98:C:/Users/dtjld/Desktop/AIoT_software/LiteOS_Lab_overseas/LiteOS_Lab/iot_link\link_main.c **** #endif
  99:C:/Users/dtjld/Desktop/AIoT_software/LiteOS_Lab_overseas/LiteOS_Lab/iot_link\link_main.c **** 
 100:C:/Users/dtjld/Desktop/AIoT_software/LiteOS_Lab_overseas/LiteOS_Lab/iot_link\link_main.c **** #if CONFIG_LOADER_ENABLE
 101:C:/Users/dtjld/Desktop/AIoT_software/LiteOS_Lab_overseas/LiteOS_Lab/iot_link\link_main.c ****     printf("loader main!\n");
 102:C:/Users/dtjld/Desktop/AIoT_software/LiteOS_Lab_overseas/LiteOS_Lab/iot_link\link_main.c ****     extern int ota_detection();
 103:C:/Users/dtjld/Desktop/AIoT_software/LiteOS_Lab_overseas/LiteOS_Lab/iot_link\link_main.c ****     ota_detection();
 104:C:/Users/dtjld/Desktop/AIoT_software/LiteOS_Lab_overseas/LiteOS_Lab/iot_link\link_main.c ****     loader_main();
 105:C:/Users/dtjld/Desktop/AIoT_software/LiteOS_Lab_overseas/LiteOS_Lab/iot_link\link_main.c ****     return;
 106:C:/Users/dtjld/Desktop/AIoT_software/LiteOS_Lab_overseas/LiteOS_Lab/iot_link\link_main.c **** #endif
 107:C:/Users/dtjld/Desktop/AIoT_software/LiteOS_Lab_overseas/LiteOS_Lab/iot_link\link_main.c ****     /* add loader code here end */
 108:C:/Users/dtjld/Desktop/AIoT_software/LiteOS_Lab_overseas/LiteOS_Lab/iot_link\link_main.c **** 
 109:C:/Users/dtjld/Desktop/AIoT_software/LiteOS_Lab_overseas/LiteOS_Lab/iot_link\link_main.c **** ///< install the driver framework
 110:C:/Users/dtjld/Desktop/AIoT_software/LiteOS_Lab_overseas/LiteOS_Lab/iot_link\link_main.c **** #if CONFIG_DRIVER_ENABLE
 111:C:/Users/dtjld/Desktop/AIoT_software/LiteOS_Lab_overseas/LiteOS_Lab/iot_link\link_main.c ****     #include <driver.h>
 112:C:/Users/dtjld/Desktop/AIoT_software/LiteOS_Lab_overseas/LiteOS_Lab/iot_link\link_main.c ****     ///< install the driver framework for the link
 113:C:/Users/dtjld/Desktop/AIoT_software/LiteOS_Lab_overseas/LiteOS_Lab/iot_link\link_main.c ****     los_driv_init();
  94              		.loc 1 113 0
  95 0010 FFF7FEFF 		bl	los_driv_init
 114:C:/Users/dtjld/Desktop/AIoT_software/LiteOS_Lab_overseas/LiteOS_Lab/iot_link\link_main.c **** #endif
 115:C:/Users/dtjld/Desktop/AIoT_software/LiteOS_Lab_overseas/LiteOS_Lab/iot_link\link_main.c **** 
 116:C:/Users/dtjld/Desktop/AIoT_software/LiteOS_Lab_overseas/LiteOS_Lab/iot_link\link_main.c **** 
 117:C:/Users/dtjld/Desktop/AIoT_software/LiteOS_Lab_overseas/LiteOS_Lab/iot_link\link_main.c **** ///< install the at framework
 118:C:/Users/dtjld/Desktop/AIoT_software/LiteOS_Lab_overseas/LiteOS_Lab/iot_link\link_main.c **** #if CONFIG_AT_ENABLE
 119:C:/Users/dtjld/Desktop/AIoT_software/LiteOS_Lab_overseas/LiteOS_Lab/iot_link\link_main.c ****     #include <at.h>
 120:C:/Users/dtjld/Desktop/AIoT_software/LiteOS_Lab_overseas/LiteOS_Lab/iot_link\link_main.c ****     #include <iot_link_config.h>
 121:C:/Users/dtjld/Desktop/AIoT_software/LiteOS_Lab_overseas/LiteOS_Lab/iot_link\link_main.c ****     extern bool_t uart_at_init(int baud);
 122:C:/Users/dtjld/Desktop/AIoT_software/LiteOS_Lab_overseas/LiteOS_Lab/iot_link\link_main.c ****     ///< install the at framework for the link
 123:C:/Users/dtjld/Desktop/AIoT_software/LiteOS_Lab_overseas/LiteOS_Lab/iot_link\link_main.c ****     uart_at_init(CONFIG_AT_BAUDRATE);
  96              		.loc 1 123 0
  97 0014 4FF4E130 		mov	r0, #115200
  98 0018 FFF7FEFF 		bl	uart_at_init
 124:C:/Users/dtjld/Desktop/AIoT_software/LiteOS_Lab_overseas/LiteOS_Lab/iot_link\link_main.c ****     at_init(CONFIG_AT_DEVICENAME);
  99              		.loc 1 124 0
 100 001c 0E48     		ldr	r0, .L7
ARM GAS  C:\Users\dtjld\AppData\Local\Temp\ccMuKJlr.s 			page 5


 101 001e FFF7FEFF 		bl	at_init
 125:C:/Users/dtjld/Desktop/AIoT_software/LiteOS_Lab_overseas/LiteOS_Lab/iot_link\link_main.c **** #endif
 126:C:/Users/dtjld/Desktop/AIoT_software/LiteOS_Lab_overseas/LiteOS_Lab/iot_link\link_main.c **** 
 127:C:/Users/dtjld/Desktop/AIoT_software/LiteOS_Lab_overseas/LiteOS_Lab/iot_link\link_main.c **** ///< install the cJSON, for the oc mqtt agent need the cJSON
 128:C:/Users/dtjld/Desktop/AIoT_software/LiteOS_Lab_overseas/LiteOS_Lab/iot_link\link_main.c **** #if CONFIG_JSON_ENABLE
 129:C:/Users/dtjld/Desktop/AIoT_software/LiteOS_Lab_overseas/LiteOS_Lab/iot_link\link_main.c ****     #include <cJSON.h>
 130:C:/Users/dtjld/Desktop/AIoT_software/LiteOS_Lab_overseas/LiteOS_Lab/iot_link\link_main.c **** 
 131:C:/Users/dtjld/Desktop/AIoT_software/LiteOS_Lab_overseas/LiteOS_Lab/iot_link\link_main.c ****     cJSON_Hooks  hook;
 132:C:/Users/dtjld/Desktop/AIoT_software/LiteOS_Lab_overseas/LiteOS_Lab/iot_link\link_main.c ****     hook.free_fn = osal_free;
 102              		.loc 1 132 0
 103 0022 0E4B     		ldr	r3, .L7+4
 104 0024 FB60     		str	r3, [r7, #12]
 133:C:/Users/dtjld/Desktop/AIoT_software/LiteOS_Lab_overseas/LiteOS_Lab/iot_link\link_main.c ****     hook.malloc_fn = osal_malloc;
 105              		.loc 1 133 0
 106 0026 0E4B     		ldr	r3, .L7+8
 107 0028 BB60     		str	r3, [r7, #8]
 134:C:/Users/dtjld/Desktop/AIoT_software/LiteOS_Lab_overseas/LiteOS_Lab/iot_link\link_main.c ****     cJSON_InitHooks(&hook);
 108              		.loc 1 134 0
 109 002a 07F10803 		add	r3, r7, #8
 110 002e 1846     		mov	r0, r3
 111 0030 FFF7FEFF 		bl	cJSON_InitHooks
 135:C:/Users/dtjld/Desktop/AIoT_software/LiteOS_Lab_overseas/LiteOS_Lab/iot_link\link_main.c **** #endif
 136:C:/Users/dtjld/Desktop/AIoT_software/LiteOS_Lab_overseas/LiteOS_Lab/iot_link\link_main.c **** 
 137:C:/Users/dtjld/Desktop/AIoT_software/LiteOS_Lab_overseas/LiteOS_Lab/iot_link\link_main.c **** 
 138:C:/Users/dtjld/Desktop/AIoT_software/LiteOS_Lab_overseas/LiteOS_Lab/iot_link\link_main.c **** //////////////////////////  TCPIP PROTOCOL  /////////////////////////////////////
 139:C:/Users/dtjld/Desktop/AIoT_software/LiteOS_Lab_overseas/LiteOS_Lab/iot_link\link_main.c **** 
 140:C:/Users/dtjld/Desktop/AIoT_software/LiteOS_Lab_overseas/LiteOS_Lab/iot_link\link_main.c **** #if CONFIG_TCPIP_ENABLE
 141:C:/Users/dtjld/Desktop/AIoT_software/LiteOS_Lab_overseas/LiteOS_Lab/iot_link\link_main.c ****     #include <sal.h>
 142:C:/Users/dtjld/Desktop/AIoT_software/LiteOS_Lab_overseas/LiteOS_Lab/iot_link\link_main.c ****     tcpipstack_init(10);
 112              		.loc 1 142 0
 113 0034 0A20     		movs	r0, #10
 114 0036 FFF7FEFF 		bl	tcpipstack_init
 143:C:/Users/dtjld/Desktop/AIoT_software/LiteOS_Lab_overseas/LiteOS_Lab/iot_link\link_main.c **** 
 144:C:/Users/dtjld/Desktop/AIoT_software/LiteOS_Lab_overseas/LiteOS_Lab/iot_link\link_main.c ****     #if CONFIG_LWIP_ENABLE
 145:C:/Users/dtjld/Desktop/AIoT_software/LiteOS_Lab_overseas/LiteOS_Lab/iot_link\link_main.c ****         #include <lwip_imp.h>
 146:C:/Users/dtjld/Desktop/AIoT_software/LiteOS_Lab_overseas/LiteOS_Lab/iot_link\link_main.c ****         tcpipstack_install_lwip(netdriver_install);
 147:C:/Users/dtjld/Desktop/AIoT_software/LiteOS_Lab_overseas/LiteOS_Lab/iot_link\link_main.c ****     #elif CONFIG_LINUX_SOCKET_ENABLE
 148:C:/Users/dtjld/Desktop/AIoT_software/LiteOS_Lab_overseas/LiteOS_Lab/iot_link\link_main.c ****         #include <linux_socket_imp.h>
 149:C:/Users/dtjld/Desktop/AIoT_software/LiteOS_Lab_overseas/LiteOS_Lab/iot_link\link_main.c ****         tcpipstack_install_linux_socket();
 150:C:/Users/dtjld/Desktop/AIoT_software/LiteOS_Lab_overseas/LiteOS_Lab/iot_link\link_main.c ****     #elif CONFIG_MACOS_SOCKET_ENABLE
 151:C:/Users/dtjld/Desktop/AIoT_software/LiteOS_Lab_overseas/LiteOS_Lab/iot_link\link_main.c ****         #include <macos_socket_imp.h>
 152:C:/Users/dtjld/Desktop/AIoT_software/LiteOS_Lab_overseas/LiteOS_Lab/iot_link\link_main.c ****         tcpipstack_install_macos_socket();
 153:C:/Users/dtjld/Desktop/AIoT_software/LiteOS_Lab_overseas/LiteOS_Lab/iot_link\link_main.c ****     #elif CONFIG_ESP8266_SOCKET_ENABLE
 154:C:/Users/dtjld/Desktop/AIoT_software/LiteOS_Lab_overseas/LiteOS_Lab/iot_link\link_main.c ****         #include <esp8266_socket_imp.h>
 155:C:/Users/dtjld/Desktop/AIoT_software/LiteOS_Lab_overseas/LiteOS_Lab/iot_link\link_main.c ****         tcpipstack_install_esp8266_socket();
 115              		.loc 1 155 0
 116 003a FFF7FEFF 		bl	tcpipstack_install_esp8266_socket
 156:C:/Users/dtjld/Desktop/AIoT_software/LiteOS_Lab_overseas/LiteOS_Lab/iot_link\link_main.c ****         esp8266_boot();
 117              		.loc 1 156 0
 118 003e FFF7FEFF 		bl	esp8266_boot
 157:C:/Users/dtjld/Desktop/AIoT_software/LiteOS_Lab_overseas/LiteOS_Lab/iot_link\link_main.c **** #elif CONFIG_RTK8710_SOCKET_ENABLE
 158:C:/Users/dtjld/Desktop/AIoT_software/LiteOS_Lab_overseas/LiteOS_Lab/iot_link\link_main.c ****         #include <rtk8710_socket_imp.h>
 159:C:/Users/dtjld/Desktop/AIoT_software/LiteOS_Lab_overseas/LiteOS_Lab/iot_link\link_main.c ****         tcpipstack_install_rtk8710_socket();
 160:C:/Users/dtjld/Desktop/AIoT_software/LiteOS_Lab_overseas/LiteOS_Lab/iot_link\link_main.c ****         rtk8710_boot();
 161:C:/Users/dtjld/Desktop/AIoT_software/LiteOS_Lab_overseas/LiteOS_Lab/iot_link\link_main.c ****     #else
 162:C:/Users/dtjld/Desktop/AIoT_software/LiteOS_Lab_overseas/LiteOS_Lab/iot_link\link_main.c **** 
 163:C:/Users/dtjld/Desktop/AIoT_software/LiteOS_Lab_overseas/LiteOS_Lab/iot_link\link_main.c ****     #endif
ARM GAS  C:\Users\dtjld\AppData\Local\Temp\ccMuKJlr.s 			page 6


 164:C:/Users/dtjld/Desktop/AIoT_software/LiteOS_Lab_overseas/LiteOS_Lab/iot_link\link_main.c **** 
 165:C:/Users/dtjld/Desktop/AIoT_software/LiteOS_Lab_overseas/LiteOS_Lab/iot_link\link_main.c **** #endif
 166:C:/Users/dtjld/Desktop/AIoT_software/LiteOS_Lab_overseas/LiteOS_Lab/iot_link\link_main.c **** 
 167:C:/Users/dtjld/Desktop/AIoT_software/LiteOS_Lab_overseas/LiteOS_Lab/iot_link\link_main.c **** //////////////////////////  DTLS PROTOCOL  /////////////////////////////////////
 168:C:/Users/dtjld/Desktop/AIoT_software/LiteOS_Lab_overseas/LiteOS_Lab/iot_link\link_main.c **** #ifdef WITH_DTLS
 169:C:/Users/dtjld/Desktop/AIoT_software/LiteOS_Lab_overseas/LiteOS_Lab/iot_link\link_main.c ****     dtls_init();
 170:C:/Users/dtjld/Desktop/AIoT_software/LiteOS_Lab_overseas/LiteOS_Lab/iot_link\link_main.c **** #endif
 171:C:/Users/dtjld/Desktop/AIoT_software/LiteOS_Lab_overseas/LiteOS_Lab/iot_link\link_main.c **** 
 172:C:/Users/dtjld/Desktop/AIoT_software/LiteOS_Lab_overseas/LiteOS_Lab/iot_link\link_main.c **** //////////////////////////  MQTT PROTOCOL  /////////////////////////////////////
 173:C:/Users/dtjld/Desktop/AIoT_software/LiteOS_Lab_overseas/LiteOS_Lab/iot_link\link_main.c **** #if CONFIG_MQTT_ENABLE
 174:C:/Users/dtjld/Desktop/AIoT_software/LiteOS_Lab_overseas/LiteOS_Lab/iot_link\link_main.c ****     #include <mqtt_al.h>
 175:C:/Users/dtjld/Desktop/AIoT_software/LiteOS_Lab_overseas/LiteOS_Lab/iot_link\link_main.c ****     mqtt_init();
 176:C:/Users/dtjld/Desktop/AIoT_software/LiteOS_Lab_overseas/LiteOS_Lab/iot_link\link_main.c **** #if CONFIG_MQTT_PAHO_ENABLE
 177:C:/Users/dtjld/Desktop/AIoT_software/LiteOS_Lab_overseas/LiteOS_Lab/iot_link\link_main.c ****     #include <paho_mqtt_port.h>
 178:C:/Users/dtjld/Desktop/AIoT_software/LiteOS_Lab_overseas/LiteOS_Lab/iot_link\link_main.c ****     mqtt_install_pahomqtt();
 179:C:/Users/dtjld/Desktop/AIoT_software/LiteOS_Lab_overseas/LiteOS_Lab/iot_link\link_main.c **** #elif CONFIG_MQTT_SINN_ENABLE
 180:C:/Users/dtjld/Desktop/AIoT_software/LiteOS_Lab_overseas/LiteOS_Lab/iot_link\link_main.c ****     #include <mqtt_sinn_port.h>
 181:C:/Users/dtjld/Desktop/AIoT_software/LiteOS_Lab_overseas/LiteOS_Lab/iot_link\link_main.c ****     mqtt_install_sinnmqtt();
 182:C:/Users/dtjld/Desktop/AIoT_software/LiteOS_Lab_overseas/LiteOS_Lab/iot_link\link_main.c **** #endif
 183:C:/Users/dtjld/Desktop/AIoT_software/LiteOS_Lab_overseas/LiteOS_Lab/iot_link\link_main.c **** 
 184:C:/Users/dtjld/Desktop/AIoT_software/LiteOS_Lab_overseas/LiteOS_Lab/iot_link\link_main.c **** #endif
 185:C:/Users/dtjld/Desktop/AIoT_software/LiteOS_Lab_overseas/LiteOS_Lab/iot_link\link_main.c **** 
 186:C:/Users/dtjld/Desktop/AIoT_software/LiteOS_Lab_overseas/LiteOS_Lab/iot_link\link_main.c **** 
 187:C:/Users/dtjld/Desktop/AIoT_software/LiteOS_Lab_overseas/LiteOS_Lab/iot_link\link_main.c **** //////////////////////////  COAP PROTOCOL  /////////////////////////////////
 188:C:/Users/dtjld/Desktop/AIoT_software/LiteOS_Lab_overseas/LiteOS_Lab/iot_link\link_main.c **** #if CONFIG_LITE_COAP_ENABLE
 189:C:/Users/dtjld/Desktop/AIoT_software/LiteOS_Lab_overseas/LiteOS_Lab/iot_link\link_main.c ****     #include <litecoap_port.h>
 190:C:/Users/dtjld/Desktop/AIoT_software/LiteOS_Lab_overseas/LiteOS_Lab/iot_link\link_main.c ****     coap_install_litecoap();
 191:C:/Users/dtjld/Desktop/AIoT_software/LiteOS_Lab_overseas/LiteOS_Lab/iot_link\link_main.c **** #elif CONFIG_LIBCOAP_ENABLE
 192:C:/Users/dtjld/Desktop/AIoT_software/LiteOS_Lab_overseas/LiteOS_Lab/iot_link\link_main.c ****     #include <libcoap_port.h>
 193:C:/Users/dtjld/Desktop/AIoT_software/LiteOS_Lab_overseas/LiteOS_Lab/iot_link\link_main.c ****     coap_install_libcoap();
 194:C:/Users/dtjld/Desktop/AIoT_software/LiteOS_Lab_overseas/LiteOS_Lab/iot_link\link_main.c **** #endif
 195:C:/Users/dtjld/Desktop/AIoT_software/LiteOS_Lab_overseas/LiteOS_Lab/iot_link\link_main.c **** 
 196:C:/Users/dtjld/Desktop/AIoT_software/LiteOS_Lab_overseas/LiteOS_Lab/iot_link\link_main.c **** //////////////////////////  OC MQTT  //////////////////////////////////
 197:C:/Users/dtjld/Desktop/AIoT_software/LiteOS_Lab_overseas/LiteOS_Lab/iot_link\link_main.c **** 
 198:C:/Users/dtjld/Desktop/AIoT_software/LiteOS_Lab_overseas/LiteOS_Lab/iot_link\link_main.c **** #if CONFIG_OC_MQTT_ENABLE
 199:C:/Users/dtjld/Desktop/AIoT_software/LiteOS_Lab_overseas/LiteOS_Lab/iot_link\link_main.c ****     #include <oc_mqtt_al.h>
 200:C:/Users/dtjld/Desktop/AIoT_software/LiteOS_Lab_overseas/LiteOS_Lab/iot_link\link_main.c ****     oc_mqtt_init();
 201:C:/Users/dtjld/Desktop/AIoT_software/LiteOS_Lab_overseas/LiteOS_Lab/iot_link\link_main.c **** 
 202:C:/Users/dtjld/Desktop/AIoT_software/LiteOS_Lab_overseas/LiteOS_Lab/iot_link\link_main.c ****     #if CONFIG_ATINY_MQTT_ENABLE
 203:C:/Users/dtjld/Desktop/AIoT_software/LiteOS_Lab_overseas/LiteOS_Lab/iot_link\link_main.c ****         #include <atiny_mqtt.h>
 204:C:/Users/dtjld/Desktop/AIoT_software/LiteOS_Lab_overseas/LiteOS_Lab/iot_link\link_main.c ****         oc_mqtt_install_atiny_mqtt();
 205:C:/Users/dtjld/Desktop/AIoT_software/LiteOS_Lab_overseas/LiteOS_Lab/iot_link\link_main.c ****     #endif
 206:C:/Users/dtjld/Desktop/AIoT_software/LiteOS_Lab_overseas/LiteOS_Lab/iot_link\link_main.c **** 
 207:C:/Users/dtjld/Desktop/AIoT_software/LiteOS_Lab_overseas/LiteOS_Lab/iot_link\link_main.c ****     #if CONFIG_OC_MQTT_EC20_ENABLE
 208:C:/Users/dtjld/Desktop/AIoT_software/LiteOS_Lab_overseas/LiteOS_Lab/iot_link\link_main.c ****         #include <ec20_oc.h>
 209:C:/Users/dtjld/Desktop/AIoT_software/LiteOS_Lab_overseas/LiteOS_Lab/iot_link\link_main.c ****         ec20_init();
 210:C:/Users/dtjld/Desktop/AIoT_software/LiteOS_Lab_overseas/LiteOS_Lab/iot_link\link_main.c ****     #endif
 211:C:/Users/dtjld/Desktop/AIoT_software/LiteOS_Lab_overseas/LiteOS_Lab/iot_link\link_main.c **** 
 212:C:/Users/dtjld/Desktop/AIoT_software/LiteOS_Lab_overseas/LiteOS_Lab/iot_link\link_main.c **** 
 213:C:/Users/dtjld/Desktop/AIoT_software/LiteOS_Lab_overseas/LiteOS_Lab/iot_link\link_main.c **** #endif
 214:C:/Users/dtjld/Desktop/AIoT_software/LiteOS_Lab_overseas/LiteOS_Lab/iot_link\link_main.c **** 
 215:C:/Users/dtjld/Desktop/AIoT_software/LiteOS_Lab_overseas/LiteOS_Lab/iot_link\link_main.c **** ////////////////////////////  OC LWM2M ///////     /////////////////////////////
 216:C:/Users/dtjld/Desktop/AIoT_software/LiteOS_Lab_overseas/LiteOS_Lab/iot_link\link_main.c **** 
 217:C:/Users/dtjld/Desktop/AIoT_software/LiteOS_Lab_overseas/LiteOS_Lab/iot_link\link_main.c **** #if CONFIG_OC_LWM2M_ENABLE
 218:C:/Users/dtjld/Desktop/AIoT_software/LiteOS_Lab_overseas/LiteOS_Lab/iot_link\link_main.c ****     #include <oc_lwm2m_al.h>
 219:C:/Users/dtjld/Desktop/AIoT_software/LiteOS_Lab_overseas/LiteOS_Lab/iot_link\link_main.c ****     oc_lwm2m_init();
 119              		.loc 1 219 0
ARM GAS  C:\Users\dtjld\AppData\Local\Temp\ccMuKJlr.s 			page 7


 120 0042 FFF7FEFF 		bl	oc_lwm2m_init
 220:C:/Users/dtjld/Desktop/AIoT_software/LiteOS_Lab_overseas/LiteOS_Lab/iot_link\link_main.c **** 
 221:C:/Users/dtjld/Desktop/AIoT_software/LiteOS_Lab_overseas/LiteOS_Lab/iot_link\link_main.c ****     #if CONFIG_OC_LWM2M_AGENT_ENABLE
 222:C:/Users/dtjld/Desktop/AIoT_software/LiteOS_Lab_overseas/LiteOS_Lab/iot_link\link_main.c ****         #include <agent_lwm2m.h>
 223:C:/Users/dtjld/Desktop/AIoT_software/LiteOS_Lab_overseas/LiteOS_Lab/iot_link\link_main.c ****         oc_lwm2m_install_agent();
 121              		.loc 1 223 0
 122 0046 FFF7FEFF 		bl	oc_lwm2m_install_agent
 224:C:/Users/dtjld/Desktop/AIoT_software/LiteOS_Lab_overseas/LiteOS_Lab/iot_link\link_main.c ****     #endif
 225:C:/Users/dtjld/Desktop/AIoT_software/LiteOS_Lab_overseas/LiteOS_Lab/iot_link\link_main.c **** 
 226:C:/Users/dtjld/Desktop/AIoT_software/LiteOS_Lab_overseas/LiteOS_Lab/iot_link\link_main.c ****     #if CONFIG_OC_LWM2M_BOUDICA150_ENABLE
 227:C:/Users/dtjld/Desktop/AIoT_software/LiteOS_Lab_overseas/LiteOS_Lab/iot_link\link_main.c ****         #include <boudica150_oc.h>
 228:C:/Users/dtjld/Desktop/AIoT_software/LiteOS_Lab_overseas/LiteOS_Lab/iot_link\link_main.c ****         #define cn_app_bands    "5,8,20"
 229:C:/Users/dtjld/Desktop/AIoT_software/LiteOS_Lab_overseas/LiteOS_Lab/iot_link\link_main.c ****         boudica150_init(NULL,NULL,cn_app_bands);
 230:C:/Users/dtjld/Desktop/AIoT_software/LiteOS_Lab_overseas/LiteOS_Lab/iot_link\link_main.c ****     #endif
 231:C:/Users/dtjld/Desktop/AIoT_software/LiteOS_Lab_overseas/LiteOS_Lab/iot_link\link_main.c **** 
 232:C:/Users/dtjld/Desktop/AIoT_software/LiteOS_Lab_overseas/LiteOS_Lab/iot_link\link_main.c **** #endif
 233:C:/Users/dtjld/Desktop/AIoT_software/LiteOS_Lab_overseas/LiteOS_Lab/iot_link\link_main.c **** 
 234:C:/Users/dtjld/Desktop/AIoT_software/LiteOS_Lab_overseas/LiteOS_Lab/iot_link\link_main.c **** 
 235:C:/Users/dtjld/Desktop/AIoT_software/LiteOS_Lab_overseas/LiteOS_Lab/iot_link\link_main.c **** 
 236:C:/Users/dtjld/Desktop/AIoT_software/LiteOS_Lab_overseas/LiteOS_Lab/iot_link\link_main.c **** ////////////////////////////  OC COAP ////////     /////////////////////////////
 237:C:/Users/dtjld/Desktop/AIoT_software/LiteOS_Lab_overseas/LiteOS_Lab/iot_link\link_main.c **** #if CONFIG_OC_COAP_ENABLE
 238:C:/Users/dtjld/Desktop/AIoT_software/LiteOS_Lab_overseas/LiteOS_Lab/iot_link\link_main.c **** 	#include <oc_coap_al.h>
 239:C:/Users/dtjld/Desktop/AIoT_software/LiteOS_Lab_overseas/LiteOS_Lab/iot_link\link_main.c ****     oc_coap_init();
 240:C:/Users/dtjld/Desktop/AIoT_software/LiteOS_Lab_overseas/LiteOS_Lab/iot_link\link_main.c **** 
 241:C:/Users/dtjld/Desktop/AIoT_software/LiteOS_Lab_overseas/LiteOS_Lab/iot_link\link_main.c ****     #if CONFIG_ATINY_COAP_ENABLE
 242:C:/Users/dtjld/Desktop/AIoT_software/LiteOS_Lab_overseas/LiteOS_Lab/iot_link\link_main.c ****         #include <atiny_coap.h>
 243:C:/Users/dtjld/Desktop/AIoT_software/LiteOS_Lab_overseas/LiteOS_Lab/iot_link\link_main.c ****         oc_coap_install_agent();
 244:C:/Users/dtjld/Desktop/AIoT_software/LiteOS_Lab_overseas/LiteOS_Lab/iot_link\link_main.c ****     #endif
 245:C:/Users/dtjld/Desktop/AIoT_software/LiteOS_Lab_overseas/LiteOS_Lab/iot_link\link_main.c **** 
 246:C:/Users/dtjld/Desktop/AIoT_software/LiteOS_Lab_overseas/LiteOS_Lab/iot_link\link_main.c **** #endif
 247:C:/Users/dtjld/Desktop/AIoT_software/LiteOS_Lab_overseas/LiteOS_Lab/iot_link\link_main.c **** 
 248:C:/Users/dtjld/Desktop/AIoT_software/LiteOS_Lab_overseas/LiteOS_Lab/iot_link\link_main.c **** 
 249:C:/Users/dtjld/Desktop/AIoT_software/LiteOS_Lab_overseas/LiteOS_Lab/iot_link\link_main.c **** 
 250:C:/Users/dtjld/Desktop/AIoT_software/LiteOS_Lab_overseas/LiteOS_Lab/iot_link\link_main.c **** #if CONFIG_DEMOS_ENABLE
 251:C:/Users/dtjld/Desktop/AIoT_software/LiteOS_Lab_overseas/LiteOS_Lab/iot_link\link_main.c ****     extern int standard_app_demo_main();
 252:C:/Users/dtjld/Desktop/AIoT_software/LiteOS_Lab_overseas/LiteOS_Lab/iot_link\link_main.c ****     standard_app_demo_main();
 123              		.loc 1 252 0
 124 004a FFF7FEFF 		bl	standard_app_demo_main
 253:C:/Users/dtjld/Desktop/AIoT_software/LiteOS_Lab_overseas/LiteOS_Lab/iot_link\link_main.c **** #endif
 254:C:/Users/dtjld/Desktop/AIoT_software/LiteOS_Lab_overseas/LiteOS_Lab/iot_link\link_main.c **** 
 255:C:/Users/dtjld/Desktop/AIoT_software/LiteOS_Lab_overseas/LiteOS_Lab/iot_link\link_main.c **** #if CONFIG_AUTO_TEST
 256:C:/Users/dtjld/Desktop/AIoT_software/LiteOS_Lab_overseas/LiteOS_Lab/iot_link\link_main.c ****     #include <test_case.h>
 257:C:/Users/dtjld/Desktop/AIoT_software/LiteOS_Lab_overseas/LiteOS_Lab/iot_link\link_main.c ****     autotest_start();
 258:C:/Users/dtjld/Desktop/AIoT_software/LiteOS_Lab_overseas/LiteOS_Lab/iot_link\link_main.c **** #endif
 259:C:/Users/dtjld/Desktop/AIoT_software/LiteOS_Lab_overseas/LiteOS_Lab/iot_link\link_main.c **** 
 260:C:/Users/dtjld/Desktop/AIoT_software/LiteOS_Lab_overseas/LiteOS_Lab/iot_link\link_main.c ****     return 0;
 125              		.loc 1 260 0
 126 004e 0023     		movs	r3, #0
 261:C:/Users/dtjld/Desktop/AIoT_software/LiteOS_Lab_overseas/LiteOS_Lab/iot_link\link_main.c **** }
 127              		.loc 1 261 0
 128 0050 1846     		mov	r0, r3
 129 0052 1037     		adds	r7, r7, #16
 130              	.LCFI5:
 131              		.cfi_def_cfa_offset 8
 132 0054 BD46     		mov	sp, r7
 133              	.LCFI6:
 134              		.cfi_def_cfa_register 13
ARM GAS  C:\Users\dtjld\AppData\Local\Temp\ccMuKJlr.s 			page 8


 135              		@ sp needed
 136 0056 80BD     		pop	{r7, pc}
 137              	.L8:
 138              		.align	2
 139              	.L7:
 140 0058 34000000 		.word	.LC1
 141 005c 00000000 		.word	osal_free
 142 0060 00000000 		.word	osal_malloc
 143              		.cfi_endproc
 144              	.LFE4:
 146              		.text
 147              	.Letext0:
 148              		.file 2 "c:\\ac6\\systemworkbench\\plugins\\fr.ac6.mcu.externaltools.arm-none.win32_1.16.0.2018071
 149              		.file 3 "c:\\ac6\\systemworkbench\\plugins\\fr.ac6.mcu.externaltools.arm-none.win32_1.16.0.2018071
 150              		.file 4 "c:\\ac6\\systemworkbench\\plugins\\fr.ac6.mcu.externaltools.arm-none.win32_1.16.0.2018071
 151              		.file 5 "c:\\ac6\\systemworkbench\\plugins\\fr.ac6.mcu.externaltools.arm-none.win32_1.16.0.2018071
 152              		.file 6 "c:\\ac6\\systemworkbench\\plugins\\fr.ac6.mcu.externaltools.arm-none.win32_1.16.0.2018071
 153              		.file 7 "c:\\ac6\\systemworkbench\\plugins\\fr.ac6.mcu.externaltools.arm-none.win32_1.16.0.2018071
 154              		.file 8 "c:\\ac6\\systemworkbench\\plugins\\fr.ac6.mcu.externaltools.arm-none.win32_1.16.0.2018071
 155              		.file 9 "c:\\ac6\\systemworkbench\\plugins\\fr.ac6.mcu.externaltools.arm-none.win32_1.16.0.2018071
 156              		.file 10 "c:\\ac6\\systemworkbench\\plugins\\fr.ac6.mcu.externaltools.arm-none.win32_1.16.0.201807
 157              		.file 11 "C:/Users/dtjld/Desktop/AIoT_software/LiteOS_Lab_overseas/LiteOS_Lab/iot_link/driver/driv
 158              		.file 12 "C:/Users/dtjld/Desktop/AIoT_software/LiteOS_Lab_overseas/LiteOS_Lab/iot_link/os/liteos/l
 159              		.file 13 "C:/Users/dtjld/Desktop/AIoT_software/LiteOS_Lab_overseas/LiteOS_Lab/iot_link/at/at.h"
 160              		.file 14 "C:/Users/dtjld/Desktop/AIoT_software/LiteOS_Lab_overseas/LiteOS_Lab/iot_link/cJSON/cJSON
 161              		.file 15 "c:\\ac6\\systemworkbench\\plugins\\fr.ac6.mcu.externaltools.arm-none.win32_1.16.0.201807
 162              		.file 16 "c:\\ac6\\systemworkbench\\plugins\\fr.ac6.mcu.externaltools.arm-none.win32_1.16.0.201807
 163              		.file 17 "c:\\ac6\\systemworkbench\\plugins\\fr.ac6.mcu.externaltools.arm-none.win32_1.16.0.201807
 164              		.file 18 "C:/Users/dtjld/Desktop/AIoT_software/LiteOS_Lab_overseas/LiteOS_Lab/iot_link/inc/sal_typ
 165              		.file 19 "C:/Users/dtjld/Desktop/AIoT_software/LiteOS_Lab_overseas/LiteOS_Lab/iot_link/inc/sal.h"
 166              		.file 20 "C:/Users/dtjld/Desktop/AIoT_software/LiteOS_Lab_overseas/LiteOS_Lab/iot_link/network/tcp
 167              		.file 21 "C:/Users/dtjld/Desktop/AIoT_software/LiteOS_Lab_overseas/LiteOS_Lab/iot_link/oc/oc_lwm2m
 168              		.file 22 "C:/Users/dtjld/Desktop/AIoT_software/LiteOS_Lab_overseas/LiteOS_Lab/iot_link/oc/oc_lwm2m
ARM GAS  C:\Users\dtjld\AppData\Local\Temp\ccMuKJlr.s 			page 9


DEFINED SYMBOLS
                            *ABS*:00000000 link_main.c
C:\Users\dtjld\AppData\Local\Temp\ccMuKJlr.s:18     .rodata:00000000 $d
C:\Users\dtjld\AppData\Local\Temp\ccMuKJlr.s:23     .text.netdriver_install:00000000 $t
C:\Users\dtjld\AppData\Local\Temp\ccMuKJlr.s:30     .text.netdriver_install:00000000 netdriver_install
C:\Users\dtjld\AppData\Local\Temp\ccMuKJlr.s:56     .text.netdriver_install:00000014 $d
C:\Users\dtjld\AppData\Local\Temp\ccMuKJlr.s:65     .text.link_main:00000000 $t
C:\Users\dtjld\AppData\Local\Temp\ccMuKJlr.s:72     .text.link_main:00000000 link_main
C:\Users\dtjld\AppData\Local\Temp\ccMuKJlr.s:140    .text.link_main:00000058 $d

UNDEFINED SYMBOLS
printf
osal_init
osal_install_liteos
los_driv_init
uart_at_init
at_init
cJSON_InitHooks
tcpipstack_init
tcpipstack_install_esp8266_socket
esp8266_boot
oc_lwm2m_init
oc_lwm2m_install_agent
standard_app_demo_main
osal_free
osal_malloc
