ARM GAS  C:\Users\dtjld\AppData\Local\Temp\ccDRHoCZ.s 			page 1


   1              		.cpu cortex-m4
   2              		.eabi_attribute 27, 1
   3              		.eabi_attribute 28, 1
   4              		.eabi_attribute 20, 1
   5              		.eabi_attribute 21, 1
   6              		.eabi_attribute 23, 3
   7              		.eabi_attribute 24, 1
   8              		.eabi_attribute 25, 1
   9              		.eabi_attribute 26, 1
  10              		.eabi_attribute 30, 6
  11              		.eabi_attribute 34, 1
  12              		.eabi_attribute 18, 4
  13              		.file	"los_memcheck.c"
  14              		.text
  15              	.Ltext0:
  16              		.cfi_sections	.debug_frame
  17              		.global	memexc_count
  18              		.section	.bss.memexc_count,"aw",%nobits
  19              		.align	2
  22              	memexc_count:
  23 0000 00000000 		.space	4
  24              		.text
  25              	.Letext0:
  26              		.file 1 "c:\\ac6\\systemworkbench\\plugins\\fr.ac6.mcu.externaltools.arm-none.win32_1.16.0.2018071
  27              		.file 2 "c:\\ac6\\systemworkbench\\plugins\\fr.ac6.mcu.externaltools.arm-none.win32_1.16.0.2018071
  28              		.file 3 "c:\\ac6\\systemworkbench\\plugins\\fr.ac6.mcu.externaltools.arm-none.win32_1.16.0.2018071
  29              		.file 4 "c:\\ac6\\systemworkbench\\plugins\\fr.ac6.mcu.externaltools.arm-none.win32_1.16.0.2018071
  30              		.file 5 "c:\\ac6\\systemworkbench\\plugins\\fr.ac6.mcu.externaltools.arm-none.win32_1.16.0.2018071
  31              		.file 6 "C:/Users/dtjld/Desktop/AIoT_software/LiteOS_Lab_overseas/LiteOS_Lab/iot_link/os/liteos/in
  32              		.file 7 "c:\\ac6\\systemworkbench\\plugins\\fr.ac6.mcu.externaltools.arm-none.win32_1.16.0.2018071
  33              		.file 8 "C:/Users/dtjld/Desktop/AIoT_software/LiteOS_Lab_overseas/LiteOS_Lab/iot_link/os/liteos/ar
  34              		.file 9 "C:/Users/dtjld/Desktop/AIoT_software/LiteOS_Lab_overseas/LiteOS_Lab/targets/GD32F303_Bear
  35              		.file 10 "c:\\ac6\\systemworkbench\\plugins\\fr.ac6.mcu.externaltools.arm-none.win32_1.16.0.201807
  36              		.file 11 "C:/Users/dtjld/Desktop/AIoT_software/LiteOS_Lab_overseas/LiteOS_Lab/iot_link/os/liteos/i
  37              		.file 12 "C:/Users/dtjld/Desktop/AIoT_software/LiteOS_Lab_overseas/LiteOS_Lab/iot_link/os/liteos/i
  38              		.file 13 "C:/Users/dtjld/Desktop/AIoT_software/LiteOS_Lab_overseas/LiteOS_Lab/iot_link/os/liteos/i
  39              		.file 14 "C:/Users/dtjld/Desktop/AIoT_software/LiteOS_Lab_overseas/LiteOS_Lab/iot_link/os/liteos/i
  40              		.file 15 "C:/Users/dtjld/Desktop/AIoT_software/LiteOS_Lab_overseas/LiteOS_Lab/iot_link/os/liteos/b
  41              		.file 16 "C:/Users/dtjld/Desktop/AIoT_software/LiteOS_Lab_overseas/LiteOS_Lab/drivers/third_party/
ARM GAS  C:\Users\dtjld\AppData\Local\Temp\ccDRHoCZ.s 			page 2


DEFINED SYMBOLS
                            *ABS*:00000000 los_memcheck.c
C:\Users\dtjld\AppData\Local\Temp\ccDRHoCZ.s:22     .bss.memexc_count:00000000 memexc_count
C:\Users\dtjld\AppData\Local\Temp\ccDRHoCZ.s:19     .bss.memexc_count:00000000 $d

NO UNDEFINED SYMBOLS
