ARM GAS  C:\Users\dtjld\AppData\Local\Temp\ccfAwkTP.s 			page 1


   1              		.cpu cortex-m4
   2              		.eabi_attribute 27, 1
   3              		.eabi_attribute 28, 1
   4              		.eabi_attribute 20, 1
   5              		.eabi_attribute 21, 1
   6              		.eabi_attribute 23, 3
   7              		.eabi_attribute 24, 1
   8              		.eabi_attribute 25, 1
   9              		.eabi_attribute 26, 1
  10              		.eabi_attribute 30, 6
  11              		.eabi_attribute 34, 1
  12              		.eabi_attribute 18, 4
  13              		.file	"MQTTUnsubscribeClient.c"
  14              		.text
  15              	.Ltext0:
  16              		.cfi_sections	.debug_frame
  17              		.section	.text.MQTTSerialize_unsubscribeLength,"ax",%progbits
  18              		.align	1
  19              		.global	MQTTSerialize_unsubscribeLength
  20              		.syntax unified
  21              		.thumb
  22              		.thumb_func
  23              		.fpu fpv4-sp-d16
  25              	MQTTSerialize_unsubscribeLength:
  26              	.LFB3:
  27              		.file 1 "C:/Users/dtjld/workspace/AIoT/src/LiteOS_Lab/iot_link/network/mqtt/paho_mqtt/paho/MQTTPac
   1:C:/Users/dtjld/workspace/AIoT/src/LiteOS_Lab/iot_link/network/mqtt/paho_mqtt/paho/MQTTPacket/src\MQTTUnsubscribeClient.c **** /*******************************************************************************
   2:C:/Users/dtjld/workspace/AIoT/src/LiteOS_Lab/iot_link/network/mqtt/paho_mqtt/paho/MQTTPacket/src\MQTTUnsubscribeClient.c ****  * Copyright (c) 2014 IBM Corp.
   3:C:/Users/dtjld/workspace/AIoT/src/LiteOS_Lab/iot_link/network/mqtt/paho_mqtt/paho/MQTTPacket/src\MQTTUnsubscribeClient.c ****  *
   4:C:/Users/dtjld/workspace/AIoT/src/LiteOS_Lab/iot_link/network/mqtt/paho_mqtt/paho/MQTTPacket/src\MQTTUnsubscribeClient.c ****  * All rights reserved. This program and the accompanying materials
   5:C:/Users/dtjld/workspace/AIoT/src/LiteOS_Lab/iot_link/network/mqtt/paho_mqtt/paho/MQTTPacket/src\MQTTUnsubscribeClient.c ****  * are made available under the terms of the Eclipse Public License v1.0
   6:C:/Users/dtjld/workspace/AIoT/src/LiteOS_Lab/iot_link/network/mqtt/paho_mqtt/paho/MQTTPacket/src\MQTTUnsubscribeClient.c ****  * and Eclipse Distribution License v1.0 which accompany this distribution.
   7:C:/Users/dtjld/workspace/AIoT/src/LiteOS_Lab/iot_link/network/mqtt/paho_mqtt/paho/MQTTPacket/src\MQTTUnsubscribeClient.c ****  *
   8:C:/Users/dtjld/workspace/AIoT/src/LiteOS_Lab/iot_link/network/mqtt/paho_mqtt/paho/MQTTPacket/src\MQTTUnsubscribeClient.c ****  * The Eclipse Public License is available at
   9:C:/Users/dtjld/workspace/AIoT/src/LiteOS_Lab/iot_link/network/mqtt/paho_mqtt/paho/MQTTPacket/src\MQTTUnsubscribeClient.c ****  *    http://www.eclipse.org/legal/epl-v10.html
  10:C:/Users/dtjld/workspace/AIoT/src/LiteOS_Lab/iot_link/network/mqtt/paho_mqtt/paho/MQTTPacket/src\MQTTUnsubscribeClient.c ****  * and the Eclipse Distribution License is available at
  11:C:/Users/dtjld/workspace/AIoT/src/LiteOS_Lab/iot_link/network/mqtt/paho_mqtt/paho/MQTTPacket/src\MQTTUnsubscribeClient.c ****  *   http://www.eclipse.org/org/documents/edl-v10.php.
  12:C:/Users/dtjld/workspace/AIoT/src/LiteOS_Lab/iot_link/network/mqtt/paho_mqtt/paho/MQTTPacket/src\MQTTUnsubscribeClient.c ****  *
  13:C:/Users/dtjld/workspace/AIoT/src/LiteOS_Lab/iot_link/network/mqtt/paho_mqtt/paho/MQTTPacket/src\MQTTUnsubscribeClient.c ****  * Contributors:
  14:C:/Users/dtjld/workspace/AIoT/src/LiteOS_Lab/iot_link/network/mqtt/paho_mqtt/paho/MQTTPacket/src\MQTTUnsubscribeClient.c ****  *    Ian Craggs - initial API and implementation and/or initial documentation
  15:C:/Users/dtjld/workspace/AIoT/src/LiteOS_Lab/iot_link/network/mqtt/paho_mqtt/paho/MQTTPacket/src\MQTTUnsubscribeClient.c ****  *******************************************************************************/
  16:C:/Users/dtjld/workspace/AIoT/src/LiteOS_Lab/iot_link/network/mqtt/paho_mqtt/paho/MQTTPacket/src\MQTTUnsubscribeClient.c **** 
  17:C:/Users/dtjld/workspace/AIoT/src/LiteOS_Lab/iot_link/network/mqtt/paho_mqtt/paho/MQTTPacket/src\MQTTUnsubscribeClient.c **** #include "MQTTPacket.h"
  18:C:/Users/dtjld/workspace/AIoT/src/LiteOS_Lab/iot_link/network/mqtt/paho_mqtt/paho/MQTTPacket/src\MQTTUnsubscribeClient.c **** #include "StackTrace.h"
  19:C:/Users/dtjld/workspace/AIoT/src/LiteOS_Lab/iot_link/network/mqtt/paho_mqtt/paho/MQTTPacket/src\MQTTUnsubscribeClient.c **** 
  20:C:/Users/dtjld/workspace/AIoT/src/LiteOS_Lab/iot_link/network/mqtt/paho_mqtt/paho/MQTTPacket/src\MQTTUnsubscribeClient.c **** #include <string.h>
  21:C:/Users/dtjld/workspace/AIoT/src/LiteOS_Lab/iot_link/network/mqtt/paho_mqtt/paho/MQTTPacket/src\MQTTUnsubscribeClient.c **** 
  22:C:/Users/dtjld/workspace/AIoT/src/LiteOS_Lab/iot_link/network/mqtt/paho_mqtt/paho/MQTTPacket/src\MQTTUnsubscribeClient.c **** /**
  23:C:/Users/dtjld/workspace/AIoT/src/LiteOS_Lab/iot_link/network/mqtt/paho_mqtt/paho/MQTTPacket/src\MQTTUnsubscribeClient.c ****   * Determines the length of the MQTT unsubscribe packet that would be produced using the supplied 
  24:C:/Users/dtjld/workspace/AIoT/src/LiteOS_Lab/iot_link/network/mqtt/paho_mqtt/paho/MQTTPacket/src\MQTTUnsubscribeClient.c ****   * @param count the number of topic filter strings in topicFilters
  25:C:/Users/dtjld/workspace/AIoT/src/LiteOS_Lab/iot_link/network/mqtt/paho_mqtt/paho/MQTTPacket/src\MQTTUnsubscribeClient.c ****   * @param topicFilters the array of topic filter strings to be used in the publish
  26:C:/Users/dtjld/workspace/AIoT/src/LiteOS_Lab/iot_link/network/mqtt/paho_mqtt/paho/MQTTPacket/src\MQTTUnsubscribeClient.c ****   * @return the length of buffer needed to contain the serialized version of the packet
  27:C:/Users/dtjld/workspace/AIoT/src/LiteOS_Lab/iot_link/network/mqtt/paho_mqtt/paho/MQTTPacket/src\MQTTUnsubscribeClient.c ****   */
  28:C:/Users/dtjld/workspace/AIoT/src/LiteOS_Lab/iot_link/network/mqtt/paho_mqtt/paho/MQTTPacket/src\MQTTUnsubscribeClient.c **** int MQTTSerialize_unsubscribeLength(int count, MQTTString topicFilters[])
  29:C:/Users/dtjld/workspace/AIoT/src/LiteOS_Lab/iot_link/network/mqtt/paho_mqtt/paho/MQTTPacket/src\MQTTUnsubscribeClient.c **** {
  28              		.loc 1 29 0
  29              		.cfi_startproc
ARM GAS  C:\Users\dtjld\AppData\Local\Temp\ccfAwkTP.s 			page 2


  30              		@ args = 0, pretend = 0, frame = 16
  31              		@ frame_needed = 1, uses_anonymous_args = 0
  32 0000 80B5     		push	{r7, lr}
  33              	.LCFI0:
  34              		.cfi_def_cfa_offset 8
  35              		.cfi_offset 7, -8
  36              		.cfi_offset 14, -4
  37 0002 84B0     		sub	sp, sp, #16
  38              	.LCFI1:
  39              		.cfi_def_cfa_offset 24
  40 0004 00AF     		add	r7, sp, #0
  41              	.LCFI2:
  42              		.cfi_def_cfa_register 7
  43 0006 7860     		str	r0, [r7, #4]
  44 0008 3960     		str	r1, [r7]
  30:C:/Users/dtjld/workspace/AIoT/src/LiteOS_Lab/iot_link/network/mqtt/paho_mqtt/paho/MQTTPacket/src\MQTTUnsubscribeClient.c **** 	int i;
  31:C:/Users/dtjld/workspace/AIoT/src/LiteOS_Lab/iot_link/network/mqtt/paho_mqtt/paho/MQTTPacket/src\MQTTUnsubscribeClient.c **** 	int len = 2; /* packetid */
  45              		.loc 1 31 0
  46 000a 0223     		movs	r3, #2
  47 000c BB60     		str	r3, [r7, #8]
  32:C:/Users/dtjld/workspace/AIoT/src/LiteOS_Lab/iot_link/network/mqtt/paho_mqtt/paho/MQTTPacket/src\MQTTUnsubscribeClient.c **** 
  33:C:/Users/dtjld/workspace/AIoT/src/LiteOS_Lab/iot_link/network/mqtt/paho_mqtt/paho/MQTTPacket/src\MQTTUnsubscribeClient.c **** 	for (i = 0; i < count; ++i)
  48              		.loc 1 33 0
  49 000e 0023     		movs	r3, #0
  50 0010 FB60     		str	r3, [r7, #12]
  51 0012 13E0     		b	.L2
  52              	.L3:
  34:C:/Users/dtjld/workspace/AIoT/src/LiteOS_Lab/iot_link/network/mqtt/paho_mqtt/paho/MQTTPacket/src\MQTTUnsubscribeClient.c **** 		len += 2 + MQTTstrlen(topicFilters[i]); /* length + topic*/
  53              		.loc 1 34 0 discriminator 3
  54 0014 FA68     		ldr	r2, [r7, #12]
  55 0016 1346     		mov	r3, r2
  56 0018 5B00     		lsls	r3, r3, #1
  57 001a 1344     		add	r3, r3, r2
  58 001c 9B00     		lsls	r3, r3, #2
  59 001e 1A46     		mov	r2, r3
  60 0020 3B68     		ldr	r3, [r7]
  61 0022 1344     		add	r3, r3, r2
  62 0024 93E80700 		ldm	r3, {r0, r1, r2}
  63 0028 FFF7FEFF 		bl	MQTTstrlen
  64 002c 0346     		mov	r3, r0
  65 002e 0233     		adds	r3, r3, #2
  66 0030 BA68     		ldr	r2, [r7, #8]
  67 0032 1344     		add	r3, r3, r2
  68 0034 BB60     		str	r3, [r7, #8]
  33:C:/Users/dtjld/workspace/AIoT/src/LiteOS_Lab/iot_link/network/mqtt/paho_mqtt/paho/MQTTPacket/src\MQTTUnsubscribeClient.c **** 		len += 2 + MQTTstrlen(topicFilters[i]); /* length + topic*/
  69              		.loc 1 33 0 discriminator 3
  70 0036 FB68     		ldr	r3, [r7, #12]
  71 0038 0133     		adds	r3, r3, #1
  72 003a FB60     		str	r3, [r7, #12]
  73              	.L2:
  33:C:/Users/dtjld/workspace/AIoT/src/LiteOS_Lab/iot_link/network/mqtt/paho_mqtt/paho/MQTTPacket/src\MQTTUnsubscribeClient.c **** 		len += 2 + MQTTstrlen(topicFilters[i]); /* length + topic*/
  74              		.loc 1 33 0 is_stmt 0 discriminator 1
  75 003c FA68     		ldr	r2, [r7, #12]
  76 003e 7B68     		ldr	r3, [r7, #4]
  77 0040 9A42     		cmp	r2, r3
  78 0042 E7DB     		blt	.L3
  35:C:/Users/dtjld/workspace/AIoT/src/LiteOS_Lab/iot_link/network/mqtt/paho_mqtt/paho/MQTTPacket/src\MQTTUnsubscribeClient.c **** 	return len;
ARM GAS  C:\Users\dtjld\AppData\Local\Temp\ccfAwkTP.s 			page 3


  79              		.loc 1 35 0 is_stmt 1
  80 0044 BB68     		ldr	r3, [r7, #8]
  36:C:/Users/dtjld/workspace/AIoT/src/LiteOS_Lab/iot_link/network/mqtt/paho_mqtt/paho/MQTTPacket/src\MQTTUnsubscribeClient.c **** }
  81              		.loc 1 36 0
  82 0046 1846     		mov	r0, r3
  83 0048 1037     		adds	r7, r7, #16
  84              	.LCFI3:
  85              		.cfi_def_cfa_offset 8
  86 004a BD46     		mov	sp, r7
  87              	.LCFI4:
  88              		.cfi_def_cfa_register 13
  89              		@ sp needed
  90 004c 80BD     		pop	{r7, pc}
  91              		.cfi_endproc
  92              	.LFE3:
  94              		.section	.text.MQTTSerialize_unsubscribe,"ax",%progbits
  95              		.align	1
  96              		.global	MQTTSerialize_unsubscribe
  97              		.syntax unified
  98              		.thumb
  99              		.thumb_func
 100              		.fpu fpv4-sp-d16
 102              	MQTTSerialize_unsubscribe:
 103              	.LFB4:
  37:C:/Users/dtjld/workspace/AIoT/src/LiteOS_Lab/iot_link/network/mqtt/paho_mqtt/paho/MQTTPacket/src\MQTTUnsubscribeClient.c **** 
  38:C:/Users/dtjld/workspace/AIoT/src/LiteOS_Lab/iot_link/network/mqtt/paho_mqtt/paho/MQTTPacket/src\MQTTUnsubscribeClient.c **** 
  39:C:/Users/dtjld/workspace/AIoT/src/LiteOS_Lab/iot_link/network/mqtt/paho_mqtt/paho/MQTTPacket/src\MQTTUnsubscribeClient.c **** /**
  40:C:/Users/dtjld/workspace/AIoT/src/LiteOS_Lab/iot_link/network/mqtt/paho_mqtt/paho/MQTTPacket/src\MQTTUnsubscribeClient.c ****   * Serializes the supplied unsubscribe data into the supplied buffer, ready for sending
  41:C:/Users/dtjld/workspace/AIoT/src/LiteOS_Lab/iot_link/network/mqtt/paho_mqtt/paho/MQTTPacket/src\MQTTUnsubscribeClient.c ****   * @param buf the raw buffer data, of the correct length determined by the remaining length field
  42:C:/Users/dtjld/workspace/AIoT/src/LiteOS_Lab/iot_link/network/mqtt/paho_mqtt/paho/MQTTPacket/src\MQTTUnsubscribeClient.c ****   * @param buflen the length in bytes of the data in the supplied buffer
  43:C:/Users/dtjld/workspace/AIoT/src/LiteOS_Lab/iot_link/network/mqtt/paho_mqtt/paho/MQTTPacket/src\MQTTUnsubscribeClient.c ****   * @param dup integer - the MQTT dup flag
  44:C:/Users/dtjld/workspace/AIoT/src/LiteOS_Lab/iot_link/network/mqtt/paho_mqtt/paho/MQTTPacket/src\MQTTUnsubscribeClient.c ****   * @param packetid integer - the MQTT packet identifier
  45:C:/Users/dtjld/workspace/AIoT/src/LiteOS_Lab/iot_link/network/mqtt/paho_mqtt/paho/MQTTPacket/src\MQTTUnsubscribeClient.c ****   * @param count - number of members in the topicFilters array
  46:C:/Users/dtjld/workspace/AIoT/src/LiteOS_Lab/iot_link/network/mqtt/paho_mqtt/paho/MQTTPacket/src\MQTTUnsubscribeClient.c ****   * @param topicFilters - array of topic filter names
  47:C:/Users/dtjld/workspace/AIoT/src/LiteOS_Lab/iot_link/network/mqtt/paho_mqtt/paho/MQTTPacket/src\MQTTUnsubscribeClient.c ****   * @return the length of the serialized data.  <= 0 indicates error
  48:C:/Users/dtjld/workspace/AIoT/src/LiteOS_Lab/iot_link/network/mqtt/paho_mqtt/paho/MQTTPacket/src\MQTTUnsubscribeClient.c ****   */
  49:C:/Users/dtjld/workspace/AIoT/src/LiteOS_Lab/iot_link/network/mqtt/paho_mqtt/paho/MQTTPacket/src\MQTTUnsubscribeClient.c **** int MQTTSerialize_unsubscribe(unsigned char* buf, int buflen, unsigned char dup, unsigned short pac
  50:C:/Users/dtjld/workspace/AIoT/src/LiteOS_Lab/iot_link/network/mqtt/paho_mqtt/paho/MQTTPacket/src\MQTTUnsubscribeClient.c **** 		int count, MQTTString topicFilters[])
  51:C:/Users/dtjld/workspace/AIoT/src/LiteOS_Lab/iot_link/network/mqtt/paho_mqtt/paho/MQTTPacket/src\MQTTUnsubscribeClient.c **** {
 104              		.loc 1 51 0
 105              		.cfi_startproc
 106              		@ args = 8, pretend = 0, frame = 40
 107              		@ frame_needed = 1, uses_anonymous_args = 0
 108 0000 80B5     		push	{r7, lr}
 109              	.LCFI5:
 110              		.cfi_def_cfa_offset 8
 111              		.cfi_offset 7, -8
 112              		.cfi_offset 14, -4
 113 0002 8AB0     		sub	sp, sp, #40
 114              	.LCFI6:
 115              		.cfi_def_cfa_offset 48
 116 0004 00AF     		add	r7, sp, #0
 117              	.LCFI7:
 118              		.cfi_def_cfa_register 7
 119 0006 F860     		str	r0, [r7, #12]
 120 0008 B960     		str	r1, [r7, #8]
 121 000a 1146     		mov	r1, r2
ARM GAS  C:\Users\dtjld\AppData\Local\Temp\ccfAwkTP.s 			page 4


 122 000c 1A46     		mov	r2, r3
 123 000e 0B46     		mov	r3, r1
 124 0010 FB71     		strb	r3, [r7, #7]
 125 0012 1346     		mov	r3, r2	@ movhi
 126 0014 BB80     		strh	r3, [r7, #4]	@ movhi
  52:C:/Users/dtjld/workspace/AIoT/src/LiteOS_Lab/iot_link/network/mqtt/paho_mqtt/paho/MQTTPacket/src\MQTTUnsubscribeClient.c **** 	unsigned char *ptr = buf;
 127              		.loc 1 52 0
 128 0016 FB68     		ldr	r3, [r7, #12]
 129 0018 BB61     		str	r3, [r7, #24]
  53:C:/Users/dtjld/workspace/AIoT/src/LiteOS_Lab/iot_link/network/mqtt/paho_mqtt/paho/MQTTPacket/src\MQTTUnsubscribeClient.c **** 	MQTTHeader header = {0};
 130              		.loc 1 53 0
 131 001a 0023     		movs	r3, #0
 132 001c 7B61     		str	r3, [r7, #20]
  54:C:/Users/dtjld/workspace/AIoT/src/LiteOS_Lab/iot_link/network/mqtt/paho_mqtt/paho/MQTTPacket/src\MQTTUnsubscribeClient.c **** 	int rem_len = 0;
 133              		.loc 1 54 0
 134 001e 0023     		movs	r3, #0
 135 0020 FB61     		str	r3, [r7, #28]
  55:C:/Users/dtjld/workspace/AIoT/src/LiteOS_Lab/iot_link/network/mqtt/paho_mqtt/paho/MQTTPacket/src\MQTTUnsubscribeClient.c **** 	int rc = -1;
 136              		.loc 1 55 0
 137 0022 4FF0FF33 		mov	r3, #-1
 138 0026 7B62     		str	r3, [r7, #36]
  56:C:/Users/dtjld/workspace/AIoT/src/LiteOS_Lab/iot_link/network/mqtt/paho_mqtt/paho/MQTTPacket/src\MQTTUnsubscribeClient.c **** 	int i = 0;
 139              		.loc 1 56 0
 140 0028 0023     		movs	r3, #0
 141 002a 3B62     		str	r3, [r7, #32]
  57:C:/Users/dtjld/workspace/AIoT/src/LiteOS_Lab/iot_link/network/mqtt/paho_mqtt/paho/MQTTPacket/src\MQTTUnsubscribeClient.c **** 
  58:C:/Users/dtjld/workspace/AIoT/src/LiteOS_Lab/iot_link/network/mqtt/paho_mqtt/paho/MQTTPacket/src\MQTTUnsubscribeClient.c **** 	FUNC_ENTRY;
  59:C:/Users/dtjld/workspace/AIoT/src/LiteOS_Lab/iot_link/network/mqtt/paho_mqtt/paho/MQTTPacket/src\MQTTUnsubscribeClient.c **** 	if (MQTTPacket_len(rem_len = MQTTSerialize_unsubscribeLength(count, topicFilters)) > buflen)
 142              		.loc 1 59 0
 143 002c 796B     		ldr	r1, [r7, #52]
 144 002e 386B     		ldr	r0, [r7, #48]
 145 0030 FFF7FEFF 		bl	MQTTSerialize_unsubscribeLength
 146 0034 F861     		str	r0, [r7, #28]
 147 0036 F869     		ldr	r0, [r7, #28]
 148 0038 FFF7FEFF 		bl	MQTTPacket_len
 149 003c 0246     		mov	r2, r0
 150 003e BB68     		ldr	r3, [r7, #8]
 151 0040 9342     		cmp	r3, r2
 152 0042 03DA     		bge	.L6
  60:C:/Users/dtjld/workspace/AIoT/src/LiteOS_Lab/iot_link/network/mqtt/paho_mqtt/paho/MQTTPacket/src\MQTTUnsubscribeClient.c **** 	{
  61:C:/Users/dtjld/workspace/AIoT/src/LiteOS_Lab/iot_link/network/mqtt/paho_mqtt/paho/MQTTPacket/src\MQTTUnsubscribeClient.c **** 		rc = MQTTPACKET_BUFFER_TOO_SHORT;
 153              		.loc 1 61 0
 154 0044 6FF00103 		mvn	r3, #1
 155 0048 7B62     		str	r3, [r7, #36]
  62:C:/Users/dtjld/workspace/AIoT/src/LiteOS_Lab/iot_link/network/mqtt/paho_mqtt/paho/MQTTPacket/src\MQTTUnsubscribeClient.c **** 		goto exit;
 156              		.loc 1 62 0
 157 004a 46E0     		b	.L7
 158              	.L6:
  63:C:/Users/dtjld/workspace/AIoT/src/LiteOS_Lab/iot_link/network/mqtt/paho_mqtt/paho/MQTTPacket/src\MQTTUnsubscribeClient.c **** 	}
  64:C:/Users/dtjld/workspace/AIoT/src/LiteOS_Lab/iot_link/network/mqtt/paho_mqtt/paho/MQTTPacket/src\MQTTUnsubscribeClient.c **** 
  65:C:/Users/dtjld/workspace/AIoT/src/LiteOS_Lab/iot_link/network/mqtt/paho_mqtt/paho/MQTTPacket/src\MQTTUnsubscribeClient.c **** 	header.byte = 0;
 159              		.loc 1 65 0
 160 004c 0023     		movs	r3, #0
 161 004e 3B75     		strb	r3, [r7, #20]
  66:C:/Users/dtjld/workspace/AIoT/src/LiteOS_Lab/iot_link/network/mqtt/paho_mqtt/paho/MQTTPacket/src\MQTTUnsubscribeClient.c **** 	header.bits.type = UNSUBSCRIBE;
 162              		.loc 1 66 0
 163 0050 3B7D     		ldrb	r3, [r7, #20]
ARM GAS  C:\Users\dtjld\AppData\Local\Temp\ccfAwkTP.s 			page 5


 164 0052 0A22     		movs	r2, #10
 165 0054 62F30713 		bfi	r3, r2, #4, #4
 166 0058 3B75     		strb	r3, [r7, #20]
  67:C:/Users/dtjld/workspace/AIoT/src/LiteOS_Lab/iot_link/network/mqtt/paho_mqtt/paho/MQTTPacket/src\MQTTUnsubscribeClient.c **** 	header.bits.dup = dup;
 167              		.loc 1 67 0
 168 005a FB79     		ldrb	r3, [r7, #7]
 169 005c 03F00103 		and	r3, r3, #1
 170 0060 DAB2     		uxtb	r2, r3
 171 0062 3B7D     		ldrb	r3, [r7, #20]
 172 0064 62F3C303 		bfi	r3, r2, #3, #1
 173 0068 3B75     		strb	r3, [r7, #20]
  68:C:/Users/dtjld/workspace/AIoT/src/LiteOS_Lab/iot_link/network/mqtt/paho_mqtt/paho/MQTTPacket/src\MQTTUnsubscribeClient.c **** 	header.bits.qos = 1;
 174              		.loc 1 68 0
 175 006a 3B7D     		ldrb	r3, [r7, #20]
 176 006c 0122     		movs	r2, #1
 177 006e 62F34203 		bfi	r3, r2, #1, #2
 178 0072 3B75     		strb	r3, [r7, #20]
  69:C:/Users/dtjld/workspace/AIoT/src/LiteOS_Lab/iot_link/network/mqtt/paho_mqtt/paho/MQTTPacket/src\MQTTUnsubscribeClient.c **** 	writeChar(&ptr, header.byte); /* write header */
 179              		.loc 1 69 0
 180 0074 3A7D     		ldrb	r2, [r7, #20]	@ zero_extendqisi2
 181 0076 07F11803 		add	r3, r7, #24
 182 007a 1146     		mov	r1, r2
 183 007c 1846     		mov	r0, r3
 184 007e FFF7FEFF 		bl	writeChar
  70:C:/Users/dtjld/workspace/AIoT/src/LiteOS_Lab/iot_link/network/mqtt/paho_mqtt/paho/MQTTPacket/src\MQTTUnsubscribeClient.c **** 
  71:C:/Users/dtjld/workspace/AIoT/src/LiteOS_Lab/iot_link/network/mqtt/paho_mqtt/paho/MQTTPacket/src\MQTTUnsubscribeClient.c **** 	ptr += MQTTPacket_encode(ptr, rem_len); /* write remaining length */;
 185              		.loc 1 71 0
 186 0082 BB69     		ldr	r3, [r7, #24]
 187 0084 F969     		ldr	r1, [r7, #28]
 188 0086 1846     		mov	r0, r3
 189 0088 FFF7FEFF 		bl	MQTTPacket_encode
 190 008c 0246     		mov	r2, r0
 191 008e BB69     		ldr	r3, [r7, #24]
 192 0090 1344     		add	r3, r3, r2
 193 0092 BB61     		str	r3, [r7, #24]
  72:C:/Users/dtjld/workspace/AIoT/src/LiteOS_Lab/iot_link/network/mqtt/paho_mqtt/paho/MQTTPacket/src\MQTTUnsubscribeClient.c **** 
  73:C:/Users/dtjld/workspace/AIoT/src/LiteOS_Lab/iot_link/network/mqtt/paho_mqtt/paho/MQTTPacket/src\MQTTUnsubscribeClient.c **** 	writeInt(&ptr, packetid);
 194              		.loc 1 73 0
 195 0094 BA88     		ldrh	r2, [r7, #4]
 196 0096 07F11803 		add	r3, r7, #24
 197 009a 1146     		mov	r1, r2
 198 009c 1846     		mov	r0, r3
 199 009e FFF7FEFF 		bl	writeInt
  74:C:/Users/dtjld/workspace/AIoT/src/LiteOS_Lab/iot_link/network/mqtt/paho_mqtt/paho/MQTTPacket/src\MQTTUnsubscribeClient.c **** 
  75:C:/Users/dtjld/workspace/AIoT/src/LiteOS_Lab/iot_link/network/mqtt/paho_mqtt/paho/MQTTPacket/src\MQTTUnsubscribeClient.c **** 	for (i = 0; i < count; ++i)
 200              		.loc 1 75 0
 201 00a2 0023     		movs	r3, #0
 202 00a4 3B62     		str	r3, [r7, #32]
 203 00a6 0FE0     		b	.L8
 204              	.L9:
  76:C:/Users/dtjld/workspace/AIoT/src/LiteOS_Lab/iot_link/network/mqtt/paho_mqtt/paho/MQTTPacket/src\MQTTUnsubscribeClient.c **** 		writeMQTTString(&ptr, topicFilters[i]);
 205              		.loc 1 76 0 discriminator 3
 206 00a8 3A6A     		ldr	r2, [r7, #32]
 207 00aa 1346     		mov	r3, r2
 208 00ac 5B00     		lsls	r3, r3, #1
 209 00ae 1344     		add	r3, r3, r2
 210 00b0 9B00     		lsls	r3, r3, #2
ARM GAS  C:\Users\dtjld\AppData\Local\Temp\ccfAwkTP.s 			page 6


 211 00b2 1A46     		mov	r2, r3
 212 00b4 7B6B     		ldr	r3, [r7, #52]
 213 00b6 1344     		add	r3, r3, r2
 214 00b8 07F11800 		add	r0, r7, #24
 215 00bc 0ECB     		ldm	r3, {r1, r2, r3}
 216 00be FFF7FEFF 		bl	writeMQTTString
  75:C:/Users/dtjld/workspace/AIoT/src/LiteOS_Lab/iot_link/network/mqtt/paho_mqtt/paho/MQTTPacket/src\MQTTUnsubscribeClient.c **** 		writeMQTTString(&ptr, topicFilters[i]);
 217              		.loc 1 75 0 discriminator 3
 218 00c2 3B6A     		ldr	r3, [r7, #32]
 219 00c4 0133     		adds	r3, r3, #1
 220 00c6 3B62     		str	r3, [r7, #32]
 221              	.L8:
  75:C:/Users/dtjld/workspace/AIoT/src/LiteOS_Lab/iot_link/network/mqtt/paho_mqtt/paho/MQTTPacket/src\MQTTUnsubscribeClient.c **** 		writeMQTTString(&ptr, topicFilters[i]);
 222              		.loc 1 75 0 is_stmt 0 discriminator 1
 223 00c8 3A6A     		ldr	r2, [r7, #32]
 224 00ca 3B6B     		ldr	r3, [r7, #48]
 225 00cc 9A42     		cmp	r2, r3
 226 00ce EBDB     		blt	.L9
  77:C:/Users/dtjld/workspace/AIoT/src/LiteOS_Lab/iot_link/network/mqtt/paho_mqtt/paho/MQTTPacket/src\MQTTUnsubscribeClient.c **** 
  78:C:/Users/dtjld/workspace/AIoT/src/LiteOS_Lab/iot_link/network/mqtt/paho_mqtt/paho/MQTTPacket/src\MQTTUnsubscribeClient.c **** 	rc = ptr - buf;
 227              		.loc 1 78 0 is_stmt 1
 228 00d0 BB69     		ldr	r3, [r7, #24]
 229 00d2 1A46     		mov	r2, r3
 230 00d4 FB68     		ldr	r3, [r7, #12]
 231 00d6 D31A     		subs	r3, r2, r3
 232 00d8 7B62     		str	r3, [r7, #36]
 233              	.L7:
  79:C:/Users/dtjld/workspace/AIoT/src/LiteOS_Lab/iot_link/network/mqtt/paho_mqtt/paho/MQTTPacket/src\MQTTUnsubscribeClient.c **** exit:
  80:C:/Users/dtjld/workspace/AIoT/src/LiteOS_Lab/iot_link/network/mqtt/paho_mqtt/paho/MQTTPacket/src\MQTTUnsubscribeClient.c **** 	FUNC_EXIT_RC(rc);
  81:C:/Users/dtjld/workspace/AIoT/src/LiteOS_Lab/iot_link/network/mqtt/paho_mqtt/paho/MQTTPacket/src\MQTTUnsubscribeClient.c **** 	return rc;
 234              		.loc 1 81 0
 235 00da 7B6A     		ldr	r3, [r7, #36]
  82:C:/Users/dtjld/workspace/AIoT/src/LiteOS_Lab/iot_link/network/mqtt/paho_mqtt/paho/MQTTPacket/src\MQTTUnsubscribeClient.c **** }
 236              		.loc 1 82 0
 237 00dc 1846     		mov	r0, r3
 238 00de 2837     		adds	r7, r7, #40
 239              	.LCFI8:
 240              		.cfi_def_cfa_offset 8
 241 00e0 BD46     		mov	sp, r7
 242              	.LCFI9:
 243              		.cfi_def_cfa_register 13
 244              		@ sp needed
 245 00e2 80BD     		pop	{r7, pc}
 246              		.cfi_endproc
 247              	.LFE4:
 249              		.section	.text.MQTTDeserialize_unsuback,"ax",%progbits
 250              		.align	1
 251              		.global	MQTTDeserialize_unsuback
 252              		.syntax unified
 253              		.thumb
 254              		.thumb_func
 255              		.fpu fpv4-sp-d16
 257              	MQTTDeserialize_unsuback:
 258              	.LFB5:
  83:C:/Users/dtjld/workspace/AIoT/src/LiteOS_Lab/iot_link/network/mqtt/paho_mqtt/paho/MQTTPacket/src\MQTTUnsubscribeClient.c **** 
  84:C:/Users/dtjld/workspace/AIoT/src/LiteOS_Lab/iot_link/network/mqtt/paho_mqtt/paho/MQTTPacket/src\MQTTUnsubscribeClient.c **** 
  85:C:/Users/dtjld/workspace/AIoT/src/LiteOS_Lab/iot_link/network/mqtt/paho_mqtt/paho/MQTTPacket/src\MQTTUnsubscribeClient.c **** /**
ARM GAS  C:\Users\dtjld\AppData\Local\Temp\ccfAwkTP.s 			page 7


  86:C:/Users/dtjld/workspace/AIoT/src/LiteOS_Lab/iot_link/network/mqtt/paho_mqtt/paho/MQTTPacket/src\MQTTUnsubscribeClient.c ****   * Deserializes the supplied (wire) buffer into unsuback data
  87:C:/Users/dtjld/workspace/AIoT/src/LiteOS_Lab/iot_link/network/mqtt/paho_mqtt/paho/MQTTPacket/src\MQTTUnsubscribeClient.c ****   * @param packetid returned integer - the MQTT packet identifier
  88:C:/Users/dtjld/workspace/AIoT/src/LiteOS_Lab/iot_link/network/mqtt/paho_mqtt/paho/MQTTPacket/src\MQTTUnsubscribeClient.c ****   * @param buf the raw buffer data, of the correct length determined by the remaining length field
  89:C:/Users/dtjld/workspace/AIoT/src/LiteOS_Lab/iot_link/network/mqtt/paho_mqtt/paho/MQTTPacket/src\MQTTUnsubscribeClient.c ****   * @param buflen the length in bytes of the data in the supplied buffer
  90:C:/Users/dtjld/workspace/AIoT/src/LiteOS_Lab/iot_link/network/mqtt/paho_mqtt/paho/MQTTPacket/src\MQTTUnsubscribeClient.c ****   * @return error code.  1 is success, 0 is failure
  91:C:/Users/dtjld/workspace/AIoT/src/LiteOS_Lab/iot_link/network/mqtt/paho_mqtt/paho/MQTTPacket/src\MQTTUnsubscribeClient.c ****   */
  92:C:/Users/dtjld/workspace/AIoT/src/LiteOS_Lab/iot_link/network/mqtt/paho_mqtt/paho/MQTTPacket/src\MQTTUnsubscribeClient.c **** int MQTTDeserialize_unsuback(unsigned short* packetid, unsigned char* buf, int buflen)
  93:C:/Users/dtjld/workspace/AIoT/src/LiteOS_Lab/iot_link/network/mqtt/paho_mqtt/paho/MQTTPacket/src\MQTTUnsubscribeClient.c **** {
 259              		.loc 1 93 0
 260              		.cfi_startproc
 261              		@ args = 0, pretend = 0, frame = 24
 262              		@ frame_needed = 1, uses_anonymous_args = 0
 263 0000 80B5     		push	{r7, lr}
 264              	.LCFI10:
 265              		.cfi_def_cfa_offset 8
 266              		.cfi_offset 7, -8
 267              		.cfi_offset 14, -4
 268 0002 88B0     		sub	sp, sp, #32
 269              	.LCFI11:
 270              		.cfi_def_cfa_offset 40
 271 0004 02AF     		add	r7, sp, #8
 272              	.LCFI12:
 273              		.cfi_def_cfa 7, 32
 274 0006 F860     		str	r0, [r7, #12]
 275 0008 B960     		str	r1, [r7, #8]
 276 000a 7A60     		str	r2, [r7, #4]
  94:C:/Users/dtjld/workspace/AIoT/src/LiteOS_Lab/iot_link/network/mqtt/paho_mqtt/paho/MQTTPacket/src\MQTTUnsubscribeClient.c **** 	unsigned char type = 0;
 277              		.loc 1 94 0
 278 000c 0023     		movs	r3, #0
 279 000e FB74     		strb	r3, [r7, #19]
  95:C:/Users/dtjld/workspace/AIoT/src/LiteOS_Lab/iot_link/network/mqtt/paho_mqtt/paho/MQTTPacket/src\MQTTUnsubscribeClient.c **** 	unsigned char dup = 0;
 280              		.loc 1 95 0
 281 0010 0023     		movs	r3, #0
 282 0012 BB74     		strb	r3, [r7, #18]
  96:C:/Users/dtjld/workspace/AIoT/src/LiteOS_Lab/iot_link/network/mqtt/paho_mqtt/paho/MQTTPacket/src\MQTTUnsubscribeClient.c **** 	int rc = 0;
 283              		.loc 1 96 0
 284 0014 0023     		movs	r3, #0
 285 0016 7B61     		str	r3, [r7, #20]
  97:C:/Users/dtjld/workspace/AIoT/src/LiteOS_Lab/iot_link/network/mqtt/paho_mqtt/paho/MQTTPacket/src\MQTTUnsubscribeClient.c **** 
  98:C:/Users/dtjld/workspace/AIoT/src/LiteOS_Lab/iot_link/network/mqtt/paho_mqtt/paho/MQTTPacket/src\MQTTUnsubscribeClient.c **** 	FUNC_ENTRY;
  99:C:/Users/dtjld/workspace/AIoT/src/LiteOS_Lab/iot_link/network/mqtt/paho_mqtt/paho/MQTTPacket/src\MQTTUnsubscribeClient.c **** 	rc = MQTTDeserialize_ack(&type, &dup, packetid, buf, buflen);
 286              		.loc 1 99 0
 287 0018 07F11201 		add	r1, r7, #18
 288 001c 07F11300 		add	r0, r7, #19
 289 0020 7B68     		ldr	r3, [r7, #4]
 290 0022 0093     		str	r3, [sp]
 291 0024 BB68     		ldr	r3, [r7, #8]
 292 0026 FA68     		ldr	r2, [r7, #12]
 293 0028 FFF7FEFF 		bl	MQTTDeserialize_ack
 294 002c 7861     		str	r0, [r7, #20]
 100:C:/Users/dtjld/workspace/AIoT/src/LiteOS_Lab/iot_link/network/mqtt/paho_mqtt/paho/MQTTPacket/src\MQTTUnsubscribeClient.c **** 	if (type == UNSUBACK)
 295              		.loc 1 100 0
 296 002e FB7C     		ldrb	r3, [r7, #19]	@ zero_extendqisi2
 297 0030 0B2B     		cmp	r3, #11
 298 0032 01D1     		bne	.L12
 101:C:/Users/dtjld/workspace/AIoT/src/LiteOS_Lab/iot_link/network/mqtt/paho_mqtt/paho/MQTTPacket/src\MQTTUnsubscribeClient.c **** 		rc = 1;
 299              		.loc 1 101 0
ARM GAS  C:\Users\dtjld\AppData\Local\Temp\ccfAwkTP.s 			page 8


 300 0034 0123     		movs	r3, #1
 301 0036 7B61     		str	r3, [r7, #20]
 302              	.L12:
 102:C:/Users/dtjld/workspace/AIoT/src/LiteOS_Lab/iot_link/network/mqtt/paho_mqtt/paho/MQTTPacket/src\MQTTUnsubscribeClient.c **** 	FUNC_EXIT_RC(rc);
 103:C:/Users/dtjld/workspace/AIoT/src/LiteOS_Lab/iot_link/network/mqtt/paho_mqtt/paho/MQTTPacket/src\MQTTUnsubscribeClient.c **** 	return rc;
 303              		.loc 1 103 0
 304 0038 7B69     		ldr	r3, [r7, #20]
 104:C:/Users/dtjld/workspace/AIoT/src/LiteOS_Lab/iot_link/network/mqtt/paho_mqtt/paho/MQTTPacket/src\MQTTUnsubscribeClient.c **** }
 305              		.loc 1 104 0
 306 003a 1846     		mov	r0, r3
 307 003c 1837     		adds	r7, r7, #24
 308              	.LCFI13:
 309              		.cfi_def_cfa_offset 8
 310 003e BD46     		mov	sp, r7
 311              	.LCFI14:
 312              		.cfi_def_cfa_register 13
 313              		@ sp needed
 314 0040 80BD     		pop	{r7, pc}
 315              		.cfi_endproc
 316              	.LFE5:
 318              		.text
 319              	.Letext0:
 320              		.file 2 "C:/Users/dtjld/workspace/AIoT/src/LiteOS_Lab/iot_link/network/mqtt/paho_mqtt/paho/MQTTPac
 321              		.file 3 "c:\\ac6\\systemworkbench\\plugins\\fr.ac6.mcu.externaltools.arm-none.win32_1.16.0.2018071
 322              		.file 4 "c:\\ac6\\systemworkbench\\plugins\\fr.ac6.mcu.externaltools.arm-none.win32_1.16.0.2018071
 323              		.file 5 "c:\\ac6\\systemworkbench\\plugins\\fr.ac6.mcu.externaltools.arm-none.win32_1.16.0.2018071
 324              		.file 6 "c:\\ac6\\systemworkbench\\plugins\\fr.ac6.mcu.externaltools.arm-none.win32_1.16.0.2018071
ARM GAS  C:\Users\dtjld\AppData\Local\Temp\ccfAwkTP.s 			page 9


DEFINED SYMBOLS
                            *ABS*:00000000 MQTTUnsubscribeClient.c
C:\Users\dtjld\AppData\Local\Temp\ccfAwkTP.s:18     .text.MQTTSerialize_unsubscribeLength:00000000 $t
C:\Users\dtjld\AppData\Local\Temp\ccfAwkTP.s:25     .text.MQTTSerialize_unsubscribeLength:00000000 MQTTSerialize_unsubscribeLength
C:\Users\dtjld\AppData\Local\Temp\ccfAwkTP.s:95     .text.MQTTSerialize_unsubscribe:00000000 $t
C:\Users\dtjld\AppData\Local\Temp\ccfAwkTP.s:102    .text.MQTTSerialize_unsubscribe:00000000 MQTTSerialize_unsubscribe
C:\Users\dtjld\AppData\Local\Temp\ccfAwkTP.s:250    .text.MQTTDeserialize_unsuback:00000000 $t
C:\Users\dtjld\AppData\Local\Temp\ccfAwkTP.s:257    .text.MQTTDeserialize_unsuback:00000000 MQTTDeserialize_unsuback

UNDEFINED SYMBOLS
MQTTstrlen
MQTTPacket_len
writeChar
MQTTPacket_encode
writeInt
writeMQTTString
MQTTDeserialize_ack
