ARM GAS  C:\Users\dtjld\AppData\Local\Temp\ccjWrSvb.s 			page 1


   1              		.cpu cortex-m4
   2              		.eabi_attribute 27, 1
   3              		.eabi_attribute 28, 1
   4              		.eabi_attribute 20, 1
   5              		.eabi_attribute 21, 1
   6              		.eabi_attribute 23, 3
   7              		.eabi_attribute 24, 1
   8              		.eabi_attribute 25, 1
   9              		.eabi_attribute 26, 1
  10              		.eabi_attribute 30, 6
  11              		.eabi_attribute 34, 1
  12              		.eabi_attribute 18, 4
  13              		.file	"MQTTSubscribeClient.c"
  14              		.text
  15              	.Ltext0:
  16              		.cfi_sections	.debug_frame
  17              		.section	.text.MQTTSerialize_subscribeLength,"ax",%progbits
  18              		.align	1
  19              		.global	MQTTSerialize_subscribeLength
  20              		.syntax unified
  21              		.thumb
  22              		.thumb_func
  23              		.fpu fpv4-sp-d16
  25              	MQTTSerialize_subscribeLength:
  26              	.LFB3:
  27              		.file 1 "C:/Users/dtjld/workspace/AIoT/src/LiteOS_Lab/iot_link/network/mqtt/paho_mqtt/paho/MQTTPac
   1:C:/Users/dtjld/workspace/AIoT/src/LiteOS_Lab/iot_link/network/mqtt/paho_mqtt/paho/MQTTPacket/src\MQTTSubscribeClient.c **** /*******************************************************************************
   2:C:/Users/dtjld/workspace/AIoT/src/LiteOS_Lab/iot_link/network/mqtt/paho_mqtt/paho/MQTTPacket/src\MQTTSubscribeClient.c ****  * Copyright (c) 2014 IBM Corp.
   3:C:/Users/dtjld/workspace/AIoT/src/LiteOS_Lab/iot_link/network/mqtt/paho_mqtt/paho/MQTTPacket/src\MQTTSubscribeClient.c ****  *
   4:C:/Users/dtjld/workspace/AIoT/src/LiteOS_Lab/iot_link/network/mqtt/paho_mqtt/paho/MQTTPacket/src\MQTTSubscribeClient.c ****  * All rights reserved. This program and the accompanying materials
   5:C:/Users/dtjld/workspace/AIoT/src/LiteOS_Lab/iot_link/network/mqtt/paho_mqtt/paho/MQTTPacket/src\MQTTSubscribeClient.c ****  * are made available under the terms of the Eclipse Public License v1.0
   6:C:/Users/dtjld/workspace/AIoT/src/LiteOS_Lab/iot_link/network/mqtt/paho_mqtt/paho/MQTTPacket/src\MQTTSubscribeClient.c ****  * and Eclipse Distribution License v1.0 which accompany this distribution.
   7:C:/Users/dtjld/workspace/AIoT/src/LiteOS_Lab/iot_link/network/mqtt/paho_mqtt/paho/MQTTPacket/src\MQTTSubscribeClient.c ****  *
   8:C:/Users/dtjld/workspace/AIoT/src/LiteOS_Lab/iot_link/network/mqtt/paho_mqtt/paho/MQTTPacket/src\MQTTSubscribeClient.c ****  * The Eclipse Public License is available at
   9:C:/Users/dtjld/workspace/AIoT/src/LiteOS_Lab/iot_link/network/mqtt/paho_mqtt/paho/MQTTPacket/src\MQTTSubscribeClient.c ****  *    http://www.eclipse.org/legal/epl-v10.html
  10:C:/Users/dtjld/workspace/AIoT/src/LiteOS_Lab/iot_link/network/mqtt/paho_mqtt/paho/MQTTPacket/src\MQTTSubscribeClient.c ****  * and the Eclipse Distribution License is available at
  11:C:/Users/dtjld/workspace/AIoT/src/LiteOS_Lab/iot_link/network/mqtt/paho_mqtt/paho/MQTTPacket/src\MQTTSubscribeClient.c ****  *   http://www.eclipse.org/org/documents/edl-v10.php.
  12:C:/Users/dtjld/workspace/AIoT/src/LiteOS_Lab/iot_link/network/mqtt/paho_mqtt/paho/MQTTPacket/src\MQTTSubscribeClient.c ****  *
  13:C:/Users/dtjld/workspace/AIoT/src/LiteOS_Lab/iot_link/network/mqtt/paho_mqtt/paho/MQTTPacket/src\MQTTSubscribeClient.c ****  * Contributors:
  14:C:/Users/dtjld/workspace/AIoT/src/LiteOS_Lab/iot_link/network/mqtt/paho_mqtt/paho/MQTTPacket/src\MQTTSubscribeClient.c ****  *    Ian Craggs - initial API and implementation and/or initial documentation
  15:C:/Users/dtjld/workspace/AIoT/src/LiteOS_Lab/iot_link/network/mqtt/paho_mqtt/paho/MQTTPacket/src\MQTTSubscribeClient.c ****  *******************************************************************************/
  16:C:/Users/dtjld/workspace/AIoT/src/LiteOS_Lab/iot_link/network/mqtt/paho_mqtt/paho/MQTTPacket/src\MQTTSubscribeClient.c **** 
  17:C:/Users/dtjld/workspace/AIoT/src/LiteOS_Lab/iot_link/network/mqtt/paho_mqtt/paho/MQTTPacket/src\MQTTSubscribeClient.c **** #include "MQTTPacket.h"
  18:C:/Users/dtjld/workspace/AIoT/src/LiteOS_Lab/iot_link/network/mqtt/paho_mqtt/paho/MQTTPacket/src\MQTTSubscribeClient.c **** #include "StackTrace.h"
  19:C:/Users/dtjld/workspace/AIoT/src/LiteOS_Lab/iot_link/network/mqtt/paho_mqtt/paho/MQTTPacket/src\MQTTSubscribeClient.c **** 
  20:C:/Users/dtjld/workspace/AIoT/src/LiteOS_Lab/iot_link/network/mqtt/paho_mqtt/paho/MQTTPacket/src\MQTTSubscribeClient.c **** #include <string.h>
  21:C:/Users/dtjld/workspace/AIoT/src/LiteOS_Lab/iot_link/network/mqtt/paho_mqtt/paho/MQTTPacket/src\MQTTSubscribeClient.c **** 
  22:C:/Users/dtjld/workspace/AIoT/src/LiteOS_Lab/iot_link/network/mqtt/paho_mqtt/paho/MQTTPacket/src\MQTTSubscribeClient.c **** /**
  23:C:/Users/dtjld/workspace/AIoT/src/LiteOS_Lab/iot_link/network/mqtt/paho_mqtt/paho/MQTTPacket/src\MQTTSubscribeClient.c ****   * Determines the length of the MQTT subscribe packet that would be produced using the supplied pa
  24:C:/Users/dtjld/workspace/AIoT/src/LiteOS_Lab/iot_link/network/mqtt/paho_mqtt/paho/MQTTPacket/src\MQTTSubscribeClient.c ****   * @param count the number of topic filter strings in topicFilters
  25:C:/Users/dtjld/workspace/AIoT/src/LiteOS_Lab/iot_link/network/mqtt/paho_mqtt/paho/MQTTPacket/src\MQTTSubscribeClient.c ****   * @param topicFilters the array of topic filter strings to be used in the publish
  26:C:/Users/dtjld/workspace/AIoT/src/LiteOS_Lab/iot_link/network/mqtt/paho_mqtt/paho/MQTTPacket/src\MQTTSubscribeClient.c ****   * @return the length of buffer needed to contain the serialized version of the packet
  27:C:/Users/dtjld/workspace/AIoT/src/LiteOS_Lab/iot_link/network/mqtt/paho_mqtt/paho/MQTTPacket/src\MQTTSubscribeClient.c ****   */
  28:C:/Users/dtjld/workspace/AIoT/src/LiteOS_Lab/iot_link/network/mqtt/paho_mqtt/paho/MQTTPacket/src\MQTTSubscribeClient.c **** int MQTTSerialize_subscribeLength(int count, MQTTString topicFilters[])
  29:C:/Users/dtjld/workspace/AIoT/src/LiteOS_Lab/iot_link/network/mqtt/paho_mqtt/paho/MQTTPacket/src\MQTTSubscribeClient.c **** {
  28              		.loc 1 29 0
  29              		.cfi_startproc
ARM GAS  C:\Users\dtjld\AppData\Local\Temp\ccjWrSvb.s 			page 2


  30              		@ args = 0, pretend = 0, frame = 16
  31              		@ frame_needed = 1, uses_anonymous_args = 0
  32 0000 80B5     		push	{r7, lr}
  33              	.LCFI0:
  34              		.cfi_def_cfa_offset 8
  35              		.cfi_offset 7, -8
  36              		.cfi_offset 14, -4
  37 0002 84B0     		sub	sp, sp, #16
  38              	.LCFI1:
  39              		.cfi_def_cfa_offset 24
  40 0004 00AF     		add	r7, sp, #0
  41              	.LCFI2:
  42              		.cfi_def_cfa_register 7
  43 0006 7860     		str	r0, [r7, #4]
  44 0008 3960     		str	r1, [r7]
  30:C:/Users/dtjld/workspace/AIoT/src/LiteOS_Lab/iot_link/network/mqtt/paho_mqtt/paho/MQTTPacket/src\MQTTSubscribeClient.c **** 	int i;
  31:C:/Users/dtjld/workspace/AIoT/src/LiteOS_Lab/iot_link/network/mqtt/paho_mqtt/paho/MQTTPacket/src\MQTTSubscribeClient.c **** 	int len = 2; /* packetid */
  45              		.loc 1 31 0
  46 000a 0223     		movs	r3, #2
  47 000c BB60     		str	r3, [r7, #8]
  32:C:/Users/dtjld/workspace/AIoT/src/LiteOS_Lab/iot_link/network/mqtt/paho_mqtt/paho/MQTTPacket/src\MQTTSubscribeClient.c **** 
  33:C:/Users/dtjld/workspace/AIoT/src/LiteOS_Lab/iot_link/network/mqtt/paho_mqtt/paho/MQTTPacket/src\MQTTSubscribeClient.c **** 	for (i = 0; i < count; ++i)
  48              		.loc 1 33 0
  49 000e 0023     		movs	r3, #0
  50 0010 FB60     		str	r3, [r7, #12]
  51 0012 13E0     		b	.L2
  52              	.L3:
  34:C:/Users/dtjld/workspace/AIoT/src/LiteOS_Lab/iot_link/network/mqtt/paho_mqtt/paho/MQTTPacket/src\MQTTSubscribeClient.c **** 		len += 2 + MQTTstrlen(topicFilters[i]) + 1; /* length + topic + req_qos */
  53              		.loc 1 34 0 discriminator 3
  54 0014 FA68     		ldr	r2, [r7, #12]
  55 0016 1346     		mov	r3, r2
  56 0018 5B00     		lsls	r3, r3, #1
  57 001a 1344     		add	r3, r3, r2
  58 001c 9B00     		lsls	r3, r3, #2
  59 001e 1A46     		mov	r2, r3
  60 0020 3B68     		ldr	r3, [r7]
  61 0022 1344     		add	r3, r3, r2
  62 0024 93E80700 		ldm	r3, {r0, r1, r2}
  63 0028 FFF7FEFF 		bl	MQTTstrlen
  64 002c 0346     		mov	r3, r0
  65 002e 0333     		adds	r3, r3, #3
  66 0030 BA68     		ldr	r2, [r7, #8]
  67 0032 1344     		add	r3, r3, r2
  68 0034 BB60     		str	r3, [r7, #8]
  33:C:/Users/dtjld/workspace/AIoT/src/LiteOS_Lab/iot_link/network/mqtt/paho_mqtt/paho/MQTTPacket/src\MQTTSubscribeClient.c **** 		len += 2 + MQTTstrlen(topicFilters[i]) + 1; /* length + topic + req_qos */
  69              		.loc 1 33 0 discriminator 3
  70 0036 FB68     		ldr	r3, [r7, #12]
  71 0038 0133     		adds	r3, r3, #1
  72 003a FB60     		str	r3, [r7, #12]
  73              	.L2:
  33:C:/Users/dtjld/workspace/AIoT/src/LiteOS_Lab/iot_link/network/mqtt/paho_mqtt/paho/MQTTPacket/src\MQTTSubscribeClient.c **** 		len += 2 + MQTTstrlen(topicFilters[i]) + 1; /* length + topic + req_qos */
  74              		.loc 1 33 0 is_stmt 0 discriminator 1
  75 003c FA68     		ldr	r2, [r7, #12]
  76 003e 7B68     		ldr	r3, [r7, #4]
  77 0040 9A42     		cmp	r2, r3
  78 0042 E7DB     		blt	.L3
  35:C:/Users/dtjld/workspace/AIoT/src/LiteOS_Lab/iot_link/network/mqtt/paho_mqtt/paho/MQTTPacket/src\MQTTSubscribeClient.c **** 	return len;
ARM GAS  C:\Users\dtjld\AppData\Local\Temp\ccjWrSvb.s 			page 3


  79              		.loc 1 35 0 is_stmt 1
  80 0044 BB68     		ldr	r3, [r7, #8]
  36:C:/Users/dtjld/workspace/AIoT/src/LiteOS_Lab/iot_link/network/mqtt/paho_mqtt/paho/MQTTPacket/src\MQTTSubscribeClient.c **** }
  81              		.loc 1 36 0
  82 0046 1846     		mov	r0, r3
  83 0048 1037     		adds	r7, r7, #16
  84              	.LCFI3:
  85              		.cfi_def_cfa_offset 8
  86 004a BD46     		mov	sp, r7
  87              	.LCFI4:
  88              		.cfi_def_cfa_register 13
  89              		@ sp needed
  90 004c 80BD     		pop	{r7, pc}
  91              		.cfi_endproc
  92              	.LFE3:
  94              		.section	.text.MQTTSerialize_subscribe,"ax",%progbits
  95              		.align	1
  96              		.global	MQTTSerialize_subscribe
  97              		.syntax unified
  98              		.thumb
  99              		.thumb_func
 100              		.fpu fpv4-sp-d16
 102              	MQTTSerialize_subscribe:
 103              	.LFB4:
  37:C:/Users/dtjld/workspace/AIoT/src/LiteOS_Lab/iot_link/network/mqtt/paho_mqtt/paho/MQTTPacket/src\MQTTSubscribeClient.c **** 
  38:C:/Users/dtjld/workspace/AIoT/src/LiteOS_Lab/iot_link/network/mqtt/paho_mqtt/paho/MQTTPacket/src\MQTTSubscribeClient.c **** 
  39:C:/Users/dtjld/workspace/AIoT/src/LiteOS_Lab/iot_link/network/mqtt/paho_mqtt/paho/MQTTPacket/src\MQTTSubscribeClient.c **** /**
  40:C:/Users/dtjld/workspace/AIoT/src/LiteOS_Lab/iot_link/network/mqtt/paho_mqtt/paho/MQTTPacket/src\MQTTSubscribeClient.c ****   * Serializes the supplied subscribe data into the supplied buffer, ready for sending
  41:C:/Users/dtjld/workspace/AIoT/src/LiteOS_Lab/iot_link/network/mqtt/paho_mqtt/paho/MQTTPacket/src\MQTTSubscribeClient.c ****   * @param buf the buffer into which the packet will be serialized
  42:C:/Users/dtjld/workspace/AIoT/src/LiteOS_Lab/iot_link/network/mqtt/paho_mqtt/paho/MQTTPacket/src\MQTTSubscribeClient.c ****   * @param buflen the length in bytes of the supplied bufferr
  43:C:/Users/dtjld/workspace/AIoT/src/LiteOS_Lab/iot_link/network/mqtt/paho_mqtt/paho/MQTTPacket/src\MQTTSubscribeClient.c ****   * @param dup integer - the MQTT dup flag
  44:C:/Users/dtjld/workspace/AIoT/src/LiteOS_Lab/iot_link/network/mqtt/paho_mqtt/paho/MQTTPacket/src\MQTTSubscribeClient.c ****   * @param packetid integer - the MQTT packet identifier
  45:C:/Users/dtjld/workspace/AIoT/src/LiteOS_Lab/iot_link/network/mqtt/paho_mqtt/paho/MQTTPacket/src\MQTTSubscribeClient.c ****   * @param count - number of members in the topicFilters and reqQos arrays
  46:C:/Users/dtjld/workspace/AIoT/src/LiteOS_Lab/iot_link/network/mqtt/paho_mqtt/paho/MQTTPacket/src\MQTTSubscribeClient.c ****   * @param topicFilters - array of topic filter names
  47:C:/Users/dtjld/workspace/AIoT/src/LiteOS_Lab/iot_link/network/mqtt/paho_mqtt/paho/MQTTPacket/src\MQTTSubscribeClient.c ****   * @param requestedQoSs - array of requested QoS
  48:C:/Users/dtjld/workspace/AIoT/src/LiteOS_Lab/iot_link/network/mqtt/paho_mqtt/paho/MQTTPacket/src\MQTTSubscribeClient.c ****   * @return the length of the serialized data.  <= 0 indicates error
  49:C:/Users/dtjld/workspace/AIoT/src/LiteOS_Lab/iot_link/network/mqtt/paho_mqtt/paho/MQTTPacket/src\MQTTSubscribeClient.c ****   */
  50:C:/Users/dtjld/workspace/AIoT/src/LiteOS_Lab/iot_link/network/mqtt/paho_mqtt/paho/MQTTPacket/src\MQTTSubscribeClient.c **** int MQTTSerialize_subscribe(unsigned char* buf, int buflen, unsigned char dup, unsigned short packe
  51:C:/Users/dtjld/workspace/AIoT/src/LiteOS_Lab/iot_link/network/mqtt/paho_mqtt/paho/MQTTPacket/src\MQTTSubscribeClient.c **** 		MQTTString topicFilters[], int requestedQoSs[])
  52:C:/Users/dtjld/workspace/AIoT/src/LiteOS_Lab/iot_link/network/mqtt/paho_mqtt/paho/MQTTPacket/src\MQTTSubscribeClient.c **** {
 104              		.loc 1 52 0
 105              		.cfi_startproc
 106              		@ args = 12, pretend = 0, frame = 40
 107              		@ frame_needed = 1, uses_anonymous_args = 0
 108 0000 80B5     		push	{r7, lr}
 109              	.LCFI5:
 110              		.cfi_def_cfa_offset 8
 111              		.cfi_offset 7, -8
 112              		.cfi_offset 14, -4
 113 0002 8AB0     		sub	sp, sp, #40
 114              	.LCFI6:
 115              		.cfi_def_cfa_offset 48
 116 0004 00AF     		add	r7, sp, #0
 117              	.LCFI7:
 118              		.cfi_def_cfa_register 7
 119 0006 F860     		str	r0, [r7, #12]
 120 0008 B960     		str	r1, [r7, #8]
ARM GAS  C:\Users\dtjld\AppData\Local\Temp\ccjWrSvb.s 			page 4


 121 000a 1146     		mov	r1, r2
 122 000c 1A46     		mov	r2, r3
 123 000e 0B46     		mov	r3, r1
 124 0010 FB71     		strb	r3, [r7, #7]
 125 0012 1346     		mov	r3, r2	@ movhi
 126 0014 BB80     		strh	r3, [r7, #4]	@ movhi
  53:C:/Users/dtjld/workspace/AIoT/src/LiteOS_Lab/iot_link/network/mqtt/paho_mqtt/paho/MQTTPacket/src\MQTTSubscribeClient.c **** 	unsigned char *ptr = buf;
 127              		.loc 1 53 0
 128 0016 FB68     		ldr	r3, [r7, #12]
 129 0018 BB61     		str	r3, [r7, #24]
  54:C:/Users/dtjld/workspace/AIoT/src/LiteOS_Lab/iot_link/network/mqtt/paho_mqtt/paho/MQTTPacket/src\MQTTSubscribeClient.c **** 	MQTTHeader header = {0};
 130              		.loc 1 54 0
 131 001a 0023     		movs	r3, #0
 132 001c 7B61     		str	r3, [r7, #20]
  55:C:/Users/dtjld/workspace/AIoT/src/LiteOS_Lab/iot_link/network/mqtt/paho_mqtt/paho/MQTTPacket/src\MQTTSubscribeClient.c **** 	int rem_len = 0;
 133              		.loc 1 55 0
 134 001e 0023     		movs	r3, #0
 135 0020 FB61     		str	r3, [r7, #28]
  56:C:/Users/dtjld/workspace/AIoT/src/LiteOS_Lab/iot_link/network/mqtt/paho_mqtt/paho/MQTTPacket/src\MQTTSubscribeClient.c **** 	int rc = 0;
 136              		.loc 1 56 0
 137 0022 0023     		movs	r3, #0
 138 0024 7B62     		str	r3, [r7, #36]
  57:C:/Users/dtjld/workspace/AIoT/src/LiteOS_Lab/iot_link/network/mqtt/paho_mqtt/paho/MQTTPacket/src\MQTTSubscribeClient.c **** 	int i = 0;
 139              		.loc 1 57 0
 140 0026 0023     		movs	r3, #0
 141 0028 3B62     		str	r3, [r7, #32]
  58:C:/Users/dtjld/workspace/AIoT/src/LiteOS_Lab/iot_link/network/mqtt/paho_mqtt/paho/MQTTPacket/src\MQTTSubscribeClient.c **** 
  59:C:/Users/dtjld/workspace/AIoT/src/LiteOS_Lab/iot_link/network/mqtt/paho_mqtt/paho/MQTTPacket/src\MQTTSubscribeClient.c **** 	FUNC_ENTRY;
  60:C:/Users/dtjld/workspace/AIoT/src/LiteOS_Lab/iot_link/network/mqtt/paho_mqtt/paho/MQTTPacket/src\MQTTSubscribeClient.c **** 	if (MQTTPacket_len(rem_len = MQTTSerialize_subscribeLength(count, topicFilters)) > buflen)
 142              		.loc 1 60 0
 143 002a 796B     		ldr	r1, [r7, #52]
 144 002c 386B     		ldr	r0, [r7, #48]
 145 002e FFF7FEFF 		bl	MQTTSerialize_subscribeLength
 146 0032 F861     		str	r0, [r7, #28]
 147 0034 F869     		ldr	r0, [r7, #28]
 148 0036 FFF7FEFF 		bl	MQTTPacket_len
 149 003a 0246     		mov	r2, r0
 150 003c BB68     		ldr	r3, [r7, #8]
 151 003e 9342     		cmp	r3, r2
 152 0040 03DA     		bge	.L6
  61:C:/Users/dtjld/workspace/AIoT/src/LiteOS_Lab/iot_link/network/mqtt/paho_mqtt/paho/MQTTPacket/src\MQTTSubscribeClient.c **** 	{
  62:C:/Users/dtjld/workspace/AIoT/src/LiteOS_Lab/iot_link/network/mqtt/paho_mqtt/paho/MQTTPacket/src\MQTTSubscribeClient.c **** 		rc = MQTTPACKET_BUFFER_TOO_SHORT;
 153              		.loc 1 62 0
 154 0042 6FF00103 		mvn	r3, #1
 155 0046 7B62     		str	r3, [r7, #36]
  63:C:/Users/dtjld/workspace/AIoT/src/LiteOS_Lab/iot_link/network/mqtt/paho_mqtt/paho/MQTTPacket/src\MQTTSubscribeClient.c **** 		goto exit;
 156              		.loc 1 63 0
 157 0048 52E0     		b	.L7
 158              	.L6:
  64:C:/Users/dtjld/workspace/AIoT/src/LiteOS_Lab/iot_link/network/mqtt/paho_mqtt/paho/MQTTPacket/src\MQTTSubscribeClient.c **** 	}
  65:C:/Users/dtjld/workspace/AIoT/src/LiteOS_Lab/iot_link/network/mqtt/paho_mqtt/paho/MQTTPacket/src\MQTTSubscribeClient.c **** 
  66:C:/Users/dtjld/workspace/AIoT/src/LiteOS_Lab/iot_link/network/mqtt/paho_mqtt/paho/MQTTPacket/src\MQTTSubscribeClient.c **** 	header.byte = 0;
 159              		.loc 1 66 0
 160 004a 0023     		movs	r3, #0
 161 004c 3B75     		strb	r3, [r7, #20]
  67:C:/Users/dtjld/workspace/AIoT/src/LiteOS_Lab/iot_link/network/mqtt/paho_mqtt/paho/MQTTPacket/src\MQTTSubscribeClient.c **** 	header.bits.type = SUBSCRIBE;
 162              		.loc 1 67 0
ARM GAS  C:\Users\dtjld\AppData\Local\Temp\ccjWrSvb.s 			page 5


 163 004e 3B7D     		ldrb	r3, [r7, #20]
 164 0050 0822     		movs	r2, #8
 165 0052 62F30713 		bfi	r3, r2, #4, #4
 166 0056 3B75     		strb	r3, [r7, #20]
  68:C:/Users/dtjld/workspace/AIoT/src/LiteOS_Lab/iot_link/network/mqtt/paho_mqtt/paho/MQTTPacket/src\MQTTSubscribeClient.c **** 	header.bits.dup = dup;
 167              		.loc 1 68 0
 168 0058 FB79     		ldrb	r3, [r7, #7]
 169 005a 03F00103 		and	r3, r3, #1
 170 005e DAB2     		uxtb	r2, r3
 171 0060 3B7D     		ldrb	r3, [r7, #20]
 172 0062 62F3C303 		bfi	r3, r2, #3, #1
 173 0066 3B75     		strb	r3, [r7, #20]
  69:C:/Users/dtjld/workspace/AIoT/src/LiteOS_Lab/iot_link/network/mqtt/paho_mqtt/paho/MQTTPacket/src\MQTTSubscribeClient.c **** 	header.bits.qos = 1;
 174              		.loc 1 69 0
 175 0068 3B7D     		ldrb	r3, [r7, #20]
 176 006a 0122     		movs	r2, #1
 177 006c 62F34203 		bfi	r3, r2, #1, #2
 178 0070 3B75     		strb	r3, [r7, #20]
  70:C:/Users/dtjld/workspace/AIoT/src/LiteOS_Lab/iot_link/network/mqtt/paho_mqtt/paho/MQTTPacket/src\MQTTSubscribeClient.c **** 	writeChar(&ptr, header.byte); /* write header */
 179              		.loc 1 70 0
 180 0072 3A7D     		ldrb	r2, [r7, #20]	@ zero_extendqisi2
 181 0074 07F11803 		add	r3, r7, #24
 182 0078 1146     		mov	r1, r2
 183 007a 1846     		mov	r0, r3
 184 007c FFF7FEFF 		bl	writeChar
  71:C:/Users/dtjld/workspace/AIoT/src/LiteOS_Lab/iot_link/network/mqtt/paho_mqtt/paho/MQTTPacket/src\MQTTSubscribeClient.c **** 
  72:C:/Users/dtjld/workspace/AIoT/src/LiteOS_Lab/iot_link/network/mqtt/paho_mqtt/paho/MQTTPacket/src\MQTTSubscribeClient.c **** 	ptr += MQTTPacket_encode(ptr, rem_len); /* write remaining length */;
 185              		.loc 1 72 0
 186 0080 BB69     		ldr	r3, [r7, #24]
 187 0082 F969     		ldr	r1, [r7, #28]
 188 0084 1846     		mov	r0, r3
 189 0086 FFF7FEFF 		bl	MQTTPacket_encode
 190 008a 0246     		mov	r2, r0
 191 008c BB69     		ldr	r3, [r7, #24]
 192 008e 1344     		add	r3, r3, r2
 193 0090 BB61     		str	r3, [r7, #24]
  73:C:/Users/dtjld/workspace/AIoT/src/LiteOS_Lab/iot_link/network/mqtt/paho_mqtt/paho/MQTTPacket/src\MQTTSubscribeClient.c **** 
  74:C:/Users/dtjld/workspace/AIoT/src/LiteOS_Lab/iot_link/network/mqtt/paho_mqtt/paho/MQTTPacket/src\MQTTSubscribeClient.c **** 	writeInt(&ptr, packetid);
 194              		.loc 1 74 0
 195 0092 BA88     		ldrh	r2, [r7, #4]
 196 0094 07F11803 		add	r3, r7, #24
 197 0098 1146     		mov	r1, r2
 198 009a 1846     		mov	r0, r3
 199 009c FFF7FEFF 		bl	writeInt
  75:C:/Users/dtjld/workspace/AIoT/src/LiteOS_Lab/iot_link/network/mqtt/paho_mqtt/paho/MQTTPacket/src\MQTTSubscribeClient.c **** 
  76:C:/Users/dtjld/workspace/AIoT/src/LiteOS_Lab/iot_link/network/mqtt/paho_mqtt/paho/MQTTPacket/src\MQTTSubscribeClient.c **** 	for (i = 0; i < count; ++i)
 200              		.loc 1 76 0
 201 00a0 0023     		movs	r3, #0
 202 00a2 3B62     		str	r3, [r7, #32]
 203 00a4 1BE0     		b	.L8
 204              	.L9:
  77:C:/Users/dtjld/workspace/AIoT/src/LiteOS_Lab/iot_link/network/mqtt/paho_mqtt/paho/MQTTPacket/src\MQTTSubscribeClient.c **** 	{
  78:C:/Users/dtjld/workspace/AIoT/src/LiteOS_Lab/iot_link/network/mqtt/paho_mqtt/paho/MQTTPacket/src\MQTTSubscribeClient.c **** 		writeMQTTString(&ptr, topicFilters[i]);
 205              		.loc 1 78 0 discriminator 3
 206 00a6 3A6A     		ldr	r2, [r7, #32]
 207 00a8 1346     		mov	r3, r2
 208 00aa 5B00     		lsls	r3, r3, #1
ARM GAS  C:\Users\dtjld\AppData\Local\Temp\ccjWrSvb.s 			page 6


 209 00ac 1344     		add	r3, r3, r2
 210 00ae 9B00     		lsls	r3, r3, #2
 211 00b0 1A46     		mov	r2, r3
 212 00b2 7B6B     		ldr	r3, [r7, #52]
 213 00b4 1344     		add	r3, r3, r2
 214 00b6 07F11800 		add	r0, r7, #24
 215 00ba 0ECB     		ldm	r3, {r1, r2, r3}
 216 00bc FFF7FEFF 		bl	writeMQTTString
  79:C:/Users/dtjld/workspace/AIoT/src/LiteOS_Lab/iot_link/network/mqtt/paho_mqtt/paho/MQTTPacket/src\MQTTSubscribeClient.c **** 		writeChar(&ptr, requestedQoSs[i]);
 217              		.loc 1 79 0 discriminator 3
 218 00c0 3B6A     		ldr	r3, [r7, #32]
 219 00c2 9B00     		lsls	r3, r3, #2
 220 00c4 BA6B     		ldr	r2, [r7, #56]
 221 00c6 1344     		add	r3, r3, r2
 222 00c8 1B68     		ldr	r3, [r3]
 223 00ca DAB2     		uxtb	r2, r3
 224 00cc 07F11803 		add	r3, r7, #24
 225 00d0 1146     		mov	r1, r2
 226 00d2 1846     		mov	r0, r3
 227 00d4 FFF7FEFF 		bl	writeChar
  76:C:/Users/dtjld/workspace/AIoT/src/LiteOS_Lab/iot_link/network/mqtt/paho_mqtt/paho/MQTTPacket/src\MQTTSubscribeClient.c **** 	{
 228              		.loc 1 76 0 discriminator 3
 229 00d8 3B6A     		ldr	r3, [r7, #32]
 230 00da 0133     		adds	r3, r3, #1
 231 00dc 3B62     		str	r3, [r7, #32]
 232              	.L8:
  76:C:/Users/dtjld/workspace/AIoT/src/LiteOS_Lab/iot_link/network/mqtt/paho_mqtt/paho/MQTTPacket/src\MQTTSubscribeClient.c **** 	{
 233              		.loc 1 76 0 is_stmt 0 discriminator 1
 234 00de 3A6A     		ldr	r2, [r7, #32]
 235 00e0 3B6B     		ldr	r3, [r7, #48]
 236 00e2 9A42     		cmp	r2, r3
 237 00e4 DFDB     		blt	.L9
  80:C:/Users/dtjld/workspace/AIoT/src/LiteOS_Lab/iot_link/network/mqtt/paho_mqtt/paho/MQTTPacket/src\MQTTSubscribeClient.c **** 	}
  81:C:/Users/dtjld/workspace/AIoT/src/LiteOS_Lab/iot_link/network/mqtt/paho_mqtt/paho/MQTTPacket/src\MQTTSubscribeClient.c **** 
  82:C:/Users/dtjld/workspace/AIoT/src/LiteOS_Lab/iot_link/network/mqtt/paho_mqtt/paho/MQTTPacket/src\MQTTSubscribeClient.c **** 	rc = ptr - buf;
 238              		.loc 1 82 0 is_stmt 1
 239 00e6 BB69     		ldr	r3, [r7, #24]
 240 00e8 1A46     		mov	r2, r3
 241 00ea FB68     		ldr	r3, [r7, #12]
 242 00ec D31A     		subs	r3, r2, r3
 243 00ee 7B62     		str	r3, [r7, #36]
 244              	.L7:
  83:C:/Users/dtjld/workspace/AIoT/src/LiteOS_Lab/iot_link/network/mqtt/paho_mqtt/paho/MQTTPacket/src\MQTTSubscribeClient.c **** exit:
  84:C:/Users/dtjld/workspace/AIoT/src/LiteOS_Lab/iot_link/network/mqtt/paho_mqtt/paho/MQTTPacket/src\MQTTSubscribeClient.c **** 	FUNC_EXIT_RC(rc);
  85:C:/Users/dtjld/workspace/AIoT/src/LiteOS_Lab/iot_link/network/mqtt/paho_mqtt/paho/MQTTPacket/src\MQTTSubscribeClient.c **** 	return rc;
 245              		.loc 1 85 0
 246 00f0 7B6A     		ldr	r3, [r7, #36]
  86:C:/Users/dtjld/workspace/AIoT/src/LiteOS_Lab/iot_link/network/mqtt/paho_mqtt/paho/MQTTPacket/src\MQTTSubscribeClient.c **** }
 247              		.loc 1 86 0
 248 00f2 1846     		mov	r0, r3
 249 00f4 2837     		adds	r7, r7, #40
 250              	.LCFI8:
 251              		.cfi_def_cfa_offset 8
 252 00f6 BD46     		mov	sp, r7
 253              	.LCFI9:
 254              		.cfi_def_cfa_register 13
 255              		@ sp needed
ARM GAS  C:\Users\dtjld\AppData\Local\Temp\ccjWrSvb.s 			page 7


 256 00f8 80BD     		pop	{r7, pc}
 257              		.cfi_endproc
 258              	.LFE4:
 260              		.section	.text.MQTTDeserialize_suback,"ax",%progbits
 261              		.align	1
 262              		.global	MQTTDeserialize_suback
 263              		.syntax unified
 264              		.thumb
 265              		.thumb_func
 266              		.fpu fpv4-sp-d16
 268              	MQTTDeserialize_suback:
 269              	.LFB5:
  87:C:/Users/dtjld/workspace/AIoT/src/LiteOS_Lab/iot_link/network/mqtt/paho_mqtt/paho/MQTTPacket/src\MQTTSubscribeClient.c **** 
  88:C:/Users/dtjld/workspace/AIoT/src/LiteOS_Lab/iot_link/network/mqtt/paho_mqtt/paho/MQTTPacket/src\MQTTSubscribeClient.c **** 
  89:C:/Users/dtjld/workspace/AIoT/src/LiteOS_Lab/iot_link/network/mqtt/paho_mqtt/paho/MQTTPacket/src\MQTTSubscribeClient.c **** 
  90:C:/Users/dtjld/workspace/AIoT/src/LiteOS_Lab/iot_link/network/mqtt/paho_mqtt/paho/MQTTPacket/src\MQTTSubscribeClient.c **** /**
  91:C:/Users/dtjld/workspace/AIoT/src/LiteOS_Lab/iot_link/network/mqtt/paho_mqtt/paho/MQTTPacket/src\MQTTSubscribeClient.c ****   * Deserializes the supplied (wire) buffer into suback data
  92:C:/Users/dtjld/workspace/AIoT/src/LiteOS_Lab/iot_link/network/mqtt/paho_mqtt/paho/MQTTPacket/src\MQTTSubscribeClient.c ****   * @param packetid returned integer - the MQTT packet identifier
  93:C:/Users/dtjld/workspace/AIoT/src/LiteOS_Lab/iot_link/network/mqtt/paho_mqtt/paho/MQTTPacket/src\MQTTSubscribeClient.c ****   * @param maxcount - the maximum number of members allowed in the grantedQoSs array
  94:C:/Users/dtjld/workspace/AIoT/src/LiteOS_Lab/iot_link/network/mqtt/paho_mqtt/paho/MQTTPacket/src\MQTTSubscribeClient.c ****   * @param count returned integer - number of members in the grantedQoSs array
  95:C:/Users/dtjld/workspace/AIoT/src/LiteOS_Lab/iot_link/network/mqtt/paho_mqtt/paho/MQTTPacket/src\MQTTSubscribeClient.c ****   * @param grantedQoSs returned array of integers - the granted qualities of service
  96:C:/Users/dtjld/workspace/AIoT/src/LiteOS_Lab/iot_link/network/mqtt/paho_mqtt/paho/MQTTPacket/src\MQTTSubscribeClient.c ****   * @param buf the raw buffer data, of the correct length determined by the remaining length field
  97:C:/Users/dtjld/workspace/AIoT/src/LiteOS_Lab/iot_link/network/mqtt/paho_mqtt/paho/MQTTPacket/src\MQTTSubscribeClient.c ****   * @param buflen the length in bytes of the data in the supplied buffer
  98:C:/Users/dtjld/workspace/AIoT/src/LiteOS_Lab/iot_link/network/mqtt/paho_mqtt/paho/MQTTPacket/src\MQTTSubscribeClient.c ****   * @return error code.  1 is success, 0 is failure
  99:C:/Users/dtjld/workspace/AIoT/src/LiteOS_Lab/iot_link/network/mqtt/paho_mqtt/paho/MQTTPacket/src\MQTTSubscribeClient.c ****   */
 100:C:/Users/dtjld/workspace/AIoT/src/LiteOS_Lab/iot_link/network/mqtt/paho_mqtt/paho/MQTTPacket/src\MQTTSubscribeClient.c **** int MQTTDeserialize_suback(unsigned short* packetid, int maxcount, int* count, int grantedQoSs[], u
 101:C:/Users/dtjld/workspace/AIoT/src/LiteOS_Lab/iot_link/network/mqtt/paho_mqtt/paho/MQTTPacket/src\MQTTSubscribeClient.c **** {
 270              		.loc 1 101 0
 271              		.cfi_startproc
 272              		@ args = 8, pretend = 0, frame = 40
 273              		@ frame_needed = 1, uses_anonymous_args = 0
 274 0000 80B5     		push	{r7, lr}
 275              	.LCFI10:
 276              		.cfi_def_cfa_offset 8
 277              		.cfi_offset 7, -8
 278              		.cfi_offset 14, -4
 279 0002 8AB0     		sub	sp, sp, #40
 280              	.LCFI11:
 281              		.cfi_def_cfa_offset 48
 282 0004 00AF     		add	r7, sp, #0
 283              	.LCFI12:
 284              		.cfi_def_cfa_register 7
 285 0006 F860     		str	r0, [r7, #12]
 286 0008 B960     		str	r1, [r7, #8]
 287 000a 7A60     		str	r2, [r7, #4]
 288 000c 3B60     		str	r3, [r7]
 102:C:/Users/dtjld/workspace/AIoT/src/LiteOS_Lab/iot_link/network/mqtt/paho_mqtt/paho/MQTTPacket/src\MQTTSubscribeClient.c **** 	MQTTHeader header = {0};
 289              		.loc 1 102 0
 290 000e 0023     		movs	r3, #0
 291 0010 FB61     		str	r3, [r7, #28]
 103:C:/Users/dtjld/workspace/AIoT/src/LiteOS_Lab/iot_link/network/mqtt/paho_mqtt/paho/MQTTPacket/src\MQTTSubscribeClient.c **** 	unsigned char* curdata = buf;
 292              		.loc 1 103 0
 293 0012 3B6B     		ldr	r3, [r7, #48]
 294 0014 BB61     		str	r3, [r7, #24]
 104:C:/Users/dtjld/workspace/AIoT/src/LiteOS_Lab/iot_link/network/mqtt/paho_mqtt/paho/MQTTPacket/src\MQTTSubscribeClient.c **** 	unsigned char* enddata = NULL;
 295              		.loc 1 104 0
 296 0016 0023     		movs	r3, #0
ARM GAS  C:\Users\dtjld\AppData\Local\Temp\ccjWrSvb.s 			page 8


 297 0018 3B62     		str	r3, [r7, #32]
 105:C:/Users/dtjld/workspace/AIoT/src/LiteOS_Lab/iot_link/network/mqtt/paho_mqtt/paho/MQTTPacket/src\MQTTSubscribeClient.c **** 	int rc = 0;
 298              		.loc 1 105 0
 299 001a 0023     		movs	r3, #0
 300 001c 7B62     		str	r3, [r7, #36]
 106:C:/Users/dtjld/workspace/AIoT/src/LiteOS_Lab/iot_link/network/mqtt/paho_mqtt/paho/MQTTPacket/src\MQTTSubscribeClient.c **** 	int mylen;
 107:C:/Users/dtjld/workspace/AIoT/src/LiteOS_Lab/iot_link/network/mqtt/paho_mqtt/paho/MQTTPacket/src\MQTTSubscribeClient.c **** 
 108:C:/Users/dtjld/workspace/AIoT/src/LiteOS_Lab/iot_link/network/mqtt/paho_mqtt/paho/MQTTPacket/src\MQTTSubscribeClient.c **** 	FUNC_ENTRY;
 109:C:/Users/dtjld/workspace/AIoT/src/LiteOS_Lab/iot_link/network/mqtt/paho_mqtt/paho/MQTTPacket/src\MQTTSubscribeClient.c **** 	header.byte = readChar(&curdata);
 301              		.loc 1 109 0
 302 001e 07F11803 		add	r3, r7, #24
 303 0022 1846     		mov	r0, r3
 304 0024 FFF7FEFF 		bl	readChar
 305 0028 0346     		mov	r3, r0
 306 002a 3B77     		strb	r3, [r7, #28]
 110:C:/Users/dtjld/workspace/AIoT/src/LiteOS_Lab/iot_link/network/mqtt/paho_mqtt/paho/MQTTPacket/src\MQTTSubscribeClient.c **** 	if (header.bits.type != SUBACK)
 307              		.loc 1 110 0
 308 002c 3B7F     		ldrb	r3, [r7, #28]	@ zero_extendqisi2
 309 002e 23F00F03 		bic	r3, r3, #15
 310 0032 DBB2     		uxtb	r3, r3
 311 0034 902B     		cmp	r3, #144
 312 0036 42D1     		bne	.L19
 111:C:/Users/dtjld/workspace/AIoT/src/LiteOS_Lab/iot_link/network/mqtt/paho_mqtt/paho/MQTTPacket/src\MQTTSubscribeClient.c **** 		goto exit;
 112:C:/Users/dtjld/workspace/AIoT/src/LiteOS_Lab/iot_link/network/mqtt/paho_mqtt/paho/MQTTPacket/src\MQTTSubscribeClient.c **** 
 113:C:/Users/dtjld/workspace/AIoT/src/LiteOS_Lab/iot_link/network/mqtt/paho_mqtt/paho/MQTTPacket/src\MQTTSubscribeClient.c **** 	curdata += (rc = MQTTPacket_decodeBuf(curdata, &mylen)); /* read remaining length */
 313              		.loc 1 113 0
 314 0038 BB69     		ldr	r3, [r7, #24]
 315 003a 07F11402 		add	r2, r7, #20
 316 003e 1146     		mov	r1, r2
 317 0040 1846     		mov	r0, r3
 318 0042 FFF7FEFF 		bl	MQTTPacket_decodeBuf
 319 0046 7862     		str	r0, [r7, #36]
 320 0048 7A6A     		ldr	r2, [r7, #36]
 321 004a BB69     		ldr	r3, [r7, #24]
 322 004c 1344     		add	r3, r3, r2
 323 004e BB61     		str	r3, [r7, #24]
 114:C:/Users/dtjld/workspace/AIoT/src/LiteOS_Lab/iot_link/network/mqtt/paho_mqtt/paho/MQTTPacket/src\MQTTSubscribeClient.c **** 	enddata = curdata + mylen;
 324              		.loc 1 114 0
 325 0050 BB69     		ldr	r3, [r7, #24]
 326 0052 7A69     		ldr	r2, [r7, #20]
 327 0054 1344     		add	r3, r3, r2
 328 0056 3B62     		str	r3, [r7, #32]
 115:C:/Users/dtjld/workspace/AIoT/src/LiteOS_Lab/iot_link/network/mqtt/paho_mqtt/paho/MQTTPacket/src\MQTTSubscribeClient.c **** 	if (enddata - curdata < 2)
 329              		.loc 1 115 0
 330 0058 3B6A     		ldr	r3, [r7, #32]
 331 005a BA69     		ldr	r2, [r7, #24]
 332 005c 9B1A     		subs	r3, r3, r2
 333 005e 012B     		cmp	r3, #1
 334 0060 2FDD     		ble	.L20
 116:C:/Users/dtjld/workspace/AIoT/src/LiteOS_Lab/iot_link/network/mqtt/paho_mqtt/paho/MQTTPacket/src\MQTTSubscribeClient.c **** 		goto exit;
 117:C:/Users/dtjld/workspace/AIoT/src/LiteOS_Lab/iot_link/network/mqtt/paho_mqtt/paho/MQTTPacket/src\MQTTSubscribeClient.c **** 
 118:C:/Users/dtjld/workspace/AIoT/src/LiteOS_Lab/iot_link/network/mqtt/paho_mqtt/paho/MQTTPacket/src\MQTTSubscribeClient.c **** 	*packetid = readInt(&curdata);
 335              		.loc 1 118 0
 336 0062 07F11803 		add	r3, r7, #24
 337 0066 1846     		mov	r0, r3
 338 0068 FFF7FEFF 		bl	readInt
 339 006c 0346     		mov	r3, r0
ARM GAS  C:\Users\dtjld\AppData\Local\Temp\ccjWrSvb.s 			page 9


 340 006e 9AB2     		uxth	r2, r3
 341 0070 FB68     		ldr	r3, [r7, #12]
 342 0072 1A80     		strh	r2, [r3]	@ movhi
 119:C:/Users/dtjld/workspace/AIoT/src/LiteOS_Lab/iot_link/network/mqtt/paho_mqtt/paho/MQTTPacket/src\MQTTSubscribeClient.c **** 
 120:C:/Users/dtjld/workspace/AIoT/src/LiteOS_Lab/iot_link/network/mqtt/paho_mqtt/paho/MQTTPacket/src\MQTTSubscribeClient.c **** 	*count = 0;
 343              		.loc 1 120 0
 344 0074 7B68     		ldr	r3, [r7, #4]
 345 0076 0022     		movs	r2, #0
 346 0078 1A60     		str	r2, [r3]
 121:C:/Users/dtjld/workspace/AIoT/src/LiteOS_Lab/iot_link/network/mqtt/paho_mqtt/paho/MQTTPacket/src\MQTTSubscribeClient.c **** 	while (curdata < enddata)
 347              		.loc 1 121 0
 348 007a 19E0     		b	.L15
 349              	.L17:
 122:C:/Users/dtjld/workspace/AIoT/src/LiteOS_Lab/iot_link/network/mqtt/paho_mqtt/paho/MQTTPacket/src\MQTTSubscribeClient.c **** 	{
 123:C:/Users/dtjld/workspace/AIoT/src/LiteOS_Lab/iot_link/network/mqtt/paho_mqtt/paho/MQTTPacket/src\MQTTSubscribeClient.c **** 		if (*count > maxcount)
 350              		.loc 1 123 0
 351 007c 7B68     		ldr	r3, [r7, #4]
 352 007e 1B68     		ldr	r3, [r3]
 353 0080 BA68     		ldr	r2, [r7, #8]
 354 0082 9A42     		cmp	r2, r3
 355 0084 03DA     		bge	.L16
 124:C:/Users/dtjld/workspace/AIoT/src/LiteOS_Lab/iot_link/network/mqtt/paho_mqtt/paho/MQTTPacket/src\MQTTSubscribeClient.c **** 		{
 125:C:/Users/dtjld/workspace/AIoT/src/LiteOS_Lab/iot_link/network/mqtt/paho_mqtt/paho/MQTTPacket/src\MQTTSubscribeClient.c **** 			rc = -1;
 356              		.loc 1 125 0
 357 0086 4FF0FF33 		mov	r3, #-1
 358 008a 7B62     		str	r3, [r7, #36]
 126:C:/Users/dtjld/workspace/AIoT/src/LiteOS_Lab/iot_link/network/mqtt/paho_mqtt/paho/MQTTPacket/src\MQTTSubscribeClient.c **** 			goto exit;
 359              		.loc 1 126 0
 360 008c 1AE0     		b	.L13
 361              	.L16:
 127:C:/Users/dtjld/workspace/AIoT/src/LiteOS_Lab/iot_link/network/mqtt/paho_mqtt/paho/MQTTPacket/src\MQTTSubscribeClient.c **** 		}
 128:C:/Users/dtjld/workspace/AIoT/src/LiteOS_Lab/iot_link/network/mqtt/paho_mqtt/paho/MQTTPacket/src\MQTTSubscribeClient.c **** 		grantedQoSs[(*count)++] = readChar(&curdata);
 362              		.loc 1 128 0
 363 008e 07F11803 		add	r3, r7, #24
 364 0092 1846     		mov	r0, r3
 365 0094 FFF7FEFF 		bl	readChar
 366 0098 0346     		mov	r3, r0
 367 009a 1846     		mov	r0, r3
 368 009c 7B68     		ldr	r3, [r7, #4]
 369 009e 1B68     		ldr	r3, [r3]
 370 00a0 591C     		adds	r1, r3, #1
 371 00a2 7A68     		ldr	r2, [r7, #4]
 372 00a4 1160     		str	r1, [r2]
 373 00a6 9B00     		lsls	r3, r3, #2
 374 00a8 3A68     		ldr	r2, [r7]
 375 00aa 1344     		add	r3, r3, r2
 376 00ac 0246     		mov	r2, r0
 377 00ae 1A60     		str	r2, [r3]
 378              	.L15:
 121:C:/Users/dtjld/workspace/AIoT/src/LiteOS_Lab/iot_link/network/mqtt/paho_mqtt/paho/MQTTPacket/src\MQTTSubscribeClient.c **** 	{
 379              		.loc 1 121 0
 380 00b0 BB69     		ldr	r3, [r7, #24]
 381 00b2 3A6A     		ldr	r2, [r7, #32]
 382 00b4 9A42     		cmp	r2, r3
 383 00b6 E1D8     		bhi	.L17
 129:C:/Users/dtjld/workspace/AIoT/src/LiteOS_Lab/iot_link/network/mqtt/paho_mqtt/paho/MQTTPacket/src\MQTTSubscribeClient.c **** 	}
 130:C:/Users/dtjld/workspace/AIoT/src/LiteOS_Lab/iot_link/network/mqtt/paho_mqtt/paho/MQTTPacket/src\MQTTSubscribeClient.c **** 
ARM GAS  C:\Users\dtjld\AppData\Local\Temp\ccjWrSvb.s 			page 10


 131:C:/Users/dtjld/workspace/AIoT/src/LiteOS_Lab/iot_link/network/mqtt/paho_mqtt/paho/MQTTPacket/src\MQTTSubscribeClient.c **** 	rc = 1;
 384              		.loc 1 131 0
 385 00b8 0123     		movs	r3, #1
 386 00ba 7B62     		str	r3, [r7, #36]
 387 00bc 02E0     		b	.L13
 388              	.L19:
 111:C:/Users/dtjld/workspace/AIoT/src/LiteOS_Lab/iot_link/network/mqtt/paho_mqtt/paho/MQTTPacket/src\MQTTSubscribeClient.c **** 
 389              		.loc 1 111 0
 390 00be 00BF     		nop
 391 00c0 00E0     		b	.L13
 392              	.L20:
 116:C:/Users/dtjld/workspace/AIoT/src/LiteOS_Lab/iot_link/network/mqtt/paho_mqtt/paho/MQTTPacket/src\MQTTSubscribeClient.c **** 
 393              		.loc 1 116 0
 394 00c2 00BF     		nop
 395              	.L13:
 132:C:/Users/dtjld/workspace/AIoT/src/LiteOS_Lab/iot_link/network/mqtt/paho_mqtt/paho/MQTTPacket/src\MQTTSubscribeClient.c **** exit:
 133:C:/Users/dtjld/workspace/AIoT/src/LiteOS_Lab/iot_link/network/mqtt/paho_mqtt/paho/MQTTPacket/src\MQTTSubscribeClient.c **** 	FUNC_EXIT_RC(rc);
 134:C:/Users/dtjld/workspace/AIoT/src/LiteOS_Lab/iot_link/network/mqtt/paho_mqtt/paho/MQTTPacket/src\MQTTSubscribeClient.c **** 	return rc;
 396              		.loc 1 134 0
 397 00c4 7B6A     		ldr	r3, [r7, #36]
 135:C:/Users/dtjld/workspace/AIoT/src/LiteOS_Lab/iot_link/network/mqtt/paho_mqtt/paho/MQTTPacket/src\MQTTSubscribeClient.c **** }
 398              		.loc 1 135 0
 399 00c6 1846     		mov	r0, r3
 400 00c8 2837     		adds	r7, r7, #40
 401              	.LCFI13:
 402              		.cfi_def_cfa_offset 8
 403 00ca BD46     		mov	sp, r7
 404              	.LCFI14:
 405              		.cfi_def_cfa_register 13
 406              		@ sp needed
 407 00cc 80BD     		pop	{r7, pc}
 408              		.cfi_endproc
 409              	.LFE5:
 411              		.text
 412              	.Letext0:
 413              		.file 2 "C:/Users/dtjld/workspace/AIoT/src/LiteOS_Lab/iot_link/network/mqtt/paho_mqtt/paho/MQTTPac
 414              		.file 3 "c:\\ac6\\systemworkbench\\plugins\\fr.ac6.mcu.externaltools.arm-none.win32_1.16.0.2018071
 415              		.file 4 "c:\\ac6\\systemworkbench\\plugins\\fr.ac6.mcu.externaltools.arm-none.win32_1.16.0.2018071
 416              		.file 5 "c:\\ac6\\systemworkbench\\plugins\\fr.ac6.mcu.externaltools.arm-none.win32_1.16.0.2018071
 417              		.file 6 "c:\\ac6\\systemworkbench\\plugins\\fr.ac6.mcu.externaltools.arm-none.win32_1.16.0.2018071
ARM GAS  C:\Users\dtjld\AppData\Local\Temp\ccjWrSvb.s 			page 11


DEFINED SYMBOLS
                            *ABS*:00000000 MQTTSubscribeClient.c
C:\Users\dtjld\AppData\Local\Temp\ccjWrSvb.s:18     .text.MQTTSerialize_subscribeLength:00000000 $t
C:\Users\dtjld\AppData\Local\Temp\ccjWrSvb.s:25     .text.MQTTSerialize_subscribeLength:00000000 MQTTSerialize_subscribeLength
C:\Users\dtjld\AppData\Local\Temp\ccjWrSvb.s:95     .text.MQTTSerialize_subscribe:00000000 $t
C:\Users\dtjld\AppData\Local\Temp\ccjWrSvb.s:102    .text.MQTTSerialize_subscribe:00000000 MQTTSerialize_subscribe
C:\Users\dtjld\AppData\Local\Temp\ccjWrSvb.s:261    .text.MQTTDeserialize_suback:00000000 $t
C:\Users\dtjld\AppData\Local\Temp\ccjWrSvb.s:268    .text.MQTTDeserialize_suback:00000000 MQTTDeserialize_suback

UNDEFINED SYMBOLS
MQTTstrlen
MQTTPacket_len
writeChar
MQTTPacket_encode
writeInt
writeMQTTString
readChar
MQTTPacket_decodeBuf
readInt
