ARM GAS  C:\Users\dtjld\AppData\Local\Temp\ccjCyLvn.s 			page 1


   1              		.cpu cortex-m4
   2              		.eabi_attribute 27, 1
   3              		.eabi_attribute 28, 1
   4              		.eabi_attribute 20, 1
   5              		.eabi_attribute 21, 1
   6              		.eabi_attribute 23, 3
   7              		.eabi_attribute 24, 1
   8              		.eabi_attribute 25, 1
   9              		.eabi_attribute 26, 1
  10              		.eabi_attribute 30, 6
  11              		.eabi_attribute 34, 1
  12              		.eabi_attribute 18, 4
  13              		.file	"MQTTConnectClient.c"
  14              		.text
  15              	.Ltext0:
  16              		.cfi_sections	.debug_frame
  17              		.section	.text.MQTTSerialize_connectLength,"ax",%progbits
  18              		.align	1
  19              		.global	MQTTSerialize_connectLength
  20              		.syntax unified
  21              		.thumb
  22              		.thumb_func
  23              		.fpu fpv4-sp-d16
  25              	MQTTSerialize_connectLength:
  26              	.LFB3:
  27              		.file 1 "C:/Users/dtjld/workspace/AIoT/src/LiteOS_Lab/iot_link/network/mqtt/paho_mqtt/paho/MQTTPac
   1:C:/Users/dtjld/workspace/AIoT/src/LiteOS_Lab/iot_link/network/mqtt/paho_mqtt/paho/MQTTPacket/src\MQTTConnectClient.c **** /*******************************************************************************
   2:C:/Users/dtjld/workspace/AIoT/src/LiteOS_Lab/iot_link/network/mqtt/paho_mqtt/paho/MQTTPacket/src\MQTTConnectClient.c ****  * Copyright (c) 2014 IBM Corp.
   3:C:/Users/dtjld/workspace/AIoT/src/LiteOS_Lab/iot_link/network/mqtt/paho_mqtt/paho/MQTTPacket/src\MQTTConnectClient.c ****  *
   4:C:/Users/dtjld/workspace/AIoT/src/LiteOS_Lab/iot_link/network/mqtt/paho_mqtt/paho/MQTTPacket/src\MQTTConnectClient.c ****  * All rights reserved. This program and the accompanying materials
   5:C:/Users/dtjld/workspace/AIoT/src/LiteOS_Lab/iot_link/network/mqtt/paho_mqtt/paho/MQTTPacket/src\MQTTConnectClient.c ****  * are made available under the terms of the Eclipse Public License v1.0
   6:C:/Users/dtjld/workspace/AIoT/src/LiteOS_Lab/iot_link/network/mqtt/paho_mqtt/paho/MQTTPacket/src\MQTTConnectClient.c ****  * and Eclipse Distribution License v1.0 which accompany this distribution.
   7:C:/Users/dtjld/workspace/AIoT/src/LiteOS_Lab/iot_link/network/mqtt/paho_mqtt/paho/MQTTPacket/src\MQTTConnectClient.c ****  *
   8:C:/Users/dtjld/workspace/AIoT/src/LiteOS_Lab/iot_link/network/mqtt/paho_mqtt/paho/MQTTPacket/src\MQTTConnectClient.c ****  * The Eclipse Public License is available at
   9:C:/Users/dtjld/workspace/AIoT/src/LiteOS_Lab/iot_link/network/mqtt/paho_mqtt/paho/MQTTPacket/src\MQTTConnectClient.c ****  *    http://www.eclipse.org/legal/epl-v10.html
  10:C:/Users/dtjld/workspace/AIoT/src/LiteOS_Lab/iot_link/network/mqtt/paho_mqtt/paho/MQTTPacket/src\MQTTConnectClient.c ****  * and the Eclipse Distribution License is available at
  11:C:/Users/dtjld/workspace/AIoT/src/LiteOS_Lab/iot_link/network/mqtt/paho_mqtt/paho/MQTTPacket/src\MQTTConnectClient.c ****  *   http://www.eclipse.org/org/documents/edl-v10.php.
  12:C:/Users/dtjld/workspace/AIoT/src/LiteOS_Lab/iot_link/network/mqtt/paho_mqtt/paho/MQTTPacket/src\MQTTConnectClient.c ****  *
  13:C:/Users/dtjld/workspace/AIoT/src/LiteOS_Lab/iot_link/network/mqtt/paho_mqtt/paho/MQTTPacket/src\MQTTConnectClient.c ****  * Contributors:
  14:C:/Users/dtjld/workspace/AIoT/src/LiteOS_Lab/iot_link/network/mqtt/paho_mqtt/paho/MQTTPacket/src\MQTTConnectClient.c ****  *    Ian Craggs - initial API and implementation and/or initial documentation
  15:C:/Users/dtjld/workspace/AIoT/src/LiteOS_Lab/iot_link/network/mqtt/paho_mqtt/paho/MQTTPacket/src\MQTTConnectClient.c ****  *******************************************************************************/
  16:C:/Users/dtjld/workspace/AIoT/src/LiteOS_Lab/iot_link/network/mqtt/paho_mqtt/paho/MQTTPacket/src\MQTTConnectClient.c **** 
  17:C:/Users/dtjld/workspace/AIoT/src/LiteOS_Lab/iot_link/network/mqtt/paho_mqtt/paho/MQTTPacket/src\MQTTConnectClient.c **** #include "MQTTPacket.h"
  18:C:/Users/dtjld/workspace/AIoT/src/LiteOS_Lab/iot_link/network/mqtt/paho_mqtt/paho/MQTTPacket/src\MQTTConnectClient.c **** #include "StackTrace.h"
  19:C:/Users/dtjld/workspace/AIoT/src/LiteOS_Lab/iot_link/network/mqtt/paho_mqtt/paho/MQTTPacket/src\MQTTConnectClient.c **** 
  20:C:/Users/dtjld/workspace/AIoT/src/LiteOS_Lab/iot_link/network/mqtt/paho_mqtt/paho/MQTTPacket/src\MQTTConnectClient.c **** #include <string.h>
  21:C:/Users/dtjld/workspace/AIoT/src/LiteOS_Lab/iot_link/network/mqtt/paho_mqtt/paho/MQTTPacket/src\MQTTConnectClient.c **** 
  22:C:/Users/dtjld/workspace/AIoT/src/LiteOS_Lab/iot_link/network/mqtt/paho_mqtt/paho/MQTTPacket/src\MQTTConnectClient.c **** /**
  23:C:/Users/dtjld/workspace/AIoT/src/LiteOS_Lab/iot_link/network/mqtt/paho_mqtt/paho/MQTTPacket/src\MQTTConnectClient.c ****   * Determines the length of the MQTT connect packet that would be produced using the supplied conn
  24:C:/Users/dtjld/workspace/AIoT/src/LiteOS_Lab/iot_link/network/mqtt/paho_mqtt/paho/MQTTPacket/src\MQTTConnectClient.c ****   * @param options the options to be used to build the connect packet
  25:C:/Users/dtjld/workspace/AIoT/src/LiteOS_Lab/iot_link/network/mqtt/paho_mqtt/paho/MQTTPacket/src\MQTTConnectClient.c ****   * @return the length of buffer needed to contain the serialized version of the packet
  26:C:/Users/dtjld/workspace/AIoT/src/LiteOS_Lab/iot_link/network/mqtt/paho_mqtt/paho/MQTTPacket/src\MQTTConnectClient.c ****   */
  27:C:/Users/dtjld/workspace/AIoT/src/LiteOS_Lab/iot_link/network/mqtt/paho_mqtt/paho/MQTTPacket/src\MQTTConnectClient.c **** int MQTTSerialize_connectLength(MQTTPacket_connectData* options)
  28:C:/Users/dtjld/workspace/AIoT/src/LiteOS_Lab/iot_link/network/mqtt/paho_mqtt/paho/MQTTPacket/src\MQTTConnectClient.c **** {
  28              		.loc 1 28 0
  29              		.cfi_startproc
  30              		@ args = 0, pretend = 0, frame = 16
ARM GAS  C:\Users\dtjld\AppData\Local\Temp\ccjCyLvn.s 			page 2


  31              		@ frame_needed = 1, uses_anonymous_args = 0
  32 0000 90B5     		push	{r4, r7, lr}
  33              	.LCFI0:
  34              		.cfi_def_cfa_offset 12
  35              		.cfi_offset 4, -12
  36              		.cfi_offset 7, -8
  37              		.cfi_offset 14, -4
  38 0002 85B0     		sub	sp, sp, #20
  39              	.LCFI1:
  40              		.cfi_def_cfa_offset 32
  41 0004 00AF     		add	r7, sp, #0
  42              	.LCFI2:
  43              		.cfi_def_cfa_register 7
  44 0006 7860     		str	r0, [r7, #4]
  29:C:/Users/dtjld/workspace/AIoT/src/LiteOS_Lab/iot_link/network/mqtt/paho_mqtt/paho/MQTTPacket/src\MQTTConnectClient.c **** 	int len = 0;
  45              		.loc 1 29 0
  46 0008 0023     		movs	r3, #0
  47 000a FB60     		str	r3, [r7, #12]
  30:C:/Users/dtjld/workspace/AIoT/src/LiteOS_Lab/iot_link/network/mqtt/paho_mqtt/paho/MQTTPacket/src\MQTTConnectClient.c **** 
  31:C:/Users/dtjld/workspace/AIoT/src/LiteOS_Lab/iot_link/network/mqtt/paho_mqtt/paho/MQTTPacket/src\MQTTConnectClient.c **** 	FUNC_ENTRY;
  32:C:/Users/dtjld/workspace/AIoT/src/LiteOS_Lab/iot_link/network/mqtt/paho_mqtt/paho/MQTTPacket/src\MQTTConnectClient.c **** 
  33:C:/Users/dtjld/workspace/AIoT/src/LiteOS_Lab/iot_link/network/mqtt/paho_mqtt/paho/MQTTPacket/src\MQTTConnectClient.c **** 	if (options->MQTTVersion == 3)
  48              		.loc 1 33 0
  49 000c 7B68     		ldr	r3, [r7, #4]
  50 000e 1B7A     		ldrb	r3, [r3, #8]	@ zero_extendqisi2
  51 0010 032B     		cmp	r3, #3
  52 0012 02D1     		bne	.L2
  34:C:/Users/dtjld/workspace/AIoT/src/LiteOS_Lab/iot_link/network/mqtt/paho_mqtt/paho/MQTTPacket/src\MQTTConnectClient.c **** 		len = 12; /* variable depending on MQTT or MQIsdp */
  53              		.loc 1 34 0
  54 0014 0C23     		movs	r3, #12
  55 0016 FB60     		str	r3, [r7, #12]
  56 0018 05E0     		b	.L3
  57              	.L2:
  35:C:/Users/dtjld/workspace/AIoT/src/LiteOS_Lab/iot_link/network/mqtt/paho_mqtt/paho/MQTTPacket/src\MQTTConnectClient.c **** 	else if (options->MQTTVersion == 4)
  58              		.loc 1 35 0
  59 001a 7B68     		ldr	r3, [r7, #4]
  60 001c 1B7A     		ldrb	r3, [r3, #8]	@ zero_extendqisi2
  61 001e 042B     		cmp	r3, #4
  62 0020 01D1     		bne	.L3
  36:C:/Users/dtjld/workspace/AIoT/src/LiteOS_Lab/iot_link/network/mqtt/paho_mqtt/paho/MQTTPacket/src\MQTTConnectClient.c **** 		len = 10;
  63              		.loc 1 36 0
  64 0022 0A23     		movs	r3, #10
  65 0024 FB60     		str	r3, [r7, #12]
  66              	.L3:
  37:C:/Users/dtjld/workspace/AIoT/src/LiteOS_Lab/iot_link/network/mqtt/paho_mqtt/paho/MQTTPacket/src\MQTTConnectClient.c **** 
  38:C:/Users/dtjld/workspace/AIoT/src/LiteOS_Lab/iot_link/network/mqtt/paho_mqtt/paho/MQTTPacket/src\MQTTConnectClient.c **** 	len += MQTTstrlen(options->clientID)+2;
  67              		.loc 1 38 0
  68 0026 7B68     		ldr	r3, [r7, #4]
  69 0028 0C33     		adds	r3, r3, #12
  70 002a 93E80700 		ldm	r3, {r0, r1, r2}
  71 002e FFF7FEFF 		bl	MQTTstrlen
  72 0032 0346     		mov	r3, r0
  73 0034 0233     		adds	r3, r3, #2
  74 0036 FA68     		ldr	r2, [r7, #12]
  75 0038 1344     		add	r3, r3, r2
  76 003a FB60     		str	r3, [r7, #12]
  39:C:/Users/dtjld/workspace/AIoT/src/LiteOS_Lab/iot_link/network/mqtt/paho_mqtt/paho/MQTTPacket/src\MQTTConnectClient.c **** 	if (options->willFlag)
ARM GAS  C:\Users\dtjld\AppData\Local\Temp\ccjCyLvn.s 			page 3


  77              		.loc 1 39 0
  78 003c 7B68     		ldr	r3, [r7, #4]
  79 003e DB7E     		ldrb	r3, [r3, #27]	@ zero_extendqisi2
  80 0040 002B     		cmp	r3, #0
  81 0042 13D0     		beq	.L4
  40:C:/Users/dtjld/workspace/AIoT/src/LiteOS_Lab/iot_link/network/mqtt/paho_mqtt/paho/MQTTPacket/src\MQTTConnectClient.c **** 		len += MQTTstrlen(options->will.topicName)+2 + MQTTstrlen(options->will.message)+2;
  82              		.loc 1 40 0
  83 0044 7B68     		ldr	r3, [r7, #4]
  84 0046 2433     		adds	r3, r3, #36
  85 0048 93E80700 		ldm	r3, {r0, r1, r2}
  86 004c FFF7FEFF 		bl	MQTTstrlen
  87 0050 0346     		mov	r3, r0
  88 0052 9C1C     		adds	r4, r3, #2
  89 0054 7B68     		ldr	r3, [r7, #4]
  90 0056 3033     		adds	r3, r3, #48
  91 0058 93E80700 		ldm	r3, {r0, r1, r2}
  92 005c FFF7FEFF 		bl	MQTTstrlen
  93 0060 0346     		mov	r3, r0
  94 0062 2344     		add	r3, r3, r4
  95 0064 0233     		adds	r3, r3, #2
  96 0066 FA68     		ldr	r2, [r7, #12]
  97 0068 1344     		add	r3, r3, r2
  98 006a FB60     		str	r3, [r7, #12]
  99              	.L4:
  41:C:/Users/dtjld/workspace/AIoT/src/LiteOS_Lab/iot_link/network/mqtt/paho_mqtt/paho/MQTTPacket/src\MQTTConnectClient.c **** 	if (options->username.cstring || options->username.lenstring.data)
 100              		.loc 1 41 0
 101 006c 7B68     		ldr	r3, [r7, #4]
 102 006e 1B6C     		ldr	r3, [r3, #64]
 103 0070 002B     		cmp	r3, #0
 104 0072 03D1     		bne	.L5
 105              		.loc 1 41 0 is_stmt 0 discriminator 1
 106 0074 7B68     		ldr	r3, [r7, #4]
 107 0076 9B6C     		ldr	r3, [r3, #72]
 108 0078 002B     		cmp	r3, #0
 109 007a 0AD0     		beq	.L6
 110              	.L5:
  42:C:/Users/dtjld/workspace/AIoT/src/LiteOS_Lab/iot_link/network/mqtt/paho_mqtt/paho/MQTTPacket/src\MQTTConnectClient.c **** 		len += MQTTstrlen(options->username)+2;
 111              		.loc 1 42 0 is_stmt 1
 112 007c 7B68     		ldr	r3, [r7, #4]
 113 007e 4033     		adds	r3, r3, #64
 114 0080 93E80700 		ldm	r3, {r0, r1, r2}
 115 0084 FFF7FEFF 		bl	MQTTstrlen
 116 0088 0346     		mov	r3, r0
 117 008a 0233     		adds	r3, r3, #2
 118 008c FA68     		ldr	r2, [r7, #12]
 119 008e 1344     		add	r3, r3, r2
 120 0090 FB60     		str	r3, [r7, #12]
 121              	.L6:
  43:C:/Users/dtjld/workspace/AIoT/src/LiteOS_Lab/iot_link/network/mqtt/paho_mqtt/paho/MQTTPacket/src\MQTTConnectClient.c **** 	if (options->password.cstring || options->password.lenstring.data)
 122              		.loc 1 43 0
 123 0092 7B68     		ldr	r3, [r7, #4]
 124 0094 DB6C     		ldr	r3, [r3, #76]
 125 0096 002B     		cmp	r3, #0
 126 0098 03D1     		bne	.L7
 127              		.loc 1 43 0 is_stmt 0 discriminator 1
 128 009a 7B68     		ldr	r3, [r7, #4]
 129 009c 5B6D     		ldr	r3, [r3, #84]
ARM GAS  C:\Users\dtjld\AppData\Local\Temp\ccjCyLvn.s 			page 4


 130 009e 002B     		cmp	r3, #0
 131 00a0 0AD0     		beq	.L8
 132              	.L7:
  44:C:/Users/dtjld/workspace/AIoT/src/LiteOS_Lab/iot_link/network/mqtt/paho_mqtt/paho/MQTTPacket/src\MQTTConnectClient.c **** 		len += MQTTstrlen(options->password)+2;
 133              		.loc 1 44 0 is_stmt 1
 134 00a2 7B68     		ldr	r3, [r7, #4]
 135 00a4 4C33     		adds	r3, r3, #76
 136 00a6 93E80700 		ldm	r3, {r0, r1, r2}
 137 00aa FFF7FEFF 		bl	MQTTstrlen
 138 00ae 0346     		mov	r3, r0
 139 00b0 0233     		adds	r3, r3, #2
 140 00b2 FA68     		ldr	r2, [r7, #12]
 141 00b4 1344     		add	r3, r3, r2
 142 00b6 FB60     		str	r3, [r7, #12]
 143              	.L8:
  45:C:/Users/dtjld/workspace/AIoT/src/LiteOS_Lab/iot_link/network/mqtt/paho_mqtt/paho/MQTTPacket/src\MQTTConnectClient.c **** 
  46:C:/Users/dtjld/workspace/AIoT/src/LiteOS_Lab/iot_link/network/mqtt/paho_mqtt/paho/MQTTPacket/src\MQTTConnectClient.c **** 	FUNC_EXIT_RC(len);
  47:C:/Users/dtjld/workspace/AIoT/src/LiteOS_Lab/iot_link/network/mqtt/paho_mqtt/paho/MQTTPacket/src\MQTTConnectClient.c **** 	return len;
 144              		.loc 1 47 0
 145 00b8 FB68     		ldr	r3, [r7, #12]
  48:C:/Users/dtjld/workspace/AIoT/src/LiteOS_Lab/iot_link/network/mqtt/paho_mqtt/paho/MQTTPacket/src\MQTTConnectClient.c **** }
 146              		.loc 1 48 0
 147 00ba 1846     		mov	r0, r3
 148 00bc 1437     		adds	r7, r7, #20
 149              	.LCFI3:
 150              		.cfi_def_cfa_offset 12
 151 00be BD46     		mov	sp, r7
 152              	.LCFI4:
 153              		.cfi_def_cfa_register 13
 154              		@ sp needed
 155 00c0 90BD     		pop	{r4, r7, pc}
 156              		.cfi_endproc
 157              	.LFE3:
 159              		.section	.rodata
 160              		.align	2
 161              	.LC0:
 162 0000 4D515454 		.ascii	"MQTT\000"
 162      00
 163 0005 000000   		.align	2
 164              	.LC1:
 165 0008 4D514973 		.ascii	"MQIsdp\000"
 165      647000
 166              		.section	.text.MQTTSerialize_connect,"ax",%progbits
 167              		.align	1
 168              		.global	MQTTSerialize_connect
 169              		.syntax unified
 170              		.thumb
 171              		.thumb_func
 172              		.fpu fpv4-sp-d16
 174              	MQTTSerialize_connect:
 175              	.LFB4:
  49:C:/Users/dtjld/workspace/AIoT/src/LiteOS_Lab/iot_link/network/mqtt/paho_mqtt/paho/MQTTPacket/src\MQTTConnectClient.c **** 
  50:C:/Users/dtjld/workspace/AIoT/src/LiteOS_Lab/iot_link/network/mqtt/paho_mqtt/paho/MQTTPacket/src\MQTTConnectClient.c **** 
  51:C:/Users/dtjld/workspace/AIoT/src/LiteOS_Lab/iot_link/network/mqtt/paho_mqtt/paho/MQTTPacket/src\MQTTConnectClient.c **** /**
  52:C:/Users/dtjld/workspace/AIoT/src/LiteOS_Lab/iot_link/network/mqtt/paho_mqtt/paho/MQTTPacket/src\MQTTConnectClient.c ****   * Serializes the connect options into the buffer.
  53:C:/Users/dtjld/workspace/AIoT/src/LiteOS_Lab/iot_link/network/mqtt/paho_mqtt/paho/MQTTPacket/src\MQTTConnectClient.c ****   * @param buf the buffer into which the packet will be serialized
  54:C:/Users/dtjld/workspace/AIoT/src/LiteOS_Lab/iot_link/network/mqtt/paho_mqtt/paho/MQTTPacket/src\MQTTConnectClient.c ****   * @param len the length in bytes of the supplied buffer
ARM GAS  C:\Users\dtjld\AppData\Local\Temp\ccjCyLvn.s 			page 5


  55:C:/Users/dtjld/workspace/AIoT/src/LiteOS_Lab/iot_link/network/mqtt/paho_mqtt/paho/MQTTPacket/src\MQTTConnectClient.c ****   * @param options the options to be used to build the connect packet
  56:C:/Users/dtjld/workspace/AIoT/src/LiteOS_Lab/iot_link/network/mqtt/paho_mqtt/paho/MQTTPacket/src\MQTTConnectClient.c ****   * @return serialized length, or error if 0
  57:C:/Users/dtjld/workspace/AIoT/src/LiteOS_Lab/iot_link/network/mqtt/paho_mqtt/paho/MQTTPacket/src\MQTTConnectClient.c ****   */
  58:C:/Users/dtjld/workspace/AIoT/src/LiteOS_Lab/iot_link/network/mqtt/paho_mqtt/paho/MQTTPacket/src\MQTTConnectClient.c **** int MQTTSerialize_connect(unsigned char* buf, int buflen, MQTTPacket_connectData* options)
  59:C:/Users/dtjld/workspace/AIoT/src/LiteOS_Lab/iot_link/network/mqtt/paho_mqtt/paho/MQTTPacket/src\MQTTConnectClient.c **** {
 176              		.loc 1 59 0
 177              		.cfi_startproc
 178              		@ args = 0, pretend = 0, frame = 40
 179              		@ frame_needed = 1, uses_anonymous_args = 0
 180 0000 80B5     		push	{r7, lr}
 181              	.LCFI5:
 182              		.cfi_def_cfa_offset 8
 183              		.cfi_offset 7, -8
 184              		.cfi_offset 14, -4
 185 0002 8AB0     		sub	sp, sp, #40
 186              	.LCFI6:
 187              		.cfi_def_cfa_offset 48
 188 0004 00AF     		add	r7, sp, #0
 189              	.LCFI7:
 190              		.cfi_def_cfa_register 7
 191 0006 F860     		str	r0, [r7, #12]
 192 0008 B960     		str	r1, [r7, #8]
 193 000a 7A60     		str	r2, [r7, #4]
  60:C:/Users/dtjld/workspace/AIoT/src/LiteOS_Lab/iot_link/network/mqtt/paho_mqtt/paho/MQTTPacket/src\MQTTConnectClient.c **** 	unsigned char *ptr = buf;
 194              		.loc 1 60 0
 195 000c FB68     		ldr	r3, [r7, #12]
 196 000e FB61     		str	r3, [r7, #28]
  61:C:/Users/dtjld/workspace/AIoT/src/LiteOS_Lab/iot_link/network/mqtt/paho_mqtt/paho/MQTTPacket/src\MQTTConnectClient.c **** 	MQTTHeader header = {0};
 197              		.loc 1 61 0
 198 0010 0023     		movs	r3, #0
 199 0012 BB61     		str	r3, [r7, #24]
  62:C:/Users/dtjld/workspace/AIoT/src/LiteOS_Lab/iot_link/network/mqtt/paho_mqtt/paho/MQTTPacket/src\MQTTConnectClient.c **** 	MQTTConnectFlags flags = {0};
 200              		.loc 1 62 0
 201 0014 0023     		movs	r3, #0
 202 0016 7B61     		str	r3, [r7, #20]
  63:C:/Users/dtjld/workspace/AIoT/src/LiteOS_Lab/iot_link/network/mqtt/paho_mqtt/paho/MQTTPacket/src\MQTTConnectClient.c **** 	int len = 0;
 203              		.loc 1 63 0
 204 0018 0023     		movs	r3, #0
 205 001a 3B62     		str	r3, [r7, #32]
  64:C:/Users/dtjld/workspace/AIoT/src/LiteOS_Lab/iot_link/network/mqtt/paho_mqtt/paho/MQTTPacket/src\MQTTConnectClient.c **** 	int rc = -1;
 206              		.loc 1 64 0
 207 001c 4FF0FF33 		mov	r3, #-1
 208 0020 7B62     		str	r3, [r7, #36]
  65:C:/Users/dtjld/workspace/AIoT/src/LiteOS_Lab/iot_link/network/mqtt/paho_mqtt/paho/MQTTPacket/src\MQTTConnectClient.c **** 
  66:C:/Users/dtjld/workspace/AIoT/src/LiteOS_Lab/iot_link/network/mqtt/paho_mqtt/paho/MQTTPacket/src\MQTTConnectClient.c **** 	FUNC_ENTRY;
  67:C:/Users/dtjld/workspace/AIoT/src/LiteOS_Lab/iot_link/network/mqtt/paho_mqtt/paho/MQTTPacket/src\MQTTConnectClient.c **** 	if (MQTTPacket_len(len = MQTTSerialize_connectLength(options)) > buflen)
 209              		.loc 1 67 0
 210 0022 7868     		ldr	r0, [r7, #4]
 211 0024 FFF7FEFF 		bl	MQTTSerialize_connectLength
 212 0028 3862     		str	r0, [r7, #32]
 213 002a 386A     		ldr	r0, [r7, #32]
 214 002c FFF7FEFF 		bl	MQTTPacket_len
 215 0030 0246     		mov	r2, r0
 216 0032 BB68     		ldr	r3, [r7, #8]
 217 0034 9342     		cmp	r3, r2
 218 0036 03DA     		bge	.L11
  68:C:/Users/dtjld/workspace/AIoT/src/LiteOS_Lab/iot_link/network/mqtt/paho_mqtt/paho/MQTTPacket/src\MQTTConnectClient.c **** 	{
ARM GAS  C:\Users\dtjld\AppData\Local\Temp\ccjCyLvn.s 			page 6


  69:C:/Users/dtjld/workspace/AIoT/src/LiteOS_Lab/iot_link/network/mqtt/paho_mqtt/paho/MQTTPacket/src\MQTTConnectClient.c **** 		rc = MQTTPACKET_BUFFER_TOO_SHORT;
 219              		.loc 1 69 0
 220 0038 6FF00103 		mvn	r3, #1
 221 003c 7B62     		str	r3, [r7, #36]
  70:C:/Users/dtjld/workspace/AIoT/src/LiteOS_Lab/iot_link/network/mqtt/paho_mqtt/paho/MQTTPacket/src\MQTTConnectClient.c **** 		goto exit;
 222              		.loc 1 70 0
 223 003e C3E0     		b	.L12
 224              	.L11:
  71:C:/Users/dtjld/workspace/AIoT/src/LiteOS_Lab/iot_link/network/mqtt/paho_mqtt/paho/MQTTPacket/src\MQTTConnectClient.c **** 	}
  72:C:/Users/dtjld/workspace/AIoT/src/LiteOS_Lab/iot_link/network/mqtt/paho_mqtt/paho/MQTTPacket/src\MQTTConnectClient.c **** 
  73:C:/Users/dtjld/workspace/AIoT/src/LiteOS_Lab/iot_link/network/mqtt/paho_mqtt/paho/MQTTPacket/src\MQTTConnectClient.c **** 	header.byte = 0;
 225              		.loc 1 73 0
 226 0040 0023     		movs	r3, #0
 227 0042 3B76     		strb	r3, [r7, #24]
  74:C:/Users/dtjld/workspace/AIoT/src/LiteOS_Lab/iot_link/network/mqtt/paho_mqtt/paho/MQTTPacket/src\MQTTConnectClient.c **** 	header.bits.type = CONNECT;
 228              		.loc 1 74 0
 229 0044 3B7E     		ldrb	r3, [r7, #24]
 230 0046 0122     		movs	r2, #1
 231 0048 62F30713 		bfi	r3, r2, #4, #4
 232 004c 3B76     		strb	r3, [r7, #24]
  75:C:/Users/dtjld/workspace/AIoT/src/LiteOS_Lab/iot_link/network/mqtt/paho_mqtt/paho/MQTTPacket/src\MQTTConnectClient.c **** 	writeChar(&ptr, header.byte); /* write header */
 233              		.loc 1 75 0
 234 004e 3A7E     		ldrb	r2, [r7, #24]	@ zero_extendqisi2
 235 0050 07F11C03 		add	r3, r7, #28
 236 0054 1146     		mov	r1, r2
 237 0056 1846     		mov	r0, r3
 238 0058 FFF7FEFF 		bl	writeChar
  76:C:/Users/dtjld/workspace/AIoT/src/LiteOS_Lab/iot_link/network/mqtt/paho_mqtt/paho/MQTTPacket/src\MQTTConnectClient.c **** 
  77:C:/Users/dtjld/workspace/AIoT/src/LiteOS_Lab/iot_link/network/mqtt/paho_mqtt/paho/MQTTPacket/src\MQTTConnectClient.c **** 	ptr += MQTTPacket_encode(ptr, len); /* write remaining length */
 239              		.loc 1 77 0
 240 005c FB69     		ldr	r3, [r7, #28]
 241 005e 396A     		ldr	r1, [r7, #32]
 242 0060 1846     		mov	r0, r3
 243 0062 FFF7FEFF 		bl	MQTTPacket_encode
 244 0066 0246     		mov	r2, r0
 245 0068 FB69     		ldr	r3, [r7, #28]
 246 006a 1344     		add	r3, r3, r2
 247 006c FB61     		str	r3, [r7, #28]
  78:C:/Users/dtjld/workspace/AIoT/src/LiteOS_Lab/iot_link/network/mqtt/paho_mqtt/paho/MQTTPacket/src\MQTTConnectClient.c **** 
  79:C:/Users/dtjld/workspace/AIoT/src/LiteOS_Lab/iot_link/network/mqtt/paho_mqtt/paho/MQTTPacket/src\MQTTConnectClient.c **** 	if (options->MQTTVersion == 4)
 248              		.loc 1 79 0
 249 006e 7B68     		ldr	r3, [r7, #4]
 250 0070 1B7A     		ldrb	r3, [r3, #8]	@ zero_extendqisi2
 251 0072 042B     		cmp	r3, #4
 252 0074 0CD1     		bne	.L13
  80:C:/Users/dtjld/workspace/AIoT/src/LiteOS_Lab/iot_link/network/mqtt/paho_mqtt/paho/MQTTPacket/src\MQTTConnectClient.c **** 	{
  81:C:/Users/dtjld/workspace/AIoT/src/LiteOS_Lab/iot_link/network/mqtt/paho_mqtt/paho/MQTTPacket/src\MQTTConnectClient.c **** 		writeCString(&ptr, "MQTT");
 253              		.loc 1 81 0
 254 0076 07F11C03 		add	r3, r7, #28
 255 007a 5649     		ldr	r1, .L24
 256 007c 1846     		mov	r0, r3
 257 007e FFF7FEFF 		bl	writeCString
  82:C:/Users/dtjld/workspace/AIoT/src/LiteOS_Lab/iot_link/network/mqtt/paho_mqtt/paho/MQTTPacket/src\MQTTConnectClient.c **** 		writeChar(&ptr, (char) 4);
 258              		.loc 1 82 0
 259 0082 07F11C03 		add	r3, r7, #28
 260 0086 0421     		movs	r1, #4
 261 0088 1846     		mov	r0, r3
ARM GAS  C:\Users\dtjld\AppData\Local\Temp\ccjCyLvn.s 			page 7


 262 008a FFF7FEFF 		bl	writeChar
 263 008e 0BE0     		b	.L14
 264              	.L13:
  83:C:/Users/dtjld/workspace/AIoT/src/LiteOS_Lab/iot_link/network/mqtt/paho_mqtt/paho/MQTTPacket/src\MQTTConnectClient.c **** 	}
  84:C:/Users/dtjld/workspace/AIoT/src/LiteOS_Lab/iot_link/network/mqtt/paho_mqtt/paho/MQTTPacket/src\MQTTConnectClient.c **** 	else
  85:C:/Users/dtjld/workspace/AIoT/src/LiteOS_Lab/iot_link/network/mqtt/paho_mqtt/paho/MQTTPacket/src\MQTTConnectClient.c **** 	{
  86:C:/Users/dtjld/workspace/AIoT/src/LiteOS_Lab/iot_link/network/mqtt/paho_mqtt/paho/MQTTPacket/src\MQTTConnectClient.c **** 		writeCString(&ptr, "MQIsdp");
 265              		.loc 1 86 0
 266 0090 07F11C03 		add	r3, r7, #28
 267 0094 5049     		ldr	r1, .L24+4
 268 0096 1846     		mov	r0, r3
 269 0098 FFF7FEFF 		bl	writeCString
  87:C:/Users/dtjld/workspace/AIoT/src/LiteOS_Lab/iot_link/network/mqtt/paho_mqtt/paho/MQTTPacket/src\MQTTConnectClient.c **** 		writeChar(&ptr, (char) 3);
 270              		.loc 1 87 0
 271 009c 07F11C03 		add	r3, r7, #28
 272 00a0 0321     		movs	r1, #3
 273 00a2 1846     		mov	r0, r3
 274 00a4 FFF7FEFF 		bl	writeChar
 275              	.L14:
  88:C:/Users/dtjld/workspace/AIoT/src/LiteOS_Lab/iot_link/network/mqtt/paho_mqtt/paho/MQTTPacket/src\MQTTConnectClient.c **** 	}
  89:C:/Users/dtjld/workspace/AIoT/src/LiteOS_Lab/iot_link/network/mqtt/paho_mqtt/paho/MQTTPacket/src\MQTTConnectClient.c **** 
  90:C:/Users/dtjld/workspace/AIoT/src/LiteOS_Lab/iot_link/network/mqtt/paho_mqtt/paho/MQTTPacket/src\MQTTConnectClient.c **** 	flags.all = 0;
 276              		.loc 1 90 0
 277 00a8 0023     		movs	r3, #0
 278 00aa 3B75     		strb	r3, [r7, #20]
  91:C:/Users/dtjld/workspace/AIoT/src/LiteOS_Lab/iot_link/network/mqtt/paho_mqtt/paho/MQTTPacket/src\MQTTConnectClient.c **** 	flags.bits.cleansession = options->cleansession;
 279              		.loc 1 91 0
 280 00ac 7B68     		ldr	r3, [r7, #4]
 281 00ae 9B7E     		ldrb	r3, [r3, #26]	@ zero_extendqisi2
 282 00b0 03F00103 		and	r3, r3, #1
 283 00b4 DAB2     		uxtb	r2, r3
 284 00b6 3B7D     		ldrb	r3, [r7, #20]
 285 00b8 62F34103 		bfi	r3, r2, #1, #1
 286 00bc 3B75     		strb	r3, [r7, #20]
  92:C:/Users/dtjld/workspace/AIoT/src/LiteOS_Lab/iot_link/network/mqtt/paho_mqtt/paho/MQTTPacket/src\MQTTConnectClient.c **** 	flags.bits.will = (options->willFlag) ? 1 : 0;
 287              		.loc 1 92 0
 288 00be 7B68     		ldr	r3, [r7, #4]
 289 00c0 DB7E     		ldrb	r3, [r3, #27]	@ zero_extendqisi2
 290 00c2 002B     		cmp	r3, #0
 291 00c4 14BF     		ite	ne
 292 00c6 0123     		movne	r3, #1
 293 00c8 0023     		moveq	r3, #0
 294 00ca DAB2     		uxtb	r2, r3
 295 00cc 3B7D     		ldrb	r3, [r7, #20]
 296 00ce 62F38203 		bfi	r3, r2, #2, #1
 297 00d2 3B75     		strb	r3, [r7, #20]
  93:C:/Users/dtjld/workspace/AIoT/src/LiteOS_Lab/iot_link/network/mqtt/paho_mqtt/paho/MQTTPacket/src\MQTTConnectClient.c **** 	if (flags.bits.will)
 298              		.loc 1 93 0
 299 00d4 3B7D     		ldrb	r3, [r7, #20]	@ zero_extendqisi2
 300 00d6 03F00403 		and	r3, r3, #4
 301 00da DBB2     		uxtb	r3, r3
 302 00dc 002B     		cmp	r3, #0
 303 00de 13D0     		beq	.L15
  94:C:/Users/dtjld/workspace/AIoT/src/LiteOS_Lab/iot_link/network/mqtt/paho_mqtt/paho/MQTTPacket/src\MQTTConnectClient.c **** 	{
  95:C:/Users/dtjld/workspace/AIoT/src/LiteOS_Lab/iot_link/network/mqtt/paho_mqtt/paho/MQTTPacket/src\MQTTConnectClient.c **** 		flags.bits.willQoS = options->will.qos;
 304              		.loc 1 95 0
 305 00e0 7B68     		ldr	r3, [r7, #4]
ARM GAS  C:\Users\dtjld\AppData\Local\Temp\ccjCyLvn.s 			page 8


 306 00e2 93F83D30 		ldrb	r3, [r3, #61]	@ zero_extendqisi2
 307 00e6 03F00303 		and	r3, r3, #3
 308 00ea DAB2     		uxtb	r2, r3
 309 00ec 3B7D     		ldrb	r3, [r7, #20]
 310 00ee 62F3C403 		bfi	r3, r2, #3, #2
 311 00f2 3B75     		strb	r3, [r7, #20]
  96:C:/Users/dtjld/workspace/AIoT/src/LiteOS_Lab/iot_link/network/mqtt/paho_mqtt/paho/MQTTPacket/src\MQTTConnectClient.c **** 		flags.bits.willRetain = options->will.retained;
 312              		.loc 1 96 0
 313 00f4 7B68     		ldr	r3, [r7, #4]
 314 00f6 93F83C30 		ldrb	r3, [r3, #60]	@ zero_extendqisi2
 315 00fa 03F00103 		and	r3, r3, #1
 316 00fe DAB2     		uxtb	r2, r3
 317 0100 3B7D     		ldrb	r3, [r7, #20]
 318 0102 62F34513 		bfi	r3, r2, #5, #1
 319 0106 3B75     		strb	r3, [r7, #20]
 320              	.L15:
  97:C:/Users/dtjld/workspace/AIoT/src/LiteOS_Lab/iot_link/network/mqtt/paho_mqtt/paho/MQTTPacket/src\MQTTConnectClient.c **** 	}
  98:C:/Users/dtjld/workspace/AIoT/src/LiteOS_Lab/iot_link/network/mqtt/paho_mqtt/paho/MQTTPacket/src\MQTTConnectClient.c **** 
  99:C:/Users/dtjld/workspace/AIoT/src/LiteOS_Lab/iot_link/network/mqtt/paho_mqtt/paho/MQTTPacket/src\MQTTConnectClient.c **** 	if (options->username.cstring || options->username.lenstring.data)
 321              		.loc 1 99 0
 322 0108 7B68     		ldr	r3, [r7, #4]
 323 010a 1B6C     		ldr	r3, [r3, #64]
 324 010c 002B     		cmp	r3, #0
 325 010e 03D1     		bne	.L16
 326              		.loc 1 99 0 is_stmt 0 discriminator 1
 327 0110 7B68     		ldr	r3, [r7, #4]
 328 0112 9B6C     		ldr	r3, [r3, #72]
 329 0114 002B     		cmp	r3, #0
 330 0116 03D0     		beq	.L17
 331              	.L16:
 100:C:/Users/dtjld/workspace/AIoT/src/LiteOS_Lab/iot_link/network/mqtt/paho_mqtt/paho/MQTTPacket/src\MQTTConnectClient.c **** 		flags.bits.username = 1;
 332              		.loc 1 100 0 is_stmt 1
 333 0118 3B7D     		ldrb	r3, [r7, #20]
 334 011a 43F08003 		orr	r3, r3, #128
 335 011e 3B75     		strb	r3, [r7, #20]
 336              	.L17:
 101:C:/Users/dtjld/workspace/AIoT/src/LiteOS_Lab/iot_link/network/mqtt/paho_mqtt/paho/MQTTPacket/src\MQTTConnectClient.c **** 	if (options->password.cstring || options->password.lenstring.data)
 337              		.loc 1 101 0
 338 0120 7B68     		ldr	r3, [r7, #4]
 339 0122 DB6C     		ldr	r3, [r3, #76]
 340 0124 002B     		cmp	r3, #0
 341 0126 03D1     		bne	.L18
 342              		.loc 1 101 0 is_stmt 0 discriminator 1
 343 0128 7B68     		ldr	r3, [r7, #4]
 344 012a 5B6D     		ldr	r3, [r3, #84]
 345 012c 002B     		cmp	r3, #0
 346 012e 03D0     		beq	.L19
 347              	.L18:
 102:C:/Users/dtjld/workspace/AIoT/src/LiteOS_Lab/iot_link/network/mqtt/paho_mqtt/paho/MQTTPacket/src\MQTTConnectClient.c **** 		flags.bits.password = 1;
 348              		.loc 1 102 0 is_stmt 1
 349 0130 3B7D     		ldrb	r3, [r7, #20]
 350 0132 43F04003 		orr	r3, r3, #64
 351 0136 3B75     		strb	r3, [r7, #20]
 352              	.L19:
 103:C:/Users/dtjld/workspace/AIoT/src/LiteOS_Lab/iot_link/network/mqtt/paho_mqtt/paho/MQTTPacket/src\MQTTConnectClient.c **** 
 104:C:/Users/dtjld/workspace/AIoT/src/LiteOS_Lab/iot_link/network/mqtt/paho_mqtt/paho/MQTTPacket/src\MQTTConnectClient.c **** 	writeChar(&ptr, flags.all);
 353              		.loc 1 104 0
ARM GAS  C:\Users\dtjld\AppData\Local\Temp\ccjCyLvn.s 			page 9


 354 0138 3A7D     		ldrb	r2, [r7, #20]	@ zero_extendqisi2
 355 013a 07F11C03 		add	r3, r7, #28
 356 013e 1146     		mov	r1, r2
 357 0140 1846     		mov	r0, r3
 358 0142 FFF7FEFF 		bl	writeChar
 105:C:/Users/dtjld/workspace/AIoT/src/LiteOS_Lab/iot_link/network/mqtt/paho_mqtt/paho/MQTTPacket/src\MQTTConnectClient.c **** 	writeInt(&ptr, options->keepAliveInterval);
 359              		.loc 1 105 0
 360 0146 7B68     		ldr	r3, [r7, #4]
 361 0148 1B8B     		ldrh	r3, [r3, #24]
 362 014a 1A46     		mov	r2, r3
 363 014c 07F11C03 		add	r3, r7, #28
 364 0150 1146     		mov	r1, r2
 365 0152 1846     		mov	r0, r3
 366 0154 FFF7FEFF 		bl	writeInt
 106:C:/Users/dtjld/workspace/AIoT/src/LiteOS_Lab/iot_link/network/mqtt/paho_mqtt/paho/MQTTPacket/src\MQTTConnectClient.c **** 	writeMQTTString(&ptr, options->clientID);
 367              		.loc 1 106 0
 368 0158 7B68     		ldr	r3, [r7, #4]
 369 015a 07F11C00 		add	r0, r7, #28
 370 015e 0C33     		adds	r3, r3, #12
 371 0160 0ECB     		ldm	r3, {r1, r2, r3}
 372 0162 FFF7FEFF 		bl	writeMQTTString
 107:C:/Users/dtjld/workspace/AIoT/src/LiteOS_Lab/iot_link/network/mqtt/paho_mqtt/paho/MQTTPacket/src\MQTTConnectClient.c **** 	if (options->willFlag)
 373              		.loc 1 107 0
 374 0166 7B68     		ldr	r3, [r7, #4]
 375 0168 DB7E     		ldrb	r3, [r3, #27]	@ zero_extendqisi2
 376 016a 002B     		cmp	r3, #0
 377 016c 0DD0     		beq	.L20
 108:C:/Users/dtjld/workspace/AIoT/src/LiteOS_Lab/iot_link/network/mqtt/paho_mqtt/paho/MQTTPacket/src\MQTTConnectClient.c **** 	{
 109:C:/Users/dtjld/workspace/AIoT/src/LiteOS_Lab/iot_link/network/mqtt/paho_mqtt/paho/MQTTPacket/src\MQTTConnectClient.c **** 		writeMQTTString(&ptr, options->will.topicName);
 378              		.loc 1 109 0
 379 016e 7B68     		ldr	r3, [r7, #4]
 380 0170 07F11C00 		add	r0, r7, #28
 381 0174 2433     		adds	r3, r3, #36
 382 0176 0ECB     		ldm	r3, {r1, r2, r3}
 383 0178 FFF7FEFF 		bl	writeMQTTString
 110:C:/Users/dtjld/workspace/AIoT/src/LiteOS_Lab/iot_link/network/mqtt/paho_mqtt/paho/MQTTPacket/src\MQTTConnectClient.c **** 		writeMQTTString(&ptr, options->will.message);
 384              		.loc 1 110 0
 385 017c 7B68     		ldr	r3, [r7, #4]
 386 017e 07F11C00 		add	r0, r7, #28
 387 0182 3033     		adds	r3, r3, #48
 388 0184 0ECB     		ldm	r3, {r1, r2, r3}
 389 0186 FFF7FEFF 		bl	writeMQTTString
 390              	.L20:
 111:C:/Users/dtjld/workspace/AIoT/src/LiteOS_Lab/iot_link/network/mqtt/paho_mqtt/paho/MQTTPacket/src\MQTTConnectClient.c **** 	}
 112:C:/Users/dtjld/workspace/AIoT/src/LiteOS_Lab/iot_link/network/mqtt/paho_mqtt/paho/MQTTPacket/src\MQTTConnectClient.c **** 	if (flags.bits.username)
 391              		.loc 1 112 0
 392 018a 3B7D     		ldrb	r3, [r7, #20]	@ zero_extendqisi2
 393 018c 23F07F03 		bic	r3, r3, #127
 394 0190 DBB2     		uxtb	r3, r3
 395 0192 002B     		cmp	r3, #0
 396 0194 06D0     		beq	.L21
 113:C:/Users/dtjld/workspace/AIoT/src/LiteOS_Lab/iot_link/network/mqtt/paho_mqtt/paho/MQTTPacket/src\MQTTConnectClient.c **** 		writeMQTTString(&ptr, options->username);
 397              		.loc 1 113 0
 398 0196 7B68     		ldr	r3, [r7, #4]
 399 0198 07F11C00 		add	r0, r7, #28
 400 019c 4033     		adds	r3, r3, #64
 401 019e 0ECB     		ldm	r3, {r1, r2, r3}
ARM GAS  C:\Users\dtjld\AppData\Local\Temp\ccjCyLvn.s 			page 10


 402 01a0 FFF7FEFF 		bl	writeMQTTString
 403              	.L21:
 114:C:/Users/dtjld/workspace/AIoT/src/LiteOS_Lab/iot_link/network/mqtt/paho_mqtt/paho/MQTTPacket/src\MQTTConnectClient.c **** 	if (flags.bits.password)
 404              		.loc 1 114 0
 405 01a4 3B7D     		ldrb	r3, [r7, #20]	@ zero_extendqisi2
 406 01a6 03F04003 		and	r3, r3, #64
 407 01aa DBB2     		uxtb	r3, r3
 408 01ac 002B     		cmp	r3, #0
 409 01ae 06D0     		beq	.L22
 115:C:/Users/dtjld/workspace/AIoT/src/LiteOS_Lab/iot_link/network/mqtt/paho_mqtt/paho/MQTTPacket/src\MQTTConnectClient.c **** 		writeMQTTString(&ptr, options->password);
 410              		.loc 1 115 0
 411 01b0 7B68     		ldr	r3, [r7, #4]
 412 01b2 07F11C00 		add	r0, r7, #28
 413 01b6 4C33     		adds	r3, r3, #76
 414 01b8 0ECB     		ldm	r3, {r1, r2, r3}
 415 01ba FFF7FEFF 		bl	writeMQTTString
 416              	.L22:
 116:C:/Users/dtjld/workspace/AIoT/src/LiteOS_Lab/iot_link/network/mqtt/paho_mqtt/paho/MQTTPacket/src\MQTTConnectClient.c **** 
 117:C:/Users/dtjld/workspace/AIoT/src/LiteOS_Lab/iot_link/network/mqtt/paho_mqtt/paho/MQTTPacket/src\MQTTConnectClient.c **** 	rc = ptr - buf;
 417              		.loc 1 117 0
 418 01be FB69     		ldr	r3, [r7, #28]
 419 01c0 1A46     		mov	r2, r3
 420 01c2 FB68     		ldr	r3, [r7, #12]
 421 01c4 D31A     		subs	r3, r2, r3
 422 01c6 7B62     		str	r3, [r7, #36]
 423              	.L12:
 118:C:/Users/dtjld/workspace/AIoT/src/LiteOS_Lab/iot_link/network/mqtt/paho_mqtt/paho/MQTTPacket/src\MQTTConnectClient.c **** 
 119:C:/Users/dtjld/workspace/AIoT/src/LiteOS_Lab/iot_link/network/mqtt/paho_mqtt/paho/MQTTPacket/src\MQTTConnectClient.c **** 	exit: FUNC_EXIT_RC(rc);
 120:C:/Users/dtjld/workspace/AIoT/src/LiteOS_Lab/iot_link/network/mqtt/paho_mqtt/paho/MQTTPacket/src\MQTTConnectClient.c **** 	return rc;
 424              		.loc 1 120 0
 425 01c8 7B6A     		ldr	r3, [r7, #36]
 121:C:/Users/dtjld/workspace/AIoT/src/LiteOS_Lab/iot_link/network/mqtt/paho_mqtt/paho/MQTTPacket/src\MQTTConnectClient.c **** }
 426              		.loc 1 121 0
 427 01ca 1846     		mov	r0, r3
 428 01cc 2837     		adds	r7, r7, #40
 429              	.LCFI8:
 430              		.cfi_def_cfa_offset 8
 431 01ce BD46     		mov	sp, r7
 432              	.LCFI9:
 433              		.cfi_def_cfa_register 13
 434              		@ sp needed
 435 01d0 80BD     		pop	{r7, pc}
 436              	.L25:
 437 01d2 00BF     		.align	2
 438              	.L24:
 439 01d4 00000000 		.word	.LC0
 440 01d8 08000000 		.word	.LC1
 441              		.cfi_endproc
 442              	.LFE4:
 444              		.section	.text.MQTTDeserialize_connack,"ax",%progbits
 445              		.align	1
 446              		.global	MQTTDeserialize_connack
 447              		.syntax unified
 448              		.thumb
 449              		.thumb_func
 450              		.fpu fpv4-sp-d16
 452              	MQTTDeserialize_connack:
ARM GAS  C:\Users\dtjld\AppData\Local\Temp\ccjCyLvn.s 			page 11


 453              	.LFB5:
 122:C:/Users/dtjld/workspace/AIoT/src/LiteOS_Lab/iot_link/network/mqtt/paho_mqtt/paho/MQTTPacket/src\MQTTConnectClient.c **** 
 123:C:/Users/dtjld/workspace/AIoT/src/LiteOS_Lab/iot_link/network/mqtt/paho_mqtt/paho/MQTTPacket/src\MQTTConnectClient.c **** 
 124:C:/Users/dtjld/workspace/AIoT/src/LiteOS_Lab/iot_link/network/mqtt/paho_mqtt/paho/MQTTPacket/src\MQTTConnectClient.c **** /**
 125:C:/Users/dtjld/workspace/AIoT/src/LiteOS_Lab/iot_link/network/mqtt/paho_mqtt/paho/MQTTPacket/src\MQTTConnectClient.c ****   * Deserializes the supplied (wire) buffer into connack data - return code
 126:C:/Users/dtjld/workspace/AIoT/src/LiteOS_Lab/iot_link/network/mqtt/paho_mqtt/paho/MQTTPacket/src\MQTTConnectClient.c ****   * @param sessionPresent the session present flag returned (only for MQTT 3.1.1)
 127:C:/Users/dtjld/workspace/AIoT/src/LiteOS_Lab/iot_link/network/mqtt/paho_mqtt/paho/MQTTPacket/src\MQTTConnectClient.c ****   * @param connack_rc returned integer value of the connack return code
 128:C:/Users/dtjld/workspace/AIoT/src/LiteOS_Lab/iot_link/network/mqtt/paho_mqtt/paho/MQTTPacket/src\MQTTConnectClient.c ****   * @param buf the raw buffer data, of the correct length determined by the remaining length field
 129:C:/Users/dtjld/workspace/AIoT/src/LiteOS_Lab/iot_link/network/mqtt/paho_mqtt/paho/MQTTPacket/src\MQTTConnectClient.c ****   * @param len the length in bytes of the data in the supplied buffer
 130:C:/Users/dtjld/workspace/AIoT/src/LiteOS_Lab/iot_link/network/mqtt/paho_mqtt/paho/MQTTPacket/src\MQTTConnectClient.c ****   * @return error code.  1 is success, 0 is failure
 131:C:/Users/dtjld/workspace/AIoT/src/LiteOS_Lab/iot_link/network/mqtt/paho_mqtt/paho/MQTTPacket/src\MQTTConnectClient.c ****   */
 132:C:/Users/dtjld/workspace/AIoT/src/LiteOS_Lab/iot_link/network/mqtt/paho_mqtt/paho/MQTTPacket/src\MQTTConnectClient.c **** int MQTTDeserialize_connack(unsigned char* sessionPresent, unsigned char* connack_rc, unsigned char
 133:C:/Users/dtjld/workspace/AIoT/src/LiteOS_Lab/iot_link/network/mqtt/paho_mqtt/paho/MQTTPacket/src\MQTTConnectClient.c **** {
 454              		.loc 1 133 0
 455              		.cfi_startproc
 456              		@ args = 0, pretend = 0, frame = 40
 457              		@ frame_needed = 1, uses_anonymous_args = 0
 458 0000 80B5     		push	{r7, lr}
 459              	.LCFI10:
 460              		.cfi_def_cfa_offset 8
 461              		.cfi_offset 7, -8
 462              		.cfi_offset 14, -4
 463 0002 8AB0     		sub	sp, sp, #40
 464              	.LCFI11:
 465              		.cfi_def_cfa_offset 48
 466 0004 00AF     		add	r7, sp, #0
 467              	.LCFI12:
 468              		.cfi_def_cfa_register 7
 469 0006 F860     		str	r0, [r7, #12]
 470 0008 B960     		str	r1, [r7, #8]
 471 000a 7A60     		str	r2, [r7, #4]
 472 000c 3B60     		str	r3, [r7]
 134:C:/Users/dtjld/workspace/AIoT/src/LiteOS_Lab/iot_link/network/mqtt/paho_mqtt/paho/MQTTPacket/src\MQTTConnectClient.c **** 	MQTTHeader header = {0};
 473              		.loc 1 134 0
 474 000e 0023     		movs	r3, #0
 475 0010 FB61     		str	r3, [r7, #28]
 135:C:/Users/dtjld/workspace/AIoT/src/LiteOS_Lab/iot_link/network/mqtt/paho_mqtt/paho/MQTTPacket/src\MQTTConnectClient.c **** 	unsigned char* curdata = buf;
 476              		.loc 1 135 0
 477 0012 7B68     		ldr	r3, [r7, #4]
 478 0014 BB61     		str	r3, [r7, #24]
 136:C:/Users/dtjld/workspace/AIoT/src/LiteOS_Lab/iot_link/network/mqtt/paho_mqtt/paho/MQTTPacket/src\MQTTConnectClient.c **** 	unsigned char* enddata = NULL;
 479              		.loc 1 136 0
 480 0016 0023     		movs	r3, #0
 481 0018 3B62     		str	r3, [r7, #32]
 137:C:/Users/dtjld/workspace/AIoT/src/LiteOS_Lab/iot_link/network/mqtt/paho_mqtt/paho/MQTTPacket/src\MQTTConnectClient.c **** 	int rc = 0;
 482              		.loc 1 137 0
 483 001a 0023     		movs	r3, #0
 484 001c 7B62     		str	r3, [r7, #36]
 138:C:/Users/dtjld/workspace/AIoT/src/LiteOS_Lab/iot_link/network/mqtt/paho_mqtt/paho/MQTTPacket/src\MQTTConnectClient.c **** 	int mylen;
 139:C:/Users/dtjld/workspace/AIoT/src/LiteOS_Lab/iot_link/network/mqtt/paho_mqtt/paho/MQTTPacket/src\MQTTConnectClient.c **** 	MQTTConnackFlags flags = {0};
 485              		.loc 1 139 0
 486 001e 0023     		movs	r3, #0
 487 0020 3B61     		str	r3, [r7, #16]
 140:C:/Users/dtjld/workspace/AIoT/src/LiteOS_Lab/iot_link/network/mqtt/paho_mqtt/paho/MQTTPacket/src\MQTTConnectClient.c **** 
 141:C:/Users/dtjld/workspace/AIoT/src/LiteOS_Lab/iot_link/network/mqtt/paho_mqtt/paho/MQTTPacket/src\MQTTConnectClient.c **** 	FUNC_ENTRY;
 142:C:/Users/dtjld/workspace/AIoT/src/LiteOS_Lab/iot_link/network/mqtt/paho_mqtt/paho/MQTTPacket/src\MQTTConnectClient.c **** 	header.byte = readChar(&curdata);
 488              		.loc 1 142 0
ARM GAS  C:\Users\dtjld\AppData\Local\Temp\ccjCyLvn.s 			page 12


 489 0022 07F11803 		add	r3, r7, #24
 490 0026 1846     		mov	r0, r3
 491 0028 FFF7FEFF 		bl	readChar
 492 002c 0346     		mov	r3, r0
 493 002e 3B77     		strb	r3, [r7, #28]
 143:C:/Users/dtjld/workspace/AIoT/src/LiteOS_Lab/iot_link/network/mqtt/paho_mqtt/paho/MQTTPacket/src\MQTTConnectClient.c **** 	if (header.bits.type != CONNACK)
 494              		.loc 1 143 0
 495 0030 3B7F     		ldrb	r3, [r7, #28]	@ zero_extendqisi2
 496 0032 23F00F03 		bic	r3, r3, #15
 497 0036 DBB2     		uxtb	r3, r3
 498 0038 202B     		cmp	r3, #32
 499 003a 2ED1     		bne	.L31
 144:C:/Users/dtjld/workspace/AIoT/src/LiteOS_Lab/iot_link/network/mqtt/paho_mqtt/paho/MQTTPacket/src\MQTTConnectClient.c **** 		goto exit;
 145:C:/Users/dtjld/workspace/AIoT/src/LiteOS_Lab/iot_link/network/mqtt/paho_mqtt/paho/MQTTPacket/src\MQTTConnectClient.c **** 
 146:C:/Users/dtjld/workspace/AIoT/src/LiteOS_Lab/iot_link/network/mqtt/paho_mqtt/paho/MQTTPacket/src\MQTTConnectClient.c **** 	curdata += (rc = MQTTPacket_decodeBuf(curdata, &mylen)); /* read remaining length */
 500              		.loc 1 146 0
 501 003c BB69     		ldr	r3, [r7, #24]
 502 003e 07F11402 		add	r2, r7, #20
 503 0042 1146     		mov	r1, r2
 504 0044 1846     		mov	r0, r3
 505 0046 FFF7FEFF 		bl	MQTTPacket_decodeBuf
 506 004a 7862     		str	r0, [r7, #36]
 507 004c 7A6A     		ldr	r2, [r7, #36]
 508 004e BB69     		ldr	r3, [r7, #24]
 509 0050 1344     		add	r3, r3, r2
 510 0052 BB61     		str	r3, [r7, #24]
 147:C:/Users/dtjld/workspace/AIoT/src/LiteOS_Lab/iot_link/network/mqtt/paho_mqtt/paho/MQTTPacket/src\MQTTConnectClient.c **** 	enddata = curdata + mylen;
 511              		.loc 1 147 0
 512 0054 BB69     		ldr	r3, [r7, #24]
 513 0056 7A69     		ldr	r2, [r7, #20]
 514 0058 1344     		add	r3, r3, r2
 515 005a 3B62     		str	r3, [r7, #32]
 148:C:/Users/dtjld/workspace/AIoT/src/LiteOS_Lab/iot_link/network/mqtt/paho_mqtt/paho/MQTTPacket/src\MQTTConnectClient.c **** 	if (enddata - curdata < 2)
 516              		.loc 1 148 0
 517 005c 3B6A     		ldr	r3, [r7, #32]
 518 005e BA69     		ldr	r2, [r7, #24]
 519 0060 9B1A     		subs	r3, r3, r2
 520 0062 012B     		cmp	r3, #1
 521 0064 1BDD     		ble	.L32
 149:C:/Users/dtjld/workspace/AIoT/src/LiteOS_Lab/iot_link/network/mqtt/paho_mqtt/paho/MQTTPacket/src\MQTTConnectClient.c **** 		goto exit;
 150:C:/Users/dtjld/workspace/AIoT/src/LiteOS_Lab/iot_link/network/mqtt/paho_mqtt/paho/MQTTPacket/src\MQTTConnectClient.c **** 
 151:C:/Users/dtjld/workspace/AIoT/src/LiteOS_Lab/iot_link/network/mqtt/paho_mqtt/paho/MQTTPacket/src\MQTTConnectClient.c **** 	flags.all = readChar(&curdata);
 522              		.loc 1 151 0
 523 0066 07F11803 		add	r3, r7, #24
 524 006a 1846     		mov	r0, r3
 525 006c FFF7FEFF 		bl	readChar
 526 0070 0346     		mov	r3, r0
 527 0072 3B74     		strb	r3, [r7, #16]
 152:C:/Users/dtjld/workspace/AIoT/src/LiteOS_Lab/iot_link/network/mqtt/paho_mqtt/paho/MQTTPacket/src\MQTTConnectClient.c **** 	*sessionPresent = flags.bits.sessionpresent;
 528              		.loc 1 152 0
 529 0074 3B7C     		ldrb	r3, [r7, #16]
 530 0076 C3F30003 		ubfx	r3, r3, #0, #1
 531 007a DBB2     		uxtb	r3, r3
 532 007c 1A46     		mov	r2, r3
 533 007e FB68     		ldr	r3, [r7, #12]
 534 0080 1A70     		strb	r2, [r3]
 153:C:/Users/dtjld/workspace/AIoT/src/LiteOS_Lab/iot_link/network/mqtt/paho_mqtt/paho/MQTTPacket/src\MQTTConnectClient.c **** 	*connack_rc = readChar(&curdata);
ARM GAS  C:\Users\dtjld\AppData\Local\Temp\ccjCyLvn.s 			page 13


 535              		.loc 1 153 0
 536 0082 07F11803 		add	r3, r7, #24
 537 0086 1846     		mov	r0, r3
 538 0088 FFF7FEFF 		bl	readChar
 539 008c 0346     		mov	r3, r0
 540 008e 1A46     		mov	r2, r3
 541 0090 BB68     		ldr	r3, [r7, #8]
 542 0092 1A70     		strb	r2, [r3]
 154:C:/Users/dtjld/workspace/AIoT/src/LiteOS_Lab/iot_link/network/mqtt/paho_mqtt/paho/MQTTPacket/src\MQTTConnectClient.c **** 
 155:C:/Users/dtjld/workspace/AIoT/src/LiteOS_Lab/iot_link/network/mqtt/paho_mqtt/paho/MQTTPacket/src\MQTTConnectClient.c **** 	rc = 1;
 543              		.loc 1 155 0
 544 0094 0123     		movs	r3, #1
 545 0096 7B62     		str	r3, [r7, #36]
 546 0098 02E0     		b	.L28
 547              	.L31:
 144:C:/Users/dtjld/workspace/AIoT/src/LiteOS_Lab/iot_link/network/mqtt/paho_mqtt/paho/MQTTPacket/src\MQTTConnectClient.c **** 
 548              		.loc 1 144 0
 549 009a 00BF     		nop
 550 009c 00E0     		b	.L28
 551              	.L32:
 149:C:/Users/dtjld/workspace/AIoT/src/LiteOS_Lab/iot_link/network/mqtt/paho_mqtt/paho/MQTTPacket/src\MQTTConnectClient.c **** 
 552              		.loc 1 149 0
 553 009e 00BF     		nop
 554              	.L28:
 156:C:/Users/dtjld/workspace/AIoT/src/LiteOS_Lab/iot_link/network/mqtt/paho_mqtt/paho/MQTTPacket/src\MQTTConnectClient.c **** exit:
 157:C:/Users/dtjld/workspace/AIoT/src/LiteOS_Lab/iot_link/network/mqtt/paho_mqtt/paho/MQTTPacket/src\MQTTConnectClient.c **** 	FUNC_EXIT_RC(rc);
 158:C:/Users/dtjld/workspace/AIoT/src/LiteOS_Lab/iot_link/network/mqtt/paho_mqtt/paho/MQTTPacket/src\MQTTConnectClient.c **** 	return rc;
 555              		.loc 1 158 0
 556 00a0 7B6A     		ldr	r3, [r7, #36]
 159:C:/Users/dtjld/workspace/AIoT/src/LiteOS_Lab/iot_link/network/mqtt/paho_mqtt/paho/MQTTPacket/src\MQTTConnectClient.c **** }
 557              		.loc 1 159 0
 558 00a2 1846     		mov	r0, r3
 559 00a4 2837     		adds	r7, r7, #40
 560              	.LCFI13:
 561              		.cfi_def_cfa_offset 8
 562 00a6 BD46     		mov	sp, r7
 563              	.LCFI14:
 564              		.cfi_def_cfa_register 13
 565              		@ sp needed
 566 00a8 80BD     		pop	{r7, pc}
 567              		.cfi_endproc
 568              	.LFE5:
 570              		.section	.text.MQTTSerialize_zero,"ax",%progbits
 571              		.align	1
 572              		.global	MQTTSerialize_zero
 573              		.syntax unified
 574              		.thumb
 575              		.thumb_func
 576              		.fpu fpv4-sp-d16
 578              	MQTTSerialize_zero:
 579              	.LFB6:
 160:C:/Users/dtjld/workspace/AIoT/src/LiteOS_Lab/iot_link/network/mqtt/paho_mqtt/paho/MQTTPacket/src\MQTTConnectClient.c **** 
 161:C:/Users/dtjld/workspace/AIoT/src/LiteOS_Lab/iot_link/network/mqtt/paho_mqtt/paho/MQTTPacket/src\MQTTConnectClient.c **** 
 162:C:/Users/dtjld/workspace/AIoT/src/LiteOS_Lab/iot_link/network/mqtt/paho_mqtt/paho/MQTTPacket/src\MQTTConnectClient.c **** /**
 163:C:/Users/dtjld/workspace/AIoT/src/LiteOS_Lab/iot_link/network/mqtt/paho_mqtt/paho/MQTTPacket/src\MQTTConnectClient.c ****   * Serializes a 0-length packet into the supplied buffer, ready for writing to a socket
 164:C:/Users/dtjld/workspace/AIoT/src/LiteOS_Lab/iot_link/network/mqtt/paho_mqtt/paho/MQTTPacket/src\MQTTConnectClient.c ****   * @param buf the buffer into which the packet will be serialized
 165:C:/Users/dtjld/workspace/AIoT/src/LiteOS_Lab/iot_link/network/mqtt/paho_mqtt/paho/MQTTPacket/src\MQTTConnectClient.c ****   * @param buflen the length in bytes of the supplied buffer, to avoid overruns
ARM GAS  C:\Users\dtjld\AppData\Local\Temp\ccjCyLvn.s 			page 14


 166:C:/Users/dtjld/workspace/AIoT/src/LiteOS_Lab/iot_link/network/mqtt/paho_mqtt/paho/MQTTPacket/src\MQTTConnectClient.c ****   * @param packettype the message type
 167:C:/Users/dtjld/workspace/AIoT/src/LiteOS_Lab/iot_link/network/mqtt/paho_mqtt/paho/MQTTPacket/src\MQTTConnectClient.c ****   * @return serialized length, or error if 0
 168:C:/Users/dtjld/workspace/AIoT/src/LiteOS_Lab/iot_link/network/mqtt/paho_mqtt/paho/MQTTPacket/src\MQTTConnectClient.c ****   */
 169:C:/Users/dtjld/workspace/AIoT/src/LiteOS_Lab/iot_link/network/mqtt/paho_mqtt/paho/MQTTPacket/src\MQTTConnectClient.c **** int MQTTSerialize_zero(unsigned char* buf, int buflen, unsigned char packettype)
 170:C:/Users/dtjld/workspace/AIoT/src/LiteOS_Lab/iot_link/network/mqtt/paho_mqtt/paho/MQTTPacket/src\MQTTConnectClient.c **** {
 580              		.loc 1 170 0
 581              		.cfi_startproc
 582              		@ args = 0, pretend = 0, frame = 32
 583              		@ frame_needed = 1, uses_anonymous_args = 0
 584 0000 80B5     		push	{r7, lr}
 585              	.LCFI15:
 586              		.cfi_def_cfa_offset 8
 587              		.cfi_offset 7, -8
 588              		.cfi_offset 14, -4
 589 0002 88B0     		sub	sp, sp, #32
 590              	.LCFI16:
 591              		.cfi_def_cfa_offset 40
 592 0004 00AF     		add	r7, sp, #0
 593              	.LCFI17:
 594              		.cfi_def_cfa_register 7
 595 0006 F860     		str	r0, [r7, #12]
 596 0008 B960     		str	r1, [r7, #8]
 597 000a 1346     		mov	r3, r2
 598 000c FB71     		strb	r3, [r7, #7]
 171:C:/Users/dtjld/workspace/AIoT/src/LiteOS_Lab/iot_link/network/mqtt/paho_mqtt/paho/MQTTPacket/src\MQTTConnectClient.c **** 	MQTTHeader header = {0};
 599              		.loc 1 171 0
 600 000e 0023     		movs	r3, #0
 601 0010 BB61     		str	r3, [r7, #24]
 172:C:/Users/dtjld/workspace/AIoT/src/LiteOS_Lab/iot_link/network/mqtt/paho_mqtt/paho/MQTTPacket/src\MQTTConnectClient.c **** 	int rc = -1;
 602              		.loc 1 172 0
 603 0012 4FF0FF33 		mov	r3, #-1
 604 0016 FB61     		str	r3, [r7, #28]
 173:C:/Users/dtjld/workspace/AIoT/src/LiteOS_Lab/iot_link/network/mqtt/paho_mqtt/paho/MQTTPacket/src\MQTTConnectClient.c **** 	unsigned char *ptr = buf;
 605              		.loc 1 173 0
 606 0018 FB68     		ldr	r3, [r7, #12]
 607 001a 7B61     		str	r3, [r7, #20]
 174:C:/Users/dtjld/workspace/AIoT/src/LiteOS_Lab/iot_link/network/mqtt/paho_mqtt/paho/MQTTPacket/src\MQTTConnectClient.c **** 
 175:C:/Users/dtjld/workspace/AIoT/src/LiteOS_Lab/iot_link/network/mqtt/paho_mqtt/paho/MQTTPacket/src\MQTTConnectClient.c **** 	FUNC_ENTRY;
 176:C:/Users/dtjld/workspace/AIoT/src/LiteOS_Lab/iot_link/network/mqtt/paho_mqtt/paho/MQTTPacket/src\MQTTConnectClient.c **** 	if (buflen < 2)
 608              		.loc 1 176 0
 609 001c BB68     		ldr	r3, [r7, #8]
 610 001e 012B     		cmp	r3, #1
 611 0020 03DC     		bgt	.L34
 177:C:/Users/dtjld/workspace/AIoT/src/LiteOS_Lab/iot_link/network/mqtt/paho_mqtt/paho/MQTTPacket/src\MQTTConnectClient.c **** 	{
 178:C:/Users/dtjld/workspace/AIoT/src/LiteOS_Lab/iot_link/network/mqtt/paho_mqtt/paho/MQTTPacket/src\MQTTConnectClient.c **** 		rc = MQTTPACKET_BUFFER_TOO_SHORT;
 612              		.loc 1 178 0
 613 0022 6FF00103 		mvn	r3, #1
 614 0026 FB61     		str	r3, [r7, #28]
 179:C:/Users/dtjld/workspace/AIoT/src/LiteOS_Lab/iot_link/network/mqtt/paho_mqtt/paho/MQTTPacket/src\MQTTConnectClient.c **** 		goto exit;
 615              		.loc 1 179 0
 616 0028 1EE0     		b	.L35
 617              	.L34:
 180:C:/Users/dtjld/workspace/AIoT/src/LiteOS_Lab/iot_link/network/mqtt/paho_mqtt/paho/MQTTPacket/src\MQTTConnectClient.c **** 	}
 181:C:/Users/dtjld/workspace/AIoT/src/LiteOS_Lab/iot_link/network/mqtt/paho_mqtt/paho/MQTTPacket/src\MQTTConnectClient.c **** 	header.byte = 0;
 618              		.loc 1 181 0
 619 002a 0023     		movs	r3, #0
 620 002c 3B76     		strb	r3, [r7, #24]
ARM GAS  C:\Users\dtjld\AppData\Local\Temp\ccjCyLvn.s 			page 15


 182:C:/Users/dtjld/workspace/AIoT/src/LiteOS_Lab/iot_link/network/mqtt/paho_mqtt/paho/MQTTPacket/src\MQTTConnectClient.c **** 	header.bits.type = packettype;
 621              		.loc 1 182 0
 622 002e FB79     		ldrb	r3, [r7, #7]
 623 0030 03F00F03 		and	r3, r3, #15
 624 0034 DAB2     		uxtb	r2, r3
 625 0036 3B7E     		ldrb	r3, [r7, #24]
 626 0038 62F30713 		bfi	r3, r2, #4, #4
 627 003c 3B76     		strb	r3, [r7, #24]
 183:C:/Users/dtjld/workspace/AIoT/src/LiteOS_Lab/iot_link/network/mqtt/paho_mqtt/paho/MQTTPacket/src\MQTTConnectClient.c **** 	writeChar(&ptr, header.byte); /* write header */
 628              		.loc 1 183 0
 629 003e 3A7E     		ldrb	r2, [r7, #24]	@ zero_extendqisi2
 630 0040 07F11403 		add	r3, r7, #20
 631 0044 1146     		mov	r1, r2
 632 0046 1846     		mov	r0, r3
 633 0048 FFF7FEFF 		bl	writeChar
 184:C:/Users/dtjld/workspace/AIoT/src/LiteOS_Lab/iot_link/network/mqtt/paho_mqtt/paho/MQTTPacket/src\MQTTConnectClient.c **** 
 185:C:/Users/dtjld/workspace/AIoT/src/LiteOS_Lab/iot_link/network/mqtt/paho_mqtt/paho/MQTTPacket/src\MQTTConnectClient.c **** 	ptr += MQTTPacket_encode(ptr, 0); /* write remaining length */
 634              		.loc 1 185 0
 635 004c 7B69     		ldr	r3, [r7, #20]
 636 004e 0021     		movs	r1, #0
 637 0050 1846     		mov	r0, r3
 638 0052 FFF7FEFF 		bl	MQTTPacket_encode
 639 0056 0246     		mov	r2, r0
 640 0058 7B69     		ldr	r3, [r7, #20]
 641 005a 1344     		add	r3, r3, r2
 642 005c 7B61     		str	r3, [r7, #20]
 186:C:/Users/dtjld/workspace/AIoT/src/LiteOS_Lab/iot_link/network/mqtt/paho_mqtt/paho/MQTTPacket/src\MQTTConnectClient.c **** 	rc = ptr - buf;
 643              		.loc 1 186 0
 644 005e 7B69     		ldr	r3, [r7, #20]
 645 0060 1A46     		mov	r2, r3
 646 0062 FB68     		ldr	r3, [r7, #12]
 647 0064 D31A     		subs	r3, r2, r3
 648 0066 FB61     		str	r3, [r7, #28]
 649              	.L35:
 187:C:/Users/dtjld/workspace/AIoT/src/LiteOS_Lab/iot_link/network/mqtt/paho_mqtt/paho/MQTTPacket/src\MQTTConnectClient.c **** exit:
 188:C:/Users/dtjld/workspace/AIoT/src/LiteOS_Lab/iot_link/network/mqtt/paho_mqtt/paho/MQTTPacket/src\MQTTConnectClient.c **** 	FUNC_EXIT_RC(rc);
 189:C:/Users/dtjld/workspace/AIoT/src/LiteOS_Lab/iot_link/network/mqtt/paho_mqtt/paho/MQTTPacket/src\MQTTConnectClient.c **** 	return rc;
 650              		.loc 1 189 0
 651 0068 FB69     		ldr	r3, [r7, #28]
 190:C:/Users/dtjld/workspace/AIoT/src/LiteOS_Lab/iot_link/network/mqtt/paho_mqtt/paho/MQTTPacket/src\MQTTConnectClient.c **** }
 652              		.loc 1 190 0
 653 006a 1846     		mov	r0, r3
 654 006c 2037     		adds	r7, r7, #32
 655              	.LCFI18:
 656              		.cfi_def_cfa_offset 8
 657 006e BD46     		mov	sp, r7
 658              	.LCFI19:
 659              		.cfi_def_cfa_register 13
 660              		@ sp needed
 661 0070 80BD     		pop	{r7, pc}
 662              		.cfi_endproc
 663              	.LFE6:
 665              		.section	.text.MQTTSerialize_disconnect,"ax",%progbits
 666              		.align	1
 667              		.global	MQTTSerialize_disconnect
 668              		.syntax unified
 669              		.thumb
ARM GAS  C:\Users\dtjld\AppData\Local\Temp\ccjCyLvn.s 			page 16


 670              		.thumb_func
 671              		.fpu fpv4-sp-d16
 673              	MQTTSerialize_disconnect:
 674              	.LFB7:
 191:C:/Users/dtjld/workspace/AIoT/src/LiteOS_Lab/iot_link/network/mqtt/paho_mqtt/paho/MQTTPacket/src\MQTTConnectClient.c **** 
 192:C:/Users/dtjld/workspace/AIoT/src/LiteOS_Lab/iot_link/network/mqtt/paho_mqtt/paho/MQTTPacket/src\MQTTConnectClient.c **** 
 193:C:/Users/dtjld/workspace/AIoT/src/LiteOS_Lab/iot_link/network/mqtt/paho_mqtt/paho/MQTTPacket/src\MQTTConnectClient.c **** /**
 194:C:/Users/dtjld/workspace/AIoT/src/LiteOS_Lab/iot_link/network/mqtt/paho_mqtt/paho/MQTTPacket/src\MQTTConnectClient.c ****   * Serializes a disconnect packet into the supplied buffer, ready for writing to a socket
 195:C:/Users/dtjld/workspace/AIoT/src/LiteOS_Lab/iot_link/network/mqtt/paho_mqtt/paho/MQTTPacket/src\MQTTConnectClient.c ****   * @param buf the buffer into which the packet will be serialized
 196:C:/Users/dtjld/workspace/AIoT/src/LiteOS_Lab/iot_link/network/mqtt/paho_mqtt/paho/MQTTPacket/src\MQTTConnectClient.c ****   * @param buflen the length in bytes of the supplied buffer, to avoid overruns
 197:C:/Users/dtjld/workspace/AIoT/src/LiteOS_Lab/iot_link/network/mqtt/paho_mqtt/paho/MQTTPacket/src\MQTTConnectClient.c ****   * @return serialized length, or error if 0
 198:C:/Users/dtjld/workspace/AIoT/src/LiteOS_Lab/iot_link/network/mqtt/paho_mqtt/paho/MQTTPacket/src\MQTTConnectClient.c ****   */
 199:C:/Users/dtjld/workspace/AIoT/src/LiteOS_Lab/iot_link/network/mqtt/paho_mqtt/paho/MQTTPacket/src\MQTTConnectClient.c **** int MQTTSerialize_disconnect(unsigned char* buf, int buflen)
 200:C:/Users/dtjld/workspace/AIoT/src/LiteOS_Lab/iot_link/network/mqtt/paho_mqtt/paho/MQTTPacket/src\MQTTConnectClient.c **** {
 675              		.loc 1 200 0
 676              		.cfi_startproc
 677              		@ args = 0, pretend = 0, frame = 8
 678              		@ frame_needed = 1, uses_anonymous_args = 0
 679 0000 80B5     		push	{r7, lr}
 680              	.LCFI20:
 681              		.cfi_def_cfa_offset 8
 682              		.cfi_offset 7, -8
 683              		.cfi_offset 14, -4
 684 0002 82B0     		sub	sp, sp, #8
 685              	.LCFI21:
 686              		.cfi_def_cfa_offset 16
 687 0004 00AF     		add	r7, sp, #0
 688              	.LCFI22:
 689              		.cfi_def_cfa_register 7
 690 0006 7860     		str	r0, [r7, #4]
 691 0008 3960     		str	r1, [r7]
 201:C:/Users/dtjld/workspace/AIoT/src/LiteOS_Lab/iot_link/network/mqtt/paho_mqtt/paho/MQTTPacket/src\MQTTConnectClient.c **** 	return MQTTSerialize_zero(buf, buflen, DISCONNECT);
 692              		.loc 1 201 0
 693 000a 0E22     		movs	r2, #14
 694 000c 3968     		ldr	r1, [r7]
 695 000e 7868     		ldr	r0, [r7, #4]
 696 0010 FFF7FEFF 		bl	MQTTSerialize_zero
 697 0014 0346     		mov	r3, r0
 202:C:/Users/dtjld/workspace/AIoT/src/LiteOS_Lab/iot_link/network/mqtt/paho_mqtt/paho/MQTTPacket/src\MQTTConnectClient.c **** }
 698              		.loc 1 202 0
 699 0016 1846     		mov	r0, r3
 700 0018 0837     		adds	r7, r7, #8
 701              	.LCFI23:
 702              		.cfi_def_cfa_offset 8
 703 001a BD46     		mov	sp, r7
 704              	.LCFI24:
 705              		.cfi_def_cfa_register 13
 706              		@ sp needed
 707 001c 80BD     		pop	{r7, pc}
 708              		.cfi_endproc
 709              	.LFE7:
 711              		.section	.text.MQTTSerialize_pingreq,"ax",%progbits
 712              		.align	1
 713              		.global	MQTTSerialize_pingreq
 714              		.syntax unified
 715              		.thumb
 716              		.thumb_func
ARM GAS  C:\Users\dtjld\AppData\Local\Temp\ccjCyLvn.s 			page 17


 717              		.fpu fpv4-sp-d16
 719              	MQTTSerialize_pingreq:
 720              	.LFB8:
 203:C:/Users/dtjld/workspace/AIoT/src/LiteOS_Lab/iot_link/network/mqtt/paho_mqtt/paho/MQTTPacket/src\MQTTConnectClient.c **** 
 204:C:/Users/dtjld/workspace/AIoT/src/LiteOS_Lab/iot_link/network/mqtt/paho_mqtt/paho/MQTTPacket/src\MQTTConnectClient.c **** 
 205:C:/Users/dtjld/workspace/AIoT/src/LiteOS_Lab/iot_link/network/mqtt/paho_mqtt/paho/MQTTPacket/src\MQTTConnectClient.c **** /**
 206:C:/Users/dtjld/workspace/AIoT/src/LiteOS_Lab/iot_link/network/mqtt/paho_mqtt/paho/MQTTPacket/src\MQTTConnectClient.c ****   * Serializes a disconnect packet into the supplied buffer, ready for writing to a socket
 207:C:/Users/dtjld/workspace/AIoT/src/LiteOS_Lab/iot_link/network/mqtt/paho_mqtt/paho/MQTTPacket/src\MQTTConnectClient.c ****   * @param buf the buffer into which the packet will be serialized
 208:C:/Users/dtjld/workspace/AIoT/src/LiteOS_Lab/iot_link/network/mqtt/paho_mqtt/paho/MQTTPacket/src\MQTTConnectClient.c ****   * @param buflen the length in bytes of the supplied buffer, to avoid overruns
 209:C:/Users/dtjld/workspace/AIoT/src/LiteOS_Lab/iot_link/network/mqtt/paho_mqtt/paho/MQTTPacket/src\MQTTConnectClient.c ****   * @return serialized length, or error if 0
 210:C:/Users/dtjld/workspace/AIoT/src/LiteOS_Lab/iot_link/network/mqtt/paho_mqtt/paho/MQTTPacket/src\MQTTConnectClient.c ****   */
 211:C:/Users/dtjld/workspace/AIoT/src/LiteOS_Lab/iot_link/network/mqtt/paho_mqtt/paho/MQTTPacket/src\MQTTConnectClient.c **** int MQTTSerialize_pingreq(unsigned char* buf, int buflen)
 212:C:/Users/dtjld/workspace/AIoT/src/LiteOS_Lab/iot_link/network/mqtt/paho_mqtt/paho/MQTTPacket/src\MQTTConnectClient.c **** {
 721              		.loc 1 212 0
 722              		.cfi_startproc
 723              		@ args = 0, pretend = 0, frame = 8
 724              		@ frame_needed = 1, uses_anonymous_args = 0
 725 0000 80B5     		push	{r7, lr}
 726              	.LCFI25:
 727              		.cfi_def_cfa_offset 8
 728              		.cfi_offset 7, -8
 729              		.cfi_offset 14, -4
 730 0002 82B0     		sub	sp, sp, #8
 731              	.LCFI26:
 732              		.cfi_def_cfa_offset 16
 733 0004 00AF     		add	r7, sp, #0
 734              	.LCFI27:
 735              		.cfi_def_cfa_register 7
 736 0006 7860     		str	r0, [r7, #4]
 737 0008 3960     		str	r1, [r7]
 213:C:/Users/dtjld/workspace/AIoT/src/LiteOS_Lab/iot_link/network/mqtt/paho_mqtt/paho/MQTTPacket/src\MQTTConnectClient.c **** 	return MQTTSerialize_zero(buf, buflen, PINGREQ);
 738              		.loc 1 213 0
 739 000a 0C22     		movs	r2, #12
 740 000c 3968     		ldr	r1, [r7]
 741 000e 7868     		ldr	r0, [r7, #4]
 742 0010 FFF7FEFF 		bl	MQTTSerialize_zero
 743 0014 0346     		mov	r3, r0
 214:C:/Users/dtjld/workspace/AIoT/src/LiteOS_Lab/iot_link/network/mqtt/paho_mqtt/paho/MQTTPacket/src\MQTTConnectClient.c **** }
 744              		.loc 1 214 0
 745 0016 1846     		mov	r0, r3
 746 0018 0837     		adds	r7, r7, #8
 747              	.LCFI28:
 748              		.cfi_def_cfa_offset 8
 749 001a BD46     		mov	sp, r7
 750              	.LCFI29:
 751              		.cfi_def_cfa_register 13
 752              		@ sp needed
 753 001c 80BD     		pop	{r7, pc}
 754              		.cfi_endproc
 755              	.LFE8:
 757              		.text
 758              	.Letext0:
 759              		.file 2 "C:/Users/dtjld/workspace/AIoT/src/LiteOS_Lab/iot_link/network/mqtt/paho_mqtt/paho/MQTTPac
 760              		.file 3 "C:/Users/dtjld/workspace/AIoT/src/LiteOS_Lab/iot_link/network/mqtt/paho_mqtt/paho/MQTTPac
 761              		.file 4 "c:\\ac6\\systemworkbench\\plugins\\fr.ac6.mcu.externaltools.arm-none.win32_1.16.0.2018071
 762              		.file 5 "c:\\ac6\\systemworkbench\\plugins\\fr.ac6.mcu.externaltools.arm-none.win32_1.16.0.2018071
 763              		.file 6 "c:\\ac6\\systemworkbench\\plugins\\fr.ac6.mcu.externaltools.arm-none.win32_1.16.0.2018071
ARM GAS  C:\Users\dtjld\AppData\Local\Temp\ccjCyLvn.s 			page 18


 764              		.file 7 "c:\\ac6\\systemworkbench\\plugins\\fr.ac6.mcu.externaltools.arm-none.win32_1.16.0.2018071
ARM GAS  C:\Users\dtjld\AppData\Local\Temp\ccjCyLvn.s 			page 19


DEFINED SYMBOLS
                            *ABS*:00000000 MQTTConnectClient.c
C:\Users\dtjld\AppData\Local\Temp\ccjCyLvn.s:18     .text.MQTTSerialize_connectLength:00000000 $t
C:\Users\dtjld\AppData\Local\Temp\ccjCyLvn.s:25     .text.MQTTSerialize_connectLength:00000000 MQTTSerialize_connectLength
C:\Users\dtjld\AppData\Local\Temp\ccjCyLvn.s:160    .rodata:00000000 $d
C:\Users\dtjld\AppData\Local\Temp\ccjCyLvn.s:167    .text.MQTTSerialize_connect:00000000 $t
C:\Users\dtjld\AppData\Local\Temp\ccjCyLvn.s:174    .text.MQTTSerialize_connect:00000000 MQTTSerialize_connect
C:\Users\dtjld\AppData\Local\Temp\ccjCyLvn.s:439    .text.MQTTSerialize_connect:000001d4 $d
C:\Users\dtjld\AppData\Local\Temp\ccjCyLvn.s:445    .text.MQTTDeserialize_connack:00000000 $t
C:\Users\dtjld\AppData\Local\Temp\ccjCyLvn.s:452    .text.MQTTDeserialize_connack:00000000 MQTTDeserialize_connack
C:\Users\dtjld\AppData\Local\Temp\ccjCyLvn.s:571    .text.MQTTSerialize_zero:00000000 $t
C:\Users\dtjld\AppData\Local\Temp\ccjCyLvn.s:578    .text.MQTTSerialize_zero:00000000 MQTTSerialize_zero
C:\Users\dtjld\AppData\Local\Temp\ccjCyLvn.s:666    .text.MQTTSerialize_disconnect:00000000 $t
C:\Users\dtjld\AppData\Local\Temp\ccjCyLvn.s:673    .text.MQTTSerialize_disconnect:00000000 MQTTSerialize_disconnect
C:\Users\dtjld\AppData\Local\Temp\ccjCyLvn.s:712    .text.MQTTSerialize_pingreq:00000000 $t
C:\Users\dtjld\AppData\Local\Temp\ccjCyLvn.s:719    .text.MQTTSerialize_pingreq:00000000 MQTTSerialize_pingreq

UNDEFINED SYMBOLS
MQTTstrlen
MQTTPacket_len
writeChar
MQTTPacket_encode
writeCString
writeInt
writeMQTTString
readChar
MQTTPacket_decodeBuf
