ARM GAS  C:\Users\dtjld\AppData\Local\Temp\ccAmaurp.s 			page 1


   1              		.cpu cortex-m4
   2              		.eabi_attribute 27, 1
   3              		.eabi_attribute 28, 1
   4              		.eabi_attribute 20, 1
   5              		.eabi_attribute 21, 1
   6              		.eabi_attribute 23, 3
   7              		.eabi_attribute 24, 1
   8              		.eabi_attribute 25, 1
   9              		.eabi_attribute 26, 1
  10              		.eabi_attribute 30, 6
  11              		.eabi_attribute 34, 1
  12              		.eabi_attribute 18, 4
  13              		.file	"MQTTSerializePublish.c"
  14              		.text
  15              	.Ltext0:
  16              		.cfi_sections	.debug_frame
  17              		.section	.text.MQTTSerialize_publishLength,"ax",%progbits
  18              		.align	1
  19              		.global	MQTTSerialize_publishLength
  20              		.syntax unified
  21              		.thumb
  22              		.thumb_func
  23              		.fpu fpv4-sp-d16
  25              	MQTTSerialize_publishLength:
  26              	.LFB3:
  27              		.file 1 "C:/Users/dtjld/workspace/AIoT/src/LiteOS_Lab/iot_link/network/mqtt/paho_mqtt/paho/MQTTPac
   1:C:/Users/dtjld/workspace/AIoT/src/LiteOS_Lab/iot_link/network/mqtt/paho_mqtt/paho/MQTTPacket/src\MQTTSerializePublish.c **** /*******************************************************************************
   2:C:/Users/dtjld/workspace/AIoT/src/LiteOS_Lab/iot_link/network/mqtt/paho_mqtt/paho/MQTTPacket/src\MQTTSerializePublish.c ****  * Copyright (c) 2014 IBM Corp.
   3:C:/Users/dtjld/workspace/AIoT/src/LiteOS_Lab/iot_link/network/mqtt/paho_mqtt/paho/MQTTPacket/src\MQTTSerializePublish.c ****  *
   4:C:/Users/dtjld/workspace/AIoT/src/LiteOS_Lab/iot_link/network/mqtt/paho_mqtt/paho/MQTTPacket/src\MQTTSerializePublish.c ****  * All rights reserved. This program and the accompanying materials
   5:C:/Users/dtjld/workspace/AIoT/src/LiteOS_Lab/iot_link/network/mqtt/paho_mqtt/paho/MQTTPacket/src\MQTTSerializePublish.c ****  * are made available under the terms of the Eclipse Public License v1.0
   6:C:/Users/dtjld/workspace/AIoT/src/LiteOS_Lab/iot_link/network/mqtt/paho_mqtt/paho/MQTTPacket/src\MQTTSerializePublish.c ****  * and Eclipse Distribution License v1.0 which accompany this distribution.
   7:C:/Users/dtjld/workspace/AIoT/src/LiteOS_Lab/iot_link/network/mqtt/paho_mqtt/paho/MQTTPacket/src\MQTTSerializePublish.c ****  *
   8:C:/Users/dtjld/workspace/AIoT/src/LiteOS_Lab/iot_link/network/mqtt/paho_mqtt/paho/MQTTPacket/src\MQTTSerializePublish.c ****  * The Eclipse Public License is available at
   9:C:/Users/dtjld/workspace/AIoT/src/LiteOS_Lab/iot_link/network/mqtt/paho_mqtt/paho/MQTTPacket/src\MQTTSerializePublish.c ****  *    http://www.eclipse.org/legal/epl-v10.html
  10:C:/Users/dtjld/workspace/AIoT/src/LiteOS_Lab/iot_link/network/mqtt/paho_mqtt/paho/MQTTPacket/src\MQTTSerializePublish.c ****  * and the Eclipse Distribution License is available at
  11:C:/Users/dtjld/workspace/AIoT/src/LiteOS_Lab/iot_link/network/mqtt/paho_mqtt/paho/MQTTPacket/src\MQTTSerializePublish.c ****  *   http://www.eclipse.org/org/documents/edl-v10.php.
  12:C:/Users/dtjld/workspace/AIoT/src/LiteOS_Lab/iot_link/network/mqtt/paho_mqtt/paho/MQTTPacket/src\MQTTSerializePublish.c ****  *
  13:C:/Users/dtjld/workspace/AIoT/src/LiteOS_Lab/iot_link/network/mqtt/paho_mqtt/paho/MQTTPacket/src\MQTTSerializePublish.c ****  * Contributors:
  14:C:/Users/dtjld/workspace/AIoT/src/LiteOS_Lab/iot_link/network/mqtt/paho_mqtt/paho/MQTTPacket/src\MQTTSerializePublish.c ****  *    Ian Craggs - initial API and implementation and/or initial documentation
  15:C:/Users/dtjld/workspace/AIoT/src/LiteOS_Lab/iot_link/network/mqtt/paho_mqtt/paho/MQTTPacket/src\MQTTSerializePublish.c ****  *    Ian Craggs - fix for https://bugs.eclipse.org/bugs/show_bug.cgi?id=453144
  16:C:/Users/dtjld/workspace/AIoT/src/LiteOS_Lab/iot_link/network/mqtt/paho_mqtt/paho/MQTTPacket/src\MQTTSerializePublish.c ****  *******************************************************************************/
  17:C:/Users/dtjld/workspace/AIoT/src/LiteOS_Lab/iot_link/network/mqtt/paho_mqtt/paho/MQTTPacket/src\MQTTSerializePublish.c **** 
  18:C:/Users/dtjld/workspace/AIoT/src/LiteOS_Lab/iot_link/network/mqtt/paho_mqtt/paho/MQTTPacket/src\MQTTSerializePublish.c **** #include "MQTTPacket.h"
  19:C:/Users/dtjld/workspace/AIoT/src/LiteOS_Lab/iot_link/network/mqtt/paho_mqtt/paho/MQTTPacket/src\MQTTSerializePublish.c **** #include "StackTrace.h"
  20:C:/Users/dtjld/workspace/AIoT/src/LiteOS_Lab/iot_link/network/mqtt/paho_mqtt/paho/MQTTPacket/src\MQTTSerializePublish.c **** 
  21:C:/Users/dtjld/workspace/AIoT/src/LiteOS_Lab/iot_link/network/mqtt/paho_mqtt/paho/MQTTPacket/src\MQTTSerializePublish.c **** #include <string.h>
  22:C:/Users/dtjld/workspace/AIoT/src/LiteOS_Lab/iot_link/network/mqtt/paho_mqtt/paho/MQTTPacket/src\MQTTSerializePublish.c **** 
  23:C:/Users/dtjld/workspace/AIoT/src/LiteOS_Lab/iot_link/network/mqtt/paho_mqtt/paho/MQTTPacket/src\MQTTSerializePublish.c **** 
  24:C:/Users/dtjld/workspace/AIoT/src/LiteOS_Lab/iot_link/network/mqtt/paho_mqtt/paho/MQTTPacket/src\MQTTSerializePublish.c **** /**
  25:C:/Users/dtjld/workspace/AIoT/src/LiteOS_Lab/iot_link/network/mqtt/paho_mqtt/paho/MQTTPacket/src\MQTTSerializePublish.c ****   * Determines the length of the MQTT publish packet that would be produced using the supplied para
  26:C:/Users/dtjld/workspace/AIoT/src/LiteOS_Lab/iot_link/network/mqtt/paho_mqtt/paho/MQTTPacket/src\MQTTSerializePublish.c ****   * @param qos the MQTT QoS of the publish (packetid is omitted for QoS 0)
  27:C:/Users/dtjld/workspace/AIoT/src/LiteOS_Lab/iot_link/network/mqtt/paho_mqtt/paho/MQTTPacket/src\MQTTSerializePublish.c ****   * @param topicName the topic name to be used in the publish  
  28:C:/Users/dtjld/workspace/AIoT/src/LiteOS_Lab/iot_link/network/mqtt/paho_mqtt/paho/MQTTPacket/src\MQTTSerializePublish.c ****   * @param payloadlen the length of the payload to be sent
  29:C:/Users/dtjld/workspace/AIoT/src/LiteOS_Lab/iot_link/network/mqtt/paho_mqtt/paho/MQTTPacket/src\MQTTSerializePublish.c ****   * @return the length of buffer needed to contain the serialized version of the packet
  30:C:/Users/dtjld/workspace/AIoT/src/LiteOS_Lab/iot_link/network/mqtt/paho_mqtt/paho/MQTTPacket/src\MQTTSerializePublish.c ****   */
  31:C:/Users/dtjld/workspace/AIoT/src/LiteOS_Lab/iot_link/network/mqtt/paho_mqtt/paho/MQTTPacket/src\MQTTSerializePublish.c **** int MQTTSerialize_publishLength(int qos, MQTTString topicName, int payloadlen)
ARM GAS  C:\Users\dtjld\AppData\Local\Temp\ccAmaurp.s 			page 2


  32:C:/Users/dtjld/workspace/AIoT/src/LiteOS_Lab/iot_link/network/mqtt/paho_mqtt/paho/MQTTPacket/src\MQTTSerializePublish.c **** {
  28              		.loc 1 32 0
  29              		.cfi_startproc
  30              		@ args = 4, pretend = 0, frame = 24
  31              		@ frame_needed = 1, uses_anonymous_args = 0
  32 0000 80B5     		push	{r7, lr}
  33              	.LCFI0:
  34              		.cfi_def_cfa_offset 8
  35              		.cfi_offset 7, -8
  36              		.cfi_offset 14, -4
  37 0002 86B0     		sub	sp, sp, #24
  38              	.LCFI1:
  39              		.cfi_def_cfa_offset 32
  40 0004 00AF     		add	r7, sp, #0
  41              	.LCFI2:
  42              		.cfi_def_cfa_register 7
  43 0006 F860     		str	r0, [r7, #12]
  44 0008 3846     		mov	r0, r7
  45 000a 80E80E00 		stm	r0, {r1, r2, r3}
  33:C:/Users/dtjld/workspace/AIoT/src/LiteOS_Lab/iot_link/network/mqtt/paho_mqtt/paho/MQTTPacket/src\MQTTSerializePublish.c **** 	int len = 0;
  46              		.loc 1 33 0
  47 000e 0023     		movs	r3, #0
  48 0010 7B61     		str	r3, [r7, #20]
  34:C:/Users/dtjld/workspace/AIoT/src/LiteOS_Lab/iot_link/network/mqtt/paho_mqtt/paho/MQTTPacket/src\MQTTSerializePublish.c **** 
  35:C:/Users/dtjld/workspace/AIoT/src/LiteOS_Lab/iot_link/network/mqtt/paho_mqtt/paho/MQTTPacket/src\MQTTSerializePublish.c **** 	len += 2 + MQTTstrlen(topicName) + payloadlen;
  49              		.loc 1 35 0
  50 0012 3B46     		mov	r3, r7
  51 0014 93E80700 		ldm	r3, {r0, r1, r2}
  52 0018 FFF7FEFF 		bl	MQTTstrlen
  53 001c 0346     		mov	r3, r0
  54 001e 9A1C     		adds	r2, r3, #2
  55 0020 3B6A     		ldr	r3, [r7, #32]
  56 0022 1344     		add	r3, r3, r2
  57 0024 7A69     		ldr	r2, [r7, #20]
  58 0026 1344     		add	r3, r3, r2
  59 0028 7B61     		str	r3, [r7, #20]
  36:C:/Users/dtjld/workspace/AIoT/src/LiteOS_Lab/iot_link/network/mqtt/paho_mqtt/paho/MQTTPacket/src\MQTTSerializePublish.c **** 	if (qos > 0)
  60              		.loc 1 36 0
  61 002a FB68     		ldr	r3, [r7, #12]
  62 002c 002B     		cmp	r3, #0
  63 002e 02DD     		ble	.L2
  37:C:/Users/dtjld/workspace/AIoT/src/LiteOS_Lab/iot_link/network/mqtt/paho_mqtt/paho/MQTTPacket/src\MQTTSerializePublish.c **** 		len += 2; /* packetid */
  64              		.loc 1 37 0
  65 0030 7B69     		ldr	r3, [r7, #20]
  66 0032 0233     		adds	r3, r3, #2
  67 0034 7B61     		str	r3, [r7, #20]
  68              	.L2:
  38:C:/Users/dtjld/workspace/AIoT/src/LiteOS_Lab/iot_link/network/mqtt/paho_mqtt/paho/MQTTPacket/src\MQTTSerializePublish.c **** 	return len;
  69              		.loc 1 38 0
  70 0036 7B69     		ldr	r3, [r7, #20]
  39:C:/Users/dtjld/workspace/AIoT/src/LiteOS_Lab/iot_link/network/mqtt/paho_mqtt/paho/MQTTPacket/src\MQTTSerializePublish.c **** }
  71              		.loc 1 39 0
  72 0038 1846     		mov	r0, r3
  73 003a 1837     		adds	r7, r7, #24
  74              	.LCFI3:
  75              		.cfi_def_cfa_offset 8
  76 003c BD46     		mov	sp, r7
ARM GAS  C:\Users\dtjld\AppData\Local\Temp\ccAmaurp.s 			page 3


  77              	.LCFI4:
  78              		.cfi_def_cfa_register 13
  79              		@ sp needed
  80 003e 80BD     		pop	{r7, pc}
  81              		.cfi_endproc
  82              	.LFE3:
  84              		.section	.text.MQTTSerialize_publish,"ax",%progbits
  85              		.align	1
  86              		.global	MQTTSerialize_publish
  87              		.syntax unified
  88              		.thumb
  89              		.thumb_func
  90              		.fpu fpv4-sp-d16
  92              	MQTTSerialize_publish:
  93              	.LFB4:
  40:C:/Users/dtjld/workspace/AIoT/src/LiteOS_Lab/iot_link/network/mqtt/paho_mqtt/paho/MQTTPacket/src\MQTTSerializePublish.c **** 
  41:C:/Users/dtjld/workspace/AIoT/src/LiteOS_Lab/iot_link/network/mqtt/paho_mqtt/paho/MQTTPacket/src\MQTTSerializePublish.c **** 
  42:C:/Users/dtjld/workspace/AIoT/src/LiteOS_Lab/iot_link/network/mqtt/paho_mqtt/paho/MQTTPacket/src\MQTTSerializePublish.c **** /**
  43:C:/Users/dtjld/workspace/AIoT/src/LiteOS_Lab/iot_link/network/mqtt/paho_mqtt/paho/MQTTPacket/src\MQTTSerializePublish.c ****   * Serializes the supplied publish data into the supplied buffer, ready for sending
  44:C:/Users/dtjld/workspace/AIoT/src/LiteOS_Lab/iot_link/network/mqtt/paho_mqtt/paho/MQTTPacket/src\MQTTSerializePublish.c ****   * @param buf the buffer into which the packet will be serialized
  45:C:/Users/dtjld/workspace/AIoT/src/LiteOS_Lab/iot_link/network/mqtt/paho_mqtt/paho/MQTTPacket/src\MQTTSerializePublish.c ****   * @param buflen the length in bytes of the supplied buffer
  46:C:/Users/dtjld/workspace/AIoT/src/LiteOS_Lab/iot_link/network/mqtt/paho_mqtt/paho/MQTTPacket/src\MQTTSerializePublish.c ****   * @param dup integer - the MQTT dup flag
  47:C:/Users/dtjld/workspace/AIoT/src/LiteOS_Lab/iot_link/network/mqtt/paho_mqtt/paho/MQTTPacket/src\MQTTSerializePublish.c ****   * @param qos integer - the MQTT QoS value
  48:C:/Users/dtjld/workspace/AIoT/src/LiteOS_Lab/iot_link/network/mqtt/paho_mqtt/paho/MQTTPacket/src\MQTTSerializePublish.c ****   * @param retained integer - the MQTT retained flag
  49:C:/Users/dtjld/workspace/AIoT/src/LiteOS_Lab/iot_link/network/mqtt/paho_mqtt/paho/MQTTPacket/src\MQTTSerializePublish.c ****   * @param packetid integer - the MQTT packet identifier
  50:C:/Users/dtjld/workspace/AIoT/src/LiteOS_Lab/iot_link/network/mqtt/paho_mqtt/paho/MQTTPacket/src\MQTTSerializePublish.c ****   * @param topicName MQTTString - the MQTT topic in the publish
  51:C:/Users/dtjld/workspace/AIoT/src/LiteOS_Lab/iot_link/network/mqtt/paho_mqtt/paho/MQTTPacket/src\MQTTSerializePublish.c ****   * @param payload byte buffer - the MQTT publish payload
  52:C:/Users/dtjld/workspace/AIoT/src/LiteOS_Lab/iot_link/network/mqtt/paho_mqtt/paho/MQTTPacket/src\MQTTSerializePublish.c ****   * @param payloadlen integer - the length of the MQTT payload
  53:C:/Users/dtjld/workspace/AIoT/src/LiteOS_Lab/iot_link/network/mqtt/paho_mqtt/paho/MQTTPacket/src\MQTTSerializePublish.c ****   * @return the length of the serialized data.  <= 0 indicates error
  54:C:/Users/dtjld/workspace/AIoT/src/LiteOS_Lab/iot_link/network/mqtt/paho_mqtt/paho/MQTTPacket/src\MQTTSerializePublish.c ****   */
  55:C:/Users/dtjld/workspace/AIoT/src/LiteOS_Lab/iot_link/network/mqtt/paho_mqtt/paho/MQTTPacket/src\MQTTSerializePublish.c **** int MQTTSerialize_publish(unsigned char* buf, int buflen, unsigned char dup, int qos, unsigned char
  56:C:/Users/dtjld/workspace/AIoT/src/LiteOS_Lab/iot_link/network/mqtt/paho_mqtt/paho/MQTTPacket/src\MQTTSerializePublish.c **** 		MQTTString topicName, unsigned char* payload, int payloadlen)
  57:C:/Users/dtjld/workspace/AIoT/src/LiteOS_Lab/iot_link/network/mqtt/paho_mqtt/paho/MQTTPacket/src\MQTTSerializePublish.c **** {
  94              		.loc 1 57 0
  95              		.cfi_startproc
  96              		@ args = 28, pretend = 0, frame = 32
  97              		@ frame_needed = 1, uses_anonymous_args = 0
  98 0000 80B5     		push	{r7, lr}
  99              	.LCFI5:
 100              		.cfi_def_cfa_offset 8
 101              		.cfi_offset 7, -8
 102              		.cfi_offset 14, -4
 103 0002 8AB0     		sub	sp, sp, #40
 104              	.LCFI6:
 105              		.cfi_def_cfa_offset 48
 106 0004 02AF     		add	r7, sp, #8
 107              	.LCFI7:
 108              		.cfi_def_cfa 7, 40
 109 0006 F860     		str	r0, [r7, #12]
 110 0008 B960     		str	r1, [r7, #8]
 111 000a 3B60     		str	r3, [r7]
 112 000c 1346     		mov	r3, r2
 113 000e FB71     		strb	r3, [r7, #7]
  58:C:/Users/dtjld/workspace/AIoT/src/LiteOS_Lab/iot_link/network/mqtt/paho_mqtt/paho/MQTTPacket/src\MQTTSerializePublish.c **** 	unsigned char *ptr = buf;
 114              		.loc 1 58 0
 115 0010 FB68     		ldr	r3, [r7, #12]
 116 0012 7B61     		str	r3, [r7, #20]
ARM GAS  C:\Users\dtjld\AppData\Local\Temp\ccAmaurp.s 			page 4


  59:C:/Users/dtjld/workspace/AIoT/src/LiteOS_Lab/iot_link/network/mqtt/paho_mqtt/paho/MQTTPacket/src\MQTTSerializePublish.c **** 	MQTTHeader header = {0};
 117              		.loc 1 59 0
 118 0014 0023     		movs	r3, #0
 119 0016 3B61     		str	r3, [r7, #16]
  60:C:/Users/dtjld/workspace/AIoT/src/LiteOS_Lab/iot_link/network/mqtt/paho_mqtt/paho/MQTTPacket/src\MQTTSerializePublish.c **** 	int rem_len = 0;
 120              		.loc 1 60 0
 121 0018 0023     		movs	r3, #0
 122 001a BB61     		str	r3, [r7, #24]
  61:C:/Users/dtjld/workspace/AIoT/src/LiteOS_Lab/iot_link/network/mqtt/paho_mqtt/paho/MQTTPacket/src\MQTTSerializePublish.c **** 	int rc = 0;
 123              		.loc 1 61 0
 124 001c 0023     		movs	r3, #0
 125 001e FB61     		str	r3, [r7, #28]
  62:C:/Users/dtjld/workspace/AIoT/src/LiteOS_Lab/iot_link/network/mqtt/paho_mqtt/paho/MQTTPacket/src\MQTTSerializePublish.c **** 
  63:C:/Users/dtjld/workspace/AIoT/src/LiteOS_Lab/iot_link/network/mqtt/paho_mqtt/paho/MQTTPacket/src\MQTTSerializePublish.c **** 	FUNC_ENTRY;
  64:C:/Users/dtjld/workspace/AIoT/src/LiteOS_Lab/iot_link/network/mqtt/paho_mqtt/paho/MQTTPacket/src\MQTTSerializePublish.c **** 	if (MQTTPacket_len(rem_len = MQTTSerialize_publishLength(qos, topicName, payloadlen)) > buflen)
 126              		.loc 1 64 0
 127 0020 3B6C     		ldr	r3, [r7, #64]
 128 0022 0093     		str	r3, [sp]
 129 0024 07F13003 		add	r3, r7, #48
 130 0028 0ECB     		ldm	r3, {r1, r2, r3}
 131 002a 3868     		ldr	r0, [r7]
 132 002c FFF7FEFF 		bl	MQTTSerialize_publishLength
 133 0030 B861     		str	r0, [r7, #24]
 134 0032 B869     		ldr	r0, [r7, #24]
 135 0034 FFF7FEFF 		bl	MQTTPacket_len
 136 0038 0246     		mov	r2, r0
 137 003a BB68     		ldr	r3, [r7, #8]
 138 003c 9342     		cmp	r3, r2
 139 003e 03DA     		bge	.L5
  65:C:/Users/dtjld/workspace/AIoT/src/LiteOS_Lab/iot_link/network/mqtt/paho_mqtt/paho/MQTTPacket/src\MQTTSerializePublish.c **** 	{
  66:C:/Users/dtjld/workspace/AIoT/src/LiteOS_Lab/iot_link/network/mqtt/paho_mqtt/paho/MQTTPacket/src\MQTTSerializePublish.c **** 		rc = MQTTPACKET_BUFFER_TOO_SHORT;
 140              		.loc 1 66 0
 141 0040 6FF00103 		mvn	r3, #1
 142 0044 FB61     		str	r3, [r7, #28]
  67:C:/Users/dtjld/workspace/AIoT/src/LiteOS_Lab/iot_link/network/mqtt/paho_mqtt/paho/MQTTPacket/src\MQTTSerializePublish.c **** 		goto exit;
 143              		.loc 1 67 0
 144 0046 4DE0     		b	.L6
 145              	.L5:
  68:C:/Users/dtjld/workspace/AIoT/src/LiteOS_Lab/iot_link/network/mqtt/paho_mqtt/paho/MQTTPacket/src\MQTTSerializePublish.c **** 	}
  69:C:/Users/dtjld/workspace/AIoT/src/LiteOS_Lab/iot_link/network/mqtt/paho_mqtt/paho/MQTTPacket/src\MQTTSerializePublish.c **** 
  70:C:/Users/dtjld/workspace/AIoT/src/LiteOS_Lab/iot_link/network/mqtt/paho_mqtt/paho/MQTTPacket/src\MQTTSerializePublish.c **** 	header.bits.type = PUBLISH;
 146              		.loc 1 70 0
 147 0048 3B7C     		ldrb	r3, [r7, #16]
 148 004a 0322     		movs	r2, #3
 149 004c 62F30713 		bfi	r3, r2, #4, #4
 150 0050 3B74     		strb	r3, [r7, #16]
  71:C:/Users/dtjld/workspace/AIoT/src/LiteOS_Lab/iot_link/network/mqtt/paho_mqtt/paho/MQTTPacket/src\MQTTSerializePublish.c **** 	header.bits.dup = dup;
 151              		.loc 1 71 0
 152 0052 FB79     		ldrb	r3, [r7, #7]
 153 0054 03F00103 		and	r3, r3, #1
 154 0058 DAB2     		uxtb	r2, r3
 155 005a 3B7C     		ldrb	r3, [r7, #16]
 156 005c 62F3C303 		bfi	r3, r2, #3, #1
 157 0060 3B74     		strb	r3, [r7, #16]
  72:C:/Users/dtjld/workspace/AIoT/src/LiteOS_Lab/iot_link/network/mqtt/paho_mqtt/paho/MQTTPacket/src\MQTTSerializePublish.c **** 	header.bits.qos = qos;
 158              		.loc 1 72 0
 159 0062 3B68     		ldr	r3, [r7]
ARM GAS  C:\Users\dtjld\AppData\Local\Temp\ccAmaurp.s 			page 5


 160 0064 03F00303 		and	r3, r3, #3
 161 0068 DAB2     		uxtb	r2, r3
 162 006a 3B7C     		ldrb	r3, [r7, #16]
 163 006c 62F34203 		bfi	r3, r2, #1, #2
 164 0070 3B74     		strb	r3, [r7, #16]
  73:C:/Users/dtjld/workspace/AIoT/src/LiteOS_Lab/iot_link/network/mqtt/paho_mqtt/paho/MQTTPacket/src\MQTTSerializePublish.c **** 	header.bits.retain = retained;
 165              		.loc 1 73 0
 166 0072 97F82830 		ldrb	r3, [r7, #40]
 167 0076 03F00103 		and	r3, r3, #1
 168 007a DAB2     		uxtb	r2, r3
 169 007c 3B7C     		ldrb	r3, [r7, #16]
 170 007e 62F30003 		bfi	r3, r2, #0, #1
 171 0082 3B74     		strb	r3, [r7, #16]
  74:C:/Users/dtjld/workspace/AIoT/src/LiteOS_Lab/iot_link/network/mqtt/paho_mqtt/paho/MQTTPacket/src\MQTTSerializePublish.c **** 	writeChar(&ptr, header.byte); /* write header */
 172              		.loc 1 74 0
 173 0084 3A7C     		ldrb	r2, [r7, #16]	@ zero_extendqisi2
 174 0086 07F11403 		add	r3, r7, #20
 175 008a 1146     		mov	r1, r2
 176 008c 1846     		mov	r0, r3
 177 008e FFF7FEFF 		bl	writeChar
  75:C:/Users/dtjld/workspace/AIoT/src/LiteOS_Lab/iot_link/network/mqtt/paho_mqtt/paho/MQTTPacket/src\MQTTSerializePublish.c **** 
  76:C:/Users/dtjld/workspace/AIoT/src/LiteOS_Lab/iot_link/network/mqtt/paho_mqtt/paho/MQTTPacket/src\MQTTSerializePublish.c **** 	ptr += MQTTPacket_encode(ptr, rem_len); /* write remaining length */;
 178              		.loc 1 76 0
 179 0092 7B69     		ldr	r3, [r7, #20]
 180 0094 B969     		ldr	r1, [r7, #24]
 181 0096 1846     		mov	r0, r3
 182 0098 FFF7FEFF 		bl	MQTTPacket_encode
 183 009c 0246     		mov	r2, r0
 184 009e 7B69     		ldr	r3, [r7, #20]
 185 00a0 1344     		add	r3, r3, r2
 186 00a2 7B61     		str	r3, [r7, #20]
  77:C:/Users/dtjld/workspace/AIoT/src/LiteOS_Lab/iot_link/network/mqtt/paho_mqtt/paho/MQTTPacket/src\MQTTSerializePublish.c **** 
  78:C:/Users/dtjld/workspace/AIoT/src/LiteOS_Lab/iot_link/network/mqtt/paho_mqtt/paho/MQTTPacket/src\MQTTSerializePublish.c **** 	writeMQTTString(&ptr, topicName);
 187              		.loc 1 78 0
 188 00a4 07F11400 		add	r0, r7, #20
 189 00a8 07F13003 		add	r3, r7, #48
 190 00ac 0ECB     		ldm	r3, {r1, r2, r3}
 191 00ae FFF7FEFF 		bl	writeMQTTString
  79:C:/Users/dtjld/workspace/AIoT/src/LiteOS_Lab/iot_link/network/mqtt/paho_mqtt/paho/MQTTPacket/src\MQTTSerializePublish.c **** 
  80:C:/Users/dtjld/workspace/AIoT/src/LiteOS_Lab/iot_link/network/mqtt/paho_mqtt/paho/MQTTPacket/src\MQTTSerializePublish.c **** 	if (qos > 0)
 192              		.loc 1 80 0
 193 00b2 3B68     		ldr	r3, [r7]
 194 00b4 002B     		cmp	r3, #0
 195 00b6 06DD     		ble	.L7
  81:C:/Users/dtjld/workspace/AIoT/src/LiteOS_Lab/iot_link/network/mqtt/paho_mqtt/paho/MQTTPacket/src\MQTTSerializePublish.c **** 		writeInt(&ptr, packetid);
 196              		.loc 1 81 0
 197 00b8 BA8D     		ldrh	r2, [r7, #44]
 198 00ba 07F11403 		add	r3, r7, #20
 199 00be 1146     		mov	r1, r2
 200 00c0 1846     		mov	r0, r3
 201 00c2 FFF7FEFF 		bl	writeInt
 202              	.L7:
  82:C:/Users/dtjld/workspace/AIoT/src/LiteOS_Lab/iot_link/network/mqtt/paho_mqtt/paho/MQTTPacket/src\MQTTSerializePublish.c **** 
  83:C:/Users/dtjld/workspace/AIoT/src/LiteOS_Lab/iot_link/network/mqtt/paho_mqtt/paho/MQTTPacket/src\MQTTSerializePublish.c **** 	memcpy(ptr, payload, payloadlen);
 203              		.loc 1 83 0
 204 00c6 7B69     		ldr	r3, [r7, #20]
 205 00c8 3A6C     		ldr	r2, [r7, #64]
ARM GAS  C:\Users\dtjld\AppData\Local\Temp\ccAmaurp.s 			page 6


 206 00ca F96B     		ldr	r1, [r7, #60]
 207 00cc 1846     		mov	r0, r3
 208 00ce FFF7FEFF 		bl	memcpy
  84:C:/Users/dtjld/workspace/AIoT/src/LiteOS_Lab/iot_link/network/mqtt/paho_mqtt/paho/MQTTPacket/src\MQTTSerializePublish.c **** 	ptr += payloadlen;
 209              		.loc 1 84 0
 210 00d2 7A69     		ldr	r2, [r7, #20]
 211 00d4 3B6C     		ldr	r3, [r7, #64]
 212 00d6 1344     		add	r3, r3, r2
 213 00d8 7B61     		str	r3, [r7, #20]
  85:C:/Users/dtjld/workspace/AIoT/src/LiteOS_Lab/iot_link/network/mqtt/paho_mqtt/paho/MQTTPacket/src\MQTTSerializePublish.c **** 
  86:C:/Users/dtjld/workspace/AIoT/src/LiteOS_Lab/iot_link/network/mqtt/paho_mqtt/paho/MQTTPacket/src\MQTTSerializePublish.c **** 	rc = ptr - buf;
 214              		.loc 1 86 0
 215 00da 7B69     		ldr	r3, [r7, #20]
 216 00dc 1A46     		mov	r2, r3
 217 00de FB68     		ldr	r3, [r7, #12]
 218 00e0 D31A     		subs	r3, r2, r3
 219 00e2 FB61     		str	r3, [r7, #28]
 220              	.L6:
  87:C:/Users/dtjld/workspace/AIoT/src/LiteOS_Lab/iot_link/network/mqtt/paho_mqtt/paho/MQTTPacket/src\MQTTSerializePublish.c **** 
  88:C:/Users/dtjld/workspace/AIoT/src/LiteOS_Lab/iot_link/network/mqtt/paho_mqtt/paho/MQTTPacket/src\MQTTSerializePublish.c **** exit:
  89:C:/Users/dtjld/workspace/AIoT/src/LiteOS_Lab/iot_link/network/mqtt/paho_mqtt/paho/MQTTPacket/src\MQTTSerializePublish.c **** 	FUNC_EXIT_RC(rc);
  90:C:/Users/dtjld/workspace/AIoT/src/LiteOS_Lab/iot_link/network/mqtt/paho_mqtt/paho/MQTTPacket/src\MQTTSerializePublish.c **** 	return rc;
 221              		.loc 1 90 0
 222 00e4 FB69     		ldr	r3, [r7, #28]
  91:C:/Users/dtjld/workspace/AIoT/src/LiteOS_Lab/iot_link/network/mqtt/paho_mqtt/paho/MQTTPacket/src\MQTTSerializePublish.c **** }
 223              		.loc 1 91 0
 224 00e6 1846     		mov	r0, r3
 225 00e8 2037     		adds	r7, r7, #32
 226              	.LCFI8:
 227              		.cfi_def_cfa_offset 8
 228 00ea BD46     		mov	sp, r7
 229              	.LCFI9:
 230              		.cfi_def_cfa_register 13
 231              		@ sp needed
 232 00ec 80BD     		pop	{r7, pc}
 233              		.cfi_endproc
 234              	.LFE4:
 236              		.section	.text.MQTTSerialize_ack,"ax",%progbits
 237              		.align	1
 238              		.global	MQTTSerialize_ack
 239              		.syntax unified
 240              		.thumb
 241              		.thumb_func
 242              		.fpu fpv4-sp-d16
 244              	MQTTSerialize_ack:
 245              	.LFB5:
  92:C:/Users/dtjld/workspace/AIoT/src/LiteOS_Lab/iot_link/network/mqtt/paho_mqtt/paho/MQTTPacket/src\MQTTSerializePublish.c **** 
  93:C:/Users/dtjld/workspace/AIoT/src/LiteOS_Lab/iot_link/network/mqtt/paho_mqtt/paho/MQTTPacket/src\MQTTSerializePublish.c **** 
  94:C:/Users/dtjld/workspace/AIoT/src/LiteOS_Lab/iot_link/network/mqtt/paho_mqtt/paho/MQTTPacket/src\MQTTSerializePublish.c **** 
  95:C:/Users/dtjld/workspace/AIoT/src/LiteOS_Lab/iot_link/network/mqtt/paho_mqtt/paho/MQTTPacket/src\MQTTSerializePublish.c **** /**
  96:C:/Users/dtjld/workspace/AIoT/src/LiteOS_Lab/iot_link/network/mqtt/paho_mqtt/paho/MQTTPacket/src\MQTTSerializePublish.c ****   * Serializes the ack packet into the supplied buffer.
  97:C:/Users/dtjld/workspace/AIoT/src/LiteOS_Lab/iot_link/network/mqtt/paho_mqtt/paho/MQTTPacket/src\MQTTSerializePublish.c ****   * @param buf the buffer into which the packet will be serialized
  98:C:/Users/dtjld/workspace/AIoT/src/LiteOS_Lab/iot_link/network/mqtt/paho_mqtt/paho/MQTTPacket/src\MQTTSerializePublish.c ****   * @param buflen the length in bytes of the supplied buffer
  99:C:/Users/dtjld/workspace/AIoT/src/LiteOS_Lab/iot_link/network/mqtt/paho_mqtt/paho/MQTTPacket/src\MQTTSerializePublish.c ****   * @param type the MQTT packet type
 100:C:/Users/dtjld/workspace/AIoT/src/LiteOS_Lab/iot_link/network/mqtt/paho_mqtt/paho/MQTTPacket/src\MQTTSerializePublish.c ****   * @param dup the MQTT dup flag
 101:C:/Users/dtjld/workspace/AIoT/src/LiteOS_Lab/iot_link/network/mqtt/paho_mqtt/paho/MQTTPacket/src\MQTTSerializePublish.c ****   * @param packetid the MQTT packet identifier
 102:C:/Users/dtjld/workspace/AIoT/src/LiteOS_Lab/iot_link/network/mqtt/paho_mqtt/paho/MQTTPacket/src\MQTTSerializePublish.c ****   * @return serialized length, or error if 0
ARM GAS  C:\Users\dtjld\AppData\Local\Temp\ccAmaurp.s 			page 7


 103:C:/Users/dtjld/workspace/AIoT/src/LiteOS_Lab/iot_link/network/mqtt/paho_mqtt/paho/MQTTPacket/src\MQTTSerializePublish.c ****   */
 104:C:/Users/dtjld/workspace/AIoT/src/LiteOS_Lab/iot_link/network/mqtt/paho_mqtt/paho/MQTTPacket/src\MQTTSerializePublish.c **** int MQTTSerialize_ack(unsigned char* buf, int buflen, unsigned char packettype, unsigned char dup, 
 105:C:/Users/dtjld/workspace/AIoT/src/LiteOS_Lab/iot_link/network/mqtt/paho_mqtt/paho/MQTTPacket/src\MQTTSerializePublish.c **** {
 246              		.loc 1 105 0
 247              		.cfi_startproc
 248              		@ args = 4, pretend = 0, frame = 32
 249              		@ frame_needed = 1, uses_anonymous_args = 0
 250 0000 80B5     		push	{r7, lr}
 251              	.LCFI10:
 252              		.cfi_def_cfa_offset 8
 253              		.cfi_offset 7, -8
 254              		.cfi_offset 14, -4
 255 0002 88B0     		sub	sp, sp, #32
 256              	.LCFI11:
 257              		.cfi_def_cfa_offset 40
 258 0004 00AF     		add	r7, sp, #0
 259              	.LCFI12:
 260              		.cfi_def_cfa_register 7
 261 0006 F860     		str	r0, [r7, #12]
 262 0008 B960     		str	r1, [r7, #8]
 263 000a 1146     		mov	r1, r2
 264 000c 1A46     		mov	r2, r3
 265 000e 0B46     		mov	r3, r1
 266 0010 FB71     		strb	r3, [r7, #7]
 267 0012 1346     		mov	r3, r2
 268 0014 BB71     		strb	r3, [r7, #6]
 106:C:/Users/dtjld/workspace/AIoT/src/LiteOS_Lab/iot_link/network/mqtt/paho_mqtt/paho/MQTTPacket/src\MQTTSerializePublish.c **** 	MQTTHeader header = {0};
 269              		.loc 1 106 0
 270 0016 0023     		movs	r3, #0
 271 0018 BB61     		str	r3, [r7, #24]
 107:C:/Users/dtjld/workspace/AIoT/src/LiteOS_Lab/iot_link/network/mqtt/paho_mqtt/paho/MQTTPacket/src\MQTTSerializePublish.c **** 	int rc = 0;
 272              		.loc 1 107 0
 273 001a 0023     		movs	r3, #0
 274 001c FB61     		str	r3, [r7, #28]
 108:C:/Users/dtjld/workspace/AIoT/src/LiteOS_Lab/iot_link/network/mqtt/paho_mqtt/paho/MQTTPacket/src\MQTTSerializePublish.c **** 	unsigned char *ptr = buf;
 275              		.loc 1 108 0
 276 001e FB68     		ldr	r3, [r7, #12]
 277 0020 7B61     		str	r3, [r7, #20]
 109:C:/Users/dtjld/workspace/AIoT/src/LiteOS_Lab/iot_link/network/mqtt/paho_mqtt/paho/MQTTPacket/src\MQTTSerializePublish.c **** 
 110:C:/Users/dtjld/workspace/AIoT/src/LiteOS_Lab/iot_link/network/mqtt/paho_mqtt/paho/MQTTPacket/src\MQTTSerializePublish.c **** 	FUNC_ENTRY;
 111:C:/Users/dtjld/workspace/AIoT/src/LiteOS_Lab/iot_link/network/mqtt/paho_mqtt/paho/MQTTPacket/src\MQTTSerializePublish.c **** 	if (buflen < 4)
 278              		.loc 1 111 0
 279 0022 BB68     		ldr	r3, [r7, #8]
 280 0024 032B     		cmp	r3, #3
 281 0026 03DC     		bgt	.L10
 112:C:/Users/dtjld/workspace/AIoT/src/LiteOS_Lab/iot_link/network/mqtt/paho_mqtt/paho/MQTTPacket/src\MQTTSerializePublish.c **** 	{
 113:C:/Users/dtjld/workspace/AIoT/src/LiteOS_Lab/iot_link/network/mqtt/paho_mqtt/paho/MQTTPacket/src\MQTTSerializePublish.c **** 		rc = MQTTPACKET_BUFFER_TOO_SHORT;
 282              		.loc 1 113 0
 283 0028 6FF00103 		mvn	r3, #1
 284 002c FB61     		str	r3, [r7, #28]
 114:C:/Users/dtjld/workspace/AIoT/src/LiteOS_Lab/iot_link/network/mqtt/paho_mqtt/paho/MQTTPacket/src\MQTTSerializePublish.c **** 		goto exit;
 285              		.loc 1 114 0
 286 002e 38E0     		b	.L11
 287              	.L10:
 115:C:/Users/dtjld/workspace/AIoT/src/LiteOS_Lab/iot_link/network/mqtt/paho_mqtt/paho/MQTTPacket/src\MQTTSerializePublish.c **** 	}
 116:C:/Users/dtjld/workspace/AIoT/src/LiteOS_Lab/iot_link/network/mqtt/paho_mqtt/paho/MQTTPacket/src\MQTTSerializePublish.c **** 	header.bits.type = packettype;
 288              		.loc 1 116 0
ARM GAS  C:\Users\dtjld\AppData\Local\Temp\ccAmaurp.s 			page 8


 289 0030 FB79     		ldrb	r3, [r7, #7]
 290 0032 03F00F03 		and	r3, r3, #15
 291 0036 DAB2     		uxtb	r2, r3
 292 0038 3B7E     		ldrb	r3, [r7, #24]
 293 003a 62F30713 		bfi	r3, r2, #4, #4
 294 003e 3B76     		strb	r3, [r7, #24]
 117:C:/Users/dtjld/workspace/AIoT/src/LiteOS_Lab/iot_link/network/mqtt/paho_mqtt/paho/MQTTPacket/src\MQTTSerializePublish.c **** 	header.bits.dup = dup;
 295              		.loc 1 117 0
 296 0040 BB79     		ldrb	r3, [r7, #6]
 297 0042 03F00103 		and	r3, r3, #1
 298 0046 DAB2     		uxtb	r2, r3
 299 0048 3B7E     		ldrb	r3, [r7, #24]
 300 004a 62F3C303 		bfi	r3, r2, #3, #1
 301 004e 3B76     		strb	r3, [r7, #24]
 118:C:/Users/dtjld/workspace/AIoT/src/LiteOS_Lab/iot_link/network/mqtt/paho_mqtt/paho/MQTTPacket/src\MQTTSerializePublish.c **** 	header.bits.qos = (packettype == PUBREL) ? 1 : 0;
 302              		.loc 1 118 0
 303 0050 FB79     		ldrb	r3, [r7, #7]	@ zero_extendqisi2
 304 0052 062B     		cmp	r3, #6
 305 0054 0CBF     		ite	eq
 306 0056 0123     		moveq	r3, #1
 307 0058 0023     		movne	r3, #0
 308 005a DBB2     		uxtb	r3, r3
 309 005c 03F00303 		and	r3, r3, #3
 310 0060 DAB2     		uxtb	r2, r3
 311 0062 3B7E     		ldrb	r3, [r7, #24]
 312 0064 62F34203 		bfi	r3, r2, #1, #2
 313 0068 3B76     		strb	r3, [r7, #24]
 119:C:/Users/dtjld/workspace/AIoT/src/LiteOS_Lab/iot_link/network/mqtt/paho_mqtt/paho/MQTTPacket/src\MQTTSerializePublish.c **** 	writeChar(&ptr, header.byte); /* write header */
 314              		.loc 1 119 0
 315 006a 3A7E     		ldrb	r2, [r7, #24]	@ zero_extendqisi2
 316 006c 07F11403 		add	r3, r7, #20
 317 0070 1146     		mov	r1, r2
 318 0072 1846     		mov	r0, r3
 319 0074 FFF7FEFF 		bl	writeChar
 120:C:/Users/dtjld/workspace/AIoT/src/LiteOS_Lab/iot_link/network/mqtt/paho_mqtt/paho/MQTTPacket/src\MQTTSerializePublish.c **** 
 121:C:/Users/dtjld/workspace/AIoT/src/LiteOS_Lab/iot_link/network/mqtt/paho_mqtt/paho/MQTTPacket/src\MQTTSerializePublish.c **** 	ptr += MQTTPacket_encode(ptr, 2); /* write remaining length */
 320              		.loc 1 121 0
 321 0078 7B69     		ldr	r3, [r7, #20]
 322 007a 0221     		movs	r1, #2
 323 007c 1846     		mov	r0, r3
 324 007e FFF7FEFF 		bl	MQTTPacket_encode
 325 0082 0246     		mov	r2, r0
 326 0084 7B69     		ldr	r3, [r7, #20]
 327 0086 1344     		add	r3, r3, r2
 328 0088 7B61     		str	r3, [r7, #20]
 122:C:/Users/dtjld/workspace/AIoT/src/LiteOS_Lab/iot_link/network/mqtt/paho_mqtt/paho/MQTTPacket/src\MQTTSerializePublish.c **** 	writeInt(&ptr, packetid);
 329              		.loc 1 122 0
 330 008a 3A8D     		ldrh	r2, [r7, #40]
 331 008c 07F11403 		add	r3, r7, #20
 332 0090 1146     		mov	r1, r2
 333 0092 1846     		mov	r0, r3
 334 0094 FFF7FEFF 		bl	writeInt
 123:C:/Users/dtjld/workspace/AIoT/src/LiteOS_Lab/iot_link/network/mqtt/paho_mqtt/paho/MQTTPacket/src\MQTTSerializePublish.c **** 	rc = ptr - buf;
 335              		.loc 1 123 0
 336 0098 7B69     		ldr	r3, [r7, #20]
 337 009a 1A46     		mov	r2, r3
 338 009c FB68     		ldr	r3, [r7, #12]
ARM GAS  C:\Users\dtjld\AppData\Local\Temp\ccAmaurp.s 			page 9


 339 009e D31A     		subs	r3, r2, r3
 340 00a0 FB61     		str	r3, [r7, #28]
 341              	.L11:
 124:C:/Users/dtjld/workspace/AIoT/src/LiteOS_Lab/iot_link/network/mqtt/paho_mqtt/paho/MQTTPacket/src\MQTTSerializePublish.c **** exit:
 125:C:/Users/dtjld/workspace/AIoT/src/LiteOS_Lab/iot_link/network/mqtt/paho_mqtt/paho/MQTTPacket/src\MQTTSerializePublish.c **** 	FUNC_EXIT_RC(rc);
 126:C:/Users/dtjld/workspace/AIoT/src/LiteOS_Lab/iot_link/network/mqtt/paho_mqtt/paho/MQTTPacket/src\MQTTSerializePublish.c **** 	return rc;
 342              		.loc 1 126 0
 343 00a2 FB69     		ldr	r3, [r7, #28]
 127:C:/Users/dtjld/workspace/AIoT/src/LiteOS_Lab/iot_link/network/mqtt/paho_mqtt/paho/MQTTPacket/src\MQTTSerializePublish.c **** }
 344              		.loc 1 127 0
 345 00a4 1846     		mov	r0, r3
 346 00a6 2037     		adds	r7, r7, #32
 347              	.LCFI13:
 348              		.cfi_def_cfa_offset 8
 349 00a8 BD46     		mov	sp, r7
 350              	.LCFI14:
 351              		.cfi_def_cfa_register 13
 352              		@ sp needed
 353 00aa 80BD     		pop	{r7, pc}
 354              		.cfi_endproc
 355              	.LFE5:
 357              		.section	.text.MQTTSerialize_puback,"ax",%progbits
 358              		.align	1
 359              		.global	MQTTSerialize_puback
 360              		.syntax unified
 361              		.thumb
 362              		.thumb_func
 363              		.fpu fpv4-sp-d16
 365              	MQTTSerialize_puback:
 366              	.LFB6:
 128:C:/Users/dtjld/workspace/AIoT/src/LiteOS_Lab/iot_link/network/mqtt/paho_mqtt/paho/MQTTPacket/src\MQTTSerializePublish.c **** 
 129:C:/Users/dtjld/workspace/AIoT/src/LiteOS_Lab/iot_link/network/mqtt/paho_mqtt/paho/MQTTPacket/src\MQTTSerializePublish.c **** 
 130:C:/Users/dtjld/workspace/AIoT/src/LiteOS_Lab/iot_link/network/mqtt/paho_mqtt/paho/MQTTPacket/src\MQTTSerializePublish.c **** /**
 131:C:/Users/dtjld/workspace/AIoT/src/LiteOS_Lab/iot_link/network/mqtt/paho_mqtt/paho/MQTTPacket/src\MQTTSerializePublish.c ****   * Serializes a puback packet into the supplied buffer.
 132:C:/Users/dtjld/workspace/AIoT/src/LiteOS_Lab/iot_link/network/mqtt/paho_mqtt/paho/MQTTPacket/src\MQTTSerializePublish.c ****   * @param buf the buffer into which the packet will be serialized
 133:C:/Users/dtjld/workspace/AIoT/src/LiteOS_Lab/iot_link/network/mqtt/paho_mqtt/paho/MQTTPacket/src\MQTTSerializePublish.c ****   * @param buflen the length in bytes of the supplied buffer
 134:C:/Users/dtjld/workspace/AIoT/src/LiteOS_Lab/iot_link/network/mqtt/paho_mqtt/paho/MQTTPacket/src\MQTTSerializePublish.c ****   * @param packetid integer - the MQTT packet identifier
 135:C:/Users/dtjld/workspace/AIoT/src/LiteOS_Lab/iot_link/network/mqtt/paho_mqtt/paho/MQTTPacket/src\MQTTSerializePublish.c ****   * @return serialized length, or error if 0
 136:C:/Users/dtjld/workspace/AIoT/src/LiteOS_Lab/iot_link/network/mqtt/paho_mqtt/paho/MQTTPacket/src\MQTTSerializePublish.c ****   */
 137:C:/Users/dtjld/workspace/AIoT/src/LiteOS_Lab/iot_link/network/mqtt/paho_mqtt/paho/MQTTPacket/src\MQTTSerializePublish.c **** int MQTTSerialize_puback(unsigned char* buf, int buflen, unsigned short packetid)
 138:C:/Users/dtjld/workspace/AIoT/src/LiteOS_Lab/iot_link/network/mqtt/paho_mqtt/paho/MQTTPacket/src\MQTTSerializePublish.c **** {
 367              		.loc 1 138 0
 368              		.cfi_startproc
 369              		@ args = 0, pretend = 0, frame = 16
 370              		@ frame_needed = 1, uses_anonymous_args = 0
 371 0000 80B5     		push	{r7, lr}
 372              	.LCFI15:
 373              		.cfi_def_cfa_offset 8
 374              		.cfi_offset 7, -8
 375              		.cfi_offset 14, -4
 376 0002 86B0     		sub	sp, sp, #24
 377              	.LCFI16:
 378              		.cfi_def_cfa_offset 32
 379 0004 02AF     		add	r7, sp, #8
 380              	.LCFI17:
 381              		.cfi_def_cfa 7, 24
 382 0006 F860     		str	r0, [r7, #12]
ARM GAS  C:\Users\dtjld\AppData\Local\Temp\ccAmaurp.s 			page 10


 383 0008 B960     		str	r1, [r7, #8]
 384 000a 1346     		mov	r3, r2
 385 000c FB80     		strh	r3, [r7, #6]	@ movhi
 139:C:/Users/dtjld/workspace/AIoT/src/LiteOS_Lab/iot_link/network/mqtt/paho_mqtt/paho/MQTTPacket/src\MQTTSerializePublish.c **** 	return MQTTSerialize_ack(buf, buflen, PUBACK, 0, packetid);
 386              		.loc 1 139 0
 387 000e FB88     		ldrh	r3, [r7, #6]
 388 0010 0093     		str	r3, [sp]
 389 0012 0023     		movs	r3, #0
 390 0014 0422     		movs	r2, #4
 391 0016 B968     		ldr	r1, [r7, #8]
 392 0018 F868     		ldr	r0, [r7, #12]
 393 001a FFF7FEFF 		bl	MQTTSerialize_ack
 394 001e 0346     		mov	r3, r0
 140:C:/Users/dtjld/workspace/AIoT/src/LiteOS_Lab/iot_link/network/mqtt/paho_mqtt/paho/MQTTPacket/src\MQTTSerializePublish.c **** }
 395              		.loc 1 140 0
 396 0020 1846     		mov	r0, r3
 397 0022 1037     		adds	r7, r7, #16
 398              	.LCFI18:
 399              		.cfi_def_cfa_offset 8
 400 0024 BD46     		mov	sp, r7
 401              	.LCFI19:
 402              		.cfi_def_cfa_register 13
 403              		@ sp needed
 404 0026 80BD     		pop	{r7, pc}
 405              		.cfi_endproc
 406              	.LFE6:
 408              		.section	.text.MQTTSerialize_pubrel,"ax",%progbits
 409              		.align	1
 410              		.global	MQTTSerialize_pubrel
 411              		.syntax unified
 412              		.thumb
 413              		.thumb_func
 414              		.fpu fpv4-sp-d16
 416              	MQTTSerialize_pubrel:
 417              	.LFB7:
 141:C:/Users/dtjld/workspace/AIoT/src/LiteOS_Lab/iot_link/network/mqtt/paho_mqtt/paho/MQTTPacket/src\MQTTSerializePublish.c **** 
 142:C:/Users/dtjld/workspace/AIoT/src/LiteOS_Lab/iot_link/network/mqtt/paho_mqtt/paho/MQTTPacket/src\MQTTSerializePublish.c **** 
 143:C:/Users/dtjld/workspace/AIoT/src/LiteOS_Lab/iot_link/network/mqtt/paho_mqtt/paho/MQTTPacket/src\MQTTSerializePublish.c **** /**
 144:C:/Users/dtjld/workspace/AIoT/src/LiteOS_Lab/iot_link/network/mqtt/paho_mqtt/paho/MQTTPacket/src\MQTTSerializePublish.c ****   * Serializes a pubrel packet into the supplied buffer.
 145:C:/Users/dtjld/workspace/AIoT/src/LiteOS_Lab/iot_link/network/mqtt/paho_mqtt/paho/MQTTPacket/src\MQTTSerializePublish.c ****   * @param buf the buffer into which the packet will be serialized
 146:C:/Users/dtjld/workspace/AIoT/src/LiteOS_Lab/iot_link/network/mqtt/paho_mqtt/paho/MQTTPacket/src\MQTTSerializePublish.c ****   * @param buflen the length in bytes of the supplied buffer
 147:C:/Users/dtjld/workspace/AIoT/src/LiteOS_Lab/iot_link/network/mqtt/paho_mqtt/paho/MQTTPacket/src\MQTTSerializePublish.c ****   * @param dup integer - the MQTT dup flag
 148:C:/Users/dtjld/workspace/AIoT/src/LiteOS_Lab/iot_link/network/mqtt/paho_mqtt/paho/MQTTPacket/src\MQTTSerializePublish.c ****   * @param packetid integer - the MQTT packet identifier
 149:C:/Users/dtjld/workspace/AIoT/src/LiteOS_Lab/iot_link/network/mqtt/paho_mqtt/paho/MQTTPacket/src\MQTTSerializePublish.c ****   * @return serialized length, or error if 0
 150:C:/Users/dtjld/workspace/AIoT/src/LiteOS_Lab/iot_link/network/mqtt/paho_mqtt/paho/MQTTPacket/src\MQTTSerializePublish.c ****   */
 151:C:/Users/dtjld/workspace/AIoT/src/LiteOS_Lab/iot_link/network/mqtt/paho_mqtt/paho/MQTTPacket/src\MQTTSerializePublish.c **** int MQTTSerialize_pubrel(unsigned char* buf, int buflen, unsigned char dup, unsigned short packetid
 152:C:/Users/dtjld/workspace/AIoT/src/LiteOS_Lab/iot_link/network/mqtt/paho_mqtt/paho/MQTTPacket/src\MQTTSerializePublish.c **** {
 418              		.loc 1 152 0
 419              		.cfi_startproc
 420              		@ args = 0, pretend = 0, frame = 16
 421              		@ frame_needed = 1, uses_anonymous_args = 0
 422 0000 80B5     		push	{r7, lr}
 423              	.LCFI20:
 424              		.cfi_def_cfa_offset 8
 425              		.cfi_offset 7, -8
 426              		.cfi_offset 14, -4
 427 0002 86B0     		sub	sp, sp, #24
ARM GAS  C:\Users\dtjld\AppData\Local\Temp\ccAmaurp.s 			page 11


 428              	.LCFI21:
 429              		.cfi_def_cfa_offset 32
 430 0004 02AF     		add	r7, sp, #8
 431              	.LCFI22:
 432              		.cfi_def_cfa 7, 24
 433 0006 F860     		str	r0, [r7, #12]
 434 0008 B960     		str	r1, [r7, #8]
 435 000a 1146     		mov	r1, r2
 436 000c 1A46     		mov	r2, r3
 437 000e 0B46     		mov	r3, r1
 438 0010 FB71     		strb	r3, [r7, #7]
 439 0012 1346     		mov	r3, r2	@ movhi
 440 0014 BB80     		strh	r3, [r7, #4]	@ movhi
 153:C:/Users/dtjld/workspace/AIoT/src/LiteOS_Lab/iot_link/network/mqtt/paho_mqtt/paho/MQTTPacket/src\MQTTSerializePublish.c **** 	return MQTTSerialize_ack(buf, buflen, PUBREL, dup, packetid);
 441              		.loc 1 153 0
 442 0016 FA79     		ldrb	r2, [r7, #7]	@ zero_extendqisi2
 443 0018 BB88     		ldrh	r3, [r7, #4]
 444 001a 0093     		str	r3, [sp]
 445 001c 1346     		mov	r3, r2
 446 001e 0622     		movs	r2, #6
 447 0020 B968     		ldr	r1, [r7, #8]
 448 0022 F868     		ldr	r0, [r7, #12]
 449 0024 FFF7FEFF 		bl	MQTTSerialize_ack
 450 0028 0346     		mov	r3, r0
 154:C:/Users/dtjld/workspace/AIoT/src/LiteOS_Lab/iot_link/network/mqtt/paho_mqtt/paho/MQTTPacket/src\MQTTSerializePublish.c **** }
 451              		.loc 1 154 0
 452 002a 1846     		mov	r0, r3
 453 002c 1037     		adds	r7, r7, #16
 454              	.LCFI23:
 455              		.cfi_def_cfa_offset 8
 456 002e BD46     		mov	sp, r7
 457              	.LCFI24:
 458              		.cfi_def_cfa_register 13
 459              		@ sp needed
 460 0030 80BD     		pop	{r7, pc}
 461              		.cfi_endproc
 462              	.LFE7:
 464              		.section	.text.MQTTSerialize_pubcomp,"ax",%progbits
 465              		.align	1
 466              		.global	MQTTSerialize_pubcomp
 467              		.syntax unified
 468              		.thumb
 469              		.thumb_func
 470              		.fpu fpv4-sp-d16
 472              	MQTTSerialize_pubcomp:
 473              	.LFB8:
 155:C:/Users/dtjld/workspace/AIoT/src/LiteOS_Lab/iot_link/network/mqtt/paho_mqtt/paho/MQTTPacket/src\MQTTSerializePublish.c **** 
 156:C:/Users/dtjld/workspace/AIoT/src/LiteOS_Lab/iot_link/network/mqtt/paho_mqtt/paho/MQTTPacket/src\MQTTSerializePublish.c **** 
 157:C:/Users/dtjld/workspace/AIoT/src/LiteOS_Lab/iot_link/network/mqtt/paho_mqtt/paho/MQTTPacket/src\MQTTSerializePublish.c **** /**
 158:C:/Users/dtjld/workspace/AIoT/src/LiteOS_Lab/iot_link/network/mqtt/paho_mqtt/paho/MQTTPacket/src\MQTTSerializePublish.c ****   * Serializes a pubrel packet into the supplied buffer.
 159:C:/Users/dtjld/workspace/AIoT/src/LiteOS_Lab/iot_link/network/mqtt/paho_mqtt/paho/MQTTPacket/src\MQTTSerializePublish.c ****   * @param buf the buffer into which the packet will be serialized
 160:C:/Users/dtjld/workspace/AIoT/src/LiteOS_Lab/iot_link/network/mqtt/paho_mqtt/paho/MQTTPacket/src\MQTTSerializePublish.c ****   * @param buflen the length in bytes of the supplied buffer
 161:C:/Users/dtjld/workspace/AIoT/src/LiteOS_Lab/iot_link/network/mqtt/paho_mqtt/paho/MQTTPacket/src\MQTTSerializePublish.c ****   * @param packetid integer - the MQTT packet identifier
 162:C:/Users/dtjld/workspace/AIoT/src/LiteOS_Lab/iot_link/network/mqtt/paho_mqtt/paho/MQTTPacket/src\MQTTSerializePublish.c ****   * @return serialized length, or error if 0
 163:C:/Users/dtjld/workspace/AIoT/src/LiteOS_Lab/iot_link/network/mqtt/paho_mqtt/paho/MQTTPacket/src\MQTTSerializePublish.c ****   */
 164:C:/Users/dtjld/workspace/AIoT/src/LiteOS_Lab/iot_link/network/mqtt/paho_mqtt/paho/MQTTPacket/src\MQTTSerializePublish.c **** int MQTTSerialize_pubcomp(unsigned char* buf, int buflen, unsigned short packetid)
 165:C:/Users/dtjld/workspace/AIoT/src/LiteOS_Lab/iot_link/network/mqtt/paho_mqtt/paho/MQTTPacket/src\MQTTSerializePublish.c **** {
ARM GAS  C:\Users\dtjld\AppData\Local\Temp\ccAmaurp.s 			page 12


 474              		.loc 1 165 0
 475              		.cfi_startproc
 476              		@ args = 0, pretend = 0, frame = 16
 477              		@ frame_needed = 1, uses_anonymous_args = 0
 478 0000 80B5     		push	{r7, lr}
 479              	.LCFI25:
 480              		.cfi_def_cfa_offset 8
 481              		.cfi_offset 7, -8
 482              		.cfi_offset 14, -4
 483 0002 86B0     		sub	sp, sp, #24
 484              	.LCFI26:
 485              		.cfi_def_cfa_offset 32
 486 0004 02AF     		add	r7, sp, #8
 487              	.LCFI27:
 488              		.cfi_def_cfa 7, 24
 489 0006 F860     		str	r0, [r7, #12]
 490 0008 B960     		str	r1, [r7, #8]
 491 000a 1346     		mov	r3, r2
 492 000c FB80     		strh	r3, [r7, #6]	@ movhi
 166:C:/Users/dtjld/workspace/AIoT/src/LiteOS_Lab/iot_link/network/mqtt/paho_mqtt/paho/MQTTPacket/src\MQTTSerializePublish.c **** 	return MQTTSerialize_ack(buf, buflen, PUBCOMP, 0, packetid);
 493              		.loc 1 166 0
 494 000e FB88     		ldrh	r3, [r7, #6]
 495 0010 0093     		str	r3, [sp]
 496 0012 0023     		movs	r3, #0
 497 0014 0722     		movs	r2, #7
 498 0016 B968     		ldr	r1, [r7, #8]
 499 0018 F868     		ldr	r0, [r7, #12]
 500 001a FFF7FEFF 		bl	MQTTSerialize_ack
 501 001e 0346     		mov	r3, r0
 167:C:/Users/dtjld/workspace/AIoT/src/LiteOS_Lab/iot_link/network/mqtt/paho_mqtt/paho/MQTTPacket/src\MQTTSerializePublish.c **** }
 502              		.loc 1 167 0
 503 0020 1846     		mov	r0, r3
 504 0022 1037     		adds	r7, r7, #16
 505              	.LCFI28:
 506              		.cfi_def_cfa_offset 8
 507 0024 BD46     		mov	sp, r7
 508              	.LCFI29:
 509              		.cfi_def_cfa_register 13
 510              		@ sp needed
 511 0026 80BD     		pop	{r7, pc}
 512              		.cfi_endproc
 513              	.LFE8:
 515              		.text
 516              	.Letext0:
 517              		.file 2 "C:/Users/dtjld/workspace/AIoT/src/LiteOS_Lab/iot_link/network/mqtt/paho_mqtt/paho/MQTTPac
 518              		.file 3 "c:\\ac6\\systemworkbench\\plugins\\fr.ac6.mcu.externaltools.arm-none.win32_1.16.0.2018071
 519              		.file 4 "c:\\ac6\\systemworkbench\\plugins\\fr.ac6.mcu.externaltools.arm-none.win32_1.16.0.2018071
 520              		.file 5 "c:\\ac6\\systemworkbench\\plugins\\fr.ac6.mcu.externaltools.arm-none.win32_1.16.0.2018071
 521              		.file 6 "c:\\ac6\\systemworkbench\\plugins\\fr.ac6.mcu.externaltools.arm-none.win32_1.16.0.2018071
ARM GAS  C:\Users\dtjld\AppData\Local\Temp\ccAmaurp.s 			page 13


DEFINED SYMBOLS
                            *ABS*:00000000 MQTTSerializePublish.c
C:\Users\dtjld\AppData\Local\Temp\ccAmaurp.s:18     .text.MQTTSerialize_publishLength:00000000 $t
C:\Users\dtjld\AppData\Local\Temp\ccAmaurp.s:25     .text.MQTTSerialize_publishLength:00000000 MQTTSerialize_publishLength
C:\Users\dtjld\AppData\Local\Temp\ccAmaurp.s:85     .text.MQTTSerialize_publish:00000000 $t
C:\Users\dtjld\AppData\Local\Temp\ccAmaurp.s:92     .text.MQTTSerialize_publish:00000000 MQTTSerialize_publish
C:\Users\dtjld\AppData\Local\Temp\ccAmaurp.s:237    .text.MQTTSerialize_ack:00000000 $t
C:\Users\dtjld\AppData\Local\Temp\ccAmaurp.s:244    .text.MQTTSerialize_ack:00000000 MQTTSerialize_ack
C:\Users\dtjld\AppData\Local\Temp\ccAmaurp.s:358    .text.MQTTSerialize_puback:00000000 $t
C:\Users\dtjld\AppData\Local\Temp\ccAmaurp.s:365    .text.MQTTSerialize_puback:00000000 MQTTSerialize_puback
C:\Users\dtjld\AppData\Local\Temp\ccAmaurp.s:409    .text.MQTTSerialize_pubrel:00000000 $t
C:\Users\dtjld\AppData\Local\Temp\ccAmaurp.s:416    .text.MQTTSerialize_pubrel:00000000 MQTTSerialize_pubrel
C:\Users\dtjld\AppData\Local\Temp\ccAmaurp.s:465    .text.MQTTSerialize_pubcomp:00000000 $t
C:\Users\dtjld\AppData\Local\Temp\ccAmaurp.s:472    .text.MQTTSerialize_pubcomp:00000000 MQTTSerialize_pubcomp

UNDEFINED SYMBOLS
MQTTstrlen
MQTTPacket_len
writeChar
MQTTPacket_encode
writeMQTTString
writeInt
memcpy
