ARM GAS  C:\Users\dtjld\AppData\Local\Temp\ccOdAPhn.s 			page 1


   1              		.cpu cortex-m4
   2              		.eabi_attribute 27, 1
   3              		.eabi_attribute 28, 1
   4              		.eabi_attribute 20, 1
   5              		.eabi_attribute 21, 1
   6              		.eabi_attribute 23, 3
   7              		.eabi_attribute 24, 1
   8              		.eabi_attribute 25, 1
   9              		.eabi_attribute 26, 1
  10              		.eabi_attribute 30, 6
  11              		.eabi_attribute 34, 1
  12              		.eabi_attribute 18, 4
  13              		.file	"platform.c"
  14              		.text
  15              	.Ltext0:
  16              		.cfi_sections	.debug_frame
  17              		.section	.data.mbedtls_calloc_func,"aw",%progbits
  18              		.align	2
  21              	mbedtls_calloc_func:
  22 0000 00000000 		.word	calloc
  23              		.section	.data.mbedtls_free_func,"aw",%progbits
  24              		.align	2
  27              	mbedtls_free_func:
  28 0000 00000000 		.word	free
  29              		.section	.text.mbedtls_calloc,"ax",%progbits
  30              		.align	1
  31              		.global	mbedtls_calloc
  32              		.syntax unified
  33              		.thumb
  34              		.thumb_func
  35              		.fpu fpv4-sp-d16
  37              	mbedtls_calloc:
  38              	.LFB3:
  39              		.file 1 "C:/Users/dtjld/workspace/AIoT/src/LiteOS_Lab/iot_link/network/dtls/mbedtls/mbedtls-2.16.2
   1:C:/Users/dtjld/workspace/AIoT/src/LiteOS_Lab/iot_link/network/dtls/mbedtls/mbedtls-2.16.2/library\platform.c **** /*
   2:C:/Users/dtjld/workspace/AIoT/src/LiteOS_Lab/iot_link/network/dtls/mbedtls/mbedtls-2.16.2/library\platform.c ****  *  Platform abstraction layer
   3:C:/Users/dtjld/workspace/AIoT/src/LiteOS_Lab/iot_link/network/dtls/mbedtls/mbedtls-2.16.2/library\platform.c ****  *
   4:C:/Users/dtjld/workspace/AIoT/src/LiteOS_Lab/iot_link/network/dtls/mbedtls/mbedtls-2.16.2/library\platform.c ****  *  Copyright (C) 2006-2016, ARM Limited, All Rights Reserved
   5:C:/Users/dtjld/workspace/AIoT/src/LiteOS_Lab/iot_link/network/dtls/mbedtls/mbedtls-2.16.2/library\platform.c ****  *  SPDX-License-Identifier: Apache-2.0
   6:C:/Users/dtjld/workspace/AIoT/src/LiteOS_Lab/iot_link/network/dtls/mbedtls/mbedtls-2.16.2/library\platform.c ****  *
   7:C:/Users/dtjld/workspace/AIoT/src/LiteOS_Lab/iot_link/network/dtls/mbedtls/mbedtls-2.16.2/library\platform.c ****  *  Licensed under the Apache License, Version 2.0 (the "License"); you may
   8:C:/Users/dtjld/workspace/AIoT/src/LiteOS_Lab/iot_link/network/dtls/mbedtls/mbedtls-2.16.2/library\platform.c ****  *  not use this file except in compliance with the License.
   9:C:/Users/dtjld/workspace/AIoT/src/LiteOS_Lab/iot_link/network/dtls/mbedtls/mbedtls-2.16.2/library\platform.c ****  *  You may obtain a copy of the License at
  10:C:/Users/dtjld/workspace/AIoT/src/LiteOS_Lab/iot_link/network/dtls/mbedtls/mbedtls-2.16.2/library\platform.c ****  *
  11:C:/Users/dtjld/workspace/AIoT/src/LiteOS_Lab/iot_link/network/dtls/mbedtls/mbedtls-2.16.2/library\platform.c ****  *  http://www.apache.org/licenses/LICENSE-2.0
  12:C:/Users/dtjld/workspace/AIoT/src/LiteOS_Lab/iot_link/network/dtls/mbedtls/mbedtls-2.16.2/library\platform.c ****  *
  13:C:/Users/dtjld/workspace/AIoT/src/LiteOS_Lab/iot_link/network/dtls/mbedtls/mbedtls-2.16.2/library\platform.c ****  *  Unless required by applicable law or agreed to in writing, software
  14:C:/Users/dtjld/workspace/AIoT/src/LiteOS_Lab/iot_link/network/dtls/mbedtls/mbedtls-2.16.2/library\platform.c ****  *  distributed under the License is distributed on an "AS IS" BASIS, WITHOUT
  15:C:/Users/dtjld/workspace/AIoT/src/LiteOS_Lab/iot_link/network/dtls/mbedtls/mbedtls-2.16.2/library\platform.c ****  *  WARRANTIES OR CONDITIONS OF ANY KIND, either express or implied.
  16:C:/Users/dtjld/workspace/AIoT/src/LiteOS_Lab/iot_link/network/dtls/mbedtls/mbedtls-2.16.2/library\platform.c ****  *  See the License for the specific language governing permissions and
  17:C:/Users/dtjld/workspace/AIoT/src/LiteOS_Lab/iot_link/network/dtls/mbedtls/mbedtls-2.16.2/library\platform.c ****  *  limitations under the License.
  18:C:/Users/dtjld/workspace/AIoT/src/LiteOS_Lab/iot_link/network/dtls/mbedtls/mbedtls-2.16.2/library\platform.c ****  *
  19:C:/Users/dtjld/workspace/AIoT/src/LiteOS_Lab/iot_link/network/dtls/mbedtls/mbedtls-2.16.2/library\platform.c ****  *  This file is part of mbed TLS (https://tls.mbed.org)
  20:C:/Users/dtjld/workspace/AIoT/src/LiteOS_Lab/iot_link/network/dtls/mbedtls/mbedtls-2.16.2/library\platform.c ****  */
  21:C:/Users/dtjld/workspace/AIoT/src/LiteOS_Lab/iot_link/network/dtls/mbedtls/mbedtls-2.16.2/library\platform.c **** 
  22:C:/Users/dtjld/workspace/AIoT/src/LiteOS_Lab/iot_link/network/dtls/mbedtls/mbedtls-2.16.2/library\platform.c **** #if !defined(MBEDTLS_CONFIG_FILE)
  23:C:/Users/dtjld/workspace/AIoT/src/LiteOS_Lab/iot_link/network/dtls/mbedtls/mbedtls-2.16.2/library\platform.c **** #include "mbedtls/config.h"
ARM GAS  C:\Users\dtjld\AppData\Local\Temp\ccOdAPhn.s 			page 2


  24:C:/Users/dtjld/workspace/AIoT/src/LiteOS_Lab/iot_link/network/dtls/mbedtls/mbedtls-2.16.2/library\platform.c **** #else
  25:C:/Users/dtjld/workspace/AIoT/src/LiteOS_Lab/iot_link/network/dtls/mbedtls/mbedtls-2.16.2/library\platform.c **** #include MBEDTLS_CONFIG_FILE
  26:C:/Users/dtjld/workspace/AIoT/src/LiteOS_Lab/iot_link/network/dtls/mbedtls/mbedtls-2.16.2/library\platform.c **** #endif
  27:C:/Users/dtjld/workspace/AIoT/src/LiteOS_Lab/iot_link/network/dtls/mbedtls/mbedtls-2.16.2/library\platform.c **** 
  28:C:/Users/dtjld/workspace/AIoT/src/LiteOS_Lab/iot_link/network/dtls/mbedtls/mbedtls-2.16.2/library\platform.c **** #if defined(MBEDTLS_PLATFORM_C)
  29:C:/Users/dtjld/workspace/AIoT/src/LiteOS_Lab/iot_link/network/dtls/mbedtls/mbedtls-2.16.2/library\platform.c **** 
  30:C:/Users/dtjld/workspace/AIoT/src/LiteOS_Lab/iot_link/network/dtls/mbedtls/mbedtls-2.16.2/library\platform.c **** #include "mbedtls/platform.h"
  31:C:/Users/dtjld/workspace/AIoT/src/LiteOS_Lab/iot_link/network/dtls/mbedtls/mbedtls-2.16.2/library\platform.c **** #include "mbedtls/platform_util.h"
  32:C:/Users/dtjld/workspace/AIoT/src/LiteOS_Lab/iot_link/network/dtls/mbedtls/mbedtls-2.16.2/library\platform.c **** 
  33:C:/Users/dtjld/workspace/AIoT/src/LiteOS_Lab/iot_link/network/dtls/mbedtls/mbedtls-2.16.2/library\platform.c **** /* The compile time configuration of memory allocation via the macros
  34:C:/Users/dtjld/workspace/AIoT/src/LiteOS_Lab/iot_link/network/dtls/mbedtls/mbedtls-2.16.2/library\platform.c ****  * MBEDTLS_PLATFORM_{FREE/CALLOC}_MACRO takes precedence over the runtime
  35:C:/Users/dtjld/workspace/AIoT/src/LiteOS_Lab/iot_link/network/dtls/mbedtls/mbedtls-2.16.2/library\platform.c ****  * configuration via mbedtls_platform_set_calloc_free(). So, omit everything
  36:C:/Users/dtjld/workspace/AIoT/src/LiteOS_Lab/iot_link/network/dtls/mbedtls/mbedtls-2.16.2/library\platform.c ****  * related to the latter if MBEDTLS_PLATFORM_{FREE/CALLOC}_MACRO are defined. */
  37:C:/Users/dtjld/workspace/AIoT/src/LiteOS_Lab/iot_link/network/dtls/mbedtls/mbedtls-2.16.2/library\platform.c **** #if defined(MBEDTLS_PLATFORM_MEMORY) &&                 \
  38:C:/Users/dtjld/workspace/AIoT/src/LiteOS_Lab/iot_link/network/dtls/mbedtls/mbedtls-2.16.2/library\platform.c ****     !( defined(MBEDTLS_PLATFORM_CALLOC_MACRO) &&        \
  39:C:/Users/dtjld/workspace/AIoT/src/LiteOS_Lab/iot_link/network/dtls/mbedtls/mbedtls-2.16.2/library\platform.c ****        defined(MBEDTLS_PLATFORM_FREE_MACRO) )
  40:C:/Users/dtjld/workspace/AIoT/src/LiteOS_Lab/iot_link/network/dtls/mbedtls/mbedtls-2.16.2/library\platform.c **** 
  41:C:/Users/dtjld/workspace/AIoT/src/LiteOS_Lab/iot_link/network/dtls/mbedtls/mbedtls-2.16.2/library\platform.c **** #if !defined(MBEDTLS_PLATFORM_STD_CALLOC)
  42:C:/Users/dtjld/workspace/AIoT/src/LiteOS_Lab/iot_link/network/dtls/mbedtls/mbedtls-2.16.2/library\platform.c **** static void *platform_calloc_uninit( size_t n, size_t size )
  43:C:/Users/dtjld/workspace/AIoT/src/LiteOS_Lab/iot_link/network/dtls/mbedtls/mbedtls-2.16.2/library\platform.c **** {
  44:C:/Users/dtjld/workspace/AIoT/src/LiteOS_Lab/iot_link/network/dtls/mbedtls/mbedtls-2.16.2/library\platform.c ****     ((void) n);
  45:C:/Users/dtjld/workspace/AIoT/src/LiteOS_Lab/iot_link/network/dtls/mbedtls/mbedtls-2.16.2/library\platform.c ****     ((void) size);
  46:C:/Users/dtjld/workspace/AIoT/src/LiteOS_Lab/iot_link/network/dtls/mbedtls/mbedtls-2.16.2/library\platform.c ****     return( NULL );
  47:C:/Users/dtjld/workspace/AIoT/src/LiteOS_Lab/iot_link/network/dtls/mbedtls/mbedtls-2.16.2/library\platform.c **** }
  48:C:/Users/dtjld/workspace/AIoT/src/LiteOS_Lab/iot_link/network/dtls/mbedtls/mbedtls-2.16.2/library\platform.c **** 
  49:C:/Users/dtjld/workspace/AIoT/src/LiteOS_Lab/iot_link/network/dtls/mbedtls/mbedtls-2.16.2/library\platform.c **** #define MBEDTLS_PLATFORM_STD_CALLOC   platform_calloc_uninit
  50:C:/Users/dtjld/workspace/AIoT/src/LiteOS_Lab/iot_link/network/dtls/mbedtls/mbedtls-2.16.2/library\platform.c **** #endif /* !MBEDTLS_PLATFORM_STD_CALLOC */
  51:C:/Users/dtjld/workspace/AIoT/src/LiteOS_Lab/iot_link/network/dtls/mbedtls/mbedtls-2.16.2/library\platform.c **** 
  52:C:/Users/dtjld/workspace/AIoT/src/LiteOS_Lab/iot_link/network/dtls/mbedtls/mbedtls-2.16.2/library\platform.c **** #if !defined(MBEDTLS_PLATFORM_STD_FREE)
  53:C:/Users/dtjld/workspace/AIoT/src/LiteOS_Lab/iot_link/network/dtls/mbedtls/mbedtls-2.16.2/library\platform.c **** static void platform_free_uninit( void *ptr )
  54:C:/Users/dtjld/workspace/AIoT/src/LiteOS_Lab/iot_link/network/dtls/mbedtls/mbedtls-2.16.2/library\platform.c **** {
  55:C:/Users/dtjld/workspace/AIoT/src/LiteOS_Lab/iot_link/network/dtls/mbedtls/mbedtls-2.16.2/library\platform.c ****     ((void) ptr);
  56:C:/Users/dtjld/workspace/AIoT/src/LiteOS_Lab/iot_link/network/dtls/mbedtls/mbedtls-2.16.2/library\platform.c **** }
  57:C:/Users/dtjld/workspace/AIoT/src/LiteOS_Lab/iot_link/network/dtls/mbedtls/mbedtls-2.16.2/library\platform.c **** 
  58:C:/Users/dtjld/workspace/AIoT/src/LiteOS_Lab/iot_link/network/dtls/mbedtls/mbedtls-2.16.2/library\platform.c **** #define MBEDTLS_PLATFORM_STD_FREE     platform_free_uninit
  59:C:/Users/dtjld/workspace/AIoT/src/LiteOS_Lab/iot_link/network/dtls/mbedtls/mbedtls-2.16.2/library\platform.c **** #endif /* !MBEDTLS_PLATFORM_STD_FREE */
  60:C:/Users/dtjld/workspace/AIoT/src/LiteOS_Lab/iot_link/network/dtls/mbedtls/mbedtls-2.16.2/library\platform.c **** 
  61:C:/Users/dtjld/workspace/AIoT/src/LiteOS_Lab/iot_link/network/dtls/mbedtls/mbedtls-2.16.2/library\platform.c **** static void * (*mbedtls_calloc_func)( size_t, size_t ) = MBEDTLS_PLATFORM_STD_CALLOC;
  62:C:/Users/dtjld/workspace/AIoT/src/LiteOS_Lab/iot_link/network/dtls/mbedtls/mbedtls-2.16.2/library\platform.c **** static void (*mbedtls_free_func)( void * ) = MBEDTLS_PLATFORM_STD_FREE;
  63:C:/Users/dtjld/workspace/AIoT/src/LiteOS_Lab/iot_link/network/dtls/mbedtls/mbedtls-2.16.2/library\platform.c **** 
  64:C:/Users/dtjld/workspace/AIoT/src/LiteOS_Lab/iot_link/network/dtls/mbedtls/mbedtls-2.16.2/library\platform.c **** void * mbedtls_calloc( size_t nmemb, size_t size )
  65:C:/Users/dtjld/workspace/AIoT/src/LiteOS_Lab/iot_link/network/dtls/mbedtls/mbedtls-2.16.2/library\platform.c **** {
  40              		.loc 1 65 0
  41              		.cfi_startproc
  42              		@ args = 0, pretend = 0, frame = 8
  43              		@ frame_needed = 1, uses_anonymous_args = 0
  44 0000 80B5     		push	{r7, lr}
  45              	.LCFI0:
  46              		.cfi_def_cfa_offset 8
  47              		.cfi_offset 7, -8
  48              		.cfi_offset 14, -4
  49 0002 82B0     		sub	sp, sp, #8
  50              	.LCFI1:
  51              		.cfi_def_cfa_offset 16
  52 0004 00AF     		add	r7, sp, #0
  53              	.LCFI2:
  54              		.cfi_def_cfa_register 7
ARM GAS  C:\Users\dtjld\AppData\Local\Temp\ccOdAPhn.s 			page 3


  55 0006 7860     		str	r0, [r7, #4]
  56 0008 3960     		str	r1, [r7]
  66:C:/Users/dtjld/workspace/AIoT/src/LiteOS_Lab/iot_link/network/dtls/mbedtls/mbedtls-2.16.2/library\platform.c ****     return (*mbedtls_calloc_func)( nmemb, size );
  57              		.loc 1 66 0
  58 000a 054B     		ldr	r3, .L3
  59 000c 1B68     		ldr	r3, [r3]
  60 000e 3968     		ldr	r1, [r7]
  61 0010 7868     		ldr	r0, [r7, #4]
  62 0012 9847     		blx	r3
  63              	.LVL0:
  64 0014 0346     		mov	r3, r0
  67:C:/Users/dtjld/workspace/AIoT/src/LiteOS_Lab/iot_link/network/dtls/mbedtls/mbedtls-2.16.2/library\platform.c **** }
  65              		.loc 1 67 0
  66 0016 1846     		mov	r0, r3
  67 0018 0837     		adds	r7, r7, #8
  68              	.LCFI3:
  69              		.cfi_def_cfa_offset 8
  70 001a BD46     		mov	sp, r7
  71              	.LCFI4:
  72              		.cfi_def_cfa_register 13
  73              		@ sp needed
  74 001c 80BD     		pop	{r7, pc}
  75              	.L4:
  76 001e 00BF     		.align	2
  77              	.L3:
  78 0020 00000000 		.word	mbedtls_calloc_func
  79              		.cfi_endproc
  80              	.LFE3:
  82              		.section	.text.mbedtls_free,"ax",%progbits
  83              		.align	1
  84              		.global	mbedtls_free
  85              		.syntax unified
  86              		.thumb
  87              		.thumb_func
  88              		.fpu fpv4-sp-d16
  90              	mbedtls_free:
  91              	.LFB4:
  68:C:/Users/dtjld/workspace/AIoT/src/LiteOS_Lab/iot_link/network/dtls/mbedtls/mbedtls-2.16.2/library\platform.c **** 
  69:C:/Users/dtjld/workspace/AIoT/src/LiteOS_Lab/iot_link/network/dtls/mbedtls/mbedtls-2.16.2/library\platform.c **** void mbedtls_free( void * ptr )
  70:C:/Users/dtjld/workspace/AIoT/src/LiteOS_Lab/iot_link/network/dtls/mbedtls/mbedtls-2.16.2/library\platform.c **** {
  92              		.loc 1 70 0
  93              		.cfi_startproc
  94              		@ args = 0, pretend = 0, frame = 8
  95              		@ frame_needed = 1, uses_anonymous_args = 0
  96 0000 80B5     		push	{r7, lr}
  97              	.LCFI5:
  98              		.cfi_def_cfa_offset 8
  99              		.cfi_offset 7, -8
 100              		.cfi_offset 14, -4
 101 0002 82B0     		sub	sp, sp, #8
 102              	.LCFI6:
 103              		.cfi_def_cfa_offset 16
 104 0004 00AF     		add	r7, sp, #0
 105              	.LCFI7:
 106              		.cfi_def_cfa_register 7
 107 0006 7860     		str	r0, [r7, #4]
  71:C:/Users/dtjld/workspace/AIoT/src/LiteOS_Lab/iot_link/network/dtls/mbedtls/mbedtls-2.16.2/library\platform.c ****     (*mbedtls_free_func)( ptr );
ARM GAS  C:\Users\dtjld\AppData\Local\Temp\ccOdAPhn.s 			page 4


 108              		.loc 1 71 0
 109 0008 034B     		ldr	r3, .L6
 110 000a 1B68     		ldr	r3, [r3]
 111 000c 7868     		ldr	r0, [r7, #4]
 112 000e 9847     		blx	r3
 113              	.LVL1:
  72:C:/Users/dtjld/workspace/AIoT/src/LiteOS_Lab/iot_link/network/dtls/mbedtls/mbedtls-2.16.2/library\platform.c **** }
 114              		.loc 1 72 0
 115 0010 00BF     		nop
 116 0012 0837     		adds	r7, r7, #8
 117              	.LCFI8:
 118              		.cfi_def_cfa_offset 8
 119 0014 BD46     		mov	sp, r7
 120              	.LCFI9:
 121              		.cfi_def_cfa_register 13
 122              		@ sp needed
 123 0016 80BD     		pop	{r7, pc}
 124              	.L7:
 125              		.align	2
 126              	.L6:
 127 0018 00000000 		.word	mbedtls_free_func
 128              		.cfi_endproc
 129              	.LFE4:
 131              		.section	.text.mbedtls_platform_set_calloc_free,"ax",%progbits
 132              		.align	1
 133              		.global	mbedtls_platform_set_calloc_free
 134              		.syntax unified
 135              		.thumb
 136              		.thumb_func
 137              		.fpu fpv4-sp-d16
 139              	mbedtls_platform_set_calloc_free:
 140              	.LFB5:
  73:C:/Users/dtjld/workspace/AIoT/src/LiteOS_Lab/iot_link/network/dtls/mbedtls/mbedtls-2.16.2/library\platform.c **** 
  74:C:/Users/dtjld/workspace/AIoT/src/LiteOS_Lab/iot_link/network/dtls/mbedtls/mbedtls-2.16.2/library\platform.c **** int mbedtls_platform_set_calloc_free( void * (*calloc_func)( size_t, size_t ),
  75:C:/Users/dtjld/workspace/AIoT/src/LiteOS_Lab/iot_link/network/dtls/mbedtls/mbedtls-2.16.2/library\platform.c ****                               void (*free_func)( void * ) )
  76:C:/Users/dtjld/workspace/AIoT/src/LiteOS_Lab/iot_link/network/dtls/mbedtls/mbedtls-2.16.2/library\platform.c **** {
 141              		.loc 1 76 0
 142              		.cfi_startproc
 143              		@ args = 0, pretend = 0, frame = 8
 144              		@ frame_needed = 1, uses_anonymous_args = 0
 145              		@ link register save eliminated.
 146 0000 80B4     		push	{r7}
 147              	.LCFI10:
 148              		.cfi_def_cfa_offset 4
 149              		.cfi_offset 7, -4
 150 0002 83B0     		sub	sp, sp, #12
 151              	.LCFI11:
 152              		.cfi_def_cfa_offset 16
 153 0004 00AF     		add	r7, sp, #0
 154              	.LCFI12:
 155              		.cfi_def_cfa_register 7
 156 0006 7860     		str	r0, [r7, #4]
 157 0008 3960     		str	r1, [r7]
  77:C:/Users/dtjld/workspace/AIoT/src/LiteOS_Lab/iot_link/network/dtls/mbedtls/mbedtls-2.16.2/library\platform.c ****     mbedtls_calloc_func = calloc_func;
 158              		.loc 1 77 0
 159 000a 064A     		ldr	r2, .L10
 160 000c 7B68     		ldr	r3, [r7, #4]
ARM GAS  C:\Users\dtjld\AppData\Local\Temp\ccOdAPhn.s 			page 5


 161 000e 1360     		str	r3, [r2]
  78:C:/Users/dtjld/workspace/AIoT/src/LiteOS_Lab/iot_link/network/dtls/mbedtls/mbedtls-2.16.2/library\platform.c ****     mbedtls_free_func = free_func;
 162              		.loc 1 78 0
 163 0010 054A     		ldr	r2, .L10+4
 164 0012 3B68     		ldr	r3, [r7]
 165 0014 1360     		str	r3, [r2]
  79:C:/Users/dtjld/workspace/AIoT/src/LiteOS_Lab/iot_link/network/dtls/mbedtls/mbedtls-2.16.2/library\platform.c ****     return( 0 );
 166              		.loc 1 79 0
 167 0016 0023     		movs	r3, #0
  80:C:/Users/dtjld/workspace/AIoT/src/LiteOS_Lab/iot_link/network/dtls/mbedtls/mbedtls-2.16.2/library\platform.c **** }
 168              		.loc 1 80 0
 169 0018 1846     		mov	r0, r3
 170 001a 0C37     		adds	r7, r7, #12
 171              	.LCFI13:
 172              		.cfi_def_cfa_offset 4
 173 001c BD46     		mov	sp, r7
 174              	.LCFI14:
 175              		.cfi_def_cfa_register 13
 176              		@ sp needed
 177 001e 5DF8047B 		ldr	r7, [sp], #4
 178              	.LCFI15:
 179              		.cfi_restore 7
 180              		.cfi_def_cfa_offset 0
 181 0022 7047     		bx	lr
 182              	.L11:
 183              		.align	2
 184              	.L10:
 185 0024 00000000 		.word	mbedtls_calloc_func
 186 0028 00000000 		.word	mbedtls_free_func
 187              		.cfi_endproc
 188              	.LFE5:
 190              		.global	mbedtls_snprintf
 191              		.section	.data.mbedtls_snprintf,"aw",%progbits
 192              		.align	2
 195              	mbedtls_snprintf:
 196 0000 00000000 		.word	snprintf
 197              		.section	.text.mbedtls_platform_set_snprintf,"ax",%progbits
 198              		.align	1
 199              		.global	mbedtls_platform_set_snprintf
 200              		.syntax unified
 201              		.thumb
 202              		.thumb_func
 203              		.fpu fpv4-sp-d16
 205              	mbedtls_platform_set_snprintf:
 206              	.LFB6:
  81:C:/Users/dtjld/workspace/AIoT/src/LiteOS_Lab/iot_link/network/dtls/mbedtls/mbedtls-2.16.2/library\platform.c **** #endif /* MBEDTLS_PLATFORM_MEMORY &&
  82:C:/Users/dtjld/workspace/AIoT/src/LiteOS_Lab/iot_link/network/dtls/mbedtls/mbedtls-2.16.2/library\platform.c ****           !( defined(MBEDTLS_PLATFORM_CALLOC_MACRO) &&
  83:C:/Users/dtjld/workspace/AIoT/src/LiteOS_Lab/iot_link/network/dtls/mbedtls/mbedtls-2.16.2/library\platform.c ****              defined(MBEDTLS_PLATFORM_FREE_MACRO) ) */
  84:C:/Users/dtjld/workspace/AIoT/src/LiteOS_Lab/iot_link/network/dtls/mbedtls/mbedtls-2.16.2/library\platform.c **** 
  85:C:/Users/dtjld/workspace/AIoT/src/LiteOS_Lab/iot_link/network/dtls/mbedtls/mbedtls-2.16.2/library\platform.c **** #if defined(_WIN32)
  86:C:/Users/dtjld/workspace/AIoT/src/LiteOS_Lab/iot_link/network/dtls/mbedtls/mbedtls-2.16.2/library\platform.c **** #include <stdarg.h>
  87:C:/Users/dtjld/workspace/AIoT/src/LiteOS_Lab/iot_link/network/dtls/mbedtls/mbedtls-2.16.2/library\platform.c **** int mbedtls_platform_win32_snprintf( char *s, size_t n, const char *fmt, ... )
  88:C:/Users/dtjld/workspace/AIoT/src/LiteOS_Lab/iot_link/network/dtls/mbedtls/mbedtls-2.16.2/library\platform.c **** {
  89:C:/Users/dtjld/workspace/AIoT/src/LiteOS_Lab/iot_link/network/dtls/mbedtls/mbedtls-2.16.2/library\platform.c ****     int ret;
  90:C:/Users/dtjld/workspace/AIoT/src/LiteOS_Lab/iot_link/network/dtls/mbedtls/mbedtls-2.16.2/library\platform.c ****     va_list argp;
  91:C:/Users/dtjld/workspace/AIoT/src/LiteOS_Lab/iot_link/network/dtls/mbedtls/mbedtls-2.16.2/library\platform.c **** 
  92:C:/Users/dtjld/workspace/AIoT/src/LiteOS_Lab/iot_link/network/dtls/mbedtls/mbedtls-2.16.2/library\platform.c ****     /* Avoid calling the invalid parameter handler by checking ourselves */
ARM GAS  C:\Users\dtjld\AppData\Local\Temp\ccOdAPhn.s 			page 6


  93:C:/Users/dtjld/workspace/AIoT/src/LiteOS_Lab/iot_link/network/dtls/mbedtls/mbedtls-2.16.2/library\platform.c ****     if( s == NULL || n == 0 || fmt == NULL )
  94:C:/Users/dtjld/workspace/AIoT/src/LiteOS_Lab/iot_link/network/dtls/mbedtls/mbedtls-2.16.2/library\platform.c ****         return( -1 );
  95:C:/Users/dtjld/workspace/AIoT/src/LiteOS_Lab/iot_link/network/dtls/mbedtls/mbedtls-2.16.2/library\platform.c **** 
  96:C:/Users/dtjld/workspace/AIoT/src/LiteOS_Lab/iot_link/network/dtls/mbedtls/mbedtls-2.16.2/library\platform.c ****     va_start( argp, fmt );
  97:C:/Users/dtjld/workspace/AIoT/src/LiteOS_Lab/iot_link/network/dtls/mbedtls/mbedtls-2.16.2/library\platform.c **** #if defined(_TRUNCATE) && !defined(__MINGW32__)
  98:C:/Users/dtjld/workspace/AIoT/src/LiteOS_Lab/iot_link/network/dtls/mbedtls/mbedtls-2.16.2/library\platform.c ****     ret = _vsnprintf_s( s, n, _TRUNCATE, fmt, argp );
  99:C:/Users/dtjld/workspace/AIoT/src/LiteOS_Lab/iot_link/network/dtls/mbedtls/mbedtls-2.16.2/library\platform.c **** #else
 100:C:/Users/dtjld/workspace/AIoT/src/LiteOS_Lab/iot_link/network/dtls/mbedtls/mbedtls-2.16.2/library\platform.c ****     ret = _vsnprintf( s, n, fmt, argp );
 101:C:/Users/dtjld/workspace/AIoT/src/LiteOS_Lab/iot_link/network/dtls/mbedtls/mbedtls-2.16.2/library\platform.c ****     if( ret < 0 || (size_t) ret == n )
 102:C:/Users/dtjld/workspace/AIoT/src/LiteOS_Lab/iot_link/network/dtls/mbedtls/mbedtls-2.16.2/library\platform.c ****     {
 103:C:/Users/dtjld/workspace/AIoT/src/LiteOS_Lab/iot_link/network/dtls/mbedtls/mbedtls-2.16.2/library\platform.c ****         s[n-1] = '\0';
 104:C:/Users/dtjld/workspace/AIoT/src/LiteOS_Lab/iot_link/network/dtls/mbedtls/mbedtls-2.16.2/library\platform.c ****         ret = -1;
 105:C:/Users/dtjld/workspace/AIoT/src/LiteOS_Lab/iot_link/network/dtls/mbedtls/mbedtls-2.16.2/library\platform.c ****     }
 106:C:/Users/dtjld/workspace/AIoT/src/LiteOS_Lab/iot_link/network/dtls/mbedtls/mbedtls-2.16.2/library\platform.c **** #endif
 107:C:/Users/dtjld/workspace/AIoT/src/LiteOS_Lab/iot_link/network/dtls/mbedtls/mbedtls-2.16.2/library\platform.c ****     va_end( argp );
 108:C:/Users/dtjld/workspace/AIoT/src/LiteOS_Lab/iot_link/network/dtls/mbedtls/mbedtls-2.16.2/library\platform.c **** 
 109:C:/Users/dtjld/workspace/AIoT/src/LiteOS_Lab/iot_link/network/dtls/mbedtls/mbedtls-2.16.2/library\platform.c ****     return( ret );
 110:C:/Users/dtjld/workspace/AIoT/src/LiteOS_Lab/iot_link/network/dtls/mbedtls/mbedtls-2.16.2/library\platform.c **** }
 111:C:/Users/dtjld/workspace/AIoT/src/LiteOS_Lab/iot_link/network/dtls/mbedtls/mbedtls-2.16.2/library\platform.c **** #endif
 112:C:/Users/dtjld/workspace/AIoT/src/LiteOS_Lab/iot_link/network/dtls/mbedtls/mbedtls-2.16.2/library\platform.c **** 
 113:C:/Users/dtjld/workspace/AIoT/src/LiteOS_Lab/iot_link/network/dtls/mbedtls/mbedtls-2.16.2/library\platform.c **** #if defined(MBEDTLS_PLATFORM_SNPRINTF_ALT)
 114:C:/Users/dtjld/workspace/AIoT/src/LiteOS_Lab/iot_link/network/dtls/mbedtls/mbedtls-2.16.2/library\platform.c **** #if !defined(MBEDTLS_PLATFORM_STD_SNPRINTF)
 115:C:/Users/dtjld/workspace/AIoT/src/LiteOS_Lab/iot_link/network/dtls/mbedtls/mbedtls-2.16.2/library\platform.c **** /*
 116:C:/Users/dtjld/workspace/AIoT/src/LiteOS_Lab/iot_link/network/dtls/mbedtls/mbedtls-2.16.2/library\platform.c ****  * Make dummy function to prevent NULL pointer dereferences
 117:C:/Users/dtjld/workspace/AIoT/src/LiteOS_Lab/iot_link/network/dtls/mbedtls/mbedtls-2.16.2/library\platform.c ****  */
 118:C:/Users/dtjld/workspace/AIoT/src/LiteOS_Lab/iot_link/network/dtls/mbedtls/mbedtls-2.16.2/library\platform.c **** static int platform_snprintf_uninit( char * s, size_t n,
 119:C:/Users/dtjld/workspace/AIoT/src/LiteOS_Lab/iot_link/network/dtls/mbedtls/mbedtls-2.16.2/library\platform.c ****                                      const char * format, ... )
 120:C:/Users/dtjld/workspace/AIoT/src/LiteOS_Lab/iot_link/network/dtls/mbedtls/mbedtls-2.16.2/library\platform.c **** {
 121:C:/Users/dtjld/workspace/AIoT/src/LiteOS_Lab/iot_link/network/dtls/mbedtls/mbedtls-2.16.2/library\platform.c ****     ((void) s);
 122:C:/Users/dtjld/workspace/AIoT/src/LiteOS_Lab/iot_link/network/dtls/mbedtls/mbedtls-2.16.2/library\platform.c ****     ((void) n);
 123:C:/Users/dtjld/workspace/AIoT/src/LiteOS_Lab/iot_link/network/dtls/mbedtls/mbedtls-2.16.2/library\platform.c ****     ((void) format);
 124:C:/Users/dtjld/workspace/AIoT/src/LiteOS_Lab/iot_link/network/dtls/mbedtls/mbedtls-2.16.2/library\platform.c ****     return( 0 );
 125:C:/Users/dtjld/workspace/AIoT/src/LiteOS_Lab/iot_link/network/dtls/mbedtls/mbedtls-2.16.2/library\platform.c **** }
 126:C:/Users/dtjld/workspace/AIoT/src/LiteOS_Lab/iot_link/network/dtls/mbedtls/mbedtls-2.16.2/library\platform.c **** 
 127:C:/Users/dtjld/workspace/AIoT/src/LiteOS_Lab/iot_link/network/dtls/mbedtls/mbedtls-2.16.2/library\platform.c **** #define MBEDTLS_PLATFORM_STD_SNPRINTF    platform_snprintf_uninit
 128:C:/Users/dtjld/workspace/AIoT/src/LiteOS_Lab/iot_link/network/dtls/mbedtls/mbedtls-2.16.2/library\platform.c **** #endif /* !MBEDTLS_PLATFORM_STD_SNPRINTF */
 129:C:/Users/dtjld/workspace/AIoT/src/LiteOS_Lab/iot_link/network/dtls/mbedtls/mbedtls-2.16.2/library\platform.c **** 
 130:C:/Users/dtjld/workspace/AIoT/src/LiteOS_Lab/iot_link/network/dtls/mbedtls/mbedtls-2.16.2/library\platform.c **** int (*mbedtls_snprintf)( char * s, size_t n,
 131:C:/Users/dtjld/workspace/AIoT/src/LiteOS_Lab/iot_link/network/dtls/mbedtls/mbedtls-2.16.2/library\platform.c ****                           const char * format,
 132:C:/Users/dtjld/workspace/AIoT/src/LiteOS_Lab/iot_link/network/dtls/mbedtls/mbedtls-2.16.2/library\platform.c ****                           ... ) = MBEDTLS_PLATFORM_STD_SNPRINTF;
 133:C:/Users/dtjld/workspace/AIoT/src/LiteOS_Lab/iot_link/network/dtls/mbedtls/mbedtls-2.16.2/library\platform.c **** 
 134:C:/Users/dtjld/workspace/AIoT/src/LiteOS_Lab/iot_link/network/dtls/mbedtls/mbedtls-2.16.2/library\platform.c **** int mbedtls_platform_set_snprintf( int (*snprintf_func)( char * s, size_t n,
 135:C:/Users/dtjld/workspace/AIoT/src/LiteOS_Lab/iot_link/network/dtls/mbedtls/mbedtls-2.16.2/library\platform.c ****                                                  const char * format,
 136:C:/Users/dtjld/workspace/AIoT/src/LiteOS_Lab/iot_link/network/dtls/mbedtls/mbedtls-2.16.2/library\platform.c ****                                                  ... ) )
 137:C:/Users/dtjld/workspace/AIoT/src/LiteOS_Lab/iot_link/network/dtls/mbedtls/mbedtls-2.16.2/library\platform.c **** {
 207              		.loc 1 137 0
 208              		.cfi_startproc
 209              		@ args = 0, pretend = 0, frame = 8
 210              		@ frame_needed = 1, uses_anonymous_args = 0
 211              		@ link register save eliminated.
 212 0000 80B4     		push	{r7}
 213              	.LCFI16:
 214              		.cfi_def_cfa_offset 4
 215              		.cfi_offset 7, -4
 216 0002 83B0     		sub	sp, sp, #12
 217              	.LCFI17:
 218              		.cfi_def_cfa_offset 16
ARM GAS  C:\Users\dtjld\AppData\Local\Temp\ccOdAPhn.s 			page 7


 219 0004 00AF     		add	r7, sp, #0
 220              	.LCFI18:
 221              		.cfi_def_cfa_register 7
 222 0006 7860     		str	r0, [r7, #4]
 138:C:/Users/dtjld/workspace/AIoT/src/LiteOS_Lab/iot_link/network/dtls/mbedtls/mbedtls-2.16.2/library\platform.c ****     mbedtls_snprintf = snprintf_func;
 223              		.loc 1 138 0
 224 0008 044A     		ldr	r2, .L14
 225 000a 7B68     		ldr	r3, [r7, #4]
 226 000c 1360     		str	r3, [r2]
 139:C:/Users/dtjld/workspace/AIoT/src/LiteOS_Lab/iot_link/network/dtls/mbedtls/mbedtls-2.16.2/library\platform.c ****     return( 0 );
 227              		.loc 1 139 0
 228 000e 0023     		movs	r3, #0
 140:C:/Users/dtjld/workspace/AIoT/src/LiteOS_Lab/iot_link/network/dtls/mbedtls/mbedtls-2.16.2/library\platform.c **** }
 229              		.loc 1 140 0
 230 0010 1846     		mov	r0, r3
 231 0012 0C37     		adds	r7, r7, #12
 232              	.LCFI19:
 233              		.cfi_def_cfa_offset 4
 234 0014 BD46     		mov	sp, r7
 235              	.LCFI20:
 236              		.cfi_def_cfa_register 13
 237              		@ sp needed
 238 0016 5DF8047B 		ldr	r7, [sp], #4
 239              	.LCFI21:
 240              		.cfi_restore 7
 241              		.cfi_def_cfa_offset 0
 242 001a 7047     		bx	lr
 243              	.L15:
 244              		.align	2
 245              	.L14:
 246 001c 00000000 		.word	mbedtls_snprintf
 247              		.cfi_endproc
 248              	.LFE6:
 250              		.global	mbedtls_printf
 251              		.section	.data.mbedtls_printf,"aw",%progbits
 252              		.align	2
 255              	mbedtls_printf:
 256 0000 00000000 		.word	printf
 257              		.section	.text.mbedtls_platform_set_printf,"ax",%progbits
 258              		.align	1
 259              		.global	mbedtls_platform_set_printf
 260              		.syntax unified
 261              		.thumb
 262              		.thumb_func
 263              		.fpu fpv4-sp-d16
 265              	mbedtls_platform_set_printf:
 266              	.LFB7:
 141:C:/Users/dtjld/workspace/AIoT/src/LiteOS_Lab/iot_link/network/dtls/mbedtls/mbedtls-2.16.2/library\platform.c **** #endif /* MBEDTLS_PLATFORM_SNPRINTF_ALT */
 142:C:/Users/dtjld/workspace/AIoT/src/LiteOS_Lab/iot_link/network/dtls/mbedtls/mbedtls-2.16.2/library\platform.c **** 
 143:C:/Users/dtjld/workspace/AIoT/src/LiteOS_Lab/iot_link/network/dtls/mbedtls/mbedtls-2.16.2/library\platform.c **** #if defined(MBEDTLS_PLATFORM_PRINTF_ALT)
 144:C:/Users/dtjld/workspace/AIoT/src/LiteOS_Lab/iot_link/network/dtls/mbedtls/mbedtls-2.16.2/library\platform.c **** #if !defined(MBEDTLS_PLATFORM_STD_PRINTF)
 145:C:/Users/dtjld/workspace/AIoT/src/LiteOS_Lab/iot_link/network/dtls/mbedtls/mbedtls-2.16.2/library\platform.c **** /*
 146:C:/Users/dtjld/workspace/AIoT/src/LiteOS_Lab/iot_link/network/dtls/mbedtls/mbedtls-2.16.2/library\platform.c ****  * Make dummy function to prevent NULL pointer dereferences
 147:C:/Users/dtjld/workspace/AIoT/src/LiteOS_Lab/iot_link/network/dtls/mbedtls/mbedtls-2.16.2/library\platform.c ****  */
 148:C:/Users/dtjld/workspace/AIoT/src/LiteOS_Lab/iot_link/network/dtls/mbedtls/mbedtls-2.16.2/library\platform.c **** static int platform_printf_uninit( const char *format, ... )
 149:C:/Users/dtjld/workspace/AIoT/src/LiteOS_Lab/iot_link/network/dtls/mbedtls/mbedtls-2.16.2/library\platform.c **** {
 150:C:/Users/dtjld/workspace/AIoT/src/LiteOS_Lab/iot_link/network/dtls/mbedtls/mbedtls-2.16.2/library\platform.c ****     ((void) format);
ARM GAS  C:\Users\dtjld\AppData\Local\Temp\ccOdAPhn.s 			page 8


 151:C:/Users/dtjld/workspace/AIoT/src/LiteOS_Lab/iot_link/network/dtls/mbedtls/mbedtls-2.16.2/library\platform.c ****     return( 0 );
 152:C:/Users/dtjld/workspace/AIoT/src/LiteOS_Lab/iot_link/network/dtls/mbedtls/mbedtls-2.16.2/library\platform.c **** }
 153:C:/Users/dtjld/workspace/AIoT/src/LiteOS_Lab/iot_link/network/dtls/mbedtls/mbedtls-2.16.2/library\platform.c **** 
 154:C:/Users/dtjld/workspace/AIoT/src/LiteOS_Lab/iot_link/network/dtls/mbedtls/mbedtls-2.16.2/library\platform.c **** #define MBEDTLS_PLATFORM_STD_PRINTF    platform_printf_uninit
 155:C:/Users/dtjld/workspace/AIoT/src/LiteOS_Lab/iot_link/network/dtls/mbedtls/mbedtls-2.16.2/library\platform.c **** #endif /* !MBEDTLS_PLATFORM_STD_PRINTF */
 156:C:/Users/dtjld/workspace/AIoT/src/LiteOS_Lab/iot_link/network/dtls/mbedtls/mbedtls-2.16.2/library\platform.c **** 
 157:C:/Users/dtjld/workspace/AIoT/src/LiteOS_Lab/iot_link/network/dtls/mbedtls/mbedtls-2.16.2/library\platform.c **** int (*mbedtls_printf)( const char *, ... ) = MBEDTLS_PLATFORM_STD_PRINTF;
 158:C:/Users/dtjld/workspace/AIoT/src/LiteOS_Lab/iot_link/network/dtls/mbedtls/mbedtls-2.16.2/library\platform.c **** 
 159:C:/Users/dtjld/workspace/AIoT/src/LiteOS_Lab/iot_link/network/dtls/mbedtls/mbedtls-2.16.2/library\platform.c **** int mbedtls_platform_set_printf( int (*printf_func)( const char *, ... ) )
 160:C:/Users/dtjld/workspace/AIoT/src/LiteOS_Lab/iot_link/network/dtls/mbedtls/mbedtls-2.16.2/library\platform.c **** {
 267              		.loc 1 160 0
 268              		.cfi_startproc
 269              		@ args = 0, pretend = 0, frame = 8
 270              		@ frame_needed = 1, uses_anonymous_args = 0
 271              		@ link register save eliminated.
 272 0000 80B4     		push	{r7}
 273              	.LCFI22:
 274              		.cfi_def_cfa_offset 4
 275              		.cfi_offset 7, -4
 276 0002 83B0     		sub	sp, sp, #12
 277              	.LCFI23:
 278              		.cfi_def_cfa_offset 16
 279 0004 00AF     		add	r7, sp, #0
 280              	.LCFI24:
 281              		.cfi_def_cfa_register 7
 282 0006 7860     		str	r0, [r7, #4]
 161:C:/Users/dtjld/workspace/AIoT/src/LiteOS_Lab/iot_link/network/dtls/mbedtls/mbedtls-2.16.2/library\platform.c ****     mbedtls_printf = printf_func;
 283              		.loc 1 161 0
 284 0008 044A     		ldr	r2, .L18
 285 000a 7B68     		ldr	r3, [r7, #4]
 286 000c 1360     		str	r3, [r2]
 162:C:/Users/dtjld/workspace/AIoT/src/LiteOS_Lab/iot_link/network/dtls/mbedtls/mbedtls-2.16.2/library\platform.c ****     return( 0 );
 287              		.loc 1 162 0
 288 000e 0023     		movs	r3, #0
 163:C:/Users/dtjld/workspace/AIoT/src/LiteOS_Lab/iot_link/network/dtls/mbedtls/mbedtls-2.16.2/library\platform.c **** }
 289              		.loc 1 163 0
 290 0010 1846     		mov	r0, r3
 291 0012 0C37     		adds	r7, r7, #12
 292              	.LCFI25:
 293              		.cfi_def_cfa_offset 4
 294 0014 BD46     		mov	sp, r7
 295              	.LCFI26:
 296              		.cfi_def_cfa_register 13
 297              		@ sp needed
 298 0016 5DF8047B 		ldr	r7, [sp], #4
 299              	.LCFI27:
 300              		.cfi_restore 7
 301              		.cfi_def_cfa_offset 0
 302 001a 7047     		bx	lr
 303              	.L19:
 304              		.align	2
 305              	.L18:
 306 001c 00000000 		.word	mbedtls_printf
 307              		.cfi_endproc
 308              	.LFE7:
 310              		.section	.text.mbedtls_platform_setup,"ax",%progbits
 311              		.align	1
ARM GAS  C:\Users\dtjld\AppData\Local\Temp\ccOdAPhn.s 			page 9


 312              		.global	mbedtls_platform_setup
 313              		.syntax unified
 314              		.thumb
 315              		.thumb_func
 316              		.fpu fpv4-sp-d16
 318              	mbedtls_platform_setup:
 319              	.LFB8:
 164:C:/Users/dtjld/workspace/AIoT/src/LiteOS_Lab/iot_link/network/dtls/mbedtls/mbedtls-2.16.2/library\platform.c **** #endif /* MBEDTLS_PLATFORM_PRINTF_ALT */
 165:C:/Users/dtjld/workspace/AIoT/src/LiteOS_Lab/iot_link/network/dtls/mbedtls/mbedtls-2.16.2/library\platform.c **** 
 166:C:/Users/dtjld/workspace/AIoT/src/LiteOS_Lab/iot_link/network/dtls/mbedtls/mbedtls-2.16.2/library\platform.c **** #if defined(MBEDTLS_PLATFORM_FPRINTF_ALT)
 167:C:/Users/dtjld/workspace/AIoT/src/LiteOS_Lab/iot_link/network/dtls/mbedtls/mbedtls-2.16.2/library\platform.c **** #if !defined(MBEDTLS_PLATFORM_STD_FPRINTF)
 168:C:/Users/dtjld/workspace/AIoT/src/LiteOS_Lab/iot_link/network/dtls/mbedtls/mbedtls-2.16.2/library\platform.c **** /*
 169:C:/Users/dtjld/workspace/AIoT/src/LiteOS_Lab/iot_link/network/dtls/mbedtls/mbedtls-2.16.2/library\platform.c ****  * Make dummy function to prevent NULL pointer dereferences
 170:C:/Users/dtjld/workspace/AIoT/src/LiteOS_Lab/iot_link/network/dtls/mbedtls/mbedtls-2.16.2/library\platform.c ****  */
 171:C:/Users/dtjld/workspace/AIoT/src/LiteOS_Lab/iot_link/network/dtls/mbedtls/mbedtls-2.16.2/library\platform.c **** static int platform_fprintf_uninit( FILE *stream, const char *format, ... )
 172:C:/Users/dtjld/workspace/AIoT/src/LiteOS_Lab/iot_link/network/dtls/mbedtls/mbedtls-2.16.2/library\platform.c **** {
 173:C:/Users/dtjld/workspace/AIoT/src/LiteOS_Lab/iot_link/network/dtls/mbedtls/mbedtls-2.16.2/library\platform.c ****     ((void) stream);
 174:C:/Users/dtjld/workspace/AIoT/src/LiteOS_Lab/iot_link/network/dtls/mbedtls/mbedtls-2.16.2/library\platform.c ****     ((void) format);
 175:C:/Users/dtjld/workspace/AIoT/src/LiteOS_Lab/iot_link/network/dtls/mbedtls/mbedtls-2.16.2/library\platform.c ****     return( 0 );
 176:C:/Users/dtjld/workspace/AIoT/src/LiteOS_Lab/iot_link/network/dtls/mbedtls/mbedtls-2.16.2/library\platform.c **** }
 177:C:/Users/dtjld/workspace/AIoT/src/LiteOS_Lab/iot_link/network/dtls/mbedtls/mbedtls-2.16.2/library\platform.c **** 
 178:C:/Users/dtjld/workspace/AIoT/src/LiteOS_Lab/iot_link/network/dtls/mbedtls/mbedtls-2.16.2/library\platform.c **** #define MBEDTLS_PLATFORM_STD_FPRINTF   platform_fprintf_uninit
 179:C:/Users/dtjld/workspace/AIoT/src/LiteOS_Lab/iot_link/network/dtls/mbedtls/mbedtls-2.16.2/library\platform.c **** #endif /* !MBEDTLS_PLATFORM_STD_FPRINTF */
 180:C:/Users/dtjld/workspace/AIoT/src/LiteOS_Lab/iot_link/network/dtls/mbedtls/mbedtls-2.16.2/library\platform.c **** 
 181:C:/Users/dtjld/workspace/AIoT/src/LiteOS_Lab/iot_link/network/dtls/mbedtls/mbedtls-2.16.2/library\platform.c **** int (*mbedtls_fprintf)( FILE *, const char *, ... ) =
 182:C:/Users/dtjld/workspace/AIoT/src/LiteOS_Lab/iot_link/network/dtls/mbedtls/mbedtls-2.16.2/library\platform.c ****                                         MBEDTLS_PLATFORM_STD_FPRINTF;
 183:C:/Users/dtjld/workspace/AIoT/src/LiteOS_Lab/iot_link/network/dtls/mbedtls/mbedtls-2.16.2/library\platform.c **** 
 184:C:/Users/dtjld/workspace/AIoT/src/LiteOS_Lab/iot_link/network/dtls/mbedtls/mbedtls-2.16.2/library\platform.c **** int mbedtls_platform_set_fprintf( int (*fprintf_func)( FILE *, const char *, ... ) )
 185:C:/Users/dtjld/workspace/AIoT/src/LiteOS_Lab/iot_link/network/dtls/mbedtls/mbedtls-2.16.2/library\platform.c **** {
 186:C:/Users/dtjld/workspace/AIoT/src/LiteOS_Lab/iot_link/network/dtls/mbedtls/mbedtls-2.16.2/library\platform.c ****     mbedtls_fprintf = fprintf_func;
 187:C:/Users/dtjld/workspace/AIoT/src/LiteOS_Lab/iot_link/network/dtls/mbedtls/mbedtls-2.16.2/library\platform.c ****     return( 0 );
 188:C:/Users/dtjld/workspace/AIoT/src/LiteOS_Lab/iot_link/network/dtls/mbedtls/mbedtls-2.16.2/library\platform.c **** }
 189:C:/Users/dtjld/workspace/AIoT/src/LiteOS_Lab/iot_link/network/dtls/mbedtls/mbedtls-2.16.2/library\platform.c **** #endif /* MBEDTLS_PLATFORM_FPRINTF_ALT */
 190:C:/Users/dtjld/workspace/AIoT/src/LiteOS_Lab/iot_link/network/dtls/mbedtls/mbedtls-2.16.2/library\platform.c **** 
 191:C:/Users/dtjld/workspace/AIoT/src/LiteOS_Lab/iot_link/network/dtls/mbedtls/mbedtls-2.16.2/library\platform.c **** #if defined(MBEDTLS_PLATFORM_EXIT_ALT)
 192:C:/Users/dtjld/workspace/AIoT/src/LiteOS_Lab/iot_link/network/dtls/mbedtls/mbedtls-2.16.2/library\platform.c **** #if !defined(MBEDTLS_PLATFORM_STD_EXIT)
 193:C:/Users/dtjld/workspace/AIoT/src/LiteOS_Lab/iot_link/network/dtls/mbedtls/mbedtls-2.16.2/library\platform.c **** /*
 194:C:/Users/dtjld/workspace/AIoT/src/LiteOS_Lab/iot_link/network/dtls/mbedtls/mbedtls-2.16.2/library\platform.c ****  * Make dummy function to prevent NULL pointer dereferences
 195:C:/Users/dtjld/workspace/AIoT/src/LiteOS_Lab/iot_link/network/dtls/mbedtls/mbedtls-2.16.2/library\platform.c ****  */
 196:C:/Users/dtjld/workspace/AIoT/src/LiteOS_Lab/iot_link/network/dtls/mbedtls/mbedtls-2.16.2/library\platform.c **** static void platform_exit_uninit( int status )
 197:C:/Users/dtjld/workspace/AIoT/src/LiteOS_Lab/iot_link/network/dtls/mbedtls/mbedtls-2.16.2/library\platform.c **** {
 198:C:/Users/dtjld/workspace/AIoT/src/LiteOS_Lab/iot_link/network/dtls/mbedtls/mbedtls-2.16.2/library\platform.c ****     ((void) status);
 199:C:/Users/dtjld/workspace/AIoT/src/LiteOS_Lab/iot_link/network/dtls/mbedtls/mbedtls-2.16.2/library\platform.c **** }
 200:C:/Users/dtjld/workspace/AIoT/src/LiteOS_Lab/iot_link/network/dtls/mbedtls/mbedtls-2.16.2/library\platform.c **** 
 201:C:/Users/dtjld/workspace/AIoT/src/LiteOS_Lab/iot_link/network/dtls/mbedtls/mbedtls-2.16.2/library\platform.c **** #define MBEDTLS_PLATFORM_STD_EXIT   platform_exit_uninit
 202:C:/Users/dtjld/workspace/AIoT/src/LiteOS_Lab/iot_link/network/dtls/mbedtls/mbedtls-2.16.2/library\platform.c **** #endif /* !MBEDTLS_PLATFORM_STD_EXIT */
 203:C:/Users/dtjld/workspace/AIoT/src/LiteOS_Lab/iot_link/network/dtls/mbedtls/mbedtls-2.16.2/library\platform.c **** 
 204:C:/Users/dtjld/workspace/AIoT/src/LiteOS_Lab/iot_link/network/dtls/mbedtls/mbedtls-2.16.2/library\platform.c **** void (*mbedtls_exit)( int status ) = MBEDTLS_PLATFORM_STD_EXIT;
 205:C:/Users/dtjld/workspace/AIoT/src/LiteOS_Lab/iot_link/network/dtls/mbedtls/mbedtls-2.16.2/library\platform.c **** 
 206:C:/Users/dtjld/workspace/AIoT/src/LiteOS_Lab/iot_link/network/dtls/mbedtls/mbedtls-2.16.2/library\platform.c **** int mbedtls_platform_set_exit( void (*exit_func)( int status ) )
 207:C:/Users/dtjld/workspace/AIoT/src/LiteOS_Lab/iot_link/network/dtls/mbedtls/mbedtls-2.16.2/library\platform.c **** {
 208:C:/Users/dtjld/workspace/AIoT/src/LiteOS_Lab/iot_link/network/dtls/mbedtls/mbedtls-2.16.2/library\platform.c ****     mbedtls_exit = exit_func;
 209:C:/Users/dtjld/workspace/AIoT/src/LiteOS_Lab/iot_link/network/dtls/mbedtls/mbedtls-2.16.2/library\platform.c ****     return( 0 );
 210:C:/Users/dtjld/workspace/AIoT/src/LiteOS_Lab/iot_link/network/dtls/mbedtls/mbedtls-2.16.2/library\platform.c **** }
 211:C:/Users/dtjld/workspace/AIoT/src/LiteOS_Lab/iot_link/network/dtls/mbedtls/mbedtls-2.16.2/library\platform.c **** #endif /* MBEDTLS_PLATFORM_EXIT_ALT */
 212:C:/Users/dtjld/workspace/AIoT/src/LiteOS_Lab/iot_link/network/dtls/mbedtls/mbedtls-2.16.2/library\platform.c **** 
 213:C:/Users/dtjld/workspace/AIoT/src/LiteOS_Lab/iot_link/network/dtls/mbedtls/mbedtls-2.16.2/library\platform.c **** #if defined(MBEDTLS_HAVE_TIME)
ARM GAS  C:\Users\dtjld\AppData\Local\Temp\ccOdAPhn.s 			page 10


 214:C:/Users/dtjld/workspace/AIoT/src/LiteOS_Lab/iot_link/network/dtls/mbedtls/mbedtls-2.16.2/library\platform.c **** 
 215:C:/Users/dtjld/workspace/AIoT/src/LiteOS_Lab/iot_link/network/dtls/mbedtls/mbedtls-2.16.2/library\platform.c **** #if defined(MBEDTLS_PLATFORM_TIME_ALT)
 216:C:/Users/dtjld/workspace/AIoT/src/LiteOS_Lab/iot_link/network/dtls/mbedtls/mbedtls-2.16.2/library\platform.c **** #if !defined(MBEDTLS_PLATFORM_STD_TIME)
 217:C:/Users/dtjld/workspace/AIoT/src/LiteOS_Lab/iot_link/network/dtls/mbedtls/mbedtls-2.16.2/library\platform.c **** /*
 218:C:/Users/dtjld/workspace/AIoT/src/LiteOS_Lab/iot_link/network/dtls/mbedtls/mbedtls-2.16.2/library\platform.c ****  * Make dummy function to prevent NULL pointer dereferences
 219:C:/Users/dtjld/workspace/AIoT/src/LiteOS_Lab/iot_link/network/dtls/mbedtls/mbedtls-2.16.2/library\platform.c ****  */
 220:C:/Users/dtjld/workspace/AIoT/src/LiteOS_Lab/iot_link/network/dtls/mbedtls/mbedtls-2.16.2/library\platform.c **** static mbedtls_time_t platform_time_uninit( mbedtls_time_t* timer )
 221:C:/Users/dtjld/workspace/AIoT/src/LiteOS_Lab/iot_link/network/dtls/mbedtls/mbedtls-2.16.2/library\platform.c **** {
 222:C:/Users/dtjld/workspace/AIoT/src/LiteOS_Lab/iot_link/network/dtls/mbedtls/mbedtls-2.16.2/library\platform.c ****     ((void) timer);
 223:C:/Users/dtjld/workspace/AIoT/src/LiteOS_Lab/iot_link/network/dtls/mbedtls/mbedtls-2.16.2/library\platform.c ****     return( 0 );
 224:C:/Users/dtjld/workspace/AIoT/src/LiteOS_Lab/iot_link/network/dtls/mbedtls/mbedtls-2.16.2/library\platform.c **** }
 225:C:/Users/dtjld/workspace/AIoT/src/LiteOS_Lab/iot_link/network/dtls/mbedtls/mbedtls-2.16.2/library\platform.c **** 
 226:C:/Users/dtjld/workspace/AIoT/src/LiteOS_Lab/iot_link/network/dtls/mbedtls/mbedtls-2.16.2/library\platform.c **** #define MBEDTLS_PLATFORM_STD_TIME   platform_time_uninit
 227:C:/Users/dtjld/workspace/AIoT/src/LiteOS_Lab/iot_link/network/dtls/mbedtls/mbedtls-2.16.2/library\platform.c **** #endif /* !MBEDTLS_PLATFORM_STD_TIME */
 228:C:/Users/dtjld/workspace/AIoT/src/LiteOS_Lab/iot_link/network/dtls/mbedtls/mbedtls-2.16.2/library\platform.c **** 
 229:C:/Users/dtjld/workspace/AIoT/src/LiteOS_Lab/iot_link/network/dtls/mbedtls/mbedtls-2.16.2/library\platform.c **** mbedtls_time_t (*mbedtls_time)( mbedtls_time_t* timer ) = MBEDTLS_PLATFORM_STD_TIME;
 230:C:/Users/dtjld/workspace/AIoT/src/LiteOS_Lab/iot_link/network/dtls/mbedtls/mbedtls-2.16.2/library\platform.c **** 
 231:C:/Users/dtjld/workspace/AIoT/src/LiteOS_Lab/iot_link/network/dtls/mbedtls/mbedtls-2.16.2/library\platform.c **** int mbedtls_platform_set_time( mbedtls_time_t (*time_func)( mbedtls_time_t* timer ) )
 232:C:/Users/dtjld/workspace/AIoT/src/LiteOS_Lab/iot_link/network/dtls/mbedtls/mbedtls-2.16.2/library\platform.c **** {
 233:C:/Users/dtjld/workspace/AIoT/src/LiteOS_Lab/iot_link/network/dtls/mbedtls/mbedtls-2.16.2/library\platform.c ****     mbedtls_time = time_func;
 234:C:/Users/dtjld/workspace/AIoT/src/LiteOS_Lab/iot_link/network/dtls/mbedtls/mbedtls-2.16.2/library\platform.c ****     return( 0 );
 235:C:/Users/dtjld/workspace/AIoT/src/LiteOS_Lab/iot_link/network/dtls/mbedtls/mbedtls-2.16.2/library\platform.c **** }
 236:C:/Users/dtjld/workspace/AIoT/src/LiteOS_Lab/iot_link/network/dtls/mbedtls/mbedtls-2.16.2/library\platform.c **** #endif /* MBEDTLS_PLATFORM_TIME_ALT */
 237:C:/Users/dtjld/workspace/AIoT/src/LiteOS_Lab/iot_link/network/dtls/mbedtls/mbedtls-2.16.2/library\platform.c **** 
 238:C:/Users/dtjld/workspace/AIoT/src/LiteOS_Lab/iot_link/network/dtls/mbedtls/mbedtls-2.16.2/library\platform.c **** #endif /* MBEDTLS_HAVE_TIME */
 239:C:/Users/dtjld/workspace/AIoT/src/LiteOS_Lab/iot_link/network/dtls/mbedtls/mbedtls-2.16.2/library\platform.c **** 
 240:C:/Users/dtjld/workspace/AIoT/src/LiteOS_Lab/iot_link/network/dtls/mbedtls/mbedtls-2.16.2/library\platform.c **** #if defined(MBEDTLS_ENTROPY_NV_SEED)
 241:C:/Users/dtjld/workspace/AIoT/src/LiteOS_Lab/iot_link/network/dtls/mbedtls/mbedtls-2.16.2/library\platform.c **** #if !defined(MBEDTLS_PLATFORM_NO_STD_FUNCTIONS) && defined(MBEDTLS_FS_IO)
 242:C:/Users/dtjld/workspace/AIoT/src/LiteOS_Lab/iot_link/network/dtls/mbedtls/mbedtls-2.16.2/library\platform.c **** /* Default implementations for the platform independent seed functions use
 243:C:/Users/dtjld/workspace/AIoT/src/LiteOS_Lab/iot_link/network/dtls/mbedtls/mbedtls-2.16.2/library\platform.c ****  * standard libc file functions to read from and write to a pre-defined filename
 244:C:/Users/dtjld/workspace/AIoT/src/LiteOS_Lab/iot_link/network/dtls/mbedtls/mbedtls-2.16.2/library\platform.c ****  */
 245:C:/Users/dtjld/workspace/AIoT/src/LiteOS_Lab/iot_link/network/dtls/mbedtls/mbedtls-2.16.2/library\platform.c **** int mbedtls_platform_std_nv_seed_read( unsigned char *buf, size_t buf_len )
 246:C:/Users/dtjld/workspace/AIoT/src/LiteOS_Lab/iot_link/network/dtls/mbedtls/mbedtls-2.16.2/library\platform.c **** {
 247:C:/Users/dtjld/workspace/AIoT/src/LiteOS_Lab/iot_link/network/dtls/mbedtls/mbedtls-2.16.2/library\platform.c ****     FILE *file;
 248:C:/Users/dtjld/workspace/AIoT/src/LiteOS_Lab/iot_link/network/dtls/mbedtls/mbedtls-2.16.2/library\platform.c ****     size_t n;
 249:C:/Users/dtjld/workspace/AIoT/src/LiteOS_Lab/iot_link/network/dtls/mbedtls/mbedtls-2.16.2/library\platform.c **** 
 250:C:/Users/dtjld/workspace/AIoT/src/LiteOS_Lab/iot_link/network/dtls/mbedtls/mbedtls-2.16.2/library\platform.c ****     if( ( file = fopen( MBEDTLS_PLATFORM_STD_NV_SEED_FILE, "rb" ) ) == NULL )
 251:C:/Users/dtjld/workspace/AIoT/src/LiteOS_Lab/iot_link/network/dtls/mbedtls/mbedtls-2.16.2/library\platform.c ****         return( -1 );
 252:C:/Users/dtjld/workspace/AIoT/src/LiteOS_Lab/iot_link/network/dtls/mbedtls/mbedtls-2.16.2/library\platform.c **** 
 253:C:/Users/dtjld/workspace/AIoT/src/LiteOS_Lab/iot_link/network/dtls/mbedtls/mbedtls-2.16.2/library\platform.c ****     if( ( n = fread( buf, 1, buf_len, file ) ) != buf_len )
 254:C:/Users/dtjld/workspace/AIoT/src/LiteOS_Lab/iot_link/network/dtls/mbedtls/mbedtls-2.16.2/library\platform.c ****     {
 255:C:/Users/dtjld/workspace/AIoT/src/LiteOS_Lab/iot_link/network/dtls/mbedtls/mbedtls-2.16.2/library\platform.c ****         fclose( file );
 256:C:/Users/dtjld/workspace/AIoT/src/LiteOS_Lab/iot_link/network/dtls/mbedtls/mbedtls-2.16.2/library\platform.c ****         mbedtls_platform_zeroize( buf, buf_len );
 257:C:/Users/dtjld/workspace/AIoT/src/LiteOS_Lab/iot_link/network/dtls/mbedtls/mbedtls-2.16.2/library\platform.c ****         return( -1 );
 258:C:/Users/dtjld/workspace/AIoT/src/LiteOS_Lab/iot_link/network/dtls/mbedtls/mbedtls-2.16.2/library\platform.c ****     }
 259:C:/Users/dtjld/workspace/AIoT/src/LiteOS_Lab/iot_link/network/dtls/mbedtls/mbedtls-2.16.2/library\platform.c **** 
 260:C:/Users/dtjld/workspace/AIoT/src/LiteOS_Lab/iot_link/network/dtls/mbedtls/mbedtls-2.16.2/library\platform.c ****     fclose( file );
 261:C:/Users/dtjld/workspace/AIoT/src/LiteOS_Lab/iot_link/network/dtls/mbedtls/mbedtls-2.16.2/library\platform.c ****     return( (int)n );
 262:C:/Users/dtjld/workspace/AIoT/src/LiteOS_Lab/iot_link/network/dtls/mbedtls/mbedtls-2.16.2/library\platform.c **** }
 263:C:/Users/dtjld/workspace/AIoT/src/LiteOS_Lab/iot_link/network/dtls/mbedtls/mbedtls-2.16.2/library\platform.c **** 
 264:C:/Users/dtjld/workspace/AIoT/src/LiteOS_Lab/iot_link/network/dtls/mbedtls/mbedtls-2.16.2/library\platform.c **** int mbedtls_platform_std_nv_seed_write( unsigned char *buf, size_t buf_len )
 265:C:/Users/dtjld/workspace/AIoT/src/LiteOS_Lab/iot_link/network/dtls/mbedtls/mbedtls-2.16.2/library\platform.c **** {
 266:C:/Users/dtjld/workspace/AIoT/src/LiteOS_Lab/iot_link/network/dtls/mbedtls/mbedtls-2.16.2/library\platform.c ****     FILE *file;
 267:C:/Users/dtjld/workspace/AIoT/src/LiteOS_Lab/iot_link/network/dtls/mbedtls/mbedtls-2.16.2/library\platform.c ****     size_t n;
 268:C:/Users/dtjld/workspace/AIoT/src/LiteOS_Lab/iot_link/network/dtls/mbedtls/mbedtls-2.16.2/library\platform.c **** 
 269:C:/Users/dtjld/workspace/AIoT/src/LiteOS_Lab/iot_link/network/dtls/mbedtls/mbedtls-2.16.2/library\platform.c ****     if( ( file = fopen( MBEDTLS_PLATFORM_STD_NV_SEED_FILE, "w" ) ) == NULL )
 270:C:/Users/dtjld/workspace/AIoT/src/LiteOS_Lab/iot_link/network/dtls/mbedtls/mbedtls-2.16.2/library\platform.c ****         return -1;
ARM GAS  C:\Users\dtjld\AppData\Local\Temp\ccOdAPhn.s 			page 11


 271:C:/Users/dtjld/workspace/AIoT/src/LiteOS_Lab/iot_link/network/dtls/mbedtls/mbedtls-2.16.2/library\platform.c **** 
 272:C:/Users/dtjld/workspace/AIoT/src/LiteOS_Lab/iot_link/network/dtls/mbedtls/mbedtls-2.16.2/library\platform.c ****     if( ( n = fwrite( buf, 1, buf_len, file ) ) != buf_len )
 273:C:/Users/dtjld/workspace/AIoT/src/LiteOS_Lab/iot_link/network/dtls/mbedtls/mbedtls-2.16.2/library\platform.c ****     {
 274:C:/Users/dtjld/workspace/AIoT/src/LiteOS_Lab/iot_link/network/dtls/mbedtls/mbedtls-2.16.2/library\platform.c ****         fclose( file );
 275:C:/Users/dtjld/workspace/AIoT/src/LiteOS_Lab/iot_link/network/dtls/mbedtls/mbedtls-2.16.2/library\platform.c ****         return -1;
 276:C:/Users/dtjld/workspace/AIoT/src/LiteOS_Lab/iot_link/network/dtls/mbedtls/mbedtls-2.16.2/library\platform.c ****     }
 277:C:/Users/dtjld/workspace/AIoT/src/LiteOS_Lab/iot_link/network/dtls/mbedtls/mbedtls-2.16.2/library\platform.c **** 
 278:C:/Users/dtjld/workspace/AIoT/src/LiteOS_Lab/iot_link/network/dtls/mbedtls/mbedtls-2.16.2/library\platform.c ****     fclose( file );
 279:C:/Users/dtjld/workspace/AIoT/src/LiteOS_Lab/iot_link/network/dtls/mbedtls/mbedtls-2.16.2/library\platform.c ****     return( (int)n );
 280:C:/Users/dtjld/workspace/AIoT/src/LiteOS_Lab/iot_link/network/dtls/mbedtls/mbedtls-2.16.2/library\platform.c **** }
 281:C:/Users/dtjld/workspace/AIoT/src/LiteOS_Lab/iot_link/network/dtls/mbedtls/mbedtls-2.16.2/library\platform.c **** #endif /* MBEDTLS_PLATFORM_NO_STD_FUNCTIONS */
 282:C:/Users/dtjld/workspace/AIoT/src/LiteOS_Lab/iot_link/network/dtls/mbedtls/mbedtls-2.16.2/library\platform.c **** 
 283:C:/Users/dtjld/workspace/AIoT/src/LiteOS_Lab/iot_link/network/dtls/mbedtls/mbedtls-2.16.2/library\platform.c **** #if defined(MBEDTLS_PLATFORM_NV_SEED_ALT)
 284:C:/Users/dtjld/workspace/AIoT/src/LiteOS_Lab/iot_link/network/dtls/mbedtls/mbedtls-2.16.2/library\platform.c **** #if !defined(MBEDTLS_PLATFORM_STD_NV_SEED_READ)
 285:C:/Users/dtjld/workspace/AIoT/src/LiteOS_Lab/iot_link/network/dtls/mbedtls/mbedtls-2.16.2/library\platform.c **** /*
 286:C:/Users/dtjld/workspace/AIoT/src/LiteOS_Lab/iot_link/network/dtls/mbedtls/mbedtls-2.16.2/library\platform.c ****  * Make dummy function to prevent NULL pointer dereferences
 287:C:/Users/dtjld/workspace/AIoT/src/LiteOS_Lab/iot_link/network/dtls/mbedtls/mbedtls-2.16.2/library\platform.c ****  */
 288:C:/Users/dtjld/workspace/AIoT/src/LiteOS_Lab/iot_link/network/dtls/mbedtls/mbedtls-2.16.2/library\platform.c **** static int platform_nv_seed_read_uninit( unsigned char *buf, size_t buf_len )
 289:C:/Users/dtjld/workspace/AIoT/src/LiteOS_Lab/iot_link/network/dtls/mbedtls/mbedtls-2.16.2/library\platform.c **** {
 290:C:/Users/dtjld/workspace/AIoT/src/LiteOS_Lab/iot_link/network/dtls/mbedtls/mbedtls-2.16.2/library\platform.c ****     ((void) buf);
 291:C:/Users/dtjld/workspace/AIoT/src/LiteOS_Lab/iot_link/network/dtls/mbedtls/mbedtls-2.16.2/library\platform.c ****     ((void) buf_len);
 292:C:/Users/dtjld/workspace/AIoT/src/LiteOS_Lab/iot_link/network/dtls/mbedtls/mbedtls-2.16.2/library\platform.c ****     return( -1 );
 293:C:/Users/dtjld/workspace/AIoT/src/LiteOS_Lab/iot_link/network/dtls/mbedtls/mbedtls-2.16.2/library\platform.c **** }
 294:C:/Users/dtjld/workspace/AIoT/src/LiteOS_Lab/iot_link/network/dtls/mbedtls/mbedtls-2.16.2/library\platform.c **** 
 295:C:/Users/dtjld/workspace/AIoT/src/LiteOS_Lab/iot_link/network/dtls/mbedtls/mbedtls-2.16.2/library\platform.c **** #define MBEDTLS_PLATFORM_STD_NV_SEED_READ   platform_nv_seed_read_uninit
 296:C:/Users/dtjld/workspace/AIoT/src/LiteOS_Lab/iot_link/network/dtls/mbedtls/mbedtls-2.16.2/library\platform.c **** #endif /* !MBEDTLS_PLATFORM_STD_NV_SEED_READ */
 297:C:/Users/dtjld/workspace/AIoT/src/LiteOS_Lab/iot_link/network/dtls/mbedtls/mbedtls-2.16.2/library\platform.c **** 
 298:C:/Users/dtjld/workspace/AIoT/src/LiteOS_Lab/iot_link/network/dtls/mbedtls/mbedtls-2.16.2/library\platform.c **** #if !defined(MBEDTLS_PLATFORM_STD_NV_SEED_WRITE)
 299:C:/Users/dtjld/workspace/AIoT/src/LiteOS_Lab/iot_link/network/dtls/mbedtls/mbedtls-2.16.2/library\platform.c **** /*
 300:C:/Users/dtjld/workspace/AIoT/src/LiteOS_Lab/iot_link/network/dtls/mbedtls/mbedtls-2.16.2/library\platform.c ****  * Make dummy function to prevent NULL pointer dereferences
 301:C:/Users/dtjld/workspace/AIoT/src/LiteOS_Lab/iot_link/network/dtls/mbedtls/mbedtls-2.16.2/library\platform.c ****  */
 302:C:/Users/dtjld/workspace/AIoT/src/LiteOS_Lab/iot_link/network/dtls/mbedtls/mbedtls-2.16.2/library\platform.c **** static int platform_nv_seed_write_uninit( unsigned char *buf, size_t buf_len )
 303:C:/Users/dtjld/workspace/AIoT/src/LiteOS_Lab/iot_link/network/dtls/mbedtls/mbedtls-2.16.2/library\platform.c **** {
 304:C:/Users/dtjld/workspace/AIoT/src/LiteOS_Lab/iot_link/network/dtls/mbedtls/mbedtls-2.16.2/library\platform.c ****     ((void) buf);
 305:C:/Users/dtjld/workspace/AIoT/src/LiteOS_Lab/iot_link/network/dtls/mbedtls/mbedtls-2.16.2/library\platform.c ****     ((void) buf_len);
 306:C:/Users/dtjld/workspace/AIoT/src/LiteOS_Lab/iot_link/network/dtls/mbedtls/mbedtls-2.16.2/library\platform.c ****     return( -1 );
 307:C:/Users/dtjld/workspace/AIoT/src/LiteOS_Lab/iot_link/network/dtls/mbedtls/mbedtls-2.16.2/library\platform.c **** }
 308:C:/Users/dtjld/workspace/AIoT/src/LiteOS_Lab/iot_link/network/dtls/mbedtls/mbedtls-2.16.2/library\platform.c **** 
 309:C:/Users/dtjld/workspace/AIoT/src/LiteOS_Lab/iot_link/network/dtls/mbedtls/mbedtls-2.16.2/library\platform.c **** #define MBEDTLS_PLATFORM_STD_NV_SEED_WRITE   platform_nv_seed_write_uninit
 310:C:/Users/dtjld/workspace/AIoT/src/LiteOS_Lab/iot_link/network/dtls/mbedtls/mbedtls-2.16.2/library\platform.c **** #endif /* !MBEDTLS_PLATFORM_STD_NV_SEED_WRITE */
 311:C:/Users/dtjld/workspace/AIoT/src/LiteOS_Lab/iot_link/network/dtls/mbedtls/mbedtls-2.16.2/library\platform.c **** 
 312:C:/Users/dtjld/workspace/AIoT/src/LiteOS_Lab/iot_link/network/dtls/mbedtls/mbedtls-2.16.2/library\platform.c **** int (*mbedtls_nv_seed_read)( unsigned char *buf, size_t buf_len ) =
 313:C:/Users/dtjld/workspace/AIoT/src/LiteOS_Lab/iot_link/network/dtls/mbedtls/mbedtls-2.16.2/library\platform.c ****             MBEDTLS_PLATFORM_STD_NV_SEED_READ;
 314:C:/Users/dtjld/workspace/AIoT/src/LiteOS_Lab/iot_link/network/dtls/mbedtls/mbedtls-2.16.2/library\platform.c **** int (*mbedtls_nv_seed_write)( unsigned char *buf, size_t buf_len ) =
 315:C:/Users/dtjld/workspace/AIoT/src/LiteOS_Lab/iot_link/network/dtls/mbedtls/mbedtls-2.16.2/library\platform.c ****             MBEDTLS_PLATFORM_STD_NV_SEED_WRITE;
 316:C:/Users/dtjld/workspace/AIoT/src/LiteOS_Lab/iot_link/network/dtls/mbedtls/mbedtls-2.16.2/library\platform.c **** 
 317:C:/Users/dtjld/workspace/AIoT/src/LiteOS_Lab/iot_link/network/dtls/mbedtls/mbedtls-2.16.2/library\platform.c **** int mbedtls_platform_set_nv_seed(
 318:C:/Users/dtjld/workspace/AIoT/src/LiteOS_Lab/iot_link/network/dtls/mbedtls/mbedtls-2.16.2/library\platform.c ****         int (*nv_seed_read_func)( unsigned char *buf, size_t buf_len ),
 319:C:/Users/dtjld/workspace/AIoT/src/LiteOS_Lab/iot_link/network/dtls/mbedtls/mbedtls-2.16.2/library\platform.c ****         int (*nv_seed_write_func)( unsigned char *buf, size_t buf_len ) )
 320:C:/Users/dtjld/workspace/AIoT/src/LiteOS_Lab/iot_link/network/dtls/mbedtls/mbedtls-2.16.2/library\platform.c **** {
 321:C:/Users/dtjld/workspace/AIoT/src/LiteOS_Lab/iot_link/network/dtls/mbedtls/mbedtls-2.16.2/library\platform.c ****     mbedtls_nv_seed_read = nv_seed_read_func;
 322:C:/Users/dtjld/workspace/AIoT/src/LiteOS_Lab/iot_link/network/dtls/mbedtls/mbedtls-2.16.2/library\platform.c ****     mbedtls_nv_seed_write = nv_seed_write_func;
 323:C:/Users/dtjld/workspace/AIoT/src/LiteOS_Lab/iot_link/network/dtls/mbedtls/mbedtls-2.16.2/library\platform.c ****     return( 0 );
 324:C:/Users/dtjld/workspace/AIoT/src/LiteOS_Lab/iot_link/network/dtls/mbedtls/mbedtls-2.16.2/library\platform.c **** }
 325:C:/Users/dtjld/workspace/AIoT/src/LiteOS_Lab/iot_link/network/dtls/mbedtls/mbedtls-2.16.2/library\platform.c **** #endif /* MBEDTLS_PLATFORM_NV_SEED_ALT */
 326:C:/Users/dtjld/workspace/AIoT/src/LiteOS_Lab/iot_link/network/dtls/mbedtls/mbedtls-2.16.2/library\platform.c **** #endif /* MBEDTLS_ENTROPY_NV_SEED */
 327:C:/Users/dtjld/workspace/AIoT/src/LiteOS_Lab/iot_link/network/dtls/mbedtls/mbedtls-2.16.2/library\platform.c **** 
ARM GAS  C:\Users\dtjld\AppData\Local\Temp\ccOdAPhn.s 			page 12


 328:C:/Users/dtjld/workspace/AIoT/src/LiteOS_Lab/iot_link/network/dtls/mbedtls/mbedtls-2.16.2/library\platform.c **** #if !defined(MBEDTLS_PLATFORM_SETUP_TEARDOWN_ALT)
 329:C:/Users/dtjld/workspace/AIoT/src/LiteOS_Lab/iot_link/network/dtls/mbedtls/mbedtls-2.16.2/library\platform.c **** /*
 330:C:/Users/dtjld/workspace/AIoT/src/LiteOS_Lab/iot_link/network/dtls/mbedtls/mbedtls-2.16.2/library\platform.c ****  * Placeholder platform setup that does nothing by default
 331:C:/Users/dtjld/workspace/AIoT/src/LiteOS_Lab/iot_link/network/dtls/mbedtls/mbedtls-2.16.2/library\platform.c ****  */
 332:C:/Users/dtjld/workspace/AIoT/src/LiteOS_Lab/iot_link/network/dtls/mbedtls/mbedtls-2.16.2/library\platform.c **** int mbedtls_platform_setup( mbedtls_platform_context *ctx )
 333:C:/Users/dtjld/workspace/AIoT/src/LiteOS_Lab/iot_link/network/dtls/mbedtls/mbedtls-2.16.2/library\platform.c **** {
 320              		.loc 1 333 0
 321              		.cfi_startproc
 322              		@ args = 0, pretend = 0, frame = 8
 323              		@ frame_needed = 1, uses_anonymous_args = 0
 324              		@ link register save eliminated.
 325 0000 80B4     		push	{r7}
 326              	.LCFI28:
 327              		.cfi_def_cfa_offset 4
 328              		.cfi_offset 7, -4
 329 0002 83B0     		sub	sp, sp, #12
 330              	.LCFI29:
 331              		.cfi_def_cfa_offset 16
 332 0004 00AF     		add	r7, sp, #0
 333              	.LCFI30:
 334              		.cfi_def_cfa_register 7
 335 0006 7860     		str	r0, [r7, #4]
 334:C:/Users/dtjld/workspace/AIoT/src/LiteOS_Lab/iot_link/network/dtls/mbedtls/mbedtls-2.16.2/library\platform.c ****     (void)ctx;
 335:C:/Users/dtjld/workspace/AIoT/src/LiteOS_Lab/iot_link/network/dtls/mbedtls/mbedtls-2.16.2/library\platform.c **** 
 336:C:/Users/dtjld/workspace/AIoT/src/LiteOS_Lab/iot_link/network/dtls/mbedtls/mbedtls-2.16.2/library\platform.c ****     return( 0 );
 336              		.loc 1 336 0
 337 0008 0023     		movs	r3, #0
 337:C:/Users/dtjld/workspace/AIoT/src/LiteOS_Lab/iot_link/network/dtls/mbedtls/mbedtls-2.16.2/library\platform.c **** }
 338              		.loc 1 337 0
 339 000a 1846     		mov	r0, r3
 340 000c 0C37     		adds	r7, r7, #12
 341              	.LCFI31:
 342              		.cfi_def_cfa_offset 4
 343 000e BD46     		mov	sp, r7
 344              	.LCFI32:
 345              		.cfi_def_cfa_register 13
 346              		@ sp needed
 347 0010 5DF8047B 		ldr	r7, [sp], #4
 348              	.LCFI33:
 349              		.cfi_restore 7
 350              		.cfi_def_cfa_offset 0
 351 0014 7047     		bx	lr
 352              		.cfi_endproc
 353              	.LFE8:
 355              		.section	.text.mbedtls_platform_teardown,"ax",%progbits
 356              		.align	1
 357              		.global	mbedtls_platform_teardown
 358              		.syntax unified
 359              		.thumb
 360              		.thumb_func
 361              		.fpu fpv4-sp-d16
 363              	mbedtls_platform_teardown:
 364              	.LFB9:
 338:C:/Users/dtjld/workspace/AIoT/src/LiteOS_Lab/iot_link/network/dtls/mbedtls/mbedtls-2.16.2/library\platform.c **** 
 339:C:/Users/dtjld/workspace/AIoT/src/LiteOS_Lab/iot_link/network/dtls/mbedtls/mbedtls-2.16.2/library\platform.c **** /*
 340:C:/Users/dtjld/workspace/AIoT/src/LiteOS_Lab/iot_link/network/dtls/mbedtls/mbedtls-2.16.2/library\platform.c ****  * Placeholder platform teardown that does nothing by default
 341:C:/Users/dtjld/workspace/AIoT/src/LiteOS_Lab/iot_link/network/dtls/mbedtls/mbedtls-2.16.2/library\platform.c ****  */
ARM GAS  C:\Users\dtjld\AppData\Local\Temp\ccOdAPhn.s 			page 13


 342:C:/Users/dtjld/workspace/AIoT/src/LiteOS_Lab/iot_link/network/dtls/mbedtls/mbedtls-2.16.2/library\platform.c **** void mbedtls_platform_teardown( mbedtls_platform_context *ctx )
 343:C:/Users/dtjld/workspace/AIoT/src/LiteOS_Lab/iot_link/network/dtls/mbedtls/mbedtls-2.16.2/library\platform.c **** {
 365              		.loc 1 343 0
 366              		.cfi_startproc
 367              		@ args = 0, pretend = 0, frame = 8
 368              		@ frame_needed = 1, uses_anonymous_args = 0
 369              		@ link register save eliminated.
 370 0000 80B4     		push	{r7}
 371              	.LCFI34:
 372              		.cfi_def_cfa_offset 4
 373              		.cfi_offset 7, -4
 374 0002 83B0     		sub	sp, sp, #12
 375              	.LCFI35:
 376              		.cfi_def_cfa_offset 16
 377 0004 00AF     		add	r7, sp, #0
 378              	.LCFI36:
 379              		.cfi_def_cfa_register 7
 380 0006 7860     		str	r0, [r7, #4]
 344:C:/Users/dtjld/workspace/AIoT/src/LiteOS_Lab/iot_link/network/dtls/mbedtls/mbedtls-2.16.2/library\platform.c ****     (void)ctx;
 345:C:/Users/dtjld/workspace/AIoT/src/LiteOS_Lab/iot_link/network/dtls/mbedtls/mbedtls-2.16.2/library\platform.c **** }
 381              		.loc 1 345 0
 382 0008 00BF     		nop
 383 000a 0C37     		adds	r7, r7, #12
 384              	.LCFI37:
 385              		.cfi_def_cfa_offset 4
 386 000c BD46     		mov	sp, r7
 387              	.LCFI38:
 388              		.cfi_def_cfa_register 13
 389              		@ sp needed
 390 000e 5DF8047B 		ldr	r7, [sp], #4
 391              	.LCFI39:
 392              		.cfi_restore 7
 393              		.cfi_def_cfa_offset 0
 394 0012 7047     		bx	lr
 395              		.cfi_endproc
 396              	.LFE9:
 398              		.text
 399              	.Letext0:
 400              		.file 2 "c:\\ac6\\systemworkbench\\plugins\\fr.ac6.mcu.externaltools.arm-none.win32_1.16.0.2018071
 401              		.file 3 "c:\\ac6\\systemworkbench\\plugins\\fr.ac6.mcu.externaltools.arm-none.win32_1.16.0.2018071
 402              		.file 4 "c:\\ac6\\systemworkbench\\plugins\\fr.ac6.mcu.externaltools.arm-none.win32_1.16.0.2018071
 403              		.file 5 "c:\\ac6\\systemworkbench\\plugins\\fr.ac6.mcu.externaltools.arm-none.win32_1.16.0.2018071
 404              		.file 6 "c:\\ac6\\systemworkbench\\plugins\\fr.ac6.mcu.externaltools.arm-none.win32_1.16.0.2018071
 405              		.file 7 "c:\\ac6\\systemworkbench\\plugins\\fr.ac6.mcu.externaltools.arm-none.win32_1.16.0.2018071
 406              		.file 8 "C:/Users/dtjld/workspace/AIoT/src/LiteOS_Lab/iot_link/network/dtls/mbedtls/mbedtls-2.16.2
ARM GAS  C:\Users\dtjld\AppData\Local\Temp\ccOdAPhn.s 			page 14


DEFINED SYMBOLS
                            *ABS*:00000000 platform.c
C:\Users\dtjld\AppData\Local\Temp\ccOdAPhn.s:18     .data.mbedtls_calloc_func:00000000 $d
C:\Users\dtjld\AppData\Local\Temp\ccOdAPhn.s:21     .data.mbedtls_calloc_func:00000000 mbedtls_calloc_func
C:\Users\dtjld\AppData\Local\Temp\ccOdAPhn.s:24     .data.mbedtls_free_func:00000000 $d
C:\Users\dtjld\AppData\Local\Temp\ccOdAPhn.s:27     .data.mbedtls_free_func:00000000 mbedtls_free_func
C:\Users\dtjld\AppData\Local\Temp\ccOdAPhn.s:30     .text.mbedtls_calloc:00000000 $t
C:\Users\dtjld\AppData\Local\Temp\ccOdAPhn.s:37     .text.mbedtls_calloc:00000000 mbedtls_calloc
C:\Users\dtjld\AppData\Local\Temp\ccOdAPhn.s:78     .text.mbedtls_calloc:00000020 $d
C:\Users\dtjld\AppData\Local\Temp\ccOdAPhn.s:83     .text.mbedtls_free:00000000 $t
C:\Users\dtjld\AppData\Local\Temp\ccOdAPhn.s:90     .text.mbedtls_free:00000000 mbedtls_free
C:\Users\dtjld\AppData\Local\Temp\ccOdAPhn.s:127    .text.mbedtls_free:00000018 $d
C:\Users\dtjld\AppData\Local\Temp\ccOdAPhn.s:132    .text.mbedtls_platform_set_calloc_free:00000000 $t
C:\Users\dtjld\AppData\Local\Temp\ccOdAPhn.s:139    .text.mbedtls_platform_set_calloc_free:00000000 mbedtls_platform_set_calloc_free
C:\Users\dtjld\AppData\Local\Temp\ccOdAPhn.s:185    .text.mbedtls_platform_set_calloc_free:00000024 $d
C:\Users\dtjld\AppData\Local\Temp\ccOdAPhn.s:195    .data.mbedtls_snprintf:00000000 mbedtls_snprintf
C:\Users\dtjld\AppData\Local\Temp\ccOdAPhn.s:192    .data.mbedtls_snprintf:00000000 $d
C:\Users\dtjld\AppData\Local\Temp\ccOdAPhn.s:198    .text.mbedtls_platform_set_snprintf:00000000 $t
C:\Users\dtjld\AppData\Local\Temp\ccOdAPhn.s:205    .text.mbedtls_platform_set_snprintf:00000000 mbedtls_platform_set_snprintf
C:\Users\dtjld\AppData\Local\Temp\ccOdAPhn.s:246    .text.mbedtls_platform_set_snprintf:0000001c $d
C:\Users\dtjld\AppData\Local\Temp\ccOdAPhn.s:255    .data.mbedtls_printf:00000000 mbedtls_printf
C:\Users\dtjld\AppData\Local\Temp\ccOdAPhn.s:252    .data.mbedtls_printf:00000000 $d
C:\Users\dtjld\AppData\Local\Temp\ccOdAPhn.s:258    .text.mbedtls_platform_set_printf:00000000 $t
C:\Users\dtjld\AppData\Local\Temp\ccOdAPhn.s:265    .text.mbedtls_platform_set_printf:00000000 mbedtls_platform_set_printf
C:\Users\dtjld\AppData\Local\Temp\ccOdAPhn.s:306    .text.mbedtls_platform_set_printf:0000001c $d
C:\Users\dtjld\AppData\Local\Temp\ccOdAPhn.s:311    .text.mbedtls_platform_setup:00000000 $t
C:\Users\dtjld\AppData\Local\Temp\ccOdAPhn.s:318    .text.mbedtls_platform_setup:00000000 mbedtls_platform_setup
C:\Users\dtjld\AppData\Local\Temp\ccOdAPhn.s:356    .text.mbedtls_platform_teardown:00000000 $t
C:\Users\dtjld\AppData\Local\Temp\ccOdAPhn.s:363    .text.mbedtls_platform_teardown:00000000 mbedtls_platform_teardown

UNDEFINED SYMBOLS
calloc
free
snprintf
printf
