ARM GAS  C:\Users\dtjld\AppData\Local\Temp\ccS36mRT.s 			page 1


   1              		.cpu cortex-m4
   2              		.eabi_attribute 27, 1
   3              		.eabi_attribute 28, 1
   4              		.eabi_attribute 20, 1
   5              		.eabi_attribute 21, 1
   6              		.eabi_attribute 23, 3
   7              		.eabi_attribute 24, 1
   8              		.eabi_attribute 25, 1
   9              		.eabi_attribute 26, 1
  10              		.eabi_attribute 30, 6
  11              		.eabi_attribute 34, 1
  12              		.eabi_attribute 18, 4
  13              		.file	"platform_util.c"
  14              		.text
  15              	.Ltext0:
  16              		.cfi_sections	.debug_frame
  17              		.section	.data.memset_func,"aw",%progbits
  18              		.align	2
  21              	memset_func:
  22 0000 00000000 		.word	memset
  23              		.section	.text.mbedtls_platform_zeroize,"ax",%progbits
  24              		.align	1
  25              		.global	mbedtls_platform_zeroize
  26              		.syntax unified
  27              		.thumb
  28              		.thumb_func
  29              		.fpu fpv4-sp-d16
  31              	mbedtls_platform_zeroize:
  32              	.LFB3:
  33              		.file 1 "C:/Users/dtjld/workspace/AIoT/src/LiteOS_Lab/iot_link/network/dtls/mbedtls/mbedtls-2.16.2
   1:C:/Users/dtjld/workspace/AIoT/src/LiteOS_Lab/iot_link/network/dtls/mbedtls/mbedtls-2.16.2/library\platform_util.c **** /*
   2:C:/Users/dtjld/workspace/AIoT/src/LiteOS_Lab/iot_link/network/dtls/mbedtls/mbedtls-2.16.2/library\platform_util.c ****  * Common and shared functions used by multiple modules in the Mbed TLS
   3:C:/Users/dtjld/workspace/AIoT/src/LiteOS_Lab/iot_link/network/dtls/mbedtls/mbedtls-2.16.2/library\platform_util.c ****  * library.
   4:C:/Users/dtjld/workspace/AIoT/src/LiteOS_Lab/iot_link/network/dtls/mbedtls/mbedtls-2.16.2/library\platform_util.c ****  *
   5:C:/Users/dtjld/workspace/AIoT/src/LiteOS_Lab/iot_link/network/dtls/mbedtls/mbedtls-2.16.2/library\platform_util.c ****  *  Copyright (C) 2018, Arm Limited, All Rights Reserved
   6:C:/Users/dtjld/workspace/AIoT/src/LiteOS_Lab/iot_link/network/dtls/mbedtls/mbedtls-2.16.2/library\platform_util.c ****  *  SPDX-License-Identifier: Apache-2.0
   7:C:/Users/dtjld/workspace/AIoT/src/LiteOS_Lab/iot_link/network/dtls/mbedtls/mbedtls-2.16.2/library\platform_util.c ****  *
   8:C:/Users/dtjld/workspace/AIoT/src/LiteOS_Lab/iot_link/network/dtls/mbedtls/mbedtls-2.16.2/library\platform_util.c ****  *  Licensed under the Apache License, Version 2.0 (the "License"); you may
   9:C:/Users/dtjld/workspace/AIoT/src/LiteOS_Lab/iot_link/network/dtls/mbedtls/mbedtls-2.16.2/library\platform_util.c ****  *  not use this file except in compliance with the License.
  10:C:/Users/dtjld/workspace/AIoT/src/LiteOS_Lab/iot_link/network/dtls/mbedtls/mbedtls-2.16.2/library\platform_util.c ****  *  You may obtain a copy of the License at
  11:C:/Users/dtjld/workspace/AIoT/src/LiteOS_Lab/iot_link/network/dtls/mbedtls/mbedtls-2.16.2/library\platform_util.c ****  *
  12:C:/Users/dtjld/workspace/AIoT/src/LiteOS_Lab/iot_link/network/dtls/mbedtls/mbedtls-2.16.2/library\platform_util.c ****  *  http://www.apache.org/licenses/LICENSE-2.0
  13:C:/Users/dtjld/workspace/AIoT/src/LiteOS_Lab/iot_link/network/dtls/mbedtls/mbedtls-2.16.2/library\platform_util.c ****  *
  14:C:/Users/dtjld/workspace/AIoT/src/LiteOS_Lab/iot_link/network/dtls/mbedtls/mbedtls-2.16.2/library\platform_util.c ****  *  Unless required by applicable law or agreed to in writing, software
  15:C:/Users/dtjld/workspace/AIoT/src/LiteOS_Lab/iot_link/network/dtls/mbedtls/mbedtls-2.16.2/library\platform_util.c ****  *  distributed under the License is distributed on an "AS IS" BASIS, WITHOUT
  16:C:/Users/dtjld/workspace/AIoT/src/LiteOS_Lab/iot_link/network/dtls/mbedtls/mbedtls-2.16.2/library\platform_util.c ****  *  WARRANTIES OR CONDITIONS OF ANY KIND, either express or implied.
  17:C:/Users/dtjld/workspace/AIoT/src/LiteOS_Lab/iot_link/network/dtls/mbedtls/mbedtls-2.16.2/library\platform_util.c ****  *  See the License for the specific language governing permissions and
  18:C:/Users/dtjld/workspace/AIoT/src/LiteOS_Lab/iot_link/network/dtls/mbedtls/mbedtls-2.16.2/library\platform_util.c ****  *  limitations under the License.
  19:C:/Users/dtjld/workspace/AIoT/src/LiteOS_Lab/iot_link/network/dtls/mbedtls/mbedtls-2.16.2/library\platform_util.c ****  *
  20:C:/Users/dtjld/workspace/AIoT/src/LiteOS_Lab/iot_link/network/dtls/mbedtls/mbedtls-2.16.2/library\platform_util.c ****  *  This file is part of Mbed TLS (https://tls.mbed.org)
  21:C:/Users/dtjld/workspace/AIoT/src/LiteOS_Lab/iot_link/network/dtls/mbedtls/mbedtls-2.16.2/library\platform_util.c ****  */
  22:C:/Users/dtjld/workspace/AIoT/src/LiteOS_Lab/iot_link/network/dtls/mbedtls/mbedtls-2.16.2/library\platform_util.c **** 
  23:C:/Users/dtjld/workspace/AIoT/src/LiteOS_Lab/iot_link/network/dtls/mbedtls/mbedtls-2.16.2/library\platform_util.c **** /*
  24:C:/Users/dtjld/workspace/AIoT/src/LiteOS_Lab/iot_link/network/dtls/mbedtls/mbedtls-2.16.2/library\platform_util.c ****  * Ensure gmtime_r is available even with -std=c99; must be defined before
  25:C:/Users/dtjld/workspace/AIoT/src/LiteOS_Lab/iot_link/network/dtls/mbedtls/mbedtls-2.16.2/library\platform_util.c ****  * config.h, which pulls in glibc's features.h. Harmless on other platforms.
  26:C:/Users/dtjld/workspace/AIoT/src/LiteOS_Lab/iot_link/network/dtls/mbedtls/mbedtls-2.16.2/library\platform_util.c ****  */
  27:C:/Users/dtjld/workspace/AIoT/src/LiteOS_Lab/iot_link/network/dtls/mbedtls/mbedtls-2.16.2/library\platform_util.c **** #if !defined(_POSIX_C_SOURCE)
ARM GAS  C:\Users\dtjld\AppData\Local\Temp\ccS36mRT.s 			page 2


  28:C:/Users/dtjld/workspace/AIoT/src/LiteOS_Lab/iot_link/network/dtls/mbedtls/mbedtls-2.16.2/library\platform_util.c **** #define _POSIX_C_SOURCE 200112L
  29:C:/Users/dtjld/workspace/AIoT/src/LiteOS_Lab/iot_link/network/dtls/mbedtls/mbedtls-2.16.2/library\platform_util.c **** #endif
  30:C:/Users/dtjld/workspace/AIoT/src/LiteOS_Lab/iot_link/network/dtls/mbedtls/mbedtls-2.16.2/library\platform_util.c **** 
  31:C:/Users/dtjld/workspace/AIoT/src/LiteOS_Lab/iot_link/network/dtls/mbedtls/mbedtls-2.16.2/library\platform_util.c **** #if !defined(MBEDTLS_CONFIG_FILE)
  32:C:/Users/dtjld/workspace/AIoT/src/LiteOS_Lab/iot_link/network/dtls/mbedtls/mbedtls-2.16.2/library\platform_util.c **** #include "mbedtls/config.h"
  33:C:/Users/dtjld/workspace/AIoT/src/LiteOS_Lab/iot_link/network/dtls/mbedtls/mbedtls-2.16.2/library\platform_util.c **** #else
  34:C:/Users/dtjld/workspace/AIoT/src/LiteOS_Lab/iot_link/network/dtls/mbedtls/mbedtls-2.16.2/library\platform_util.c **** #include MBEDTLS_CONFIG_FILE
  35:C:/Users/dtjld/workspace/AIoT/src/LiteOS_Lab/iot_link/network/dtls/mbedtls/mbedtls-2.16.2/library\platform_util.c **** #endif
  36:C:/Users/dtjld/workspace/AIoT/src/LiteOS_Lab/iot_link/network/dtls/mbedtls/mbedtls-2.16.2/library\platform_util.c **** 
  37:C:/Users/dtjld/workspace/AIoT/src/LiteOS_Lab/iot_link/network/dtls/mbedtls/mbedtls-2.16.2/library\platform_util.c **** #include "mbedtls/platform_util.h"
  38:C:/Users/dtjld/workspace/AIoT/src/LiteOS_Lab/iot_link/network/dtls/mbedtls/mbedtls-2.16.2/library\platform_util.c **** #include "mbedtls/platform.h"
  39:C:/Users/dtjld/workspace/AIoT/src/LiteOS_Lab/iot_link/network/dtls/mbedtls/mbedtls-2.16.2/library\platform_util.c **** #include "mbedtls/threading.h"
  40:C:/Users/dtjld/workspace/AIoT/src/LiteOS_Lab/iot_link/network/dtls/mbedtls/mbedtls-2.16.2/library\platform_util.c **** 
  41:C:/Users/dtjld/workspace/AIoT/src/LiteOS_Lab/iot_link/network/dtls/mbedtls/mbedtls-2.16.2/library\platform_util.c **** #include <stddef.h>
  42:C:/Users/dtjld/workspace/AIoT/src/LiteOS_Lab/iot_link/network/dtls/mbedtls/mbedtls-2.16.2/library\platform_util.c **** #include <string.h>
  43:C:/Users/dtjld/workspace/AIoT/src/LiteOS_Lab/iot_link/network/dtls/mbedtls/mbedtls-2.16.2/library\platform_util.c **** 
  44:C:/Users/dtjld/workspace/AIoT/src/LiteOS_Lab/iot_link/network/dtls/mbedtls/mbedtls-2.16.2/library\platform_util.c **** #if !defined(MBEDTLS_PLATFORM_ZEROIZE_ALT)
  45:C:/Users/dtjld/workspace/AIoT/src/LiteOS_Lab/iot_link/network/dtls/mbedtls/mbedtls-2.16.2/library\platform_util.c **** /*
  46:C:/Users/dtjld/workspace/AIoT/src/LiteOS_Lab/iot_link/network/dtls/mbedtls/mbedtls-2.16.2/library\platform_util.c ****  * This implementation should never be optimized out by the compiler
  47:C:/Users/dtjld/workspace/AIoT/src/LiteOS_Lab/iot_link/network/dtls/mbedtls/mbedtls-2.16.2/library\platform_util.c ****  *
  48:C:/Users/dtjld/workspace/AIoT/src/LiteOS_Lab/iot_link/network/dtls/mbedtls/mbedtls-2.16.2/library\platform_util.c ****  * This implementation for mbedtls_platform_zeroize() was inspired from Colin
  49:C:/Users/dtjld/workspace/AIoT/src/LiteOS_Lab/iot_link/network/dtls/mbedtls/mbedtls-2.16.2/library\platform_util.c ****  * Percival's blog article at:
  50:C:/Users/dtjld/workspace/AIoT/src/LiteOS_Lab/iot_link/network/dtls/mbedtls/mbedtls-2.16.2/library\platform_util.c ****  *
  51:C:/Users/dtjld/workspace/AIoT/src/LiteOS_Lab/iot_link/network/dtls/mbedtls/mbedtls-2.16.2/library\platform_util.c ****  * http://www.daemonology.net/blog/2014-09-04-how-to-zero-a-buffer.html
  52:C:/Users/dtjld/workspace/AIoT/src/LiteOS_Lab/iot_link/network/dtls/mbedtls/mbedtls-2.16.2/library\platform_util.c ****  *
  53:C:/Users/dtjld/workspace/AIoT/src/LiteOS_Lab/iot_link/network/dtls/mbedtls/mbedtls-2.16.2/library\platform_util.c ****  * It uses a volatile function pointer to the standard memset(). Because the
  54:C:/Users/dtjld/workspace/AIoT/src/LiteOS_Lab/iot_link/network/dtls/mbedtls/mbedtls-2.16.2/library\platform_util.c ****  * pointer is volatile the compiler expects it to change at
  55:C:/Users/dtjld/workspace/AIoT/src/LiteOS_Lab/iot_link/network/dtls/mbedtls/mbedtls-2.16.2/library\platform_util.c ****  * any time and will not optimize out the call that could potentially perform
  56:C:/Users/dtjld/workspace/AIoT/src/LiteOS_Lab/iot_link/network/dtls/mbedtls/mbedtls-2.16.2/library\platform_util.c ****  * other operations on the input buffer instead of just setting it to 0.
  57:C:/Users/dtjld/workspace/AIoT/src/LiteOS_Lab/iot_link/network/dtls/mbedtls/mbedtls-2.16.2/library\platform_util.c ****  * Nevertheless, as pointed out by davidtgoldblatt on Hacker News
  58:C:/Users/dtjld/workspace/AIoT/src/LiteOS_Lab/iot_link/network/dtls/mbedtls/mbedtls-2.16.2/library\platform_util.c ****  * (refer to http://www.daemonology.net/blog/2014-09-05-erratum.html for
  59:C:/Users/dtjld/workspace/AIoT/src/LiteOS_Lab/iot_link/network/dtls/mbedtls/mbedtls-2.16.2/library\platform_util.c ****  * details), optimizations of the following form are still possible:
  60:C:/Users/dtjld/workspace/AIoT/src/LiteOS_Lab/iot_link/network/dtls/mbedtls/mbedtls-2.16.2/library\platform_util.c ****  *
  61:C:/Users/dtjld/workspace/AIoT/src/LiteOS_Lab/iot_link/network/dtls/mbedtls/mbedtls-2.16.2/library\platform_util.c ****  * if( memset_func != memset )
  62:C:/Users/dtjld/workspace/AIoT/src/LiteOS_Lab/iot_link/network/dtls/mbedtls/mbedtls-2.16.2/library\platform_util.c ****  *     memset_func( buf, 0, len );
  63:C:/Users/dtjld/workspace/AIoT/src/LiteOS_Lab/iot_link/network/dtls/mbedtls/mbedtls-2.16.2/library\platform_util.c ****  *
  64:C:/Users/dtjld/workspace/AIoT/src/LiteOS_Lab/iot_link/network/dtls/mbedtls/mbedtls-2.16.2/library\platform_util.c ****  * Note that it is extremely difficult to guarantee that
  65:C:/Users/dtjld/workspace/AIoT/src/LiteOS_Lab/iot_link/network/dtls/mbedtls/mbedtls-2.16.2/library\platform_util.c ****  * mbedtls_platform_zeroize() will not be optimized out by aggressive compilers
  66:C:/Users/dtjld/workspace/AIoT/src/LiteOS_Lab/iot_link/network/dtls/mbedtls/mbedtls-2.16.2/library\platform_util.c ****  * in a portable way. For this reason, Mbed TLS also provides the configuration
  67:C:/Users/dtjld/workspace/AIoT/src/LiteOS_Lab/iot_link/network/dtls/mbedtls/mbedtls-2.16.2/library\platform_util.c ****  * option MBEDTLS_PLATFORM_ZEROIZE_ALT, which allows users to configure
  68:C:/Users/dtjld/workspace/AIoT/src/LiteOS_Lab/iot_link/network/dtls/mbedtls/mbedtls-2.16.2/library\platform_util.c ****  * mbedtls_platform_zeroize() to use a suitable implementation for their
  69:C:/Users/dtjld/workspace/AIoT/src/LiteOS_Lab/iot_link/network/dtls/mbedtls/mbedtls-2.16.2/library\platform_util.c ****  * platform and needs.
  70:C:/Users/dtjld/workspace/AIoT/src/LiteOS_Lab/iot_link/network/dtls/mbedtls/mbedtls-2.16.2/library\platform_util.c ****  */
  71:C:/Users/dtjld/workspace/AIoT/src/LiteOS_Lab/iot_link/network/dtls/mbedtls/mbedtls-2.16.2/library\platform_util.c **** static void * (* const volatile memset_func)( void *, int, size_t ) = memset;
  72:C:/Users/dtjld/workspace/AIoT/src/LiteOS_Lab/iot_link/network/dtls/mbedtls/mbedtls-2.16.2/library\platform_util.c **** 
  73:C:/Users/dtjld/workspace/AIoT/src/LiteOS_Lab/iot_link/network/dtls/mbedtls/mbedtls-2.16.2/library\platform_util.c **** void mbedtls_platform_zeroize( void *buf, size_t len )
  74:C:/Users/dtjld/workspace/AIoT/src/LiteOS_Lab/iot_link/network/dtls/mbedtls/mbedtls-2.16.2/library\platform_util.c **** {
  34              		.loc 1 74 0
  35              		.cfi_startproc
  36              		@ args = 0, pretend = 0, frame = 8
  37              		@ frame_needed = 1, uses_anonymous_args = 0
  38 0000 80B5     		push	{r7, lr}
  39              	.LCFI0:
  40              		.cfi_def_cfa_offset 8
  41              		.cfi_offset 7, -8
  42              		.cfi_offset 14, -4
  43 0002 82B0     		sub	sp, sp, #8
ARM GAS  C:\Users\dtjld\AppData\Local\Temp\ccS36mRT.s 			page 3


  44              	.LCFI1:
  45              		.cfi_def_cfa_offset 16
  46 0004 00AF     		add	r7, sp, #0
  47              	.LCFI2:
  48              		.cfi_def_cfa_register 7
  49 0006 7860     		str	r0, [r7, #4]
  50 0008 3960     		str	r1, [r7]
  75:C:/Users/dtjld/workspace/AIoT/src/LiteOS_Lab/iot_link/network/dtls/mbedtls/mbedtls-2.16.2/library\platform_util.c ****     memset_func( buf, 0, len );
  51              		.loc 1 75 0
  52 000a 054B     		ldr	r3, .L2
  53 000c 1B68     		ldr	r3, [r3]
  54 000e 3A68     		ldr	r2, [r7]
  55 0010 0021     		movs	r1, #0
  56 0012 7868     		ldr	r0, [r7, #4]
  57 0014 9847     		blx	r3
  58              	.LVL0:
  76:C:/Users/dtjld/workspace/AIoT/src/LiteOS_Lab/iot_link/network/dtls/mbedtls/mbedtls-2.16.2/library\platform_util.c **** }
  59              		.loc 1 76 0
  60 0016 00BF     		nop
  61 0018 0837     		adds	r7, r7, #8
  62              	.LCFI3:
  63              		.cfi_def_cfa_offset 8
  64 001a BD46     		mov	sp, r7
  65              	.LCFI4:
  66              		.cfi_def_cfa_register 13
  67              		@ sp needed
  68 001c 80BD     		pop	{r7, pc}
  69              	.L3:
  70 001e 00BF     		.align	2
  71              	.L2:
  72 0020 00000000 		.word	memset_func
  73              		.cfi_endproc
  74              	.LFE3:
  76              		.text
  77              	.Letext0:
  78              		.file 2 "c:\\ac6\\systemworkbench\\plugins\\fr.ac6.mcu.externaltools.arm-none.win32_1.16.0.2018071
  79              		.file 3 "c:\\ac6\\systemworkbench\\plugins\\fr.ac6.mcu.externaltools.arm-none.win32_1.16.0.2018071
  80              		.file 4 "c:\\ac6\\systemworkbench\\plugins\\fr.ac6.mcu.externaltools.arm-none.win32_1.16.0.2018071
  81              		.file 5 "c:\\ac6\\systemworkbench\\plugins\\fr.ac6.mcu.externaltools.arm-none.win32_1.16.0.2018071
  82              		.file 6 "c:\\ac6\\systemworkbench\\plugins\\fr.ac6.mcu.externaltools.arm-none.win32_1.16.0.2018071
  83              		.file 7 "C:/Users/dtjld/workspace/AIoT/src/LiteOS_Lab/iot_link/network/dtls/mbedtls/mbedtls-2.16.2
ARM GAS  C:\Users\dtjld\AppData\Local\Temp\ccS36mRT.s 			page 4


DEFINED SYMBOLS
                            *ABS*:00000000 platform_util.c
C:\Users\dtjld\AppData\Local\Temp\ccS36mRT.s:18     .data.memset_func:00000000 $d
C:\Users\dtjld\AppData\Local\Temp\ccS36mRT.s:21     .data.memset_func:00000000 memset_func
C:\Users\dtjld\AppData\Local\Temp\ccS36mRT.s:24     .text.mbedtls_platform_zeroize:00000000 $t
C:\Users\dtjld\AppData\Local\Temp\ccS36mRT.s:31     .text.mbedtls_platform_zeroize:00000000 mbedtls_platform_zeroize
C:\Users\dtjld\AppData\Local\Temp\ccS36mRT.s:72     .text.mbedtls_platform_zeroize:00000020 $d

UNDEFINED SYMBOLS
memset
