ARM GAS  C:\Users\dtjld\AppData\Local\Temp\ccLv43Hf.s 			page 1


   1              		.cpu cortex-m4
   2              		.eabi_attribute 27, 1
   3              		.eabi_attribute 28, 1
   4              		.eabi_attribute 20, 1
   5              		.eabi_attribute 21, 1
   6              		.eabi_attribute 23, 3
   7              		.eabi_attribute 24, 1
   8              		.eabi_attribute 25, 1
   9              		.eabi_attribute 26, 1
  10              		.eabi_attribute 30, 6
  11              		.eabi_attribute 34, 1
  12              		.eabi_attribute 18, 4
  13              		.file	"uart_at.c"
  14              		.text
  15              	.Ltext0:
  16              		.cfi_sections	.debug_frame
  17              		.section	.data.s_pUSART,"aw",%progbits
  18              		.align	2
  21              	s_pUSART:
  22 0000 00440040 		.word	1073759232
  23              		.section	.data.s_uwIRQn,"aw",%progbits
  24              		.align	2
  27              	s_uwIRQn:
  28 0000 26000000 		.word	38
  29              		.section	.bss.g_atio_cb,"aw",%nobits
  30              		.align	2
  33              	g_atio_cb:
  34 0000 00000000 		.space	2100
  34      00000000 
  34      00000000 
  34      00000000 
  34      00000000 
  35              		.section	.text.atio_irq,"ax",%progbits
  36              		.align	1
  37              		.syntax unified
  38              		.thumb
  39              		.thumb_func
  40              		.fpu fpv4-sp-d16
  42              	atio_irq:
  43              	.LFB126:
  44              		.file 1 "C:/Users/dtjld/Desktop/AIoT_software/LiteOS_Lab_overseas/LiteOS_Lab/targets/GD32F303_Bear
   1:C:/Users/dtjld/Desktop/AIoT_software/LiteOS_Lab_overseas/LiteOS_Lab/targets/GD32F303_BearPi/uart_at\uart_at.c **** /*----------------------------------------------------------------------------
   2:C:/Users/dtjld/Desktop/AIoT_software/LiteOS_Lab_overseas/LiteOS_Lab/targets/GD32F303_BearPi/uart_at\uart_at.c ****  * Copyright (c) <2016-2019>, <Huawei Technologies Co., Ltd>
   3:C:/Users/dtjld/Desktop/AIoT_software/LiteOS_Lab_overseas/LiteOS_Lab/targets/GD32F303_BearPi/uart_at\uart_at.c ****  * All rights reserved.
   4:C:/Users/dtjld/Desktop/AIoT_software/LiteOS_Lab_overseas/LiteOS_Lab/targets/GD32F303_BearPi/uart_at\uart_at.c ****  * Redistribution and use in source and binary forms, with or without modification,
   5:C:/Users/dtjld/Desktop/AIoT_software/LiteOS_Lab_overseas/LiteOS_Lab/targets/GD32F303_BearPi/uart_at\uart_at.c ****  * are permitted provided that the following conditions are met:
   6:C:/Users/dtjld/Desktop/AIoT_software/LiteOS_Lab_overseas/LiteOS_Lab/targets/GD32F303_BearPi/uart_at\uart_at.c ****  * 1. Redistributions of source code must retain the above copyright notice, this list of
   7:C:/Users/dtjld/Desktop/AIoT_software/LiteOS_Lab_overseas/LiteOS_Lab/targets/GD32F303_BearPi/uart_at\uart_at.c ****  * conditions and the following disclaimer.
   8:C:/Users/dtjld/Desktop/AIoT_software/LiteOS_Lab_overseas/LiteOS_Lab/targets/GD32F303_BearPi/uart_at\uart_at.c ****  * 2. Redistributions in binary form must reproduce the above copyright notice, this list
   9:C:/Users/dtjld/Desktop/AIoT_software/LiteOS_Lab_overseas/LiteOS_Lab/targets/GD32F303_BearPi/uart_at\uart_at.c ****  * of conditions and the following disclaimer in the documentation and/or other materials
  10:C:/Users/dtjld/Desktop/AIoT_software/LiteOS_Lab_overseas/LiteOS_Lab/targets/GD32F303_BearPi/uart_at\uart_at.c ****  * provided with the distribution.
  11:C:/Users/dtjld/Desktop/AIoT_software/LiteOS_Lab_overseas/LiteOS_Lab/targets/GD32F303_BearPi/uart_at\uart_at.c ****  * 3. Neither the name of the copyright holder nor the names of its contributors may be used
  12:C:/Users/dtjld/Desktop/AIoT_software/LiteOS_Lab_overseas/LiteOS_Lab/targets/GD32F303_BearPi/uart_at\uart_at.c ****  * to endorse or promote products derived from this software without specific prior written
  13:C:/Users/dtjld/Desktop/AIoT_software/LiteOS_Lab_overseas/LiteOS_Lab/targets/GD32F303_BearPi/uart_at\uart_at.c ****  * permission.
  14:C:/Users/dtjld/Desktop/AIoT_software/LiteOS_Lab_overseas/LiteOS_Lab/targets/GD32F303_BearPi/uart_at\uart_at.c ****  * THIS SOFTWARE IS PROVIDED BY THE COPYRIGHT HOLDERS AND CONTRIBUTORS
  15:C:/Users/dtjld/Desktop/AIoT_software/LiteOS_Lab_overseas/LiteOS_Lab/targets/GD32F303_BearPi/uart_at\uart_at.c ****  * "AS IS" AND ANY EXPRESS OR IMPLIED WARRANTIES, INCLUDING, BUT NOT LIMITED TO,
  16:C:/Users/dtjld/Desktop/AIoT_software/LiteOS_Lab_overseas/LiteOS_Lab/targets/GD32F303_BearPi/uart_at\uart_at.c ****  * THE IMPLIED WARRANTIES OF MERCHANTABILITY AND FITNESS FOR A PARTICULAR
ARM GAS  C:\Users\dtjld\AppData\Local\Temp\ccLv43Hf.s 			page 2


  17:C:/Users/dtjld/Desktop/AIoT_software/LiteOS_Lab_overseas/LiteOS_Lab/targets/GD32F303_BearPi/uart_at\uart_at.c ****  * PURPOSE ARE DISCLAIMED. IN NO EVENT SHALL THE COPYRIGHT HOLDER OR
  18:C:/Users/dtjld/Desktop/AIoT_software/LiteOS_Lab_overseas/LiteOS_Lab/targets/GD32F303_BearPi/uart_at\uart_at.c ****  * CONTRIBUTORS BE LIABLE FOR ANY DIRECT, INDIRECT, INCIDENTAL, SPECIAL,
  19:C:/Users/dtjld/Desktop/AIoT_software/LiteOS_Lab_overseas/LiteOS_Lab/targets/GD32F303_BearPi/uart_at\uart_at.c ****  * EXEMPLARY, OR CONSEQUENTIAL DAMAGES (INCLUDING, BUT NOT LIMITED TO,
  20:C:/Users/dtjld/Desktop/AIoT_software/LiteOS_Lab_overseas/LiteOS_Lab/targets/GD32F303_BearPi/uart_at\uart_at.c ****  * PROCUREMENT OF SUBSTITUTE GOODS OR SERVICES; LOSS OF USE, DATA, OR PROFITS;
  21:C:/Users/dtjld/Desktop/AIoT_software/LiteOS_Lab_overseas/LiteOS_Lab/targets/GD32F303_BearPi/uart_at\uart_at.c ****  * OR BUSINESS INTERRUPTION) HOWEVER CAUSED AND ON ANY THEORY OF LIABILITY,
  22:C:/Users/dtjld/Desktop/AIoT_software/LiteOS_Lab_overseas/LiteOS_Lab/targets/GD32F303_BearPi/uart_at\uart_at.c ****  * WHETHER IN CONTRACT, STRICT LIABILITY, OR TORT (INCLUDING NEGLIGENCE OR
  23:C:/Users/dtjld/Desktop/AIoT_software/LiteOS_Lab_overseas/LiteOS_Lab/targets/GD32F303_BearPi/uart_at\uart_at.c ****  * OTHERWISE) ARISING IN ANY WAY OUT OF THE USE OF THIS SOFTWARE, EVEN IF
  24:C:/Users/dtjld/Desktop/AIoT_software/LiteOS_Lab_overseas/LiteOS_Lab/targets/GD32F303_BearPi/uart_at\uart_at.c ****  * ADVISED OF THE POSSIBILITY OF SUCH DAMAGE.
  25:C:/Users/dtjld/Desktop/AIoT_software/LiteOS_Lab_overseas/LiteOS_Lab/targets/GD32F303_BearPi/uart_at\uart_at.c ****  *---------------------------------------------------------------------------*/
  26:C:/Users/dtjld/Desktop/AIoT_software/LiteOS_Lab_overseas/LiteOS_Lab/targets/GD32F303_BearPi/uart_at\uart_at.c **** /*----------------------------------------------------------------------------
  27:C:/Users/dtjld/Desktop/AIoT_software/LiteOS_Lab_overseas/LiteOS_Lab/targets/GD32F303_BearPi/uart_at\uart_at.c ****  * Notice of Export Control Law
  28:C:/Users/dtjld/Desktop/AIoT_software/LiteOS_Lab_overseas/LiteOS_Lab/targets/GD32F303_BearPi/uart_at\uart_at.c ****  * ===============================================
  29:C:/Users/dtjld/Desktop/AIoT_software/LiteOS_Lab_overseas/LiteOS_Lab/targets/GD32F303_BearPi/uart_at\uart_at.c ****  * Huawei LiteOS may be subject to applicable export control laws and regulations, which might
  30:C:/Users/dtjld/Desktop/AIoT_software/LiteOS_Lab_overseas/LiteOS_Lab/targets/GD32F303_BearPi/uart_at\uart_at.c ****  * include those applicable to Huawei LiteOS of U.S. and the country in which you are located.
  31:C:/Users/dtjld/Desktop/AIoT_software/LiteOS_Lab_overseas/LiteOS_Lab/targets/GD32F303_BearPi/uart_at\uart_at.c ****  * Import, export and usage of Huawei LiteOS in any manner by you shall be in compliance with such
  32:C:/Users/dtjld/Desktop/AIoT_software/LiteOS_Lab_overseas/LiteOS_Lab/targets/GD32F303_BearPi/uart_at\uart_at.c ****  * applicable export control laws and regulations.
  33:C:/Users/dtjld/Desktop/AIoT_software/LiteOS_Lab_overseas/LiteOS_Lab/targets/GD32F303_BearPi/uart_at\uart_at.c ****  *---------------------------------------------------------------------------*/
  34:C:/Users/dtjld/Desktop/AIoT_software/LiteOS_Lab_overseas/LiteOS_Lab/targets/GD32F303_BearPi/uart_at\uart_at.c **** 
  35:C:/Users/dtjld/Desktop/AIoT_software/LiteOS_Lab_overseas/LiteOS_Lab/targets/GD32F303_BearPi/uart_at\uart_at.c **** #include "gd32f30x.h"
  36:C:/Users/dtjld/Desktop/AIoT_software/LiteOS_Lab_overseas/LiteOS_Lab/targets/GD32F303_BearPi/uart_at\uart_at.c **** #include "BearPi-IoT_gd32f303.h"
  37:C:/Users/dtjld/Desktop/AIoT_software/LiteOS_Lab_overseas/LiteOS_Lab/targets/GD32F303_BearPi/uart_at\uart_at.c **** #include <stdint.h>
  38:C:/Users/dtjld/Desktop/AIoT_software/LiteOS_Lab_overseas/LiteOS_Lab/targets/GD32F303_BearPi/uart_at\uart_at.c **** #include <stddef.h>
  39:C:/Users/dtjld/Desktop/AIoT_software/LiteOS_Lab_overseas/LiteOS_Lab/targets/GD32F303_BearPi/uart_at\uart_at.c **** #include <osal.h>
  40:C:/Users/dtjld/Desktop/AIoT_software/LiteOS_Lab_overseas/LiteOS_Lab/targets/GD32F303_BearPi/uart_at\uart_at.c **** #include <link_misc.h>
  41:C:/Users/dtjld/Desktop/AIoT_software/LiteOS_Lab_overseas/LiteOS_Lab/targets/GD32F303_BearPi/uart_at\uart_at.c **** #include <driver.h>
  42:C:/Users/dtjld/Desktop/AIoT_software/LiteOS_Lab_overseas/LiteOS_Lab/targets/GD32F303_BearPi/uart_at\uart_at.c **** #include "sys/fcntl.h"
  43:C:/Users/dtjld/Desktop/AIoT_software/LiteOS_Lab_overseas/LiteOS_Lab/targets/GD32F303_BearPi/uart_at\uart_at.c **** #include <iot_link_config.h>
  44:C:/Users/dtjld/Desktop/AIoT_software/LiteOS_Lab_overseas/LiteOS_Lab/targets/GD32F303_BearPi/uart_at\uart_at.c **** 
  45:C:/Users/dtjld/Desktop/AIoT_software/LiteOS_Lab_overseas/LiteOS_Lab/targets/GD32F303_BearPi/uart_at\uart_at.c **** static uint32_t s_pUSART = EVAL_COM1;
  46:C:/Users/dtjld/Desktop/AIoT_software/LiteOS_Lab_overseas/LiteOS_Lab/targets/GD32F303_BearPi/uart_at\uart_at.c **** static uint32_t s_uwIRQn = USART1_IRQn;
  47:C:/Users/dtjld/Desktop/AIoT_software/LiteOS_Lab_overseas/LiteOS_Lab/targets/GD32F303_BearPi/uart_at\uart_at.c **** 
  48:C:/Users/dtjld/Desktop/AIoT_software/LiteOS_Lab_overseas/LiteOS_Lab/targets/GD32F303_BearPi/uart_at\uart_at.c **** #define CN_RCVBUF_LEN  1024  //cache a frame
  49:C:/Users/dtjld/Desktop/AIoT_software/LiteOS_Lab_overseas/LiteOS_Lab/targets/GD32F303_BearPi/uart_at\uart_at.c **** #define CN_RCVMEM_LEN  1024  //use to cache more frames
  50:C:/Users/dtjld/Desktop/AIoT_software/LiteOS_Lab_overseas/LiteOS_Lab/targets/GD32F303_BearPi/uart_at\uart_at.c **** 
  51:C:/Users/dtjld/Desktop/AIoT_software/LiteOS_Lab_overseas/LiteOS_Lab/targets/GD32F303_BearPi/uart_at\uart_at.c **** struct atio_cb
  52:C:/Users/dtjld/Desktop/AIoT_software/LiteOS_Lab_overseas/LiteOS_Lab/targets/GD32F303_BearPi/uart_at\uart_at.c **** {
  53:C:/Users/dtjld/Desktop/AIoT_software/LiteOS_Lab_overseas/LiteOS_Lab/targets/GD32F303_BearPi/uart_at\uart_at.c ****     unsigned short        w_next;    //the next position to be write
  54:C:/Users/dtjld/Desktop/AIoT_software/LiteOS_Lab_overseas/LiteOS_Lab/targets/GD32F303_BearPi/uart_at\uart_at.c ****     osal_semp_t           rcvsync;   //if a frame has been written to the ring, then active it
  55:C:/Users/dtjld/Desktop/AIoT_software/LiteOS_Lab_overseas/LiteOS_Lab/targets/GD32F303_BearPi/uart_at\uart_at.c ****     tag_ring_buffer_t     rcvring;
  56:C:/Users/dtjld/Desktop/AIoT_software/LiteOS_Lab_overseas/LiteOS_Lab/targets/GD32F303_BearPi/uart_at\uart_at.c ****     unsigned char         rcvbuf[CN_RCVBUF_LEN];
  57:C:/Users/dtjld/Desktop/AIoT_software/LiteOS_Lab_overseas/LiteOS_Lab/targets/GD32F303_BearPi/uart_at\uart_at.c ****     unsigned char         rcvringmem[CN_RCVMEM_LEN];
  58:C:/Users/dtjld/Desktop/AIoT_software/LiteOS_Lab_overseas/LiteOS_Lab/targets/GD32F303_BearPi/uart_at\uart_at.c ****     //for the debug here
  59:C:/Users/dtjld/Desktop/AIoT_software/LiteOS_Lab_overseas/LiteOS_Lab/targets/GD32F303_BearPi/uart_at\uart_at.c ****     unsigned int          rframeover; //how many times the frame has been over the max length
  60:C:/Users/dtjld/Desktop/AIoT_software/LiteOS_Lab_overseas/LiteOS_Lab/targets/GD32F303_BearPi/uart_at\uart_at.c ****     unsigned int          rframedrop; //how many frame has been droped for memmory
  61:C:/Users/dtjld/Desktop/AIoT_software/LiteOS_Lab_overseas/LiteOS_Lab/targets/GD32F303_BearPi/uart_at\uart_at.c ****     unsigned int          sndlen;     //how many bytes has been sent
  62:C:/Users/dtjld/Desktop/AIoT_software/LiteOS_Lab_overseas/LiteOS_Lab/targets/GD32F303_BearPi/uart_at\uart_at.c ****     unsigned int          rcvlen;     //how many bytes has been received
  63:C:/Users/dtjld/Desktop/AIoT_software/LiteOS_Lab_overseas/LiteOS_Lab/targets/GD32F303_BearPi/uart_at\uart_at.c ****     unsigned int          sndframe;   //how many frame has been sent
  64:C:/Users/dtjld/Desktop/AIoT_software/LiteOS_Lab_overseas/LiteOS_Lab/targets/GD32F303_BearPi/uart_at\uart_at.c ****     unsigned int          rcvframe;   //how many frame has been received
  65:C:/Users/dtjld/Desktop/AIoT_software/LiteOS_Lab_overseas/LiteOS_Lab/targets/GD32F303_BearPi/uart_at\uart_at.c ****     unsigned int          rcvringrst; //how many times the receive ring has been reset
  66:C:/Users/dtjld/Desktop/AIoT_software/LiteOS_Lab_overseas/LiteOS_Lab/targets/GD32F303_BearPi/uart_at\uart_at.c **** };
  67:C:/Users/dtjld/Desktop/AIoT_software/LiteOS_Lab_overseas/LiteOS_Lab/targets/GD32F303_BearPi/uart_at\uart_at.c **** static struct atio_cb   g_atio_cb;
  68:C:/Users/dtjld/Desktop/AIoT_software/LiteOS_Lab_overseas/LiteOS_Lab/targets/GD32F303_BearPi/uart_at\uart_at.c **** 
  69:C:/Users/dtjld/Desktop/AIoT_software/LiteOS_Lab_overseas/LiteOS_Lab/targets/GD32F303_BearPi/uart_at\uart_at.c **** 
  70:C:/Users/dtjld/Desktop/AIoT_software/LiteOS_Lab_overseas/LiteOS_Lab/targets/GD32F303_BearPi/uart_at\uart_at.c **** /*******************************************************************************
  71:C:/Users/dtjld/Desktop/AIoT_software/LiteOS_Lab_overseas/LiteOS_Lab/targets/GD32F303_BearPi/uart_at\uart_at.c **** function     :use this function to deal the uart interrupt
  72:C:/Users/dtjld/Desktop/AIoT_software/LiteOS_Lab_overseas/LiteOS_Lab/targets/GD32F303_BearPi/uart_at\uart_at.c **** parameters   :
  73:C:/Users/dtjld/Desktop/AIoT_software/LiteOS_Lab_overseas/LiteOS_Lab/targets/GD32F303_BearPi/uart_at\uart_at.c **** instruction  :we cached the data in the temp buffer,when the idle interrupt reached,
ARM GAS  C:\Users\dtjld\AppData\Local\Temp\ccLv43Hf.s 			page 3


  74:C:/Users/dtjld/Desktop/AIoT_software/LiteOS_Lab_overseas/LiteOS_Lab/targets/GD32F303_BearPi/uart_at\uart_at.c ****               then we write the data and the length to the ring if the ring has enough
  75:C:/Users/dtjld/Desktop/AIoT_software/LiteOS_Lab_overseas/LiteOS_Lab/targets/GD32F303_BearPi/uart_at\uart_at.c ****               space
  76:C:/Users/dtjld/Desktop/AIoT_software/LiteOS_Lab_overseas/LiteOS_Lab/targets/GD32F303_BearPi/uart_at\uart_at.c **** *******************************************************************************/
  77:C:/Users/dtjld/Desktop/AIoT_software/LiteOS_Lab_overseas/LiteOS_Lab/targets/GD32F303_BearPi/uart_at\uart_at.c **** static void atio_irq(void)
  78:C:/Users/dtjld/Desktop/AIoT_software/LiteOS_Lab_overseas/LiteOS_Lab/targets/GD32F303_BearPi/uart_at\uart_at.c **** {
  45              		.loc 1 78 0
  46              		.cfi_startproc
  47              		@ args = 0, pretend = 0, frame = 8
  48              		@ frame_needed = 1, uses_anonymous_args = 0
  49 0000 80B5     		push	{r7, lr}
  50              	.LCFI0:
  51              		.cfi_def_cfa_offset 8
  52              		.cfi_offset 7, -8
  53              		.cfi_offset 14, -4
  54 0002 82B0     		sub	sp, sp, #8
  55              	.LCFI1:
  56              		.cfi_def_cfa_offset 16
  57 0004 00AF     		add	r7, sp, #0
  58              	.LCFI2:
  59              		.cfi_def_cfa_register 7
  79:C:/Users/dtjld/Desktop/AIoT_software/LiteOS_Lab_overseas/LiteOS_Lab/targets/GD32F303_BearPi/uart_at\uart_at.c ****     unsigned char  value;
  80:C:/Users/dtjld/Desktop/AIoT_software/LiteOS_Lab_overseas/LiteOS_Lab/targets/GD32F303_BearPi/uart_at\uart_at.c ****     unsigned short ringspace;
  81:C:/Users/dtjld/Desktop/AIoT_software/LiteOS_Lab_overseas/LiteOS_Lab/targets/GD32F303_BearPi/uart_at\uart_at.c ****     if(usart_flag_get(s_pUSART, USART_FLAG_RBNE) != RESET)
  60              		.loc 1 81 0
  61 0006 3F4B     		ldr	r3, .L9
  62 0008 1B68     		ldr	r3, [r3]
  63 000a 0521     		movs	r1, #5
  64 000c 1846     		mov	r0, r3
  65 000e FFF7FEFF 		bl	usart_flag_get
  66 0012 0346     		mov	r3, r0
  67 0014 002B     		cmp	r3, #0
  68 0016 28D0     		beq	.L2
  82:C:/Users/dtjld/Desktop/AIoT_software/LiteOS_Lab_overseas/LiteOS_Lab/targets/GD32F303_BearPi/uart_at\uart_at.c ****     {
  83:C:/Users/dtjld/Desktop/AIoT_software/LiteOS_Lab_overseas/LiteOS_Lab/targets/GD32F303_BearPi/uart_at\uart_at.c ****        value = (uint8_t)(usart_data_receive(s_pUSART) & 0x00FF);
  69              		.loc 1 83 0
  70 0018 3A4B     		ldr	r3, .L9
  71 001a 1B68     		ldr	r3, [r3]
  72 001c 1846     		mov	r0, r3
  73 001e FFF7FEFF 		bl	usart_data_receive
  74 0022 0346     		mov	r3, r0
  75 0024 FB71     		strb	r3, [r7, #7]
  84:C:/Users/dtjld/Desktop/AIoT_software/LiteOS_Lab_overseas/LiteOS_Lab/targets/GD32F303_BearPi/uart_at\uart_at.c ****        g_atio_cb.rcvlen++;
  76              		.loc 1 84 0
  77 0026 384B     		ldr	r3, .L9+4
  78 0028 D3F82438 		ldr	r3, [r3, #2084]
  79 002c 0133     		adds	r3, r3, #1
  80 002e 364A     		ldr	r2, .L9+4
  81 0030 C2F82438 		str	r3, [r2, #2084]
  85:C:/Users/dtjld/Desktop/AIoT_software/LiteOS_Lab_overseas/LiteOS_Lab/targets/GD32F303_BearPi/uart_at\uart_at.c ****        if(g_atio_cb.w_next < CN_RCVBUF_LEN)
  82              		.loc 1 85 0
  83 0034 344B     		ldr	r3, .L9+4
  84 0036 1B88     		ldrh	r3, [r3]
  85 0038 B3F5806F 		cmp	r3, #1024
  86 003c 0DD2     		bcs	.L3
  86:C:/Users/dtjld/Desktop/AIoT_software/LiteOS_Lab_overseas/LiteOS_Lab/targets/GD32F303_BearPi/uart_at\uart_at.c ****        {
  87:C:/Users/dtjld/Desktop/AIoT_software/LiteOS_Lab_overseas/LiteOS_Lab/targets/GD32F303_BearPi/uart_at\uart_at.c ****            g_atio_cb.rcvbuf[g_atio_cb.w_next] = value;
  87              		.loc 1 87 0
ARM GAS  C:\Users\dtjld\AppData\Local\Temp\ccLv43Hf.s 			page 4


  88 003e 324B     		ldr	r3, .L9+4
  89 0040 1B88     		ldrh	r3, [r3]
  90 0042 1A46     		mov	r2, r3
  91 0044 304B     		ldr	r3, .L9+4
  92 0046 1344     		add	r3, r3, r2
  93 0048 FA79     		ldrb	r2, [r7, #7]
  94 004a 1A76     		strb	r2, [r3, #24]
  88:C:/Users/dtjld/Desktop/AIoT_software/LiteOS_Lab_overseas/LiteOS_Lab/targets/GD32F303_BearPi/uart_at\uart_at.c ****            g_atio_cb.w_next++;
  95              		.loc 1 88 0
  96 004c 2E4B     		ldr	r3, .L9+4
  97 004e 1B88     		ldrh	r3, [r3]
  98 0050 0133     		adds	r3, r3, #1
  99 0052 9AB2     		uxth	r2, r3
 100 0054 2C4B     		ldr	r3, .L9+4
 101 0056 1A80     		strh	r2, [r3]	@ movhi
  89:C:/Users/dtjld/Desktop/AIoT_software/LiteOS_Lab_overseas/LiteOS_Lab/targets/GD32F303_BearPi/uart_at\uart_at.c ****        }
  90:C:/Users/dtjld/Desktop/AIoT_software/LiteOS_Lab_overseas/LiteOS_Lab/targets/GD32F303_BearPi/uart_at\uart_at.c ****        else
  91:C:/Users/dtjld/Desktop/AIoT_software/LiteOS_Lab_overseas/LiteOS_Lab/targets/GD32F303_BearPi/uart_at\uart_at.c ****        {
  92:C:/Users/dtjld/Desktop/AIoT_software/LiteOS_Lab_overseas/LiteOS_Lab/targets/GD32F303_BearPi/uart_at\uart_at.c ****             g_atio_cb.rframeover++;
  93:C:/Users/dtjld/Desktop/AIoT_software/LiteOS_Lab_overseas/LiteOS_Lab/targets/GD32F303_BearPi/uart_at\uart_at.c ****        }
  94:C:/Users/dtjld/Desktop/AIoT_software/LiteOS_Lab_overseas/LiteOS_Lab/targets/GD32F303_BearPi/uart_at\uart_at.c ****     }
  95:C:/Users/dtjld/Desktop/AIoT_software/LiteOS_Lab_overseas/LiteOS_Lab/targets/GD32F303_BearPi/uart_at\uart_at.c ****     else if (usart_flag_get(s_pUSART,USART_FLAG_IDLE) != RESET)
  96:C:/Users/dtjld/Desktop/AIoT_software/LiteOS_Lab_overseas/LiteOS_Lab/targets/GD32F303_BearPi/uart_at\uart_at.c ****     {
  97:C:/Users/dtjld/Desktop/AIoT_software/LiteOS_Lab_overseas/LiteOS_Lab/targets/GD32F303_BearPi/uart_at\uart_at.c **** 
  98:C:/Users/dtjld/Desktop/AIoT_software/LiteOS_Lab_overseas/LiteOS_Lab/targets/GD32F303_BearPi/uart_at\uart_at.c ****     	usart_flag_get(s_pUSART,USART_FLAG_IDLE);
  99:C:/Users/dtjld/Desktop/AIoT_software/LiteOS_Lab_overseas/LiteOS_Lab/targets/GD32F303_BearPi/uart_at\uart_at.c ****     	usart_data_receive(s_pUSART);
 100:C:/Users/dtjld/Desktop/AIoT_software/LiteOS_Lab_overseas/LiteOS_Lab/targets/GD32F303_BearPi/uart_at\uart_at.c ****         ringspace = CN_RCVMEM_LEN - ring_buffer_datalen(&g_atio_cb.rcvring);
 101:C:/Users/dtjld/Desktop/AIoT_software/LiteOS_Lab_overseas/LiteOS_Lab/targets/GD32F303_BearPi/uart_at\uart_at.c ****         if(ringspace < g_atio_cb.w_next)  //not enough mem
 102:C:/Users/dtjld/Desktop/AIoT_software/LiteOS_Lab_overseas/LiteOS_Lab/targets/GD32F303_BearPi/uart_at\uart_at.c ****         {
 103:C:/Users/dtjld/Desktop/AIoT_software/LiteOS_Lab_overseas/LiteOS_Lab/targets/GD32F303_BearPi/uart_at\uart_at.c ****             g_atio_cb.rframedrop++;
 104:C:/Users/dtjld/Desktop/AIoT_software/LiteOS_Lab_overseas/LiteOS_Lab/targets/GD32F303_BearPi/uart_at\uart_at.c ****         }
 105:C:/Users/dtjld/Desktop/AIoT_software/LiteOS_Lab_overseas/LiteOS_Lab/targets/GD32F303_BearPi/uart_at\uart_at.c ****         else
 106:C:/Users/dtjld/Desktop/AIoT_software/LiteOS_Lab_overseas/LiteOS_Lab/targets/GD32F303_BearPi/uart_at\uart_at.c ****         {
 107:C:/Users/dtjld/Desktop/AIoT_software/LiteOS_Lab_overseas/LiteOS_Lab/targets/GD32F303_BearPi/uart_at\uart_at.c ****             //write data to the ring buffer:len+data format
 108:C:/Users/dtjld/Desktop/AIoT_software/LiteOS_Lab_overseas/LiteOS_Lab/targets/GD32F303_BearPi/uart_at\uart_at.c ****             ringspace = g_atio_cb.w_next;
 109:C:/Users/dtjld/Desktop/AIoT_software/LiteOS_Lab_overseas/LiteOS_Lab/targets/GD32F303_BearPi/uart_at\uart_at.c ****             ring_buffer_write(&g_atio_cb.rcvring,(unsigned char *)&ringspace,sizeof(ringspace));
 110:C:/Users/dtjld/Desktop/AIoT_software/LiteOS_Lab_overseas/LiteOS_Lab/targets/GD32F303_BearPi/uart_at\uart_at.c ****             ring_buffer_write(&g_atio_cb.rcvring,g_atio_cb.rcvbuf,ringspace);
 111:C:/Users/dtjld/Desktop/AIoT_software/LiteOS_Lab_overseas/LiteOS_Lab/targets/GD32F303_BearPi/uart_at\uart_at.c ****             osal_semp_post(g_atio_cb.rcvsync);
 112:C:/Users/dtjld/Desktop/AIoT_software/LiteOS_Lab_overseas/LiteOS_Lab/targets/GD32F303_BearPi/uart_at\uart_at.c ****             g_atio_cb.rcvframe++;
 113:C:/Users/dtjld/Desktop/AIoT_software/LiteOS_Lab_overseas/LiteOS_Lab/targets/GD32F303_BearPi/uart_at\uart_at.c ****         }
 114:C:/Users/dtjld/Desktop/AIoT_software/LiteOS_Lab_overseas/LiteOS_Lab/targets/GD32F303_BearPi/uart_at\uart_at.c ****         g_atio_cb.w_next=0; //write from the head
 115:C:/Users/dtjld/Desktop/AIoT_software/LiteOS_Lab_overseas/LiteOS_Lab/targets/GD32F303_BearPi/uart_at\uart_at.c ****     }
 116:C:/Users/dtjld/Desktop/AIoT_software/LiteOS_Lab_overseas/LiteOS_Lab/targets/GD32F303_BearPi/uart_at\uart_at.c **** }
 102              		.loc 1 116 0
 103 0058 4FE0     		b	.L8
 104              	.L3:
  92:C:/Users/dtjld/Desktop/AIoT_software/LiteOS_Lab_overseas/LiteOS_Lab/targets/GD32F303_BearPi/uart_at\uart_at.c ****        }
 105              		.loc 1 92 0
 106 005a 2B4B     		ldr	r3, .L9+4
 107 005c D3F81838 		ldr	r3, [r3, #2072]
 108 0060 0133     		adds	r3, r3, #1
 109 0062 294A     		ldr	r2, .L9+4
 110 0064 C2F81838 		str	r3, [r2, #2072]
 111              		.loc 1 116 0
 112 0068 47E0     		b	.L8
 113              	.L2:
  95:C:/Users/dtjld/Desktop/AIoT_software/LiteOS_Lab_overseas/LiteOS_Lab/targets/GD32F303_BearPi/uart_at\uart_at.c ****     {
ARM GAS  C:\Users\dtjld\AppData\Local\Temp\ccLv43Hf.s 			page 5


 114              		.loc 1 95 0
 115 006a 264B     		ldr	r3, .L9
 116 006c 1B68     		ldr	r3, [r3]
 117 006e 0421     		movs	r1, #4
 118 0070 1846     		mov	r0, r3
 119 0072 FFF7FEFF 		bl	usart_flag_get
 120 0076 0346     		mov	r3, r0
 121 0078 002B     		cmp	r3, #0
 122 007a 3ED0     		beq	.L8
  98:C:/Users/dtjld/Desktop/AIoT_software/LiteOS_Lab_overseas/LiteOS_Lab/targets/GD32F303_BearPi/uart_at\uart_at.c ****     	usart_data_receive(s_pUSART);
 123              		.loc 1 98 0
 124 007c 214B     		ldr	r3, .L9
 125 007e 1B68     		ldr	r3, [r3]
 126 0080 0421     		movs	r1, #4
 127 0082 1846     		mov	r0, r3
 128 0084 FFF7FEFF 		bl	usart_flag_get
  99:C:/Users/dtjld/Desktop/AIoT_software/LiteOS_Lab_overseas/LiteOS_Lab/targets/GD32F303_BearPi/uart_at\uart_at.c ****         ringspace = CN_RCVMEM_LEN - ring_buffer_datalen(&g_atio_cb.rcvring);
 129              		.loc 1 99 0
 130 0088 1E4B     		ldr	r3, .L9
 131 008a 1B68     		ldr	r3, [r3]
 132 008c 1846     		mov	r0, r3
 133 008e FFF7FEFF 		bl	usart_data_receive
 100:C:/Users/dtjld/Desktop/AIoT_software/LiteOS_Lab_overseas/LiteOS_Lab/targets/GD32F303_BearPi/uart_at\uart_at.c ****         if(ringspace < g_atio_cb.w_next)  //not enough mem
 134              		.loc 1 100 0
 135 0092 1E48     		ldr	r0, .L9+8
 136 0094 FFF7FEFF 		bl	ring_buffer_datalen
 137 0098 0346     		mov	r3, r0
 138 009a 9BB2     		uxth	r3, r3
 139 009c C3F58063 		rsb	r3, r3, #1024
 140 00a0 9BB2     		uxth	r3, r3
 141 00a2 BB80     		strh	r3, [r7, #4]	@ movhi
 101:C:/Users/dtjld/Desktop/AIoT_software/LiteOS_Lab_overseas/LiteOS_Lab/targets/GD32F303_BearPi/uart_at\uart_at.c ****         {
 142              		.loc 1 101 0
 143 00a4 184B     		ldr	r3, .L9+4
 144 00a6 1A88     		ldrh	r2, [r3]
 145 00a8 BB88     		ldrh	r3, [r7, #4]
 146 00aa 9A42     		cmp	r2, r3
 147 00ac 07D9     		bls	.L6
 103:C:/Users/dtjld/Desktop/AIoT_software/LiteOS_Lab_overseas/LiteOS_Lab/targets/GD32F303_BearPi/uart_at\uart_at.c ****         }
 148              		.loc 1 103 0
 149 00ae 164B     		ldr	r3, .L9+4
 150 00b0 D3F81C38 		ldr	r3, [r3, #2076]
 151 00b4 0133     		adds	r3, r3, #1
 152 00b6 144A     		ldr	r2, .L9+4
 153 00b8 C2F81C38 		str	r3, [r2, #2076]
 154 00bc 1AE0     		b	.L7
 155              	.L6:
 108:C:/Users/dtjld/Desktop/AIoT_software/LiteOS_Lab_overseas/LiteOS_Lab/targets/GD32F303_BearPi/uart_at\uart_at.c ****             ring_buffer_write(&g_atio_cb.rcvring,(unsigned char *)&ringspace,sizeof(ringspace));
 156              		.loc 1 108 0
 157 00be 124B     		ldr	r3, .L9+4
 158 00c0 1B88     		ldrh	r3, [r3]
 159 00c2 BB80     		strh	r3, [r7, #4]	@ movhi
 109:C:/Users/dtjld/Desktop/AIoT_software/LiteOS_Lab_overseas/LiteOS_Lab/targets/GD32F303_BearPi/uart_at\uart_at.c ****             ring_buffer_write(&g_atio_cb.rcvring,g_atio_cb.rcvbuf,ringspace);
 160              		.loc 1 109 0
 161 00c4 3B1D     		adds	r3, r7, #4
 162 00c6 0222     		movs	r2, #2
 163 00c8 1946     		mov	r1, r3
ARM GAS  C:\Users\dtjld\AppData\Local\Temp\ccLv43Hf.s 			page 6


 164 00ca 1048     		ldr	r0, .L9+8
 165 00cc FFF7FEFF 		bl	ring_buffer_write
 110:C:/Users/dtjld/Desktop/AIoT_software/LiteOS_Lab_overseas/LiteOS_Lab/targets/GD32F303_BearPi/uart_at\uart_at.c ****             osal_semp_post(g_atio_cb.rcvsync);
 166              		.loc 1 110 0
 167 00d0 BB88     		ldrh	r3, [r7, #4]
 168 00d2 1A46     		mov	r2, r3
 169 00d4 0E49     		ldr	r1, .L9+12
 170 00d6 0D48     		ldr	r0, .L9+8
 171 00d8 FFF7FEFF 		bl	ring_buffer_write
 111:C:/Users/dtjld/Desktop/AIoT_software/LiteOS_Lab_overseas/LiteOS_Lab/targets/GD32F303_BearPi/uart_at\uart_at.c ****             g_atio_cb.rcvframe++;
 172              		.loc 1 111 0
 173 00dc 0A4B     		ldr	r3, .L9+4
 174 00de 5B68     		ldr	r3, [r3, #4]
 175 00e0 1846     		mov	r0, r3
 176 00e2 FFF7FEFF 		bl	osal_semp_post
 112:C:/Users/dtjld/Desktop/AIoT_software/LiteOS_Lab_overseas/LiteOS_Lab/targets/GD32F303_BearPi/uart_at\uart_at.c ****         }
 177              		.loc 1 112 0
 178 00e6 084B     		ldr	r3, .L9+4
 179 00e8 D3F82C38 		ldr	r3, [r3, #2092]
 180 00ec 0133     		adds	r3, r3, #1
 181 00ee 064A     		ldr	r2, .L9+4
 182 00f0 C2F82C38 		str	r3, [r2, #2092]
 183              	.L7:
 114:C:/Users/dtjld/Desktop/AIoT_software/LiteOS_Lab_overseas/LiteOS_Lab/targets/GD32F303_BearPi/uart_at\uart_at.c ****     }
 184              		.loc 1 114 0
 185 00f4 044B     		ldr	r3, .L9+4
 186 00f6 0022     		movs	r2, #0
 187 00f8 1A80     		strh	r2, [r3]	@ movhi
 188              	.L8:
 189              		.loc 1 116 0
 190 00fa 00BF     		nop
 191 00fc 0837     		adds	r7, r7, #8
 192              	.LCFI3:
 193              		.cfi_def_cfa_offset 8
 194 00fe BD46     		mov	sp, r7
 195              	.LCFI4:
 196              		.cfi_def_cfa_register 13
 197              		@ sp needed
 198 0100 80BD     		pop	{r7, pc}
 199              	.L10:
 200 0102 00BF     		.align	2
 201              	.L9:
 202 0104 00000000 		.word	s_pUSART
 203 0108 00000000 		.word	g_atio_cb
 204 010c 08000000 		.word	g_atio_cb+8
 205 0110 18000000 		.word	g_atio_cb+24
 206              		.cfi_endproc
 207              	.LFE126:
 209              		.section	.rodata
 210              		.align	2
 211              	.LC0:
 212 0000 25733A73 		.ascii	"%s:semp create error\012\015\000"
 212      656D7020 
 212      63726561 
 212      74652065 
 212      72726F72 
 213              		.section	.text.uart_at_init,"ax",%progbits
ARM GAS  C:\Users\dtjld\AppData\Local\Temp\ccLv43Hf.s 			page 7


 214              		.align	1
 215              		.global	uart_at_init
 216              		.syntax unified
 217              		.thumb
 218              		.thumb_func
 219              		.fpu fpv4-sp-d16
 221              	uart_at_init:
 222              	.LFB127:
 117:C:/Users/dtjld/Desktop/AIoT_software/LiteOS_Lab_overseas/LiteOS_Lab/targets/GD32F303_BearPi/uart_at\uart_at.c **** 
 118:C:/Users/dtjld/Desktop/AIoT_software/LiteOS_Lab_overseas/LiteOS_Lab/targets/GD32F303_BearPi/uart_at\uart_at.c **** /*******************************************************************************
 119:C:/Users/dtjld/Desktop/AIoT_software/LiteOS_Lab_overseas/LiteOS_Lab/targets/GD32F303_BearPi/uart_at\uart_at.c **** function     :use this function to initialize the uart
 120:C:/Users/dtjld/Desktop/AIoT_software/LiteOS_Lab_overseas/LiteOS_Lab/targets/GD32F303_BearPi/uart_at\uart_at.c **** parameters   :
 121:C:/Users/dtjld/Desktop/AIoT_software/LiteOS_Lab_overseas/LiteOS_Lab/targets/GD32F303_BearPi/uart_at\uart_at.c **** instruction  :
 122:C:/Users/dtjld/Desktop/AIoT_software/LiteOS_Lab_overseas/LiteOS_Lab/targets/GD32F303_BearPi/uart_at\uart_at.c **** *******************************************************************************/
 123:C:/Users/dtjld/Desktop/AIoT_software/LiteOS_Lab_overseas/LiteOS_Lab/targets/GD32F303_BearPi/uart_at\uart_at.c **** bool_t uart_at_init(int baud)
 124:C:/Users/dtjld/Desktop/AIoT_software/LiteOS_Lab_overseas/LiteOS_Lab/targets/GD32F303_BearPi/uart_at\uart_at.c **** {
 223              		.loc 1 124 0
 224              		.cfi_startproc
 225              		@ args = 0, pretend = 0, frame = 8
 226              		@ frame_needed = 1, uses_anonymous_args = 0
 227 0000 80B5     		push	{r7, lr}
 228              	.LCFI5:
 229              		.cfi_def_cfa_offset 8
 230              		.cfi_offset 7, -8
 231              		.cfi_offset 14, -4
 232 0002 84B0     		sub	sp, sp, #16
 233              	.LCFI6:
 234              		.cfi_def_cfa_offset 24
 235 0004 02AF     		add	r7, sp, #8
 236              	.LCFI7:
 237              		.cfi_def_cfa 7, 16
 238 0006 7860     		str	r0, [r7, #4]
 125:C:/Users/dtjld/Desktop/AIoT_software/LiteOS_Lab_overseas/LiteOS_Lab/targets/GD32F303_BearPi/uart_at\uart_at.c ****     //initialize the at controller
 126:C:/Users/dtjld/Desktop/AIoT_software/LiteOS_Lab_overseas/LiteOS_Lab/targets/GD32F303_BearPi/uart_at\uart_at.c ****     memset(&g_atio_cb,0,sizeof(g_atio_cb));
 239              		.loc 1 126 0
 240 0008 40F63402 		movw	r2, #2100
 241 000c 0021     		movs	r1, #0
 242 000e 2248     		ldr	r0, .L15
 243 0010 FFF7FEFF 		bl	memset
 127:C:/Users/dtjld/Desktop/AIoT_software/LiteOS_Lab_overseas/LiteOS_Lab/targets/GD32F303_BearPi/uart_at\uart_at.c ****     if(false == osal_semp_create(&g_atio_cb.rcvsync,CN_RCVMEM_LEN,0))
 244              		.loc 1 127 0
 245 0014 0022     		movs	r2, #0
 246 0016 4FF48061 		mov	r1, #1024
 247 001a 2048     		ldr	r0, .L15+4
 248 001c FFF7FEFF 		bl	osal_semp_create
 249 0020 0346     		mov	r3, r0
 250 0022 002B     		cmp	r3, #0
 251 0024 06D1     		bne	.L12
 128:C:/Users/dtjld/Desktop/AIoT_software/LiteOS_Lab_overseas/LiteOS_Lab/targets/GD32F303_BearPi/uart_at\uart_at.c ****     {
 129:C:/Users/dtjld/Desktop/AIoT_software/LiteOS_Lab_overseas/LiteOS_Lab/targets/GD32F303_BearPi/uart_at\uart_at.c ****         printf("%s:semp create error\n\r",__FUNCTION__);
 252              		.loc 1 129 0
 253 0026 1E49     		ldr	r1, .L15+8
 254 0028 1E48     		ldr	r0, .L15+12
 255 002a FFF7FEFF 		bl	printf
 130:C:/Users/dtjld/Desktop/AIoT_software/LiteOS_Lab_overseas/LiteOS_Lab/targets/GD32F303_BearPi/uart_at\uart_at.c ****         goto EXIT_SEMP;
 256              		.loc 1 130 0
 257 002e 00BF     		nop
ARM GAS  C:\Users\dtjld\AppData\Local\Temp\ccLv43Hf.s 			page 8


 258              	.L13:
 131:C:/Users/dtjld/Desktop/AIoT_software/LiteOS_Lab_overseas/LiteOS_Lab/targets/GD32F303_BearPi/uart_at\uart_at.c ****     }
 132:C:/Users/dtjld/Desktop/AIoT_software/LiteOS_Lab_overseas/LiteOS_Lab/targets/GD32F303_BearPi/uart_at\uart_at.c ****     ring_buffer_init(&g_atio_cb.rcvring,g_atio_cb.rcvringmem,CN_RCVMEM_LEN,0,0);
 133:C:/Users/dtjld/Desktop/AIoT_software/LiteOS_Lab_overseas/LiteOS_Lab/targets/GD32F303_BearPi/uart_at\uart_at.c **** 
 134:C:/Users/dtjld/Desktop/AIoT_software/LiteOS_Lab_overseas/LiteOS_Lab/targets/GD32F303_BearPi/uart_at\uart_at.c ****     gd_eval_com_init(s_pUSART, baud);
 135:C:/Users/dtjld/Desktop/AIoT_software/LiteOS_Lab_overseas/LiteOS_Lab/targets/GD32F303_BearPi/uart_at\uart_at.c ****     usart_flag_clear(s_pUSART,USART_FLAG_TC);
 136:C:/Users/dtjld/Desktop/AIoT_software/LiteOS_Lab_overseas/LiteOS_Lab/targets/GD32F303_BearPi/uart_at\uart_at.c ****     LOS_HwiCreate(s_uwIRQn, 3, 0, atio_irq, 0);
 137:C:/Users/dtjld/Desktop/AIoT_software/LiteOS_Lab_overseas/LiteOS_Lab/targets/GD32F303_BearPi/uart_at\uart_at.c ****     usart_interrupt_enable(s_pUSART, USART_INT_IDLE);
 138:C:/Users/dtjld/Desktop/AIoT_software/LiteOS_Lab_overseas/LiteOS_Lab/targets/GD32F303_BearPi/uart_at\uart_at.c ****     usart_interrupt_enable(s_pUSART, USART_INT_RBNE);
 139:C:/Users/dtjld/Desktop/AIoT_software/LiteOS_Lab_overseas/LiteOS_Lab/targets/GD32F303_BearPi/uart_at\uart_at.c ****     return true;
 140:C:/Users/dtjld/Desktop/AIoT_software/LiteOS_Lab_overseas/LiteOS_Lab/targets/GD32F303_BearPi/uart_at\uart_at.c **** 
 141:C:/Users/dtjld/Desktop/AIoT_software/LiteOS_Lab_overseas/LiteOS_Lab/targets/GD32F303_BearPi/uart_at\uart_at.c **** EXIT_SEMP:
 142:C:/Users/dtjld/Desktop/AIoT_software/LiteOS_Lab_overseas/LiteOS_Lab/targets/GD32F303_BearPi/uart_at\uart_at.c ****     return false;
 259              		.loc 1 142 0
 260 0030 0023     		movs	r3, #0
 261 0032 2DE0     		b	.L14
 262              	.L12:
 132:C:/Users/dtjld/Desktop/AIoT_software/LiteOS_Lab_overseas/LiteOS_Lab/targets/GD32F303_BearPi/uart_at\uart_at.c **** 
 263              		.loc 1 132 0
 264 0034 0023     		movs	r3, #0
 265 0036 0093     		str	r3, [sp]
 266 0038 0023     		movs	r3, #0
 267 003a 4FF48062 		mov	r2, #1024
 268 003e 1A49     		ldr	r1, .L15+16
 269 0040 1A48     		ldr	r0, .L15+20
 270 0042 FFF7FEFF 		bl	ring_buffer_init
 134:C:/Users/dtjld/Desktop/AIoT_software/LiteOS_Lab_overseas/LiteOS_Lab/targets/GD32F303_BearPi/uart_at\uart_at.c ****     usart_flag_clear(s_pUSART,USART_FLAG_TC);
 271              		.loc 1 134 0
 272 0046 1A4B     		ldr	r3, .L15+24
 273 0048 1B68     		ldr	r3, [r3]
 274 004a 7A68     		ldr	r2, [r7, #4]
 275 004c 1146     		mov	r1, r2
 276 004e 1846     		mov	r0, r3
 277 0050 FFF7FEFF 		bl	gd_eval_com_init
 135:C:/Users/dtjld/Desktop/AIoT_software/LiteOS_Lab_overseas/LiteOS_Lab/targets/GD32F303_BearPi/uart_at\uart_at.c ****     LOS_HwiCreate(s_uwIRQn, 3, 0, atio_irq, 0);
 278              		.loc 1 135 0
 279 0054 164B     		ldr	r3, .L15+24
 280 0056 1B68     		ldr	r3, [r3]
 281 0058 0621     		movs	r1, #6
 282 005a 1846     		mov	r0, r3
 283 005c FFF7FEFF 		bl	usart_flag_clear
 136:C:/Users/dtjld/Desktop/AIoT_software/LiteOS_Lab_overseas/LiteOS_Lab/targets/GD32F303_BearPi/uart_at\uart_at.c ****     usart_interrupt_enable(s_pUSART, USART_INT_IDLE);
 284              		.loc 1 136 0
 285 0060 144B     		ldr	r3, .L15+28
 286 0062 1868     		ldr	r0, [r3]
 287 0064 0023     		movs	r3, #0
 288 0066 0093     		str	r3, [sp]
 289 0068 134B     		ldr	r3, .L15+32
 290 006a 0022     		movs	r2, #0
 291 006c 0321     		movs	r1, #3
 292 006e FFF7FEFF 		bl	LOS_HwiCreate
 137:C:/Users/dtjld/Desktop/AIoT_software/LiteOS_Lab_overseas/LiteOS_Lab/targets/GD32F303_BearPi/uart_at\uart_at.c ****     usart_interrupt_enable(s_pUSART, USART_INT_RBNE);
 293              		.loc 1 137 0
 294 0072 0F4B     		ldr	r3, .L15+24
 295 0074 1B68     		ldr	r3, [r3]
 296 0076 4FF44171 		mov	r1, #772
 297 007a 1846     		mov	r0, r3
ARM GAS  C:\Users\dtjld\AppData\Local\Temp\ccLv43Hf.s 			page 9


 298 007c FFF7FEFF 		bl	usart_interrupt_enable
 138:C:/Users/dtjld/Desktop/AIoT_software/LiteOS_Lab_overseas/LiteOS_Lab/targets/GD32F303_BearPi/uart_at\uart_at.c ****     return true;
 299              		.loc 1 138 0
 300 0080 0B4B     		ldr	r3, .L15+24
 301 0082 1B68     		ldr	r3, [r3]
 302 0084 40F20531 		movw	r1, #773
 303 0088 1846     		mov	r0, r3
 304 008a FFF7FEFF 		bl	usart_interrupt_enable
 139:C:/Users/dtjld/Desktop/AIoT_software/LiteOS_Lab_overseas/LiteOS_Lab/targets/GD32F303_BearPi/uart_at\uart_at.c **** 
 305              		.loc 1 139 0
 306 008e 0123     		movs	r3, #1
 307              	.L14:
 143:C:/Users/dtjld/Desktop/AIoT_software/LiteOS_Lab_overseas/LiteOS_Lab/targets/GD32F303_BearPi/uart_at\uart_at.c **** }
 308              		.loc 1 143 0
 309 0090 1846     		mov	r0, r3
 310 0092 0837     		adds	r7, r7, #8
 311              	.LCFI8:
 312              		.cfi_def_cfa_offset 8
 313 0094 BD46     		mov	sp, r7
 314              	.LCFI9:
 315              		.cfi_def_cfa_register 13
 316              		@ sp needed
 317 0096 80BD     		pop	{r7, pc}
 318              	.L16:
 319              		.align	2
 320              	.L15:
 321 0098 00000000 		.word	g_atio_cb
 322 009c 04000000 		.word	g_atio_cb+4
 323 00a0 00000000 		.word	__FUNCTION__.10700
 324 00a4 00000000 		.word	.LC0
 325 00a8 18040000 		.word	g_atio_cb+1048
 326 00ac 08000000 		.word	g_atio_cb+8
 327 00b0 00000000 		.word	s_pUSART
 328 00b4 00000000 		.word	s_uwIRQn
 329 00b8 00000000 		.word	atio_irq
 330              		.cfi_endproc
 331              	.LFE127:
 333              		.section	.text.uartat_deinit,"ax",%progbits
 334              		.align	1
 335              		.global	uartat_deinit
 336              		.syntax unified
 337              		.thumb
 338              		.thumb_func
 339              		.fpu fpv4-sp-d16
 341              	uartat_deinit:
 342              	.LFB128:
 144:C:/Users/dtjld/Desktop/AIoT_software/LiteOS_Lab_overseas/LiteOS_Lab/targets/GD32F303_BearPi/uart_at\uart_at.c **** 
 145:C:/Users/dtjld/Desktop/AIoT_software/LiteOS_Lab_overseas/LiteOS_Lab/targets/GD32F303_BearPi/uart_at\uart_at.c **** void uartat_deinit(void)
 146:C:/Users/dtjld/Desktop/AIoT_software/LiteOS_Lab_overseas/LiteOS_Lab/targets/GD32F303_BearPi/uart_at\uart_at.c **** {
 343              		.loc 1 146 0
 344              		.cfi_startproc
 345              		@ args = 0, pretend = 0, frame = 0
 346              		@ frame_needed = 1, uses_anonymous_args = 0
 347 0000 80B5     		push	{r7, lr}
 348              	.LCFI10:
 349              		.cfi_def_cfa_offset 8
 350              		.cfi_offset 7, -8
ARM GAS  C:\Users\dtjld\AppData\Local\Temp\ccLv43Hf.s 			page 10


 351              		.cfi_offset 14, -4
 352 0002 00AF     		add	r7, sp, #0
 353              	.LCFI11:
 354              		.cfi_def_cfa_register 7
 147:C:/Users/dtjld/Desktop/AIoT_software/LiteOS_Lab_overseas/LiteOS_Lab/targets/GD32F303_BearPi/uart_at\uart_at.c **** 	usart_deinit(s_pUSART);
 355              		.loc 1 147 0
 356 0004 0A4B     		ldr	r3, .L18
 357 0006 1B68     		ldr	r3, [r3]
 358 0008 1846     		mov	r0, r3
 359 000a FFF7FEFF 		bl	usart_deinit
 148:C:/Users/dtjld/Desktop/AIoT_software/LiteOS_Lab_overseas/LiteOS_Lab/targets/GD32F303_BearPi/uart_at\uart_at.c ****     usart_interrupt_disable(s_pUSART, USART_INT_IDLE);
 360              		.loc 1 148 0
 361 000e 084B     		ldr	r3, .L18
 362 0010 1B68     		ldr	r3, [r3]
 363 0012 4FF44171 		mov	r1, #772
 364 0016 1846     		mov	r0, r3
 365 0018 FFF7FEFF 		bl	usart_interrupt_disable
 149:C:/Users/dtjld/Desktop/AIoT_software/LiteOS_Lab_overseas/LiteOS_Lab/targets/GD32F303_BearPi/uart_at\uart_at.c ****     usart_interrupt_disable(s_pUSART, USART_INT_RBNE);
 366              		.loc 1 149 0
 367 001c 044B     		ldr	r3, .L18
 368 001e 1B68     		ldr	r3, [r3]
 369 0020 40F20531 		movw	r1, #773
 370 0024 1846     		mov	r0, r3
 371 0026 FFF7FEFF 		bl	usart_interrupt_disable
 150:C:/Users/dtjld/Desktop/AIoT_software/LiteOS_Lab_overseas/LiteOS_Lab/targets/GD32F303_BearPi/uart_at\uart_at.c **** }
 372              		.loc 1 150 0
 373 002a 00BF     		nop
 374 002c 80BD     		pop	{r7, pc}
 375              	.L19:
 376 002e 00BF     		.align	2
 377              	.L18:
 378 0030 00000000 		.word	s_pUSART
 379              		.cfi_endproc
 380              	.LFE128:
 382              		.section	.text.uart_at_send,"ax",%progbits
 383              		.align	1
 384              		.syntax unified
 385              		.thumb
 386              		.thumb_func
 387              		.fpu fpv4-sp-d16
 389              	uart_at_send:
 390              	.LFB129:
 151:C:/Users/dtjld/Desktop/AIoT_software/LiteOS_Lab_overseas/LiteOS_Lab/targets/GD32F303_BearPi/uart_at\uart_at.c **** 
 152:C:/Users/dtjld/Desktop/AIoT_software/LiteOS_Lab_overseas/LiteOS_Lab/targets/GD32F303_BearPi/uart_at\uart_at.c **** /*******************************************************************************
 153:C:/Users/dtjld/Desktop/AIoT_software/LiteOS_Lab_overseas/LiteOS_Lab/targets/GD32F303_BearPi/uart_at\uart_at.c **** function     :use this function to send a frame to the uart
 154:C:/Users/dtjld/Desktop/AIoT_software/LiteOS_Lab_overseas/LiteOS_Lab/targets/GD32F303_BearPi/uart_at\uart_at.c **** parameters   :
 155:C:/Users/dtjld/Desktop/AIoT_software/LiteOS_Lab_overseas/LiteOS_Lab/targets/GD32F303_BearPi/uart_at\uart_at.c **** instruction  :
 156:C:/Users/dtjld/Desktop/AIoT_software/LiteOS_Lab_overseas/LiteOS_Lab/targets/GD32F303_BearPi/uart_at\uart_at.c **** *******************************************************************************/
 157:C:/Users/dtjld/Desktop/AIoT_software/LiteOS_Lab_overseas/LiteOS_Lab/targets/GD32F303_BearPi/uart_at\uart_at.c **** static ssize_t uart_at_send(const char  *buf, size_t len,uint32_t timeout)
 158:C:/Users/dtjld/Desktop/AIoT_software/LiteOS_Lab_overseas/LiteOS_Lab/targets/GD32F303_BearPi/uart_at\uart_at.c **** {
 391              		.loc 1 158 0
 392              		.cfi_startproc
 393              		@ args = 0, pretend = 0, frame = 24
 394              		@ frame_needed = 1, uses_anonymous_args = 0
 395 0000 80B5     		push	{r7, lr}
 396              	.LCFI12:
 397              		.cfi_def_cfa_offset 8
ARM GAS  C:\Users\dtjld\AppData\Local\Temp\ccLv43Hf.s 			page 11


 398              		.cfi_offset 7, -8
 399              		.cfi_offset 14, -4
 400 0002 86B0     		sub	sp, sp, #24
 401              	.LCFI13:
 402              		.cfi_def_cfa_offset 32
 403 0004 00AF     		add	r7, sp, #0
 404              	.LCFI14:
 405              		.cfi_def_cfa_register 7
 406 0006 F860     		str	r0, [r7, #12]
 407 0008 B960     		str	r1, [r7, #8]
 408 000a 7A60     		str	r2, [r7, #4]
 159:C:/Users/dtjld/Desktop/AIoT_software/LiteOS_Lab_overseas/LiteOS_Lab/targets/GD32F303_BearPi/uart_at\uart_at.c **** 	int i = 0;
 409              		.loc 1 159 0
 410 000c 0023     		movs	r3, #0
 411 000e 7B61     		str	r3, [r7, #20]
 160:C:/Users/dtjld/Desktop/AIoT_software/LiteOS_Lab_overseas/LiteOS_Lab/targets/GD32F303_BearPi/uart_at\uart_at.c **** 
 161:C:/Users/dtjld/Desktop/AIoT_software/LiteOS_Lab_overseas/LiteOS_Lab/targets/GD32F303_BearPi/uart_at\uart_at.c **** 	while(i < len)
 412              		.loc 1 161 0
 413 0010 1FE0     		b	.L21
 414              	.L24:
 162:C:/Users/dtjld/Desktop/AIoT_software/LiteOS_Lab_overseas/LiteOS_Lab/targets/GD32F303_BearPi/uart_at\uart_at.c **** 	{
 163:C:/Users/dtjld/Desktop/AIoT_software/LiteOS_Lab_overseas/LiteOS_Lab/targets/GD32F303_BearPi/uart_at\uart_at.c **** 	    //printf("0x%x ", buf[i]);  //used for debug
 164:C:/Users/dtjld/Desktop/AIoT_software/LiteOS_Lab_overseas/LiteOS_Lab/targets/GD32F303_BearPi/uart_at\uart_at.c **** 	    usart_data_transmit(s_pUSART,buf[i]);
 415              		.loc 1 164 0
 416 0012 1C4B     		ldr	r3, .L26
 417 0014 1868     		ldr	r0, [r3]
 418 0016 7B69     		ldr	r3, [r7, #20]
 419 0018 FA68     		ldr	r2, [r7, #12]
 420 001a 1344     		add	r3, r3, r2
 421 001c 1B78     		ldrb	r3, [r3]	@ zero_extendqisi2
 422 001e 1946     		mov	r1, r3
 423 0020 FFF7FEFF 		bl	usart_data_transmit
 165:C:/Users/dtjld/Desktop/AIoT_software/LiteOS_Lab_overseas/LiteOS_Lab/targets/GD32F303_BearPi/uart_at\uart_at.c **** 	    i++;
 424              		.loc 1 165 0
 425 0024 7B69     		ldr	r3, [r7, #20]
 426 0026 0133     		adds	r3, r3, #1
 427 0028 7B61     		str	r3, [r7, #20]
 166:C:/Users/dtjld/Desktop/AIoT_software/LiteOS_Lab_overseas/LiteOS_Lab/targets/GD32F303_BearPi/uart_at\uart_at.c **** 
 167:C:/Users/dtjld/Desktop/AIoT_software/LiteOS_Lab_overseas/LiteOS_Lab/targets/GD32F303_BearPi/uart_at\uart_at.c **** 	    while (usart_flag_get(s_pUSART, USART_FLAG_TBE)== RESET){}
 428              		.loc 1 167 0
 429 002a 00BF     		nop
 430              	.L22:
 431              		.loc 1 167 0 is_stmt 0 discriminator 1
 432 002c 154B     		ldr	r3, .L26
 433 002e 1B68     		ldr	r3, [r3]
 434 0030 0721     		movs	r1, #7
 435 0032 1846     		mov	r0, r3
 436 0034 FFF7FEFF 		bl	usart_flag_get
 437 0038 0346     		mov	r3, r0
 438 003a 002B     		cmp	r3, #0
 439 003c F6D0     		beq	.L22
 168:C:/Users/dtjld/Desktop/AIoT_software/LiteOS_Lab_overseas/LiteOS_Lab/targets/GD32F303_BearPi/uart_at\uart_at.c **** 
 169:C:/Users/dtjld/Desktop/AIoT_software/LiteOS_Lab_overseas/LiteOS_Lab/targets/GD32F303_BearPi/uart_at\uart_at.c **** 	    /* wait for completion of USART transmission */
 170:C:/Users/dtjld/Desktop/AIoT_software/LiteOS_Lab_overseas/LiteOS_Lab/targets/GD32F303_BearPi/uart_at\uart_at.c **** 	    while(RESET == usart_flag_get(s_pUSART, USART_FLAG_TC)){}
 440              		.loc 1 170 0 is_stmt 1
 441 003e 00BF     		nop
 442              	.L23:
ARM GAS  C:\Users\dtjld\AppData\Local\Temp\ccLv43Hf.s 			page 12


 443              		.loc 1 170 0 is_stmt 0 discriminator 1
 444 0040 104B     		ldr	r3, .L26
 445 0042 1B68     		ldr	r3, [r3]
 446 0044 0621     		movs	r1, #6
 447 0046 1846     		mov	r0, r3
 448 0048 FFF7FEFF 		bl	usart_flag_get
 449 004c 0346     		mov	r3, r0
 450 004e 002B     		cmp	r3, #0
 451 0050 F6D0     		beq	.L23
 452              	.L21:
 161:C:/Users/dtjld/Desktop/AIoT_software/LiteOS_Lab_overseas/LiteOS_Lab/targets/GD32F303_BearPi/uart_at\uart_at.c **** 	{
 453              		.loc 1 161 0 is_stmt 1
 454 0052 7B69     		ldr	r3, [r7, #20]
 455 0054 BA68     		ldr	r2, [r7, #8]
 456 0056 9A42     		cmp	r2, r3
 457 0058 DBD8     		bhi	.L24
 171:C:/Users/dtjld/Desktop/AIoT_software/LiteOS_Lab_overseas/LiteOS_Lab/targets/GD32F303_BearPi/uart_at\uart_at.c **** 	}
 172:C:/Users/dtjld/Desktop/AIoT_software/LiteOS_Lab_overseas/LiteOS_Lab/targets/GD32F303_BearPi/uart_at\uart_at.c **** 
 173:C:/Users/dtjld/Desktop/AIoT_software/LiteOS_Lab_overseas/LiteOS_Lab/targets/GD32F303_BearPi/uart_at\uart_at.c ****     g_atio_cb.sndlen += len;
 458              		.loc 1 173 0
 459 005a 0B4B     		ldr	r3, .L26+4
 460 005c D3F82028 		ldr	r2, [r3, #2080]
 461 0060 BB68     		ldr	r3, [r7, #8]
 462 0062 1344     		add	r3, r3, r2
 463 0064 084A     		ldr	r2, .L26+4
 464 0066 C2F82038 		str	r3, [r2, #2080]
 174:C:/Users/dtjld/Desktop/AIoT_software/LiteOS_Lab_overseas/LiteOS_Lab/targets/GD32F303_BearPi/uart_at\uart_at.c ****     g_atio_cb.sndframe ++;
 465              		.loc 1 174 0
 466 006a 074B     		ldr	r3, .L26+4
 467 006c D3F82838 		ldr	r3, [r3, #2088]
 468 0070 0133     		adds	r3, r3, #1
 469 0072 054A     		ldr	r2, .L26+4
 470 0074 C2F82838 		str	r3, [r2, #2088]
 175:C:/Users/dtjld/Desktop/AIoT_software/LiteOS_Lab_overseas/LiteOS_Lab/targets/GD32F303_BearPi/uart_at\uart_at.c **** 
 176:C:/Users/dtjld/Desktop/AIoT_software/LiteOS_Lab_overseas/LiteOS_Lab/targets/GD32F303_BearPi/uart_at\uart_at.c ****     return len;
 471              		.loc 1 176 0
 472 0078 BB68     		ldr	r3, [r7, #8]
 177:C:/Users/dtjld/Desktop/AIoT_software/LiteOS_Lab_overseas/LiteOS_Lab/targets/GD32F303_BearPi/uart_at\uart_at.c **** }
 473              		.loc 1 177 0
 474 007a 1846     		mov	r0, r3
 475 007c 1837     		adds	r7, r7, #24
 476              	.LCFI15:
 477              		.cfi_def_cfa_offset 8
 478 007e BD46     		mov	sp, r7
 479              	.LCFI16:
 480              		.cfi_def_cfa_register 13
 481              		@ sp needed
 482 0080 80BD     		pop	{r7, pc}
 483              	.L27:
 484 0082 00BF     		.align	2
 485              	.L26:
 486 0084 00000000 		.word	s_pUSART
 487 0088 00000000 		.word	g_atio_cb
 488              		.cfi_endproc
 489              	.LFE129:
 491              		.section	.text.uart_at_receive,"ax",%progbits
 492              		.align	1
ARM GAS  C:\Users\dtjld\AppData\Local\Temp\ccLv43Hf.s 			page 13


 493              		.syntax unified
 494              		.thumb
 495              		.thumb_func
 496              		.fpu fpv4-sp-d16
 498              	uart_at_receive:
 499              	.LFB130:
 178:C:/Users/dtjld/Desktop/AIoT_software/LiteOS_Lab_overseas/LiteOS_Lab/targets/GD32F303_BearPi/uart_at\uart_at.c **** /*******************************************************************************
 179:C:/Users/dtjld/Desktop/AIoT_software/LiteOS_Lab_overseas/LiteOS_Lab/targets/GD32F303_BearPi/uart_at\uart_at.c **** function     :use this function to read a frame from the uart
 180:C:/Users/dtjld/Desktop/AIoT_software/LiteOS_Lab_overseas/LiteOS_Lab/targets/GD32F303_BearPi/uart_at\uart_at.c **** parameters   :
 181:C:/Users/dtjld/Desktop/AIoT_software/LiteOS_Lab_overseas/LiteOS_Lab/targets/GD32F303_BearPi/uart_at\uart_at.c **** instruction  :
 182:C:/Users/dtjld/Desktop/AIoT_software/LiteOS_Lab_overseas/LiteOS_Lab/targets/GD32F303_BearPi/uart_at\uart_at.c **** *******************************************************************************/
 183:C:/Users/dtjld/Desktop/AIoT_software/LiteOS_Lab_overseas/LiteOS_Lab/targets/GD32F303_BearPi/uart_at\uart_at.c **** static ssize_t uart_at_receive(void *buf,size_t len,uint32_t timeout)
 184:C:/Users/dtjld/Desktop/AIoT_software/LiteOS_Lab_overseas/LiteOS_Lab/targets/GD32F303_BearPi/uart_at\uart_at.c **** {
 500              		.loc 1 184 0
 501              		.cfi_startproc
 502              		@ args = 0, pretend = 0, frame = 32
 503              		@ frame_needed = 1, uses_anonymous_args = 0
 504 0000 80B5     		push	{r7, lr}
 505              	.LCFI17:
 506              		.cfi_def_cfa_offset 8
 507              		.cfi_offset 7, -8
 508              		.cfi_offset 14, -4
 509 0002 88B0     		sub	sp, sp, #32
 510              	.LCFI18:
 511              		.cfi_def_cfa_offset 40
 512 0004 00AF     		add	r7, sp, #0
 513              	.LCFI19:
 514              		.cfi_def_cfa_register 7
 515 0006 F860     		str	r0, [r7, #12]
 516 0008 B960     		str	r1, [r7, #8]
 517 000a 7A60     		str	r2, [r7, #4]
 185:C:/Users/dtjld/Desktop/AIoT_software/LiteOS_Lab_overseas/LiteOS_Lab/targets/GD32F303_BearPi/uart_at\uart_at.c ****     unsigned short cpylen;
 186:C:/Users/dtjld/Desktop/AIoT_software/LiteOS_Lab_overseas/LiteOS_Lab/targets/GD32F303_BearPi/uart_at\uart_at.c ****     unsigned short framelen;
 187:C:/Users/dtjld/Desktop/AIoT_software/LiteOS_Lab_overseas/LiteOS_Lab/targets/GD32F303_BearPi/uart_at\uart_at.c ****     unsigned short readlen;
 188:C:/Users/dtjld/Desktop/AIoT_software/LiteOS_Lab_overseas/LiteOS_Lab/targets/GD32F303_BearPi/uart_at\uart_at.c ****     int32_t ret = 0;
 518              		.loc 1 188 0
 519 000c 0023     		movs	r3, #0
 520 000e FB61     		str	r3, [r7, #28]
 189:C:/Users/dtjld/Desktop/AIoT_software/LiteOS_Lab_overseas/LiteOS_Lab/targets/GD32F303_BearPi/uart_at\uart_at.c ****     unsigned int lock;
 190:C:/Users/dtjld/Desktop/AIoT_software/LiteOS_Lab_overseas/LiteOS_Lab/targets/GD32F303_BearPi/uart_at\uart_at.c ****     if(osal_semp_pend(g_atio_cb.rcvsync,timeout))
 521              		.loc 1 190 0
 522 0010 2D4B     		ldr	r3, .L35
 523 0012 5B68     		ldr	r3, [r3, #4]
 524 0014 7A68     		ldr	r2, [r7, #4]
 525 0016 1146     		mov	r1, r2
 526 0018 1846     		mov	r0, r3
 527 001a FFF7FEFF 		bl	osal_semp_pend
 528 001e 0346     		mov	r3, r0
 529 0020 002B     		cmp	r3, #0
 530 0022 4BD0     		beq	.L29
 531              	.LBB2:
 191:C:/Users/dtjld/Desktop/AIoT_software/LiteOS_Lab_overseas/LiteOS_Lab/targets/GD32F303_BearPi/uart_at\uart_at.c ****     {
 192:C:/Users/dtjld/Desktop/AIoT_software/LiteOS_Lab_overseas/LiteOS_Lab/targets/GD32F303_BearPi/uart_at\uart_at.c ****         lock = LOS_IntLock();
 532              		.loc 1 192 0
 533 0024 FFF7FEFF 		bl	LOS_IntLock
 534 0028 0346     		mov	r3, r0
 535 002a BB61     		str	r3, [r7, #24]
ARM GAS  C:\Users\dtjld\AppData\Local\Temp\ccLv43Hf.s 			page 14


 193:C:/Users/dtjld/Desktop/AIoT_software/LiteOS_Lab_overseas/LiteOS_Lab/targets/GD32F303_BearPi/uart_at\uart_at.c ****         readlen = sizeof(framelen);
 536              		.loc 1 193 0
 537 002c 0223     		movs	r3, #2
 538 002e FB82     		strh	r3, [r7, #22]	@ movhi
 194:C:/Users/dtjld/Desktop/AIoT_software/LiteOS_Lab_overseas/LiteOS_Lab/targets/GD32F303_BearPi/uart_at\uart_at.c ****         cpylen = ring_buffer_read(&g_atio_cb.rcvring,(unsigned char *)&framelen,readlen);
 539              		.loc 1 194 0
 540 0030 FA8A     		ldrh	r2, [r7, #22]
 541 0032 07F11203 		add	r3, r7, #18
 542 0036 1946     		mov	r1, r3
 543 0038 2448     		ldr	r0, .L35+4
 544 003a FFF7FEFF 		bl	ring_buffer_read
 545 003e 0346     		mov	r3, r0
 546 0040 BB82     		strh	r3, [r7, #20]	@ movhi
 195:C:/Users/dtjld/Desktop/AIoT_software/LiteOS_Lab_overseas/LiteOS_Lab/targets/GD32F303_BearPi/uart_at\uart_at.c ****         if(cpylen != readlen)
 547              		.loc 1 195 0
 548 0042 BA8A     		ldrh	r2, [r7, #20]
 549 0044 FB8A     		ldrh	r3, [r7, #22]
 550 0046 9A42     		cmp	r2, r3
 551 0048 0AD0     		beq	.L30
 196:C:/Users/dtjld/Desktop/AIoT_software/LiteOS_Lab_overseas/LiteOS_Lab/targets/GD32F303_BearPi/uart_at\uart_at.c ****         {
 197:C:/Users/dtjld/Desktop/AIoT_software/LiteOS_Lab_overseas/LiteOS_Lab/targets/GD32F303_BearPi/uart_at\uart_at.c ****             ring_buffer_reset(&g_atio_cb.rcvring);  //bad ring format here
 552              		.loc 1 197 0
 553 004a 2048     		ldr	r0, .L35+4
 554 004c FFF7FEFF 		bl	ring_buffer_reset
 198:C:/Users/dtjld/Desktop/AIoT_software/LiteOS_Lab_overseas/LiteOS_Lab/targets/GD32F303_BearPi/uart_at\uart_at.c ****             g_atio_cb.rcvringrst++;
 555              		.loc 1 198 0
 556 0050 1D4B     		ldr	r3, .L35
 557 0052 D3F83038 		ldr	r3, [r3, #2096]
 558 0056 0133     		adds	r3, r3, #1
 559 0058 1B4A     		ldr	r2, .L35
 560 005a C2F83038 		str	r3, [r2, #2096]
 561 005e 2AE0     		b	.L31
 562              	.L30:
 199:C:/Users/dtjld/Desktop/AIoT_software/LiteOS_Lab_overseas/LiteOS_Lab/targets/GD32F303_BearPi/uart_at\uart_at.c ****         }
 200:C:/Users/dtjld/Desktop/AIoT_software/LiteOS_Lab_overseas/LiteOS_Lab/targets/GD32F303_BearPi/uart_at\uart_at.c ****         else
 201:C:/Users/dtjld/Desktop/AIoT_software/LiteOS_Lab_overseas/LiteOS_Lab/targets/GD32F303_BearPi/uart_at\uart_at.c ****         {
 202:C:/Users/dtjld/Desktop/AIoT_software/LiteOS_Lab_overseas/LiteOS_Lab/targets/GD32F303_BearPi/uart_at\uart_at.c ****             if(framelen > len)
 563              		.loc 1 202 0
 564 0060 7B8A     		ldrh	r3, [r7, #18]
 565 0062 1A46     		mov	r2, r3
 566 0064 BB68     		ldr	r3, [r7, #8]
 567 0066 9342     		cmp	r3, r2
 568 0068 0AD2     		bcs	.L32
 203:C:/Users/dtjld/Desktop/AIoT_software/LiteOS_Lab_overseas/LiteOS_Lab/targets/GD32F303_BearPi/uart_at\uart_at.c ****             {
 204:C:/Users/dtjld/Desktop/AIoT_software/LiteOS_Lab_overseas/LiteOS_Lab/targets/GD32F303_BearPi/uart_at\uart_at.c ****                 ring_buffer_reset(&g_atio_cb.rcvring);  //bad ring format here
 569              		.loc 1 204 0
 570 006a 1848     		ldr	r0, .L35+4
 571 006c FFF7FEFF 		bl	ring_buffer_reset
 205:C:/Users/dtjld/Desktop/AIoT_software/LiteOS_Lab_overseas/LiteOS_Lab/targets/GD32F303_BearPi/uart_at\uart_at.c ****                 g_atio_cb.rcvringrst++;
 572              		.loc 1 205 0
 573 0070 154B     		ldr	r3, .L35
 574 0072 D3F83038 		ldr	r3, [r3, #2096]
 575 0076 0133     		adds	r3, r3, #1
 576 0078 134A     		ldr	r2, .L35
 577 007a C2F83038 		str	r3, [r2, #2096]
 578 007e 1AE0     		b	.L31
 579              	.L32:
ARM GAS  C:\Users\dtjld\AppData\Local\Temp\ccLv43Hf.s 			page 15


 206:C:/Users/dtjld/Desktop/AIoT_software/LiteOS_Lab_overseas/LiteOS_Lab/targets/GD32F303_BearPi/uart_at\uart_at.c ****             }
 207:C:/Users/dtjld/Desktop/AIoT_software/LiteOS_Lab_overseas/LiteOS_Lab/targets/GD32F303_BearPi/uart_at\uart_at.c ****             else
 208:C:/Users/dtjld/Desktop/AIoT_software/LiteOS_Lab_overseas/LiteOS_Lab/targets/GD32F303_BearPi/uart_at\uart_at.c ****             {
 209:C:/Users/dtjld/Desktop/AIoT_software/LiteOS_Lab_overseas/LiteOS_Lab/targets/GD32F303_BearPi/uart_at\uart_at.c ****                 readlen = framelen;
 580              		.loc 1 209 0
 581 0080 7B8A     		ldrh	r3, [r7, #18]	@ movhi
 582 0082 FB82     		strh	r3, [r7, #22]	@ movhi
 210:C:/Users/dtjld/Desktop/AIoT_software/LiteOS_Lab_overseas/LiteOS_Lab/targets/GD32F303_BearPi/uart_at\uart_at.c ****                 cpylen = ring_buffer_read(&g_atio_cb.rcvring,(unsigned char *)buf,readlen);
 583              		.loc 1 210 0
 584 0084 FB8A     		ldrh	r3, [r7, #22]
 585 0086 1A46     		mov	r2, r3
 586 0088 F968     		ldr	r1, [r7, #12]
 587 008a 1048     		ldr	r0, .L35+4
 588 008c FFF7FEFF 		bl	ring_buffer_read
 589 0090 0346     		mov	r3, r0
 590 0092 BB82     		strh	r3, [r7, #20]	@ movhi
 211:C:/Users/dtjld/Desktop/AIoT_software/LiteOS_Lab_overseas/LiteOS_Lab/targets/GD32F303_BearPi/uart_at\uart_at.c ****                 if(cpylen != framelen)
 591              		.loc 1 211 0
 592 0094 7B8A     		ldrh	r3, [r7, #18]
 593 0096 BA8A     		ldrh	r2, [r7, #20]
 594 0098 9A42     		cmp	r2, r3
 595 009a 0AD0     		beq	.L33
 212:C:/Users/dtjld/Desktop/AIoT_software/LiteOS_Lab_overseas/LiteOS_Lab/targets/GD32F303_BearPi/uart_at\uart_at.c ****                 {
 213:C:/Users/dtjld/Desktop/AIoT_software/LiteOS_Lab_overseas/LiteOS_Lab/targets/GD32F303_BearPi/uart_at\uart_at.c ****                     ring_buffer_reset(&g_atio_cb.rcvring);  //bad ring format here
 596              		.loc 1 213 0
 597 009c 0B48     		ldr	r0, .L35+4
 598 009e FFF7FEFF 		bl	ring_buffer_reset
 214:C:/Users/dtjld/Desktop/AIoT_software/LiteOS_Lab_overseas/LiteOS_Lab/targets/GD32F303_BearPi/uart_at\uart_at.c ****                     g_atio_cb.rcvringrst++;
 599              		.loc 1 214 0
 600 00a2 094B     		ldr	r3, .L35
 601 00a4 D3F83038 		ldr	r3, [r3, #2096]
 602 00a8 0133     		adds	r3, r3, #1
 603 00aa 074A     		ldr	r2, .L35
 604 00ac C2F83038 		str	r3, [r2, #2096]
 605 00b0 01E0     		b	.L31
 606              	.L33:
 215:C:/Users/dtjld/Desktop/AIoT_software/LiteOS_Lab_overseas/LiteOS_Lab/targets/GD32F303_BearPi/uart_at\uart_at.c ****                 }
 216:C:/Users/dtjld/Desktop/AIoT_software/LiteOS_Lab_overseas/LiteOS_Lab/targets/GD32F303_BearPi/uart_at\uart_at.c ****                 else
 217:C:/Users/dtjld/Desktop/AIoT_software/LiteOS_Lab_overseas/LiteOS_Lab/targets/GD32F303_BearPi/uart_at\uart_at.c ****                 {
 218:C:/Users/dtjld/Desktop/AIoT_software/LiteOS_Lab_overseas/LiteOS_Lab/targets/GD32F303_BearPi/uart_at\uart_at.c ****                     ret = cpylen;
 607              		.loc 1 218 0
 608 00b2 BB8A     		ldrh	r3, [r7, #20]
 609 00b4 FB61     		str	r3, [r7, #28]
 610              	.L31:
 219:C:/Users/dtjld/Desktop/AIoT_software/LiteOS_Lab_overseas/LiteOS_Lab/targets/GD32F303_BearPi/uart_at\uart_at.c ****                 }
 220:C:/Users/dtjld/Desktop/AIoT_software/LiteOS_Lab_overseas/LiteOS_Lab/targets/GD32F303_BearPi/uart_at\uart_at.c ****             }
 221:C:/Users/dtjld/Desktop/AIoT_software/LiteOS_Lab_overseas/LiteOS_Lab/targets/GD32F303_BearPi/uart_at\uart_at.c ****         }
 222:C:/Users/dtjld/Desktop/AIoT_software/LiteOS_Lab_overseas/LiteOS_Lab/targets/GD32F303_BearPi/uart_at\uart_at.c ****         LOS_IntRestore(lock);
 611              		.loc 1 222 0
 612 00b6 B869     		ldr	r0, [r7, #24]
 613 00b8 FFF7FEFF 		bl	LOS_IntRestore
 614              	.L29:
 615              	.LBE2:
 223:C:/Users/dtjld/Desktop/AIoT_software/LiteOS_Lab_overseas/LiteOS_Lab/targets/GD32F303_BearPi/uart_at\uart_at.c ****     }
 224:C:/Users/dtjld/Desktop/AIoT_software/LiteOS_Lab_overseas/LiteOS_Lab/targets/GD32F303_BearPi/uart_at\uart_at.c ****     return ret;
 616              		.loc 1 224 0
 617 00bc FB69     		ldr	r3, [r7, #28]
ARM GAS  C:\Users\dtjld\AppData\Local\Temp\ccLv43Hf.s 			page 16


 225:C:/Users/dtjld/Desktop/AIoT_software/LiteOS_Lab_overseas/LiteOS_Lab/targets/GD32F303_BearPi/uart_at\uart_at.c **** }
 618              		.loc 1 225 0
 619 00be 1846     		mov	r0, r3
 620 00c0 2037     		adds	r7, r7, #32
 621              	.LCFI20:
 622              		.cfi_def_cfa_offset 8
 623 00c2 BD46     		mov	sp, r7
 624              	.LCFI21:
 625              		.cfi_def_cfa_register 13
 626              		@ sp needed
 627 00c4 80BD     		pop	{r7, pc}
 628              	.L36:
 629 00c6 00BF     		.align	2
 630              	.L35:
 631 00c8 00000000 		.word	g_atio_cb
 632 00cc 08000000 		.word	g_atio_cb+8
 633              		.cfi_endproc
 634              	.LFE130:
 636              		.section	.text.__at_read,"ax",%progbits
 637              		.align	1
 638              		.syntax unified
 639              		.thumb
 640              		.thumb_func
 641              		.fpu fpv4-sp-d16
 643              	__at_read:
 644              	.LFB131:
 226:C:/Users/dtjld/Desktop/AIoT_software/LiteOS_Lab_overseas/LiteOS_Lab/targets/GD32F303_BearPi/uart_at\uart_at.c **** 
 227:C:/Users/dtjld/Desktop/AIoT_software/LiteOS_Lab_overseas/LiteOS_Lab/targets/GD32F303_BearPi/uart_at\uart_at.c **** //make it as the at device here
 228:C:/Users/dtjld/Desktop/AIoT_software/LiteOS_Lab_overseas/LiteOS_Lab/targets/GD32F303_BearPi/uart_at\uart_at.c **** static ssize_t  __at_read  (void *pri,size_t offset,void *buf,size_t len, uint32_t timeout)
 229:C:/Users/dtjld/Desktop/AIoT_software/LiteOS_Lab_overseas/LiteOS_Lab/targets/GD32F303_BearPi/uart_at\uart_at.c **** {
 645              		.loc 1 229 0
 646              		.cfi_startproc
 647              		@ args = 4, pretend = 0, frame = 16
 648              		@ frame_needed = 1, uses_anonymous_args = 0
 649 0000 80B5     		push	{r7, lr}
 650              	.LCFI22:
 651              		.cfi_def_cfa_offset 8
 652              		.cfi_offset 7, -8
 653              		.cfi_offset 14, -4
 654 0002 84B0     		sub	sp, sp, #16
 655              	.LCFI23:
 656              		.cfi_def_cfa_offset 24
 657 0004 00AF     		add	r7, sp, #0
 658              	.LCFI24:
 659              		.cfi_def_cfa_register 7
 660 0006 F860     		str	r0, [r7, #12]
 661 0008 B960     		str	r1, [r7, #8]
 662 000a 7A60     		str	r2, [r7, #4]
 663 000c 3B60     		str	r3, [r7]
 230:C:/Users/dtjld/Desktop/AIoT_software/LiteOS_Lab_overseas/LiteOS_Lab/targets/GD32F303_BearPi/uart_at\uart_at.c ****     return uart_at_receive(buf,len, timeout);
 664              		.loc 1 230 0
 665 000e BA69     		ldr	r2, [r7, #24]
 666 0010 3968     		ldr	r1, [r7]
 667 0012 7868     		ldr	r0, [r7, #4]
 668 0014 FFF7FEFF 		bl	uart_at_receive
 669 0018 0346     		mov	r3, r0
 231:C:/Users/dtjld/Desktop/AIoT_software/LiteOS_Lab_overseas/LiteOS_Lab/targets/GD32F303_BearPi/uart_at\uart_at.c **** 
ARM GAS  C:\Users\dtjld\AppData\Local\Temp\ccLv43Hf.s 			page 17


 232:C:/Users/dtjld/Desktop/AIoT_software/LiteOS_Lab_overseas/LiteOS_Lab/targets/GD32F303_BearPi/uart_at\uart_at.c **** }
 670              		.loc 1 232 0
 671 001a 1846     		mov	r0, r3
 672 001c 1037     		adds	r7, r7, #16
 673              	.LCFI25:
 674              		.cfi_def_cfa_offset 8
 675 001e BD46     		mov	sp, r7
 676              	.LCFI26:
 677              		.cfi_def_cfa_register 13
 678              		@ sp needed
 679 0020 80BD     		pop	{r7, pc}
 680              		.cfi_endproc
 681              	.LFE131:
 683              		.section	.text.__at_write,"ax",%progbits
 684              		.align	1
 685              		.syntax unified
 686              		.thumb
 687              		.thumb_func
 688              		.fpu fpv4-sp-d16
 690              	__at_write:
 691              	.LFB132:
 233:C:/Users/dtjld/Desktop/AIoT_software/LiteOS_Lab_overseas/LiteOS_Lab/targets/GD32F303_BearPi/uart_at\uart_at.c **** static ssize_t  __at_write (void *pri, size_t offset,const void *buf,size_t len,uint32_t timeout)
 234:C:/Users/dtjld/Desktop/AIoT_software/LiteOS_Lab_overseas/LiteOS_Lab/targets/GD32F303_BearPi/uart_at\uart_at.c **** {
 692              		.loc 1 234 0
 693              		.cfi_startproc
 694              		@ args = 4, pretend = 0, frame = 16
 695              		@ frame_needed = 1, uses_anonymous_args = 0
 696 0000 80B5     		push	{r7, lr}
 697              	.LCFI27:
 698              		.cfi_def_cfa_offset 8
 699              		.cfi_offset 7, -8
 700              		.cfi_offset 14, -4
 701 0002 84B0     		sub	sp, sp, #16
 702              	.LCFI28:
 703              		.cfi_def_cfa_offset 24
 704 0004 00AF     		add	r7, sp, #0
 705              	.LCFI29:
 706              		.cfi_def_cfa_register 7
 707 0006 F860     		str	r0, [r7, #12]
 708 0008 B960     		str	r1, [r7, #8]
 709 000a 7A60     		str	r2, [r7, #4]
 710 000c 3B60     		str	r3, [r7]
 235:C:/Users/dtjld/Desktop/AIoT_software/LiteOS_Lab_overseas/LiteOS_Lab/targets/GD32F303_BearPi/uart_at\uart_at.c ****     return uart_at_send(buf, len, timeout);
 711              		.loc 1 235 0
 712 000e BA69     		ldr	r2, [r7, #24]
 713 0010 3968     		ldr	r1, [r7]
 714 0012 7868     		ldr	r0, [r7, #4]
 715 0014 FFF7FEFF 		bl	uart_at_send
 716 0018 0346     		mov	r3, r0
 236:C:/Users/dtjld/Desktop/AIoT_software/LiteOS_Lab_overseas/LiteOS_Lab/targets/GD32F303_BearPi/uart_at\uart_at.c **** 
 237:C:/Users/dtjld/Desktop/AIoT_software/LiteOS_Lab_overseas/LiteOS_Lab/targets/GD32F303_BearPi/uart_at\uart_at.c **** }
 717              		.loc 1 237 0
 718 001a 1846     		mov	r0, r3
 719 001c 1037     		adds	r7, r7, #16
 720              	.LCFI30:
 721              		.cfi_def_cfa_offset 8
 722 001e BD46     		mov	sp, r7
ARM GAS  C:\Users\dtjld\AppData\Local\Temp\ccLv43Hf.s 			page 18


 723              	.LCFI31:
 724              		.cfi_def_cfa_register 13
 725              		@ sp needed
 726 0020 80BD     		pop	{r7, pc}
 727              		.cfi_endproc
 728              	.LFE132:
 730              		.section	.rodata.s_at_op,"a",%progbits
 731              		.align	2
 734              	s_at_op:
 735 0000 00000000 		.space	4
 736 0004 00000000 		.word	__at_read
 737 0008 00000000 		.word	__at_write
 738 000c 00000000 		.space	20
 738      00000000 
 738      00000000 
 738      00000000 
 738      00000000 
 739              		.section	.rodata
 740 0017 00       		.align	2
 741              	.LC1:
 742 0018 61746465 		.ascii	"atdev_ESP8266\000"
 742      765F4553 
 742      50383236 
 742      3600
 743              		.section	osdriv,"a",%progbits
 744              		.align	2
 747              	uart_at_driv:
 748 0000 18000000 		.word	.LC1
 749 0004 00000000 		.word	s_at_op
 750 0008 00000000 		.word	0
 751 000c 02000000 		.word	2
 752              		.section	.rodata.__FUNCTION__.10700,"a",%progbits
 753              		.align	2
 756              	__FUNCTION__.10700:
 757 0000 75617274 		.ascii	"uart_at_init\000"
 757      5F61745F 
 757      696E6974 
 757      00
 758              		.text
 759              	.Letext0:
 760              		.file 2 "c:\\ac6\\systemworkbench\\plugins\\fr.ac6.mcu.externaltools.arm-none.win32_1.16.0.2018071
 761              		.file 3 "c:\\ac6\\systemworkbench\\plugins\\fr.ac6.mcu.externaltools.arm-none.win32_1.16.0.2018071
 762              		.file 4 "C:/Users/dtjld/Desktop/AIoT_software/LiteOS_Lab_overseas/LiteOS_Lab/iot_link/os/liteos/ar
 763              		.file 5 "C:/Users/dtjld/Desktop/AIoT_software/LiteOS_Lab_overseas/LiteOS_Lab/targets/GD32F303_Bear
 764              		.file 6 "C:/Users/dtjld/Desktop/AIoT_software/LiteOS_Lab_overseas/LiteOS_Lab/targets/GD32F303_Bear
 765              		.file 7 "C:/Users/dtjld/Desktop/AIoT_software/LiteOS_Lab_overseas/LiteOS_Lab/drivers/third_party/G
 766              		.file 8 "C:/Users/dtjld/Desktop/AIoT_software/LiteOS_Lab_overseas/LiteOS_Lab/drivers/third_party/G
 767              		.file 9 "c:\\ac6\\systemworkbench\\plugins\\fr.ac6.mcu.externaltools.arm-none.win32_1.16.0.2018071
 768              		.file 10 "c:\\ac6\\systemworkbench\\plugins\\fr.ac6.mcu.externaltools.arm-none.win32_1.16.0.201807
 769              		.file 11 "c:\\ac6\\systemworkbench\\plugins\\fr.ac6.mcu.externaltools.arm-none.win32_1.16.0.201807
 770              		.file 12 "c:\\ac6\\systemworkbench\\plugins\\fr.ac6.mcu.externaltools.arm-none.win32_1.16.0.201807
 771              		.file 13 "c:\\ac6\\systemworkbench\\plugins\\fr.ac6.mcu.externaltools.arm-none.win32_1.16.0.201807
 772              		.file 14 "c:\\ac6\\systemworkbench\\plugins\\fr.ac6.mcu.externaltools.arm-none.win32_1.16.0.201807
 773              		.file 15 "C:/Users/dtjld/Desktop/AIoT_software/LiteOS_Lab_overseas/LiteOS_Lab/iot_link/link_misc/l
 774              		.file 16 "C:/Users/dtjld/Desktop/AIoT_software/LiteOS_Lab_overseas/LiteOS_Lab/iot_link/os/osal/osa
 775              		.file 17 "C:/Users/dtjld/Desktop/AIoT_software/LiteOS_Lab_overseas/LiteOS_Lab/iot_link/driver/driv
 776              		.file 18 "c:\\ac6\\systemworkbench\\plugins\\fr.ac6.mcu.externaltools.arm-none.win32_1.16.0.201807
ARM GAS  C:\Users\dtjld\AppData\Local\Temp\ccLv43Hf.s 			page 19


 777              		.file 19 "<built-in>"
ARM GAS  C:\Users\dtjld\AppData\Local\Temp\ccLv43Hf.s 			page 20


DEFINED SYMBOLS
                            *ABS*:00000000 uart_at.c
C:\Users\dtjld\AppData\Local\Temp\ccLv43Hf.s:18     .data.s_pUSART:00000000 $d
C:\Users\dtjld\AppData\Local\Temp\ccLv43Hf.s:21     .data.s_pUSART:00000000 s_pUSART
C:\Users\dtjld\AppData\Local\Temp\ccLv43Hf.s:24     .data.s_uwIRQn:00000000 $d
C:\Users\dtjld\AppData\Local\Temp\ccLv43Hf.s:27     .data.s_uwIRQn:00000000 s_uwIRQn
C:\Users\dtjld\AppData\Local\Temp\ccLv43Hf.s:30     .bss.g_atio_cb:00000000 $d
C:\Users\dtjld\AppData\Local\Temp\ccLv43Hf.s:33     .bss.g_atio_cb:00000000 g_atio_cb
C:\Users\dtjld\AppData\Local\Temp\ccLv43Hf.s:36     .text.atio_irq:00000000 $t
C:\Users\dtjld\AppData\Local\Temp\ccLv43Hf.s:42     .text.atio_irq:00000000 atio_irq
C:\Users\dtjld\AppData\Local\Temp\ccLv43Hf.s:202    .text.atio_irq:00000104 $d
C:\Users\dtjld\AppData\Local\Temp\ccLv43Hf.s:210    .rodata:00000000 $d
C:\Users\dtjld\AppData\Local\Temp\ccLv43Hf.s:214    .text.uart_at_init:00000000 $t
C:\Users\dtjld\AppData\Local\Temp\ccLv43Hf.s:221    .text.uart_at_init:00000000 uart_at_init
C:\Users\dtjld\AppData\Local\Temp\ccLv43Hf.s:321    .text.uart_at_init:00000098 $d
C:\Users\dtjld\AppData\Local\Temp\ccLv43Hf.s:756    .rodata.__FUNCTION__.10700:00000000 __FUNCTION__.10700
C:\Users\dtjld\AppData\Local\Temp\ccLv43Hf.s:334    .text.uartat_deinit:00000000 $t
C:\Users\dtjld\AppData\Local\Temp\ccLv43Hf.s:341    .text.uartat_deinit:00000000 uartat_deinit
C:\Users\dtjld\AppData\Local\Temp\ccLv43Hf.s:378    .text.uartat_deinit:00000030 $d
C:\Users\dtjld\AppData\Local\Temp\ccLv43Hf.s:383    .text.uart_at_send:00000000 $t
C:\Users\dtjld\AppData\Local\Temp\ccLv43Hf.s:389    .text.uart_at_send:00000000 uart_at_send
C:\Users\dtjld\AppData\Local\Temp\ccLv43Hf.s:486    .text.uart_at_send:00000084 $d
C:\Users\dtjld\AppData\Local\Temp\ccLv43Hf.s:492    .text.uart_at_receive:00000000 $t
C:\Users\dtjld\AppData\Local\Temp\ccLv43Hf.s:498    .text.uart_at_receive:00000000 uart_at_receive
C:\Users\dtjld\AppData\Local\Temp\ccLv43Hf.s:631    .text.uart_at_receive:000000c8 $d
C:\Users\dtjld\AppData\Local\Temp\ccLv43Hf.s:637    .text.__at_read:00000000 $t
C:\Users\dtjld\AppData\Local\Temp\ccLv43Hf.s:643    .text.__at_read:00000000 __at_read
C:\Users\dtjld\AppData\Local\Temp\ccLv43Hf.s:684    .text.__at_write:00000000 $t
C:\Users\dtjld\AppData\Local\Temp\ccLv43Hf.s:690    .text.__at_write:00000000 __at_write
C:\Users\dtjld\AppData\Local\Temp\ccLv43Hf.s:731    .rodata.s_at_op:00000000 $d
C:\Users\dtjld\AppData\Local\Temp\ccLv43Hf.s:734    .rodata.s_at_op:00000000 s_at_op
C:\Users\dtjld\AppData\Local\Temp\ccLv43Hf.s:744    osdriv:00000000 $d
C:\Users\dtjld\AppData\Local\Temp\ccLv43Hf.s:747    osdriv:00000000 uart_at_driv
C:\Users\dtjld\AppData\Local\Temp\ccLv43Hf.s:753    .rodata.__FUNCTION__.10700:00000000 $d

UNDEFINED SYMBOLS
usart_flag_get
usart_data_receive
ring_buffer_datalen
ring_buffer_write
osal_semp_post
memset
osal_semp_create
printf
ring_buffer_init
gd_eval_com_init
usart_flag_clear
LOS_HwiCreate
usart_interrupt_enable
usart_deinit
usart_interrupt_disable
usart_data_transmit
osal_semp_pend
LOS_IntLock
ring_buffer_read
ring_buffer_reset
LOS_IntRestore
ARM GAS  C:\Users\dtjld\AppData\Local\Temp\ccLv43Hf.s 			page 21


