ARM GAS  C:\Users\dtjld\AppData\Local\Temp\ccdfKqwr.s 			page 1


   1              		.cpu cortex-m4
   2              		.eabi_attribute 27, 1
   3              		.eabi_attribute 28, 1
   4              		.eabi_attribute 20, 1
   5              		.eabi_attribute 21, 1
   6              		.eabi_attribute 23, 3
   7              		.eabi_attribute 24, 1
   8              		.eabi_attribute 25, 1
   9              		.eabi_attribute 26, 1
  10              		.eabi_attribute 30, 6
  11              		.eabi_attribute 34, 1
  12              		.eabi_attribute 18, 4
  13              		.file	"write.c"
  14              		.text
  15              	.Ltext0:
  16              		.cfi_sections	.debug_frame
  17              		.section	.text.printf,"ax",%progbits
  18              		.align	1
  19              		.global	printf
  20              		.syntax unified
  21              		.thumb
  22              		.thumb_func
  23              		.fpu fpv4-sp-d16
  25              	printf:
  26              	.LFB124:
  27              		.file 1 "C:/Users/dtjld/Desktop/AIoT_software/LiteOS_Lab_overseas/LiteOS_Lab/targets/GD32F303_Bear
   1:C:/Users/dtjld/Desktop/AIoT_software/LiteOS_Lab_overseas/LiteOS_Lab/targets/GD32F303_BearPi/Src\write.c **** /* See LICENSE of license details. */
   2:C:/Users/dtjld/Desktop/AIoT_software/LiteOS_Lab_overseas/LiteOS_Lab/targets/GD32F303_BearPi/Src\write.c **** 
   3:C:/Users/dtjld/Desktop/AIoT_software/LiteOS_Lab_overseas/LiteOS_Lab/targets/GD32F303_BearPi/Src\write.c **** #include <stdint.h>
   4:C:/Users/dtjld/Desktop/AIoT_software/LiteOS_Lab_overseas/LiteOS_Lab/targets/GD32F303_BearPi/Src\write.c **** #include <string.h>
   5:C:/Users/dtjld/Desktop/AIoT_software/LiteOS_Lab_overseas/LiteOS_Lab/targets/GD32F303_BearPi/Src\write.c **** #include <errno.h>
   6:C:/Users/dtjld/Desktop/AIoT_software/LiteOS_Lab_overseas/LiteOS_Lab/targets/GD32F303_BearPi/Src\write.c **** 
   7:C:/Users/dtjld/Desktop/AIoT_software/LiteOS_Lab_overseas/LiteOS_Lab/targets/GD32F303_BearPi/Src\write.c **** #include <unistd.h>
   8:C:/Users/dtjld/Desktop/AIoT_software/LiteOS_Lab_overseas/LiteOS_Lab/targets/GD32F303_BearPi/Src\write.c **** #include <sys/types.h>
   9:C:/Users/dtjld/Desktop/AIoT_software/LiteOS_Lab_overseas/LiteOS_Lab/targets/GD32F303_BearPi/Src\write.c **** 
  10:C:/Users/dtjld/Desktop/AIoT_software/LiteOS_Lab_overseas/LiteOS_Lab/targets/GD32F303_BearPi/Src\write.c **** #include "stub.h"
  11:C:/Users/dtjld/Desktop/AIoT_software/LiteOS_Lab_overseas/LiteOS_Lab/targets/GD32F303_BearPi/Src\write.c **** #include "gd32f30x.h"
  12:C:/Users/dtjld/Desktop/AIoT_software/LiteOS_Lab_overseas/LiteOS_Lab/targets/GD32F303_BearPi/Src\write.c **** #include <stdarg.h>
  13:C:/Users/dtjld/Desktop/AIoT_software/LiteOS_Lab_overseas/LiteOS_Lab/targets/GD32F303_BearPi/Src\write.c **** 
  14:C:/Users/dtjld/Desktop/AIoT_software/LiteOS_Lab_overseas/LiteOS_Lab/targets/GD32F303_BearPi/Src\write.c **** typedef unsigned int size_t;
  15:C:/Users/dtjld/Desktop/AIoT_software/LiteOS_Lab_overseas/LiteOS_Lab/targets/GD32F303_BearPi/Src\write.c **** 
  16:C:/Users/dtjld/Desktop/AIoT_software/LiteOS_Lab_overseas/LiteOS_Lab/targets/GD32F303_BearPi/Src\write.c **** extern int _put_char(int ch) __attribute__((weak));
  17:C:/Users/dtjld/Desktop/AIoT_software/LiteOS_Lab_overseas/LiteOS_Lab/targets/GD32F303_BearPi/Src\write.c **** 
  18:C:/Users/dtjld/Desktop/AIoT_software/LiteOS_Lab_overseas/LiteOS_Lab/targets/GD32F303_BearPi/Src\write.c **** 
  19:C:/Users/dtjld/Desktop/AIoT_software/LiteOS_Lab_overseas/LiteOS_Lab/targets/GD32F303_BearPi/Src\write.c **** #define LOG_BUF_SIZE  256  ///< you could modify it
  20:C:/Users/dtjld/Desktop/AIoT_software/LiteOS_Lab_overseas/LiteOS_Lab/targets/GD32F303_BearPi/Src\write.c **** 
  21:C:/Users/dtjld/Desktop/AIoT_software/LiteOS_Lab_overseas/LiteOS_Lab/targets/GD32F303_BearPi/Src\write.c **** int printf(const char *format, ...)
  22:C:/Users/dtjld/Desktop/AIoT_software/LiteOS_Lab_overseas/LiteOS_Lab/targets/GD32F303_BearPi/Src\write.c **** {
  28              		.loc 1 22 0
  29              		.cfi_startproc
  30              		@ args = 4, pretend = 16, frame = 264
  31              		@ frame_needed = 1, uses_anonymous_args = 1
  32 0000 0FB4     		push	{r0, r1, r2, r3}
  33              	.LCFI0:
  34              		.cfi_def_cfa_offset 16
  35              		.cfi_offset 0, -16
  36              		.cfi_offset 1, -12
ARM GAS  C:\Users\dtjld\AppData\Local\Temp\ccdfKqwr.s 			page 2


  37              		.cfi_offset 2, -8
  38              		.cfi_offset 3, -4
  39 0002 80B5     		push	{r7, lr}
  40              	.LCFI1:
  41              		.cfi_def_cfa_offset 24
  42              		.cfi_offset 7, -24
  43              		.cfi_offset 14, -20
  44 0004 C2B0     		sub	sp, sp, #264
  45              	.LCFI2:
  46              		.cfi_def_cfa_offset 288
  47 0006 00AF     		add	r7, sp, #0
  48              	.LCFI3:
  49              		.cfi_def_cfa_register 7
  23:C:/Users/dtjld/Desktop/AIoT_software/LiteOS_Lab_overseas/LiteOS_Lab/targets/GD32F303_BearPi/Src\write.c ****     int ret;
  24:C:/Users/dtjld/Desktop/AIoT_software/LiteOS_Lab_overseas/LiteOS_Lab/targets/GD32F303_BearPi/Src\write.c ****     char str_buf[LOG_BUF_SIZE] = {0};
  50              		.loc 1 24 0
  51 0008 3B1D     		adds	r3, r7, #4
  52 000a 1846     		mov	r0, r3
  53 000c 4FF48073 		mov	r3, #256
  54 0010 1A46     		mov	r2, r3
  55 0012 0021     		movs	r1, #0
  56 0014 FFF7FEFF 		bl	memset
  25:C:/Users/dtjld/Desktop/AIoT_software/LiteOS_Lab_overseas/LiteOS_Lab/targets/GD32F303_BearPi/Src\write.c ****     va_list list;
  26:C:/Users/dtjld/Desktop/AIoT_software/LiteOS_Lab_overseas/LiteOS_Lab/targets/GD32F303_BearPi/Src\write.c **** 
  27:C:/Users/dtjld/Desktop/AIoT_software/LiteOS_Lab_overseas/LiteOS_Lab/targets/GD32F303_BearPi/Src\write.c ****     memset(str_buf, 0, LOG_BUF_SIZE);
  57              		.loc 1 27 0
  58 0018 3B1D     		adds	r3, r7, #4
  59 001a 4FF48072 		mov	r2, #256
  60 001e 0021     		movs	r1, #0
  61 0020 1846     		mov	r0, r3
  62 0022 FFF7FEFF 		bl	memset
  28:C:/Users/dtjld/Desktop/AIoT_software/LiteOS_Lab_overseas/LiteOS_Lab/targets/GD32F303_BearPi/Src\write.c ****     va_start(list, format);
  63              		.loc 1 28 0
  64 0026 07F58A72 		add	r2, r7, #276
  65 002a 3B46     		mov	r3, r7
  66 002c 1A60     		str	r2, [r3]
  29:C:/Users/dtjld/Desktop/AIoT_software/LiteOS_Lab_overseas/LiteOS_Lab/targets/GD32F303_BearPi/Src\write.c ****     ret = vsnprintf(str_buf, LOG_BUF_SIZE, format, list);
  67              		.loc 1 29 0
  68 002e 3B46     		mov	r3, r7
  69 0030 381D     		adds	r0, r7, #4
  70 0032 1B68     		ldr	r3, [r3]
  71 0034 D7F81021 		ldr	r2, [r7, #272]
  72 0038 4FF48071 		mov	r1, #256
  73 003c FFF7FEFF 		bl	vsnprintf
  74 0040 C7F80401 		str	r0, [r7, #260]
  30:C:/Users/dtjld/Desktop/AIoT_software/LiteOS_Lab_overseas/LiteOS_Lab/targets/GD32F303_BearPi/Src\write.c ****     va_end(list);
  31:C:/Users/dtjld/Desktop/AIoT_software/LiteOS_Lab_overseas/LiteOS_Lab/targets/GD32F303_BearPi/Src\write.c **** 
  32:C:/Users/dtjld/Desktop/AIoT_software/LiteOS_Lab_overseas/LiteOS_Lab/targets/GD32F303_BearPi/Src\write.c ****     puts(str_buf);
  75              		.loc 1 32 0
  76 0044 3B1D     		adds	r3, r7, #4
  77 0046 1846     		mov	r0, r3
  78 0048 FFF7FEFF 		bl	puts
  33:C:/Users/dtjld/Desktop/AIoT_software/LiteOS_Lab_overseas/LiteOS_Lab/targets/GD32F303_BearPi/Src\write.c ****     return ret;
  79              		.loc 1 33 0
  80 004c D7F80431 		ldr	r3, [r7, #260]
  34:C:/Users/dtjld/Desktop/AIoT_software/LiteOS_Lab_overseas/LiteOS_Lab/targets/GD32F303_BearPi/Src\write.c **** 
  35:C:/Users/dtjld/Desktop/AIoT_software/LiteOS_Lab_overseas/LiteOS_Lab/targets/GD32F303_BearPi/Src\write.c **** }
ARM GAS  C:\Users\dtjld\AppData\Local\Temp\ccdfKqwr.s 			page 3


  81              		.loc 1 35 0
  82 0050 1846     		mov	r0, r3
  83 0052 07F58477 		add	r7, r7, #264
  84              	.LCFI4:
  85              		.cfi_def_cfa_offset 24
  86 0056 BD46     		mov	sp, r7
  87              	.LCFI5:
  88              		.cfi_def_cfa_register 13
  89              		@ sp needed
  90 0058 BDE88040 		pop	{r7, lr}
  91              	.LCFI6:
  92              		.cfi_restore 14
  93              		.cfi_restore 7
  94              		.cfi_def_cfa_offset 16
  95 005c 04B0     		add	sp, sp, #16
  96              	.LCFI7:
  97              		.cfi_restore 3
  98              		.cfi_restore 2
  99              		.cfi_restore 1
 100              		.cfi_restore 0
 101              		.cfi_def_cfa_offset 0
 102 005e 7047     		bx	lr
 103              		.cfi_endproc
 104              	.LFE124:
 106              		.text
 107              	.Letext0:
 108              		.file 2 "c:\\ac6\\systemworkbench\\plugins\\fr.ac6.mcu.externaltools.arm-none.win32_1.16.0.2018071
 109              		.file 3 "c:\\ac6\\systemworkbench\\plugins\\fr.ac6.mcu.externaltools.arm-none.win32_1.16.0.2018071
 110              		.file 4 "c:\\ac6\\systemworkbench\\plugins\\fr.ac6.mcu.externaltools.arm-none.win32_1.16.0.2018071
 111              		.file 5 "c:\\ac6\\systemworkbench\\plugins\\fr.ac6.mcu.externaltools.arm-none.win32_1.16.0.2018071
 112              		.file 6 "c:\\ac6\\systemworkbench\\plugins\\fr.ac6.mcu.externaltools.arm-none.win32_1.16.0.2018071
 113              		.file 7 "c:\\ac6\\systemworkbench\\plugins\\fr.ac6.mcu.externaltools.arm-none.win32_1.16.0.2018071
 114              		.file 8 "c:\\ac6\\systemworkbench\\plugins\\fr.ac6.mcu.externaltools.arm-none.win32_1.16.0.2018071
 115              		.file 9 "c:\\ac6\\systemworkbench\\plugins\\fr.ac6.mcu.externaltools.arm-none.win32_1.16.0.2018071
 116              		.file 10 "C:/Users/dtjld/Desktop/AIoT_software/LiteOS_Lab_overseas/LiteOS_Lab/iot_link/os/liteos/a
 117              		.file 11 "C:/Users/dtjld/Desktop/AIoT_software/LiteOS_Lab_overseas/LiteOS_Lab/targets/GD32F303_Bea
 118              		.file 12 "c:\\ac6\\systemworkbench\\plugins\\fr.ac6.mcu.externaltools.arm-none.win32_1.16.0.201807
 119              		.file 13 "c:\\ac6\\systemworkbench\\plugins\\fr.ac6.mcu.externaltools.arm-none.win32_1.16.0.201807
 120              		.file 14 "<built-in>"
ARM GAS  C:\Users\dtjld\AppData\Local\Temp\ccdfKqwr.s 			page 4


DEFINED SYMBOLS
                            *ABS*:00000000 write.c
C:\Users\dtjld\AppData\Local\Temp\ccdfKqwr.s:18     .text.printf:00000000 $t
C:\Users\dtjld\AppData\Local\Temp\ccdfKqwr.s:25     .text.printf:00000000 printf

UNDEFINED SYMBOLS
memset
vsnprintf
puts
